#
# There is insufficient memory for the Java Runtime Environment to continue.
# Native memory allocation (mmap) failed to map 13631488 bytes. Error detail: G1 virtual space
# Possible reasons:
#   The system is out of physical RAM or swap space
#   This process is running with CompressedOops enabled, and the Java Heap may be blocking the growth of the native heap
# Possible solutions:
#   Reduce memory load on the system
#   Increase physical memory or swap space
#   Check if swap backing store is full
#   Decrease Java heap size (-Xmx/-Xms)
#   Decrease number of Java threads
#   Decrease Java thread stack sizes (-Xss)
#   Set larger code cache with -XX:ReservedCodeCacheSize=
#   JVM is running with Unscaled Compressed Oops mode in which the Java heap is
#     placed in the first 4GB address space. The Java Heap base address is the
#     maximum limit for the native heap growth. Please use -XX:HeapBaseMinAddress
#     to set the Java Heap base and to place the Java Heap above 4GB virtual address.
# This output file may be truncated or incomplete.
#
#  Out of Memory Error (os_windows.cpp:3925), pid=93432, tid=93820
#
# JRE version: OpenJDK Runtime Environment (21.0.9) (build 21.0.9+-14787801-b1163.94)
# Java VM: OpenJDK 64-Bit Server VM (21.0.9+-14787801-b1163.94, mixed mode, tiered, compressed oops, compressed class ptrs, g1 gc, windows-amd64)
# No core dump will be written. Minidumps are not enabled by default on client versions of Windows
#

---------------  S U M M A R Y ------------

Command Line: --add-opens=java.base/java.lang=ALL-UNNAMED --add-opens=java.base/java.lang.invoke=ALL-UNNAMED --add-opens=java.base/java.util=ALL-UNNAMED --add-opens=java.prefs/java.util.prefs=ALL-UNNAMED --add-exports=jdk.compiler/com.sun.tools.javac.api=ALL-UNNAMED --add-exports=jdk.compiler/com.sun.tools.javac.util=ALL-UNNAMED --add-opens=java.base/java.util=ALL-UNNAMED --add-opens=java.prefs/java.util.prefs=ALL-UNNAMED --add-opens=java.base/java.nio.charset=ALL-UNNAMED --add-opens=java.base/java.net=ALL-UNNAMED --add-opens=java.base/java.util.concurrent=ALL-UNNAMED --add-opens=java.base/java.util.concurrent.atomic=ALL-UNNAMED --add-opens=java.xml/javax.xml.namespace=ALL-UNNAMED --add-opens=java.base/java.time=ALL-UNNAMED -Xmx2048m -Dfile.encoding=UTF-8 -Duser.country=MY -Duser.language=en -Duser.variant -javaagent:C:\Users\Chan Yao Ping\.gradle\wrapper\dists\gradle-9.2.1-bin\2t0n5ozlw9xmuyvbp7dnzaxug\gradle-9.2.1\lib\agents\gradle-instrumentation-agent-9.2.1.jar org.gradle.launcher.daemon.bootstrap.GradleDaemon 9.2.1

Host: AMD Ryzen 5 5600H with Radeon Graphics         , 12 cores, 7G,  Windows 11 , 64 bit Build 26100 (10.0.26100.8246)
Time: Thu Apr 23 21:49:44 2026 Malay Peninsula Standard Time elapsed time: 13.144745 seconds (0d 0h 0m 13s)

---------------  T H R E A D  ---------------

Current thread (0x00000229c338b830):  VMThread "VM Thread"          [id=93820, stack(0x0000006bdd400000,0x0000006bdd500000) (1024K)]

Stack: [0x0000006bdd400000,0x0000006bdd500000]
Native frames: (J=compiled Java code, j=interpreted, Vv=VM code, C=native code)
V  [jvm.dll+0x6d6c99]
V  [jvm.dll+0x866b83]
V  [jvm.dll+0x8691ae]
V  [jvm.dll+0x869893]
V  [jvm.dll+0x280776]
V  [jvm.dll+0x6d3555]
V  [jvm.dll+0x6c6bea]
V  [jvm.dll+0x3587fb]
V  [jvm.dll+0x360476]
V  [jvm.dll+0x3b2646]
V  [jvm.dll+0x3b2918]
V  [jvm.dll+0x32af0c]
V  [jvm.dll+0x32af97]
V  [jvm.dll+0x370e7c]
V  [jvm.dll+0x36f62e]
V  [jvm.dll+0x32a661]
V  [jvm.dll+0x36ed30]
V  [jvm.dll+0x86f618]
V  [jvm.dll+0x870994]
V  [jvm.dll+0x870ed0]
V  [jvm.dll+0x871163]
V  [jvm.dll+0x80f118]
V  [jvm.dll+0x6d54ed]
C  [ucrtbase.dll+0x37b0]
C  [KERNEL32.DLL+0x2e8d7]
C  [ntdll.dll+0x8c3fc]

VM_Operation (0x0000006bdf0f2810): G1CollectForAllocation, mode: safepoint, requested by thread 0x00000229c9e82e20


---------------  P R O C E S S  ---------------

Threads class SMR info:
_java_thread_list=0x00000229cac8ec00, length=48, elements={
0x00000229ab72b4a0, 0x00000229c340c9b0, 0x00000229c340e9d0, 0x00000229c340f430,
0x00000229c34412a0, 0x00000229c3441d00, 0x00000229c34436a0, 0x00000229c3438d70,
0x00000229c343cda0, 0x00000229c34492b0, 0x00000229c3755e60, 0x00000229c9d5a160,
0x00000229c9b90270, 0x00000229c9d52f10, 0x00000229c91f6010, 0x00000229c921e800,
0x00000229c9e42190, 0x00000229c9e82e20, 0x00000229c9e841d0, 0x00000229c9e84860,
0x00000229c9e84ef0, 0x00000229c9e82100, 0x00000229c9e81a70, 0x00000229c9e82790,
0x00000229c8e90e40, 0x00000229c8e90120, 0x00000229c8e8fa90, 0x00000229c8e914d0,
0x00000229c8e921f0, 0x00000229c8e94950, 0x00000229c8e94fe0, 0x00000229c8e91b60,
0x00000229c8e935a0, 0x00000229c8e93c30, 0x00000229c8e942c0, 0x00000229c8e92f10,
0x00000229c8e95670, 0x00000229c8e95d00, 0x00000229c8e92880, 0x00000229c8e970b0,
0x00000229c8e96390, 0x00000229c8e96a20, 0x00000229cb1cdf50, 0x00000229cb1ce5e0,
0x00000229cb1d2780, 0x00000229cb1cf300, 0x00000229cb1d2e10, 0x00000229cb1cf990
}

Java Threads: ( => current thread )
  0x00000229ab72b4a0 JavaThread "main"                              [_thread_blocked, id=95784, stack(0x0000006bdcd00000,0x0000006bdce00000) (1024K)]
  0x00000229c340c9b0 JavaThread "Common-Cleaner"             daemon [_thread_blocked, id=93336, stack(0x0000006bdd500000,0x0000006bdd600000) (1024K)]
  0x00000229c340e9d0 JavaThread "Reference Handler"          daemon [_thread_blocked, id=95692, stack(0x0000006bdd600000,0x0000006bdd700000) (1024K)]
  0x00000229c340f430 JavaThread "Finalizer"                  daemon [_thread_blocked, id=92876, stack(0x0000006bdd700000,0x0000006bdd800000) (1024K)]
  0x00000229c34412a0 JavaThread "Signal Dispatcher"          daemon [_thread_blocked, id=91960, stack(0x0000006bdd800000,0x0000006bdd900000) (1024K)]
  0x00000229c3441d00 JavaThread "Attach Listener"            daemon [_thread_blocked, id=56900, stack(0x0000006bdd900000,0x0000006bdda00000) (1024K)]
  0x00000229c34436a0 JavaThread "Service Thread"             daemon [_thread_blocked, id=93876, stack(0x0000006bdda00000,0x0000006bddb00000) (1024K)]
  0x00000229c3438d70 JavaThread "Monitor Deflation Thread"   daemon [_thread_blocked, id=64316, stack(0x0000006bddb00000,0x0000006bddc00000) (1024K)]
  0x00000229c343cda0 JavaThread "C2 CompilerThread0"         daemon [_thread_blocked, id=93688, stack(0x0000006bddc00000,0x0000006bddd00000) (1024K)]
  0x00000229c34492b0 JavaThread "C1 CompilerThread0"         daemon [_thread_blocked, id=95052, stack(0x0000006bddd00000,0x0000006bdde00000) (1024K)]
  0x00000229c3755e60 JavaThread "Notification Thread"        daemon [_thread_blocked, id=94140, stack(0x0000006bdde00000,0x0000006bddf00000) (1024K)]
  0x00000229c9d5a160 JavaThread "Daemon health stats"               [_thread_blocked, id=83756, stack(0x0000006bde500000,0x0000006bde600000) (1024K)]
  0x00000229c9b90270 JavaThread "Incoming local TCP Connector on port 62732"        [_thread_in_native, id=95968, stack(0x0000006bde600000,0x0000006bde700000) (1024K)]
  0x00000229c9d52f10 JavaThread "Daemon periodic checks"            [_thread_blocked, id=94636, stack(0x0000006bde700000,0x0000006bde800000) (1024K)]
  0x00000229c91f6010 JavaThread "Daemon"                            [_thread_blocked, id=94060, stack(0x0000006bde800000,0x0000006bde900000) (1024K)]
  0x00000229c921e800 JavaThread "Handler for socket connection from /127.0.0.1:62732 to /127.0.0.1:62733"        [_thread_in_native, id=92328, stack(0x0000006bde900000,0x0000006bdea00000) (1024K)]
  0x00000229c9e42190 JavaThread "Cancel handler"                    [_thread_blocked, id=87032, stack(0x0000006bdef00000,0x0000006bdf000000) (1024K)]
  0x00000229c9e82e20 JavaThread "Daemon worker"                     [_thread_blocked, id=95408, stack(0x0000006bdf000000,0x0000006bdf100000) (1024K)]
  0x00000229c9e841d0 JavaThread "Asynchronous log dispatcher for DefaultDaemonConnection: socket connection from /127.0.0.1:62732 to /127.0.0.1:62733"        [_thread_blocked, id=6416, stack(0x0000006bdf100000,0x0000006bdf200000) (1024K)]
  0x00000229c9e84860 JavaThread "Stdin handler"                     [_thread_blocked, id=88440, stack(0x0000006bdf200000,0x0000006bdf300000) (1024K)]
  0x00000229c9e84ef0 JavaThread "Daemon client event forwarder"        [_thread_blocked, id=93068, stack(0x0000006bdf300000,0x0000006bdf400000) (1024K)]
  0x00000229c9e82100 JavaThread "Cache worker for journal cache (C:\Users\Chan Yao Ping\.gradle\caches\journal-1)"        [_thread_blocked, id=85652, stack(0x0000006bdf400000,0x0000006bdf500000) (1024K)]
  0x00000229c9e81a70 JavaThread "File lock request listener"        [_thread_in_native, id=93852, stack(0x0000006bdf500000,0x0000006bdf600000) (1024K)]
  0x00000229c9e82790 JavaThread "Cache worker for file hash cache (C:\Users\Chan Yao Ping\.gradle\caches\9.2.1\fileHashes)"        [_thread_blocked, id=90312, stack(0x0000006bdf600000,0x0000006bdf700000) (1024K)]
  0x00000229c8e90e40 JavaThread "Cache worker for file hash cache (C:\Users\Chan Yao Ping\Downloads\RecycleGO1\.gradle\9.2.1\fileHashes)"        [_thread_blocked, id=92840, stack(0x0000006bdf700000,0x0000006bdf800000) (1024K)]
  0x00000229c8e90120 JavaThread "Cache worker for Build Output Cleanup Cache (C:\Users\Chan Yao Ping\Downloads\RecycleGO1\.gradle\buildOutputCleanup)"        [_thread_blocked, id=94900, stack(0x0000006bdf800000,0x0000006bdf900000) (1024K)]
  0x00000229c8e8fa90 JavaThread "File watcher server"        daemon [_thread_in_native, id=93092, stack(0x0000006bdf900000,0x0000006bdfa00000) (1024K)]
  0x00000229c8e914d0 JavaThread "File watcher consumer"      daemon [_thread_blocked, id=26332, stack(0x0000006bdfa00000,0x0000006bdfb00000) (1024K)]
  0x00000229c8e921f0 JavaThread "jar transforms"                    [_thread_blocked, id=88768, stack(0x0000006bdfb00000,0x0000006bdfc00000) (1024K)]
  0x00000229c8e94950 JavaThread "jar transforms Thread 2"           [_thread_blocked, id=92904, stack(0x0000006bdfc00000,0x0000006bdfd00000) (1024K)]
  0x00000229c8e94fe0 JavaThread "jar transforms Thread 3"           [_thread_blocked, id=93400, stack(0x0000006bdfd00000,0x0000006bdfe00000) (1024K)]
  0x00000229c8e91b60 JavaThread "jar transforms Thread 4"           [_thread_blocked, id=85256, stack(0x0000006bdfe00000,0x0000006bdff00000) (1024K)]
  0x00000229c8e935a0 JavaThread "jar transforms Thread 5"           [_thread_blocked, id=82512, stack(0x0000006bdff00000,0x0000006be0000000) (1024K)]
  0x00000229c8e93c30 JavaThread "jar transforms Thread 6"           [_thread_blocked, id=95908, stack(0x0000006be0000000,0x0000006be0100000) (1024K)]
  0x00000229c8e942c0 JavaThread "jar transforms Thread 7"           [_thread_blocked, id=95680, stack(0x0000006be0100000,0x0000006be0200000) (1024K)]
  0x00000229c8e92f10 JavaThread "jar transforms Thread 8"           [_thread_blocked, id=93924, stack(0x0000006be0200000,0x0000006be0300000) (1024K)]
  0x00000229c8e95670 JavaThread "jar transforms Thread 9"           [_thread_blocked, id=93580, stack(0x0000006be0300000,0x0000006be0400000) (1024K)]
  0x00000229c8e95d00 JavaThread "jar transforms Thread 10"          [_thread_blocked, id=94732, stack(0x0000006be0400000,0x0000006be0500000) (1024K)]
  0x00000229c8e92880 JavaThread "jar transforms Thread 11"          [_thread_blocked, id=92332, stack(0x0000006be0500000,0x0000006be0600000) (1024K)]
  0x00000229c8e970b0 JavaThread "jar transforms Thread 12"          [_thread_blocked, id=86676, stack(0x0000006be0600000,0x0000006be0700000) (1024K)]
  0x00000229c8e96390 JavaThread "Cache worker for checksums cache (C:\Users\Chan Yao Ping\Downloads\RecycleGO1\.gradle\9.2.1\checksums)"        [_thread_blocked, id=54740, stack(0x0000006be0700000,0x0000006be0800000) (1024K)]
  0x00000229c8e96a20 JavaThread "Cache worker for file content cache (C:\Users\Chan Yao Ping\.gradle\caches\9.2.1\fileContent)"        [_thread_blocked, id=89132, stack(0x0000006be0800000,0x0000006be0900000) (1024K)]
  0x00000229cb1cdf50 JavaThread "Cache worker for cache directory md-supplier (C:\Users\Chan Yao Ping\.gradle\caches\9.2.1\md-supplier)"        [_thread_blocked, id=92624, stack(0x0000006be0900000,0x0000006be0a00000) (1024K)]
  0x00000229cb1ce5e0 JavaThread "Cache worker for cache directory md-rule (C:\Users\Chan Yao Ping\.gradle\caches\9.2.1\md-rule)"        [_thread_blocked, id=91464, stack(0x0000006be0a00000,0x0000006be0b00000) (1024K)]
  0x00000229cb1d2780 JavaThread "Unconstrained build operations"        [_thread_blocked, id=94084, stack(0x0000006be0b00000,0x0000006be0c00000) (1024K)]
  0x00000229cb1cf300 JavaThread "Unconstrained build operations Thread 2"        [_thread_blocked, id=94908, stack(0x0000006be0c00000,0x0000006be0d00000) (1024K)]
  0x00000229cb1d2e10 JavaThread "Unconstrained build operations Thread 3"        [_thread_blocked, id=89524, stack(0x0000006be0d00000,0x0000006be0e00000) (1024K)]
  0x00000229cb1cf990 JavaThread "Unconstrained build operations Thread 4"        [_thread_blocked, id=94320, stack(0x0000006be0e00000,0x0000006be0f00000) (1024K)]
Total: 48

Other Threads:
=>0x00000229c338b830 VMThread "VM Thread"                           [id=93820, stack(0x0000006bdd400000,0x0000006bdd500000) (1024K)]
  0x00000229c2fdb8b0 WatcherThread "VM Periodic Task Thread"        [id=95096, stack(0x0000006bdd300000,0x0000006bdd400000) (1024K)]
  0x00000229ab783970 WorkerThread "GC Thread#0"                     [id=93120, stack(0x0000006bdce00000,0x0000006bdcf00000) (1024K)]
  0x00000229c3a157f0 WorkerThread "GC Thread#1"                     [id=94944, stack(0x0000006bddf00000,0x0000006bde000000) (1024K)]
  0x00000229c3927f50 WorkerThread "GC Thread#2"                     [id=93072, stack(0x0000006bde000000,0x0000006bde100000) (1024K)]
  0x00000229c8504240 WorkerThread "GC Thread#3"                     [id=91640, stack(0x0000006bde100000,0x0000006bde200000) (1024K)]
  0x00000229c85045e0 WorkerThread "GC Thread#4"                     [id=93664, stack(0x0000006bde200000,0x0000006bde300000) (1024K)]
  0x00000229c993d040 WorkerThread "GC Thread#5"                     [id=95124, stack(0x0000006bde300000,0x0000006bde400000) (1024K)]
  0x00000229c8d1f6f0 WorkerThread "GC Thread#6"                     [id=94628, stack(0x0000006bde400000,0x0000006bde500000) (1024K)]
  0x00000229c9d58f60 WorkerThread "GC Thread#7"                     [id=89876, stack(0x0000006bdea00000,0x0000006bdeb00000) (1024K)]
  0x00000229c9d579a0 WorkerThread "GC Thread#8"                     [id=10796, stack(0x0000006bdeb00000,0x0000006bdec00000) (1024K)]
  0x00000229c9d57d40 WorkerThread "GC Thread#9"                     [id=19180, stack(0x0000006bdec00000,0x0000006bded00000) (1024K)]
  0x00000229ab7964c0 ConcurrentGCThread "G1 Main Marker"            [id=88736, stack(0x0000006bdcf00000,0x0000006bdd000000) (1024K)]
  0x00000229ab796ed0 WorkerThread "G1 Conc#0"                       [id=94580, stack(0x0000006bdd000000,0x0000006bdd100000) (1024K)]
  0x00000229c9d58820 WorkerThread "G1 Conc#1"                       [id=83648, stack(0x0000006bded00000,0x0000006bdee00000) (1024K)]
  0x00000229c9d580e0 WorkerThread "G1 Conc#2"                       [id=95992, stack(0x0000006bdee00000,0x0000006bdef00000) (1024K)]
  0x00000229c2eae580 ConcurrentGCThread "G1 Refine#0"               [id=92296, stack(0x0000006bdd100000,0x0000006bdd200000) (1024K)]
  0x00000229c2eaf000 ConcurrentGCThread "G1 Service"                [id=95480, stack(0x0000006bdd200000,0x0000006bdd300000) (1024K)]
Total: 18

Threads with active compile tasks:
C2 CompilerThread0  13269 6146 %     4       org.objectweb.asm.ClassReader::readCode @ 92 (5117 bytes)
Total: 1

VM state: at safepoint (normal execution)

VM Mutex/Monitor currently owned by a thread:  ([mutex/lock_event])
[0x00007ff9ba358690] Threads_lock - owner thread: 0x00000229c338b830
[0x00007ff9ba358790] Heap_lock - owner thread: 0x00000229c9e82e20

Heap address: 0x0000000080000000, size: 2048 MB, Compressed Oops mode: 32-bit

CDS archive(s) not mapped
Compressed class space mapped at: 0x0000000100000000-0x0000000140000000, reserved size: 1073741824
Narrow klass base: 0x0000000000000000, Narrow klass shift: 3, Narrow klass range: 0x140000000

GC Precious Log:
 CardTable entry size: 512
 Card Set container configuration: InlinePtr #cards 5 size 8 Array Of Cards #cards 12 size 40 Howl #buckets 4 coarsen threshold 1843 Howl Bitmap #cards 512 size 80 coarsen threshold 460 Card regions per heap region 1 cards per card region 2048
 CPUs: 12 total, 12 available
 Memory: 7521M
 Large Page Support: Disabled
 NUMA Support: Disabled
 Compressed Oops: Enabled (32-bit)
 Heap Region Size: 1M
 Heap Min Capacity: 8M
 Heap Initial Capacity: 118M
 Heap Max Capacity: 2G
 Pre-touch: Disabled
 Parallel Workers: 10
 Concurrent Workers: 3
 Concurrent Refinement Workers: 10
 Periodic GC: Disabled

Heap:
 garbage-first heap   total 123904K, used 63187K [0x0000000080000000, 0x0000000100000000)
  region size 1024K, 3 young (3072K), 3 survivors (3072K)
 Metaspace       used 58706K, committed 60288K, reserved 1114112K
  class space    used 8336K, committed 9088K, reserved 1048576K

Heap Regions: E=young(eden), S=young(survivor), O=old, HS=humongous(starts), HC=humongous(continues), CS=collection set, F=free, TAMS=top-at-mark-start, PB=parsable bottom
|   0|0x0000000080000000, 0x0000000080100000, 0x0000000080100000|100%|HS|  |TAMS 0x0000000080000000| PB 0x0000000080000000| Complete 
|   1|0x0000000080100000, 0x0000000080200000, 0x0000000080200000|100%|HC|  |TAMS 0x0000000080100000| PB 0x0000000080100000| Complete 
|   2|0x0000000080200000, 0x0000000080300000, 0x0000000080300000|100%|HC|  |TAMS 0x0000000080200000| PB 0x0000000080200000| Complete 
|   3|0x0000000080300000, 0x0000000080400000, 0x0000000080400000|100%|HC|  |TAMS 0x0000000080300000| PB 0x0000000080300000| Complete 
|   4|0x0000000080400000, 0x0000000080500000, 0x0000000080500000|100%| O|  |TAMS 0x0000000080400000| PB 0x0000000080400000| Untracked 
|   5|0x0000000080500000, 0x0000000080600000, 0x0000000080600000|100%| O|  |TAMS 0x0000000080500000| PB 0x0000000080500000| Untracked 
|   6|0x0000000080600000, 0x0000000080700000, 0x0000000080700000|100%| O|  |TAMS 0x0000000080600000| PB 0x0000000080600000| Untracked 
|   7|0x0000000080700000, 0x0000000080800000, 0x0000000080800000|100%|HS|  |TAMS 0x0000000080700000| PB 0x0000000080700000| Complete 
|   8|0x0000000080800000, 0x0000000080900000, 0x0000000080900000|100%| O|  |TAMS 0x0000000080800000| PB 0x0000000080800000| Untracked 
|   9|0x0000000080900000, 0x0000000080a00000, 0x0000000080a00000|100%| O|  |TAMS 0x0000000080900000| PB 0x0000000080900000| Untracked 
|  10|0x0000000080a00000, 0x0000000080b00000, 0x0000000080b00000|100%| O|  |TAMS 0x0000000080a00000| PB 0x0000000080a00000| Untracked 
|  11|0x0000000080b00000, 0x0000000080c00000, 0x0000000080c00000|100%| O|  |TAMS 0x0000000080b00000| PB 0x0000000080b00000| Untracked 
|  12|0x0000000080c00000, 0x0000000080d00000, 0x0000000080d00000|100%| O|  |TAMS 0x0000000080c00000| PB 0x0000000080c00000| Untracked 
|  13|0x0000000080d00000, 0x0000000080e00000, 0x0000000080e00000|100%| O|  |TAMS 0x0000000080d00000| PB 0x0000000080d00000| Untracked 
|  14|0x0000000080e00000, 0x0000000080f00000, 0x0000000080f00000|100%| O|  |TAMS 0x0000000080e00000| PB 0x0000000080e00000| Untracked 
|  15|0x0000000080f00000, 0x0000000081000000, 0x0000000081000000|100%| O|  |TAMS 0x0000000080f00000| PB 0x0000000080f00000| Untracked 
|  16|0x0000000081000000, 0x0000000081100000, 0x0000000081100000|100%| O|  |TAMS 0x0000000081000000| PB 0x0000000081000000| Untracked 
|  17|0x0000000081100000, 0x0000000081200000, 0x0000000081200000|100%| O|  |TAMS 0x0000000081100000| PB 0x0000000081100000| Untracked 
|  18|0x0000000081200000, 0x0000000081300000, 0x0000000081300000|100%| O|  |TAMS 0x0000000081200000| PB 0x0000000081200000| Untracked 
|  19|0x0000000081300000, 0x0000000081400000, 0x0000000081400000|100%| O|  |TAMS 0x0000000081300000| PB 0x0000000081300000| Untracked 
|  20|0x0000000081400000, 0x0000000081500000, 0x0000000081500000|100%| O|  |TAMS 0x0000000081400000| PB 0x0000000081400000| Untracked 
|  21|0x0000000081500000, 0x0000000081600000, 0x0000000081600000|100%| O|  |TAMS 0x0000000081500000| PB 0x0000000081500000| Untracked 
|  22|0x0000000081600000, 0x0000000081700000, 0x0000000081700000|100%| O|  |TAMS 0x0000000081600000| PB 0x0000000081600000| Untracked 
|  23|0x0000000081700000, 0x0000000081800000, 0x0000000081800000|100%|HS|  |TAMS 0x0000000081700000| PB 0x0000000081700000| Complete 
|  24|0x0000000081800000, 0x0000000081900000, 0x0000000081900000|100%|HC|  |TAMS 0x0000000081800000| PB 0x0000000081800000| Complete 
|  25|0x0000000081900000, 0x0000000081a00000, 0x0000000081a00000|100%|HC|  |TAMS 0x0000000081900000| PB 0x0000000081900000| Complete 
|  26|0x0000000081a00000, 0x0000000081b00000, 0x0000000081b00000|100%|HC|  |TAMS 0x0000000081a00000| PB 0x0000000081a00000| Complete 
|  27|0x0000000081b00000, 0x0000000081c00000, 0x0000000081c00000|100%|HC|  |TAMS 0x0000000081b00000| PB 0x0000000081b00000| Complete 
|  28|0x0000000081c00000, 0x0000000081d00000, 0x0000000081d00000|100%|HC|  |TAMS 0x0000000081c00000| PB 0x0000000081c00000| Complete 
|  29|0x0000000081d00000, 0x0000000081e00000, 0x0000000081e00000|100%|HS|  |TAMS 0x0000000081d00000| PB 0x0000000081d00000| Complete 
|  30|0x0000000081e00000, 0x0000000081f00000, 0x0000000081f00000|100%|HC|  |TAMS 0x0000000081e00000| PB 0x0000000081e00000| Complete 
|  31|0x0000000081f00000, 0x0000000082000000, 0x0000000082000000|100%|HS|  |TAMS 0x0000000081f00000| PB 0x0000000081f00000| Complete 
|  32|0x0000000082000000, 0x0000000082100000, 0x0000000082100000|100%|HS|  |TAMS 0x0000000082000000| PB 0x0000000082000000| Complete 
|  33|0x0000000082100000, 0x0000000082200000, 0x0000000082200000|100%|HC|  |TAMS 0x0000000082100000| PB 0x0000000082100000| Complete 
|  34|0x0000000082200000, 0x0000000082300000, 0x0000000082300000|100%|HS|  |TAMS 0x0000000082200000| PB 0x0000000082200000| Complete 
|  35|0x0000000082300000, 0x0000000082400000, 0x0000000082400000|100%|HS|  |TAMS 0x0000000082300000| PB 0x0000000082300000| Complete 
|  36|0x0000000082400000, 0x0000000082500000, 0x0000000082500000|100%|HC|  |TAMS 0x0000000082400000| PB 0x0000000082400000| Complete 
|  37|0x0000000082500000, 0x0000000082600000, 0x0000000082600000|100%|HC|  |TAMS 0x0000000082500000| PB 0x0000000082500000| Complete 
|  38|0x0000000082600000, 0x0000000082700000, 0x0000000082700000|100%|HC|  |TAMS 0x0000000082600000| PB 0x0000000082600000| Complete 
|  39|0x0000000082700000, 0x0000000082800000, 0x0000000082800000|100%|HC|  |TAMS 0x0000000082700000| PB 0x0000000082700000| Complete 
|  40|0x0000000082800000, 0x0000000082900000, 0x0000000082900000|100%|HC|  |TAMS 0x0000000082800000| PB 0x0000000082800000| Complete 
|  41|0x0000000082900000, 0x0000000082a00000, 0x0000000082a00000|100%| O|  |TAMS 0x0000000082900000| PB 0x0000000082900000| Untracked 
|  42|0x0000000082a00000, 0x0000000082b00000, 0x0000000082b00000|100%| O|  |TAMS 0x0000000082a00000| PB 0x0000000082a00000| Untracked 
|  43|0x0000000082b00000, 0x0000000082c00000, 0x0000000082c00000|100%| O|  |TAMS 0x0000000082b00000| PB 0x0000000082b00000| Untracked 
|  44|0x0000000082c00000, 0x0000000082d00000, 0x0000000082d00000|100%| O|  |TAMS 0x0000000082c00000| PB 0x0000000082c00000| Untracked 
|  45|0x0000000082d00000, 0x0000000082e00000, 0x0000000082e00000|100%| O|  |TAMS 0x0000000082d00000| PB 0x0000000082d00000| Untracked 
|  46|0x0000000082e00000, 0x0000000082f00000, 0x0000000082f00000|100%| O|  |TAMS 0x0000000082e00000| PB 0x0000000082e00000| Untracked 
|  47|0x0000000082f00000, 0x0000000083000000, 0x0000000083000000|100%| O|  |TAMS 0x0000000082f00000| PB 0x0000000082f00000| Untracked 
|  48|0x0000000083000000, 0x0000000083100000, 0x0000000083100000|100%| O|  |TAMS 0x0000000083000000| PB 0x0000000083000000| Untracked 
|  49|0x0000000083100000, 0x0000000083200000, 0x0000000083200000|100%| O|  |TAMS 0x0000000083100000| PB 0x0000000083100000| Untracked 
|  50|0x0000000083200000, 0x0000000083300000, 0x0000000083300000|100%| O|  |TAMS 0x0000000083200000| PB 0x0000000083200000| Untracked 
|  51|0x0000000083300000, 0x0000000083400000, 0x0000000083400000|100%| O|  |TAMS 0x0000000083300000| PB 0x0000000083300000| Untracked 
|  52|0x0000000083400000, 0x0000000083500000, 0x0000000083500000|100%| O|  |TAMS 0x0000000083400000| PB 0x0000000083400000| Untracked 
|  53|0x0000000083500000, 0x0000000083600000, 0x0000000083600000|100%| O|  |TAMS 0x0000000083500000| PB 0x0000000083500000| Untracked 
|  54|0x0000000083600000, 0x0000000083700000, 0x0000000083700000|100%| O|  |TAMS 0x0000000083600000| PB 0x0000000083600000| Untracked 
|  55|0x0000000083700000, 0x0000000083700000, 0x0000000083800000|  0%| F|  |TAMS 0x0000000083700000| PB 0x0000000083700000| Untracked 
|  56|0x0000000083800000, 0x0000000083900000, 0x0000000083900000|100%| O|  |TAMS 0x0000000083800000| PB 0x0000000083800000| Untracked 
|  57|0x0000000083900000, 0x00000000839882b8, 0x0000000083a00000| 53%| O|  |TAMS 0x0000000083900000| PB 0x0000000083900000| Untracked 
|  58|0x0000000083a00000, 0x0000000083a00000, 0x0000000083b00000|  0%| F|  |TAMS 0x0000000083a00000| PB 0x0000000083a00000| Untracked 
|  59|0x0000000083b00000, 0x0000000083b00000, 0x0000000083c00000|  0%| F|  |TAMS 0x0000000083b00000| PB 0x0000000083b00000| Untracked 
|  60|0x0000000083c00000, 0x0000000083c00000, 0x0000000083d00000|  0%| F|  |TAMS 0x0000000083c00000| PB 0x0000000083c00000| Untracked 
|  61|0x0000000083d00000, 0x0000000083d00000, 0x0000000083e00000|  0%| F|  |TAMS 0x0000000083d00000| PB 0x0000000083d00000| Untracked 
|  62|0x0000000083e00000, 0x0000000083e2cca0, 0x0000000083f00000| 17%| S|CS|TAMS 0x0000000083e00000| PB 0x0000000083e00000| Complete 
|  63|0x0000000083f00000, 0x0000000083f00000, 0x0000000084000000|  0%| F|  |TAMS 0x0000000083f00000| PB 0x0000000083f00000| Untracked 
|  64|0x0000000084000000, 0x0000000084000000, 0x0000000084100000|  0%| F|  |TAMS 0x0000000084000000| PB 0x0000000084000000| Untracked 
|  65|0x0000000084100000, 0x0000000084100000, 0x0000000084200000|  0%| F|  |TAMS 0x0000000084100000| PB 0x0000000084100000| Untracked 
|  66|0x0000000084200000, 0x0000000084200000, 0x0000000084300000|  0%| F|  |TAMS 0x0000000084200000| PB 0x0000000084200000| Untracked 
|  67|0x0000000084300000, 0x0000000084400000, 0x0000000084400000|100%| S|CS|TAMS 0x0000000084300000| PB 0x0000000084300000| Complete 
|  68|0x0000000084400000, 0x0000000084500000, 0x0000000084500000|100%| S|CS|TAMS 0x0000000084400000| PB 0x0000000084400000| Complete 
|  69|0x0000000084500000, 0x0000000084500000, 0x0000000084600000|  0%| F|  |TAMS 0x0000000084500000| PB 0x0000000084500000| Untracked 
|  70|0x0000000084600000, 0x0000000084600000, 0x0000000084700000|  0%| F|  |TAMS 0x0000000084600000| PB 0x0000000084600000| Untracked 
|  71|0x0000000084700000, 0x0000000084700000, 0x0000000084800000|  0%| F|  |TAMS 0x0000000084700000| PB 0x0000000084700000| Untracked 
|  72|0x0000000084800000, 0x0000000084800000, 0x0000000084900000|  0%| F|  |TAMS 0x0000000084800000| PB 0x0000000084800000| Untracked 
|  73|0x0000000084900000, 0x0000000084900000, 0x0000000084a00000|  0%| F|  |TAMS 0x0000000084900000| PB 0x0000000084900000| Untracked 
|  74|0x0000000084a00000, 0x0000000084a00000, 0x0000000084b00000|  0%| F|  |TAMS 0x0000000084a00000| PB 0x0000000084a00000| Untracked 
|  75|0x0000000084b00000, 0x0000000084b00000, 0x0000000084c00000|  0%| F|  |TAMS 0x0000000084b00000| PB 0x0000000084b00000| Untracked 
|  76|0x0000000084c00000, 0x0000000084c00000, 0x0000000084d00000|  0%| F|  |TAMS 0x0000000084c00000| PB 0x0000000084c00000| Untracked 
|  77|0x0000000084d00000, 0x0000000084d00000, 0x0000000084e00000|  0%| F|  |TAMS 0x0000000084d00000| PB 0x0000000084d00000| Untracked 
|  78|0x0000000084e00000, 0x0000000084e00000, 0x0000000084f00000|  0%| F|  |TAMS 0x0000000084e00000| PB 0x0000000084e00000| Untracked 
|  79|0x0000000084f00000, 0x0000000084f00000, 0x0000000085000000|  0%| F|  |TAMS 0x0000000084f00000| PB 0x0000000084f00000| Untracked 
|  80|0x0000000085000000, 0x0000000085000000, 0x0000000085100000|  0%| F|  |TAMS 0x0000000085000000| PB 0x0000000085000000| Untracked 
|  81|0x0000000085100000, 0x0000000085100000, 0x0000000085200000|  0%| F|  |TAMS 0x0000000085100000| PB 0x0000000085100000| Untracked 
|  82|0x0000000085200000, 0x0000000085200000, 0x0000000085300000|  0%| F|  |TAMS 0x0000000085200000| PB 0x0000000085200000| Untracked 
|  83|0x0000000085300000, 0x0000000085300000, 0x0000000085400000|  0%| F|  |TAMS 0x0000000085300000| PB 0x0000000085300000| Untracked 
|  84|0x0000000085400000, 0x0000000085400000, 0x0000000085500000|  0%| F|  |TAMS 0x0000000085400000| PB 0x0000000085400000| Untracked 
|  85|0x0000000085500000, 0x0000000085500000, 0x0000000085600000|  0%| F|  |TAMS 0x0000000085500000| PB 0x0000000085500000| Untracked 
|  86|0x0000000085600000, 0x0000000085600000, 0x0000000085700000|  0%| F|  |TAMS 0x0000000085600000| PB 0x0000000085600000| Untracked 
|  87|0x0000000085700000, 0x0000000085700000, 0x0000000085800000|  0%| F|  |TAMS 0x0000000085700000| PB 0x0000000085700000| Untracked 
|  88|0x0000000085800000, 0x0000000085800000, 0x0000000085900000|  0%| F|  |TAMS 0x0000000085800000| PB 0x0000000085800000| Untracked 
|  89|0x0000000085900000, 0x0000000085900000, 0x0000000085a00000|  0%| F|  |TAMS 0x0000000085900000| PB 0x0000000085900000| Untracked 
|  90|0x0000000085a00000, 0x0000000085a00000, 0x0000000085b00000|  0%| F|  |TAMS 0x0000000085a00000| PB 0x0000000085a00000| Untracked 
|  91|0x0000000085b00000, 0x0000000085b00000, 0x0000000085c00000|  0%| F|  |TAMS 0x0000000085b00000| PB 0x0000000085b00000| Untracked 
|  92|0x0000000085c00000, 0x0000000085c00000, 0x0000000085d00000|  0%| F|  |TAMS 0x0000000085c00000| PB 0x0000000085c00000| Untracked 
|  93|0x0000000085d00000, 0x0000000085d00000, 0x0000000085e00000|  0%| F|  |TAMS 0x0000000085d00000| PB 0x0000000085d00000| Untracked 
|  94|0x0000000085e00000, 0x0000000085e00000, 0x0000000085f00000|  0%| F|  |TAMS 0x0000000085e00000| PB 0x0000000085e00000| Untracked 
|  95|0x0000000085f00000, 0x0000000085f00000, 0x0000000086000000|  0%| F|  |TAMS 0x0000000085f00000| PB 0x0000000085f00000| Untracked 
|  96|0x0000000086000000, 0x0000000086000000, 0x0000000086100000|  0%| F|  |TAMS 0x0000000086000000| PB 0x0000000086000000| Untracked 
|  97|0x0000000086100000, 0x0000000086100000, 0x0000000086200000|  0%| F|  |TAMS 0x0000000086100000| PB 0x0000000086100000| Untracked 
|  98|0x0000000086200000, 0x0000000086200000, 0x0000000086300000|  0%| F|  |TAMS 0x0000000086200000| PB 0x0000000086200000| Untracked 
|  99|0x0000000086300000, 0x0000000086300000, 0x0000000086400000|  0%| F|  |TAMS 0x0000000086300000| PB 0x0000000086300000| Untracked 
| 100|0x0000000086400000, 0x0000000086400000, 0x0000000086500000|  0%| F|  |TAMS 0x0000000086400000| PB 0x0000000086400000| Untracked 
| 101|0x0000000086500000, 0x0000000086500000, 0x0000000086600000|  0%| F|  |TAMS 0x0000000086500000| PB 0x0000000086500000| Untracked 
| 102|0x0000000086600000, 0x0000000086600000, 0x0000000086700000|  0%| F|  |TAMS 0x0000000086600000| PB 0x0000000086600000| Untracked 
| 103|0x0000000086700000, 0x0000000086700000, 0x0000000086800000|  0%| F|  |TAMS 0x0000000086700000| PB 0x0000000086700000| Untracked 
| 104|0x0000000086800000, 0x0000000086800000, 0x0000000086900000|  0%| F|  |TAMS 0x0000000086800000| PB 0x0000000086800000| Untracked 
| 105|0x0000000086900000, 0x0000000086900000, 0x0000000086a00000|  0%| F|  |TAMS 0x0000000086900000| PB 0x0000000086900000| Untracked 
| 106|0x0000000086a00000, 0x0000000086a00000, 0x0000000086b00000|  0%| F|  |TAMS 0x0000000086a00000| PB 0x0000000086a00000| Untracked 
| 107|0x0000000086b00000, 0x0000000086b00000, 0x0000000086c00000|  0%| F|  |TAMS 0x0000000086b00000| PB 0x0000000086b00000| Untracked 
| 108|0x0000000086c00000, 0x0000000086c00000, 0x0000000086d00000|  0%| F|  |TAMS 0x0000000086c00000| PB 0x0000000086c00000| Untracked 
| 109|0x0000000086d00000, 0x0000000086d00000, 0x0000000086e00000|  0%| F|  |TAMS 0x0000000086d00000| PB 0x0000000086d00000| Untracked 
| 110|0x0000000086e00000, 0x0000000086e00000, 0x0000000086f00000|  0%| F|  |TAMS 0x0000000086e00000| PB 0x0000000086e00000| Untracked 
| 111|0x0000000086f00000, 0x0000000086f00000, 0x0000000087000000|  0%| F|  |TAMS 0x0000000086f00000| PB 0x0000000086f00000| Untracked 
| 112|0x0000000087000000, 0x0000000087000000, 0x0000000087100000|  0%| F|  |TAMS 0x0000000087000000| PB 0x0000000087000000| Untracked 
| 113|0x0000000087100000, 0x0000000087100000, 0x0000000087200000|  0%| F|  |TAMS 0x0000000087100000| PB 0x0000000087100000| Untracked 
| 114|0x0000000087200000, 0x0000000087200000, 0x0000000087300000|  0%| F|  |TAMS 0x0000000087200000| PB 0x0000000087200000| Untracked 
| 115|0x0000000087300000, 0x0000000087300000, 0x0000000087400000|  0%| F|  |TAMS 0x0000000087300000| PB 0x0000000087300000| Untracked 
| 116|0x0000000087400000, 0x0000000087400000, 0x0000000087500000|  0%| F|  |TAMS 0x0000000087400000| PB 0x0000000087400000| Untracked 
| 117|0x0000000087500000, 0x0000000087500000, 0x0000000087600000|  0%| F|  |TAMS 0x0000000087500000| PB 0x0000000087500000| Untracked 
|2045|0x00000000ffd00000, 0x00000000ffe00000, 0x00000000ffe00000|100%| O|  |TAMS 0x00000000ffd00000| PB 0x00000000ffd00000| Untracked 
|2046|0x00000000ffe00000, 0x00000000fff00000, 0x00000000fff00000|100%| O|  |TAMS 0x00000000ffe00000| PB 0x00000000ffe00000| Untracked 
|2047|0x00000000fff00000, 0x0000000100000000, 0x0000000100000000|100%| O|  |TAMS 0x00000000fff00000| PB 0x00000000fff00000| Untracked 

Card table byte_map: [0x00000229be1b0000,0x00000229be5b0000] _byte_map_base: 0x00000229bddb0000

Marking Bits: (CMBitMap*) 0x00000229ab783f80
 Bits: [0x00000229be5b0000, 0x00000229c05b0000)

Polling page: 0x00000229a9480000

Metaspace:

Usage:
  Non-class:     49.19 MB used.
      Class:      8.14 MB used.
       Both:     57.33 MB used.

Virtual space:
  Non-class space:       64.00 MB reserved,      50.00 MB ( 78%) committed,  1 nodes.
      Class space:        1.00 GB reserved,       8.88 MB ( <1%) committed,  1 nodes.
             Both:        1.06 GB reserved,      58.88 MB (  5%) committed. 

Chunk freelists:
   Non-Class:  13.70 MB
       Class:  7.17 MB
        Both:  20.88 MB

MaxMetaspaceSize: unlimited
CompressedClassSpaceSize: 1.00 GB
Initial GC threshold: 21.00 MB
Current GC threshold: 98.12 MB
CDS: off
 - commit_granule_bytes: 65536.
 - commit_granule_words: 8192.
 - virtual_space_node_default_size: 8388608.
 - enlarge_chunks_in_place: 1.
 - use_allocation_guard: 0.


Internal statistics:

num_allocs_failed_limit: 6.
num_arena_births: 3002.
num_arena_deaths: 0.
num_vsnodes_births: 2.
num_vsnodes_deaths: 0.
num_space_committed: 942.
num_space_uncommitted: 0.
num_chunks_returned_to_freelist: 6.
num_chunks_taken_from_freelist: 5455.
num_chunk_merges: 3.
num_chunk_splits: 3473.
num_chunks_enlarged: 2043.
num_inconsistent_stats: 0.

CodeHeap 'non-profiled nmethods': size=120000Kb used=2654Kb max_used=2796Kb free=117345Kb
 bounds [0x00000229b6330000, 0x00000229b6610000, 0x00000229bd860000]
CodeHeap 'profiled nmethods': size=120000Kb used=10428Kb max_used=10591Kb free=109571Kb
 bounds [0x00000229ae860000, 0x00000229af2c0000, 0x00000229b5d90000]
CodeHeap 'non-nmethods': size=5760Kb used=1849Kb max_used=1928Kb free=3910Kb
 bounds [0x00000229b5d90000, 0x00000229b6000000, 0x00000229b6330000]
CodeCache: size=245760Kb, used=14931Kb, max_used=15315Kb, free=230826Kb
 total_blobs=5971, nmethods=5227, adapters=648, full_count=0
Compilation: enabled, stopped_count=0, restarted_count=0

Compilation events (20 events):
Event: 10.981 Thread 0x00000229c34492b0 6226       1       java.nio.HeapByteBuffer::isDirect (2 bytes)
Event: 10.981 Thread 0x00000229c34492b0 nmethod 6226 0x00000229b63fdb90 code [0x00000229b63fdd20, 0x00000229b63fdde8]
Event: 11.002 Thread 0x00000229c34492b0 6227       1       java.util.Formatter$FormatSpecifier::index (5 bytes)
Event: 11.002 Thread 0x00000229c34492b0 nmethod 6227 0x00000229b64afd10 code [0x00000229b64afea0, 0x00000229b64aff68]
Event: 11.017 Thread 0x00000229c34492b0 6228       2       com.google.common.collect.Iterators$PeekingImpl::hasNext (25 bytes)
Event: 11.017 Thread 0x00000229c34492b0 nmethod 6228 0x00000229aefbfd90 code [0x00000229aefbff40, 0x00000229aefc0098]
Event: 11.022 Thread 0x00000229c34492b0 6230       2       org.objectweb.asm.SymbolTable::addBootstrapMethod (144 bytes)
Event: 11.023 Thread 0x00000229c34492b0 nmethod 6230 0x00000229aee2d990 code [0x00000229aee2db80, 0x00000229aee2df48]
Event: 11.052 Thread 0x00000229c34492b0 6232       2       org.gradle.internal.classpath.transforms.LambdaSerializationTransformer::access$800 (4 bytes)
Event: 11.052 Thread 0x00000229c34492b0 nmethod 6232 0x00000229ae8a4a10 code [0x00000229ae8a4ba0, 0x00000229ae8a4c90]
Event: 11.052 Thread 0x00000229c34492b0 6233       2       org.gradle.internal.classpath.transforms.InstrumentingBackwardsCompatibilityVisitor$BackwardCompatibilityMethodVisitor::visitInvokeDynamicInsn (31 bytes)
Event: 11.052 Thread 0x00000229c34492b0 nmethod 6233 0x00000229aeefa310 code [0x00000229aeefa4e0, 0x00000229aeefa6b0]
Event: 11.052 Thread 0x00000229c34492b0 6234       2       org.gradle.internal.classpath.transforms.InstrumentingBackwardsCompatibilityVisitor::access$300 (5 bytes)
Event: 11.052 Thread 0x00000229c34492b0 nmethod 6234 0x00000229ae8d6710 code [0x00000229ae8d68c0, 0x00000229ae8d69c0]
Event: 11.052 Thread 0x00000229c34492b0 6235       1       org.objectweb.asm.commons.CodeSizeEvaluator::getMaxSize (5 bytes)
Event: 11.052 Thread 0x00000229c34492b0 nmethod 6235 0x00000229b63c3790 code [0x00000229b63c3920, 0x00000229b63c39e8]
Event: 11.071 Thread 0x00000229c34492b0 6236       2       org.objectweb.asm.ByteVector::put112 (80 bytes)
Event: 11.072 Thread 0x00000229c34492b0 nmethod 6236 0x00000229aee94610 code [0x00000229aee947c0, 0x00000229aee949d0]
Event: 11.072 Thread 0x00000229c34492b0 6237       2       org.gradle.internal.classpath.transforms.LambdaSerializationTransformer::access$100 (4 bytes)
Event: 11.072 Thread 0x00000229c34492b0 nmethod 6237 0x00000229ae8af610 code [0x00000229ae8af7a0, 0x00000229ae8af890]

GC Heap History (20 events):
Event: 7.978 GC heap after
{Heap after GC invocations=14 (full 0):
 garbage-first heap   total 86016K, used 53998K [0x0000000080000000, 0x0000000100000000)
  region size 1024K, 3 young (3072K), 3 survivors (3072K)
 Metaspace       used 41518K, committed 42496K, reserved 1114112K
  class space    used 5673K, committed 6144K, reserved 1048576K
}
Event: 8.308 GC heap before
{Heap before GC invocations=14 (full 0):
 garbage-first heap   total 86016K, used 71406K [0x0000000080000000, 0x0000000100000000)
  region size 1024K, 20 young (20480K), 3 survivors (3072K)
 Metaspace       used 43643K, committed 44800K, reserved 1114112K
  class space    used 6053K, committed 6592K, reserved 1048576K
}
Event: 8.311 GC heap after
{Heap after GC invocations=15 (full 0):
 garbage-first heap   total 86016K, used 54545K [0x0000000080000000, 0x0000000100000000)
  region size 1024K, 1 young (1024K), 1 survivors (1024K)
 Metaspace       used 43643K, committed 44800K, reserved 1114112K
  class space    used 6053K, committed 6592K, reserved 1048576K
}
Event: 8.505 GC heap before
{Heap before GC invocations=15 (full 0):
 garbage-first heap   total 86016K, used 71953K [0x0000000080000000, 0x0000000100000000)
  region size 1024K, 18 young (18432K), 1 survivors (1024K)
 Metaspace       used 45568K, committed 46848K, reserved 1114112K
  class space    used 6393K, committed 7040K, reserved 1048576K
}
Event: 8.507 GC heap after
{Heap after GC invocations=16 (full 0):
 garbage-first heap   total 86016K, used 55509K [0x0000000080000000, 0x0000000100000000)
  region size 1024K, 2 young (2048K), 2 survivors (2048K)
 Metaspace       used 45568K, committed 46848K, reserved 1114112K
  class space    used 6393K, committed 7040K, reserved 1048576K
}
Event: 8.818 GC heap before
{Heap before GC invocations=17 (full 0):
 garbage-first heap   total 94208K, used 72917K [0x0000000080000000, 0x0000000100000000)
  region size 1024K, 20 young (20480K), 2 survivors (2048K)
 Metaspace       used 48742K, committed 49984K, reserved 1114112K
  class space    used 6796K, committed 7424K, reserved 1048576K
}
Event: 8.821 GC heap after
{Heap after GC invocations=18 (full 0):
 garbage-first heap   total 113664K, used 57145K [0x0000000080000000, 0x0000000100000000)
  region size 1024K, 3 young (3072K), 3 survivors (3072K)
 Metaspace       used 48742K, committed 49984K, reserved 1114112K
  class space    used 6796K, committed 7424K, reserved 1048576K
}
Event: 9.352 GC heap before
{Heap before GC invocations=18 (full 0):
 garbage-first heap   total 113664K, used 89913K [0x0000000080000000, 0x0000000100000000)
  region size 1024K, 35 young (35840K), 3 survivors (3072K)
 Metaspace       used 53054K, committed 54528K, reserved 1114112K
  class space    used 7425K, committed 8128K, reserved 1048576K
}
Event: 9.357 GC heap after
{Heap after GC invocations=19 (full 0):
 garbage-first heap   total 113664K, used 59725K [0x0000000080000000, 0x0000000100000000)
  region size 1024K, 5 young (5120K), 5 survivors (5120K)
 Metaspace       used 53054K, committed 54528K, reserved 1114112K
  class space    used 7425K, committed 8128K, reserved 1048576K
}
Event: 9.792 GC heap before
{Heap before GC invocations=19 (full 0):
 garbage-first heap   total 113664K, used 93517K [0x0000000080000000, 0x0000000100000000)
  region size 1024K, 38 young (38912K), 5 survivors (5120K)
 Metaspace       used 56869K, committed 58432K, reserved 1114112K
  class space    used 8087K, committed 8832K, reserved 1048576K
}
Event: 9.796 GC heap after
{Heap after GC invocations=20 (full 0):
 garbage-first heap   total 113664K, used 61689K [0x0000000080000000, 0x0000000100000000)
  region size 1024K, 2 young (2048K), 2 survivors (2048K)
 Metaspace       used 56869K, committed 58432K, reserved 1114112K
  class space    used 8087K, committed 8832K, reserved 1048576K
}
Event: 10.346 GC heap before
{Heap before GC invocations=21 (full 0):
 garbage-first heap   total 113664K, used 95481K [0x0000000080000000, 0x0000000100000000)
  region size 1024K, 35 young (35840K), 2 survivors (2048K)
 Metaspace       used 58557K, committed 60160K, reserved 1114112K
  class space    used 8336K, committed 9088K, reserved 1048576K
}
Event: 10.348 GC heap after
{Heap after GC invocations=22 (full 0):
 garbage-first heap   total 113664K, used 62390K [0x0000000080000000, 0x0000000100000000)
  region size 1024K, 3 young (3072K), 3 survivors (3072K)
 Metaspace       used 58557K, committed 60160K, reserved 1114112K
  class space    used 8336K, committed 9088K, reserved 1048576K
}
Event: 10.544 GC heap before
{Heap before GC invocations=22 (full 0):
 garbage-first heap   total 113664K, used 98230K [0x0000000080000000, 0x0000000100000000)
  region size 1024K, 38 young (38912K), 3 survivors (3072K)
 Metaspace       used 58685K, committed 60288K, reserved 1114112K
  class space    used 8336K, committed 9088K, reserved 1048576K
}
Event: 10.546 GC heap after
{Heap after GC invocations=23 (full 0):
 garbage-first heap   total 113664K, used 62504K [0x0000000080000000, 0x0000000100000000)
  region size 1024K, 3 young (3072K), 3 survivors (3072K)
 Metaspace       used 58685K, committed 60288K, reserved 1114112K
  class space    used 8336K, committed 9088K, reserved 1048576K
}
Event: 10.709 GC heap before
{Heap before GC invocations=23 (full 0):
 garbage-first heap   total 113664K, used 91176K [0x0000000080000000, 0x0000000100000000)
  region size 1024K, 32 young (32768K), 3 survivors (3072K)
 Metaspace       used 58692K, committed 60288K, reserved 1114112K
  class space    used 8336K, committed 9088K, reserved 1048576K
}
Event: 10.713 GC heap after
{Heap after GC invocations=24 (full 0):
 garbage-first heap   total 113664K, used 62882K [0x0000000080000000, 0x0000000100000000)
  region size 1024K, 4 young (4096K), 4 survivors (4096K)
 Metaspace       used 58692K, committed 60288K, reserved 1114112K
  class space    used 8336K, committed 9088K, reserved 1048576K
}
Event: 10.902 GC heap before
{Heap before GC invocations=25 (full 0):
 garbage-first heap   total 113664K, used 102818K [0x0000000080000000, 0x0000000100000000)
  region size 1024K, 41 young (41984K), 4 survivors (4096K)
 Metaspace       used 58697K, committed 60288K, reserved 1114112K
  class space    used 8336K, committed 9088K, reserved 1048576K
}
Event: 10.906 GC heap after
{Heap after GC invocations=26 (full 0):
 garbage-first heap   total 113664K, used 63108K [0x0000000080000000, 0x0000000100000000)
  region size 1024K, 4 young (4096K), 4 survivors (4096K)
 Metaspace       used 58697K, committed 60288K, reserved 1114112K
  class space    used 8336K, committed 9088K, reserved 1048576K
}
Event: 11.078 GC heap before
{Heap before GC invocations=26 (full 0):
 garbage-first heap   total 113664K, used 103044K [0x0000000080000000, 0x0000000100000000)
  region size 1024K, 43 young (44032K), 4 survivors (4096K)
 Metaspace       used 58706K, committed 60288K, reserved 1114112K
  class space    used 8336K, committed 9088K, reserved 1048576K
}

Dll operation events (3 events):
Event: 0.057 Loaded shared library C:\Program Files\Android\Android Studio\jbr\bin\java.dll
Event: 0.082 Loaded shared library C:\Program Files\Android\Android Studio\jbr\bin\zip.dll
Event: 1.886 Loaded shared library C:\Program Files\Android\Android Studio\jbr\bin\verify.dll

Deoptimization events (20 events):
Event: 10.920 Thread 0x00000229c9e82e20 DEOPT PACKING pc=0x00000229af0ecac1 sp=0x0000006bdf0f2760
Event: 10.920 Thread 0x00000229c9e82e20 DEOPT UNPACKING pc=0x00000229b5de4b42 sp=0x0000006bdf0f1e70 mode 0
Event: 10.937 Thread 0x00000229c9e82e20 DEOPT PACKING pc=0x00000229af0ecac1 sp=0x0000006bdf0f2760
Event: 10.937 Thread 0x00000229c9e82e20 DEOPT UNPACKING pc=0x00000229b5de4b42 sp=0x0000006bdf0f1e70 mode 0
Event: 10.945 Thread 0x00000229c9e82e20 DEOPT PACKING pc=0x00000229af0ecac1 sp=0x0000006bdf0f2760
Event: 10.945 Thread 0x00000229c9e82e20 DEOPT UNPACKING pc=0x00000229b5de4b42 sp=0x0000006bdf0f1e70 mode 0
Event: 10.966 Thread 0x00000229c9e82e20 DEOPT PACKING pc=0x00000229af0ecac1 sp=0x0000006bdf0f2760
Event: 10.966 Thread 0x00000229c9e82e20 DEOPT UNPACKING pc=0x00000229b5de4b42 sp=0x0000006bdf0f1e70 mode 0
Event: 10.977 Thread 0x00000229c9e82e20 DEOPT PACKING pc=0x00000229af0ecac1 sp=0x0000006bdf0f2760
Event: 10.977 Thread 0x00000229c9e82e20 DEOPT UNPACKING pc=0x00000229b5de4b42 sp=0x0000006bdf0f1e70 mode 0
Event: 10.994 Thread 0x00000229c9e82e20 DEOPT PACKING pc=0x00000229af0ecac1 sp=0x0000006bdf0f2760
Event: 10.994 Thread 0x00000229c9e82e20 DEOPT UNPACKING pc=0x00000229b5de4b42 sp=0x0000006bdf0f1e70 mode 0
Event: 11.014 Thread 0x00000229c9e82e20 DEOPT PACKING pc=0x00000229af0ecac1 sp=0x0000006bdf0f2760
Event: 11.014 Thread 0x00000229c9e82e20 DEOPT UNPACKING pc=0x00000229b5de4b42 sp=0x0000006bdf0f1e70 mode 0
Event: 11.021 Thread 0x00000229c9e82e20 DEOPT PACKING pc=0x00000229af0ecac1 sp=0x0000006bdf0f2760
Event: 11.021 Thread 0x00000229c9e82e20 DEOPT UNPACKING pc=0x00000229b5de4b42 sp=0x0000006bdf0f1e70 mode 0
Event: 11.052 Thread 0x00000229c9e82e20 DEOPT PACKING pc=0x00000229af0ecac1 sp=0x0000006bdf0f2760
Event: 11.052 Thread 0x00000229c9e82e20 DEOPT UNPACKING pc=0x00000229b5de4b42 sp=0x0000006bdf0f1e70 mode 0
Event: 11.055 Thread 0x00000229c9e82e20 DEOPT PACKING pc=0x00000229af0ecac1 sp=0x0000006bdf0f2760
Event: 11.055 Thread 0x00000229c9e82e20 DEOPT UNPACKING pc=0x00000229b5de4b42 sp=0x0000006bdf0f1e70 mode 0

Classes loaded (20 events):
Event: 9.821 Loading class java/util/concurrent/atomic/Striped64$Cell
Event: 9.821 Loading class java/util/concurrent/atomic/Striped64$Cell done
Event: 10.035 Loading class java/util/DualPivotQuicksort
Event: 10.036 Loading class java/util/DualPivotQuicksort done
Event: 10.102 Loading class java/nio/charset/UnsupportedCharsetException
Event: 10.102 Loading class java/nio/charset/UnsupportedCharsetException done
Event: 10.104 Loading class java/util/Collections$UnmodifiableSortedMap
Event: 10.105 Loading class java/util/Collections$UnmodifiableSortedMap done
Event: 10.105 Loading class java/util/zip/Deflater
Event: 10.106 Loading class java/util/zip/Deflater done
Event: 10.108 Loading class java/util/zip/Deflater$DeflaterZStreamRef
Event: 10.108 Loading class java/util/zip/Deflater$DeflaterZStreamRef done
Event: 10.112 Loading class java/util/zip/ZipFile$ZipEntryIterator
Event: 10.112 Loading class java/util/zip/ZipFile$ZipEntryIterator done
Event: 10.114 Loading class java/util/zip/ZipInputStream
Event: 10.114 Loading class java/util/zip/ZipInputStream done
Event: 10.148 Loading class java/nio/StringCharBuffer
Event: 10.149 Loading class java/nio/StringCharBuffer done
Event: 10.154 Loading class java/security/Key
Event: 10.155 Loading class java/security/Key done

Classes unloaded (0 events):
No events

Classes redefined (0 events):
No events

Internal exceptions (20 events):
Event: 9.799 Thread 0x00000229c9e82e20 Exception <a 'sun/nio/fs/WindowsException'{0x000000008751b1f0}> (0x000000008751b1f0) 
thrown [s\src\hotspot\share\prims\jni.cpp, line 537]
Event: 9.801 Thread 0x00000229cb1d2e10 Exception <a 'sun/nio/fs/WindowsException'{0x00000000875b0900}> (0x00000000875b0900) 
thrown [s\src\hotspot\share\prims\jni.cpp, line 537]
Event: 9.813 Thread 0x00000229c9e82e20 Exception <a 'sun/nio/fs/WindowsException'{0x0000000087540468}> (0x0000000087540468) 
thrown [s\src\hotspot\share\prims\jni.cpp, line 537]
Event: 9.817 Thread 0x00000229cb1d2e10 Exception <a 'sun/nio/fs/WindowsException'{0x00000000875fd118}> (0x00000000875fd118) 
thrown [s\src\hotspot\share\prims\jni.cpp, line 537]
Event: 9.829 Thread 0x00000229cb1d2e10 Exception <a 'sun/nio/fs/WindowsException'{0x0000000086a34da0}> (0x0000000086a34da0) 
thrown [s\src\hotspot\share\prims\jni.cpp, line 537]
Event: 9.838 Thread 0x00000229cb1d2e10 Exception <a 'sun/nio/fs/WindowsException'{0x0000000086a62b80}> (0x0000000086a62b80) 
thrown [s\src\hotspot\share\prims\jni.cpp, line 537]
Event: 9.840 Thread 0x00000229c9e82e20 Exception <a 'sun/nio/fs/WindowsException'{0x00000000875660c0}> (0x00000000875660c0) 
thrown [s\src\hotspot\share\prims\jni.cpp, line 537]
Event: 9.851 Thread 0x00000229cb1d2e10 Exception <a 'sun/nio/fs/WindowsException'{0x0000000086ab6c90}> (0x0000000086ab6c90) 
thrown [s\src\hotspot\share\prims\jni.cpp, line 537]
Event: 9.968 Thread 0x00000229c9e82e20 Exception <a 'sun/nio/fs/WindowsException'{0x0000000086af3680}> (0x0000000086af3680) 
thrown [s\src\hotspot\share\prims\jni.cpp, line 537]
Event: 10.009 Thread 0x00000229c9e82e20 Exception <a 'java/lang/IncompatibleClassChangeError'{0x00000000869cbd50}: Found class java.lang.Object, but interface was expected> (0x00000000869cbd50) 
thrown [s\src\hotspot\share\interpreter\linkResolver.cpp, line 851]
Event: 10.012 Thread 0x00000229c9e82e20 Exception <a 'java/lang/NoSuchMethodError'{0x000000008681d5f0}: 'void java.lang.invoke.DirectMethodHandle$Holder.invokeStatic(java.lang.Object, java.lang.Object, java.lang.Object, java.lang.Object, java.lang.Object, java.lang.Object)'> (0x000000008681d5f0) 
thrown [s\src\hotspot\share\interpreter\linkResolver.cpp, line 784]
Event: 10.025 Thread 0x00000229c9e82e20 Exception <a 'sun/nio/fs/WindowsException'{0x00000000868f8d80}> (0x00000000868f8d80) 
thrown [s\src\hotspot\share\prims\jni.cpp, line 537]
Event: 10.025 Thread 0x00000229c9e82e20 Exception <a 'sun/nio/fs/WindowsException'{0x00000000868faec0}> (0x00000000868faec0) 
thrown [s\src\hotspot\share\prims\jni.cpp, line 537]
Event: 10.025 Thread 0x00000229c9e82e20 Exception <a 'sun/nio/fs/WindowsException'{0x00000000868fd250}> (0x00000000868fd250) 
thrown [s\src\hotspot\share\prims\jni.cpp, line 537]
Event: 10.025 Thread 0x00000229c9e82e20 Exception <a 'sun/nio/fs/WindowsException'{0x00000000868ff878}> (0x00000000868ff878) 
thrown [s\src\hotspot\share\prims\jni.cpp, line 537]
Event: 10.045 Thread 0x00000229c9e82e20 Exception <a 'sun/nio/fs/WindowsException'{0x0000000086617bf0}> (0x0000000086617bf0) 
thrown [s\src\hotspot\share\prims\jni.cpp, line 537]
Event: 10.045 Thread 0x00000229c9e82e20 Exception <a 'sun/nio/fs/WindowsException'{0x000000008661a018}> (0x000000008661a018) 
thrown [s\src\hotspot\share\prims\jni.cpp, line 537]
Event: 10.053 Thread 0x00000229c9e82e20 Exception <a 'java/lang/NoSuchMethodError'{0x00000000866b1048}: 'void java.lang.invoke.DirectMethodHandle$Holder.invokeStaticInit(java.lang.Object, java.lang.Object, java.lang.Object, java.lang.Object, java.lang.Object, java.lang.Object, java.lang.Object, int)'> (0x00000000866b1048) 
thrown [s\src\hotspot\share\interpreter\linkResolver.cpp, line 784]
Event: 10.090 Thread 0x00000229c9e82e20 Exception <a 'sun/nio/fs/WindowsException'{0x0000000086351048}> (0x0000000086351048) 
thrown [s\src\hotspot\share\prims\jni.cpp, line 537]
Event: 10.113 Thread 0x00000229c9e82e20 Implicit null exception at 0x00000229b63d0aeb to 0x00000229b63d1654

ZGC Phase Switch (0 events):
No events

VM Operations (20 events):
Event: 10.151 Executing VM operation: HandshakeAllThreads (Deoptimize) done
Event: 10.262 Executing VM operation: HandshakeAllThreads (Deoptimize)
Event: 10.262 Executing VM operation: HandshakeAllThreads (Deoptimize) done
Event: 10.271 Executing VM operation: HandshakeAllThreads (Deoptimize)
Event: 10.271 Executing VM operation: HandshakeAllThreads (Deoptimize) done
Event: 10.313 Executing VM operation: ICBufferFull
Event: 10.313 Executing VM operation: ICBufferFull done
Event: 10.346 Executing VM operation: G1CollectForAllocation (G1 Evacuation Pause)
Event: 10.348 Executing VM operation: G1CollectForAllocation (G1 Evacuation Pause) done
Event: 10.544 Executing VM operation: G1CollectForAllocation (G1 Evacuation Pause)
Event: 10.546 Executing VM operation: G1CollectForAllocation (G1 Evacuation Pause) done
Event: 10.709 Executing VM operation: G1TryInitiateConcMark (G1 Humongous Allocation)
Event: 10.713 Executing VM operation: G1TryInitiateConcMark (G1 Humongous Allocation) done
Event: 10.733 Executing VM operation: G1PauseRemark
Event: 10.736 Executing VM operation: G1PauseRemark done
Event: 10.741 Executing VM operation: G1PauseCleanup
Event: 10.741 Executing VM operation: G1PauseCleanup done
Event: 10.902 Executing VM operation: G1CollectForAllocation (G1 Evacuation Pause)
Event: 10.906 Executing VM operation: G1CollectForAllocation (G1 Evacuation Pause) done
Event: 11.077 Executing VM operation: G1CollectForAllocation (G1 Evacuation Pause)

Memory protections (0 events):
No events

Nmethod flushes (20 events):
Event: 10.735 Thread 0x00000229c338b830 flushing  nmethod 0x00000229b652c490
Event: 10.735 Thread 0x00000229c338b830 flushing  nmethod 0x00000229ae9a6e10
Event: 10.735 Thread 0x00000229c338b830 flushing  nmethod 0x00000229aea8e410
Event: 10.735 Thread 0x00000229c338b830 flushing  nmethod 0x00000229aed3b690
Event: 10.735 Thread 0x00000229c338b830 flushing  nmethod 0x00000229aef09410
Event: 10.735 Thread 0x00000229c338b830 flushing  nmethod 0x00000229aefd2510
Event: 10.735 Thread 0x00000229c338b830 flushing  nmethod 0x00000229ae8af610
Event: 10.735 Thread 0x00000229c338b830 flushing  nmethod 0x00000229ae924b90
Event: 10.735 Thread 0x00000229c338b830 flushing  nmethod 0x00000229ae993610
Event: 10.735 Thread 0x00000229c338b830 flushing  nmethod 0x00000229ae9faa90
Event: 10.735 Thread 0x00000229c338b830 flushing  nmethod 0x00000229aeab7110
Event: 10.735 Thread 0x00000229c338b830 flushing  nmethod 0x00000229aeabc090
Event: 10.735 Thread 0x00000229c338b830 flushing  nmethod 0x00000229aec7cf90
Event: 10.735 Thread 0x00000229c338b830 flushing  nmethod 0x00000229aec7d510
Event: 10.735 Thread 0x00000229c338b830 flushing osr nmethod 0x00000229aee29190
Event: 10.735 Thread 0x00000229c338b830 flushing  nmethod 0x00000229aefe0190
Event: 10.735 Thread 0x00000229c338b830 flushing  nmethod 0x00000229aefe2090
Event: 10.735 Thread 0x00000229c338b830 flushing  nmethod 0x00000229aefe2410
Event: 10.735 Thread 0x00000229c338b830 flushing  nmethod 0x00000229aeb4bb90
Event: 10.735 Thread 0x00000229c338b830 flushing  nmethod 0x00000229aeb4e890

Events (20 events):
Event: 6.597 Thread 0x00000229c9e82e20 Thread added: 0x00000229c8e921f0
Event: 6.597 Thread 0x00000229c9e82e20 Thread added: 0x00000229c8e94950
Event: 6.597 Thread 0x00000229c9e82e20 Thread added: 0x00000229c8e94fe0
Event: 6.598 Thread 0x00000229c9e82e20 Thread added: 0x00000229c8e91b60
Event: 6.598 Thread 0x00000229c9e82e20 Thread added: 0x00000229c8e935a0
Event: 6.598 Thread 0x00000229c9e82e20 Thread added: 0x00000229c8e93c30
Event: 6.598 Thread 0x00000229c9e82e20 Thread added: 0x00000229c8e942c0
Event: 6.598 Thread 0x00000229c9e82e20 Thread added: 0x00000229c8e92f10
Event: 6.598 Thread 0x00000229c9e82e20 Thread added: 0x00000229c8e95670
Event: 6.598 Thread 0x00000229c9e82e20 Thread added: 0x00000229c8e95d00
Event: 6.598 Thread 0x00000229c9e82e20 Thread added: 0x00000229c8e92880
Event: 6.598 Thread 0x00000229c9e82e20 Thread added: 0x00000229c8e970b0
Event: 8.041 Thread 0x00000229c9e82e20 Thread added: 0x00000229c8e96390
Event: 8.112 Thread 0x00000229c9e82e20 Thread added: 0x00000229c8e96a20
Event: 8.381 Thread 0x00000229c9e82e20 Thread added: 0x00000229cb1cdf50
Event: 8.435 Thread 0x00000229c9e82e20 Thread added: 0x00000229cb1ce5e0
Event: 9.731 Thread 0x00000229c9e82e20 Thread added: 0x00000229cb1d2780
Event: 9.732 Thread 0x00000229c9e82e20 Thread added: 0x00000229cb1cf300
Event: 9.769 Thread 0x00000229c9e82e20 Thread added: 0x00000229cb1d2e10
Event: 9.770 Thread 0x00000229c9e82e20 Thread added: 0x00000229cb1cf990


Dynamic libraries:
0x00007ff7eee10000 - 0x00007ff7eee1a000 	C:\Program Files\Android\Android Studio\jbr\bin\java.exe
0x00007ffa3a180000 - 0x00007ffa3a3e7000 	C:\WINDOWS\SYSTEM32\ntdll.dll
0x00007ffa38c90000 - 0x00007ffa38d59000 	C:\WINDOWS\System32\KERNEL32.DLL
0x00007ffa36f50000 - 0x00007ffa37344000 	C:\WINDOWS\System32\KERNELBASE.dll
0x00007ffa37d30000 - 0x00007ffa37e7b000 	C:\WINDOWS\System32\ucrtbase.dll
0x00007ffa33180000 - 0x00007ffa3319b000 	C:\Program Files\Android\Android Studio\jbr\bin\VCRUNTIME140.dll
0x00007ffa12f10000 - 0x00007ffa12f28000 	C:\Program Files\Android\Android Studio\jbr\bin\jli.dll
0x00007ffa38f10000 - 0x00007ffa390d5000 	C:\WINDOWS\System32\USER32.dll
0x00007ffa36b80000 - 0x00007ffa36ba7000 	C:\WINDOWS\System32\win32u.dll
0x00007ffa390e0000 - 0x00007ffa3910b000 	C:\WINDOWS\System32\GDI32.dll
0x00007ffa36a50000 - 0x00007ffa36b7b000 	C:\WINDOWS\System32\gdi32full.dll
0x00007ffa37350000 - 0x00007ffa373f3000 	C:\WINDOWS\System32\msvcp_win.dll
0x00007ffa35ae0000 - 0x00007ffa35d73000 	C:\WINDOWS\WinSxS\amd64_microsoft.windows.common-controls_6595b64144ccf1df_6.0.26100.8115_none_3e075c82e3354f9c\COMCTL32.dll
0x00007ffa38960000 - 0x00007ffa38a09000 	C:\WINDOWS\System32\msvcrt.dll
0x00007ffa38190000 - 0x00007ffa381c2000 	C:\WINDOWS\System32\IMM32.DLL
0x000000005c6a0000 - 0x000000005c6ac000 	C:\Program Files (x86)\360\Total Security\safemon\SafeWrapper.dll
0x00007ffa3a070000 - 0x00007ffa3a126000 	C:\WINDOWS\System32\ADVAPI32.dll
0x00007ffa39550000 - 0x00007ffa395f7000 	C:\WINDOWS\System32\sechost.dll
0x00007ffa381d0000 - 0x00007ffa382e8000 	C:\WINDOWS\System32\RPCRT4.dll
0x00007ff9e0420000 - 0x00007ff9e04cc000 	C:\Program Files (x86)\360\Total Security\safemon\libzdtp64.dll
0x00007ffa39600000 - 0x00007ffa39d67000 	C:\WINDOWS\System32\SHELL32.dll
0x00007ffa36de0000 - 0x00007ffa36f4a000 	C:\WINDOWS\System32\wintypes.dll
0x00007ffa39140000 - 0x00007ffa394c2000 	C:\WINDOWS\System32\combase.dll
0x00007ffa37f10000 - 0x00007ffa37f76000 	C:\WINDOWS\System32\SHLWAPI.dll
0x00007ffa374c0000 - 0x00007ffa37d28000 	C:\WINDOWS\System32\Windows.Storage.dll
0x00007ffa360d0000 - 0x00007ffa360db000 	C:\WINDOWS\SYSTEM32\VERSION.dll
0x00007ffa33170000 - 0x00007ffa3317c000 	C:\Program Files\Android\Android Studio\jbr\bin\vcruntime140_1.dll
0x00007ff9a9460000 - 0x00007ff9a94ed000 	C:\Program Files\Android\Android Studio\jbr\bin\msvcp140.dll
0x00007ff9b97a0000 - 0x00007ff9ba436000 	C:\Program Files\Android\Android Studio\jbr\bin\server\jvm.dll
0x00007ffa38c00000 - 0x00007ffa38c80000 	C:\WINDOWS\System32\WS2_32.dll
0x00007ffa368b0000 - 0x00007ffa3690e000 	C:\WINDOWS\SYSTEM32\POWRPROF.dll
0x00007ffa2ccd0000 - 0x00007ffa2cd06000 	C:\WINDOWS\SYSTEM32\WINMM.dll
0x00007ffa36890000 - 0x00007ffa368a4000 	C:\WINDOWS\SYSTEM32\UMPDC.dll
0x00007ffa34e40000 - 0x00007ffa34e5b000 	C:\WINDOWS\SYSTEM32\kernel.appcore.dll
0x00007ffa33160000 - 0x00007ffa3316a000 	C:\Program Files\Android\Android Studio\jbr\bin\jimage.dll
0x00007ffa361d0000 - 0x00007ffa36412000 	C:\WINDOWS\SYSTEM32\DBGHELP.DLL
0x00007ffa38a10000 - 0x00007ffa38ae8000 	C:\WINDOWS\System32\OLEAUT32.dll
0x00007ffa36090000 - 0x00007ffa360cb000 	C:\WINDOWS\SYSTEM32\dbgcore.DLL
0x00007ffa36d30000 - 0x00007ffa36dd5000 	C:\WINDOWS\System32\bcryptPrimitives.dll
0x00007ffa12f00000 - 0x00007ffa12f0e000 	C:\Program Files\Android\Android Studio\jbr\bin\instrument.dll
0x00007ffa1d0a0000 - 0x00007ffa1d0c0000 	C:\Program Files\Android\Android Studio\jbr\bin\java.dll
0x00007ffa1d080000 - 0x00007ffa1d098000 	C:\Program Files\Android\Android Studio\jbr\bin\zip.dll
0x00007ffa383d0000 - 0x00007ffa384c8000 	C:\WINDOWS\System32\SHCORE.dll
0x00007ffa36970000 - 0x00007ffa36999000 	C:\WINDOWS\SYSTEM32\profapi.dll
0x00007ffa1d2e0000 - 0x00007ffa1d2f0000 	C:\Program Files\Android\Android Studio\jbr\bin\net.dll
0x00007ffa2f9d0000 - 0x00007ffa2fafd000 	C:\WINDOWS\SYSTEM32\WINHTTP.dll
0x00007ffa353e0000 - 0x00007ffa3544c000 	C:\WINDOWS\system32\mswsock.dll
0x00007ffa1d060000 - 0x00007ffa1d076000 	C:\Program Files\Android\Android Studio\jbr\bin\nio.dll
0x00007ff9e63e0000 - 0x00007ff9e63f0000 	C:\Program Files\Android\Android Studio\jbr\bin\verify.dll
0x00007ff9b2880000 - 0x00007ff9b28a7000 	C:\Users\Chan Yao Ping\.gradle\native\660c5614fbf4a5f2a75b1949f50a0caf5cd603558e7d8a26e50b933a0cfb79d1\windows-amd64\native-platform.dll
0x00007ff9a93e0000 - 0x00007ff9a9457000 	C:\Users\Chan Yao Ping\.gradle\native\0.2.8\x86_64-windows-gnu\gradle-fileevents.dll
0x00007ff9f8260000 - 0x00007ff9f8269000 	C:\Program Files\Android\Android Studio\jbr\bin\management.dll
0x00007ff9f3b50000 - 0x00007ff9f3b5b000 	C:\Program Files\Android\Android Studio\jbr\bin\management_ext.dll
0x00007ffa383b0000 - 0x00007ffa383b8000 	C:\WINDOWS\System32\PSAPI.DLL
0x00007ffa348d0000 - 0x00007ffa34902000 	C:\WINDOWS\SYSTEM32\IPHLPAPI.DLL
0x00007ffa383c0000 - 0x00007ffa383ca000 	C:\WINDOWS\System32\NSI.dll
0x00007ff9f8270000 - 0x00007ff9f8279000 	C:\Program Files\Android\Android Studio\jbr\bin\extnet.dll
0x00007ffa36520000 - 0x00007ffa3653b000 	C:\WINDOWS\SYSTEM32\CRYPTSP.dll
0x00007ffa35120000 - 0x00007ffa35159000 	C:\WINDOWS\system32\rsaenh.dll
0x00007ffa35490000 - 0x00007ffa354c3000 	C:\WINDOWS\SYSTEM32\USERENV.dll
0x00007ffa36940000 - 0x00007ffa3696a000 	C:\WINDOWS\SYSTEM32\bcrypt.dll
0x00007ffa356c0000 - 0x00007ffa356cc000 	C:\WINDOWS\SYSTEM32\CRYPTBASE.dll
0x00007ff9d5860000 - 0x00007ff9d5868000 	C:\WINDOWS\system32\wshunix.dll

JVMTI agents:
C:\Users\Chan Yao Ping\.gradle\wrapper\dists\gradle-9.2.1-bin\2t0n5ozlw9xmuyvbp7dnzaxug\gradle-9.2.1\lib\agents\gradle-instrumentation-agent-9.2.1.jar path:C:\Program Files\Android\Android Studio\jbr\bin\instrument.dll, loaded, initialized, instrumentlib options:none

dbghelp: loaded successfully - version: 4.0.5 - missing functions: none
symbol engine: initialized successfully - sym options: 0x614 - pdb path: .;C:\Program Files\Android\Android Studio\jbr\bin;C:\WINDOWS\SYSTEM32;C:\WINDOWS\WinSxS\amd64_microsoft.windows.common-controls_6595b64144ccf1df_6.0.26100.8115_none_3e075c82e3354f9c;C:\Program Files (x86)\360\Total Security\safemon;C:\Program Files\Android\Android Studio\jbr\bin\server;C:\Users\Chan Yao Ping\.gradle\native\660c5614fbf4a5f2a75b1949f50a0caf5cd603558e7d8a26e50b933a0cfb79d1\windows-amd64;C:\Users\Chan Yao Ping\.gradle\native\0.2.8\x86_64-windows-gnu

VM Arguments:
jvm_args: --add-opens=java.base/java.lang=ALL-UNNAMED --add-opens=java.base/java.lang.invoke=ALL-UNNAMED --add-opens=java.base/java.util=ALL-UNNAMED --add-opens=java.prefs/java.util.prefs=ALL-UNNAMED --add-exports=jdk.compiler/com.sun.tools.javac.api=ALL-UNNAMED --add-exports=jdk.compiler/com.sun.tools.javac.util=ALL-UNNAMED --add-opens=java.base/java.util=ALL-UNNAMED --add-opens=java.prefs/java.util.prefs=ALL-UNNAMED --add-opens=java.base/java.nio.charset=ALL-UNNAMED --add-opens=java.base/java.net=ALL-UNNAMED --add-opens=java.base/java.util.concurrent=ALL-UNNAMED --add-opens=java.base/java.util.concurrent.atomic=ALL-UNNAMED --add-opens=java.xml/javax.xml.namespace=ALL-UNNAMED --add-opens=java.base/java.time=ALL-UNNAMED -Xmx2048m -Dfile.encoding=UTF-8 -Duser.country=MY -Duser.language=en -Duser.variant -javaagent:C:\Users\Chan Yao Ping\.gradle\wrapper\dists\gradle-9.2.1-bin\2t0n5ozlw9xmuyvbp7dnzaxug\gradle-9.2.1\lib\agents\gradle-instrumentation-agent-9.2.1.jar 
java_command: org.gradle.launcher.daemon.bootstrap.GradleDaemon 9.2.1
java_class_path (initial): C:\Users\Chan Yao Ping\.gradle\wrapper\dists\gradle-9.2.1-bin\2t0n5ozlw9xmuyvbp7dnzaxug\gradle-9.2.1\lib\gradle-daemon-main-9.2.1.jar
Launcher Type: SUN_STANDARD

[Global flags]
     intx CICompilerCount                          = 4                                         {product} {ergonomic}
     uint ConcGCThreads                            = 3                                         {product} {ergonomic}
     uint G1ConcRefinementThreads                  = 10                                        {product} {ergonomic}
   size_t G1HeapRegionSize                         = 1048576                                   {product} {ergonomic}
    uintx GCDrainStackTargetSize                   = 64                                        {product} {ergonomic}
   size_t InitialHeapSize                          = 123731968                                 {product} {ergonomic}
   size_t MarkStackSize                            = 4194304                                   {product} {ergonomic}
   size_t MaxHeapSize                              = 2147483648                                {product} {command line}
   size_t MaxNewSize                               = 1287651328                                {product} {ergonomic}
   size_t MinHeapDeltaBytes                        = 1048576                                   {product} {ergonomic}
   size_t MinHeapSize                              = 8388608                                   {product} {ergonomic}
    uintx NonNMethodCodeHeapSize                   = 5839372                                {pd product} {ergonomic}
    uintx NonProfiledCodeHeapSize                  = 122909434                              {pd product} {ergonomic}
    uintx ProfiledCodeHeapSize                     = 122909434                              {pd product} {ergonomic}
    uintx ReservedCodeCacheSize                    = 251658240                              {pd product} {ergonomic}
     bool SegmentedCodeCache                       = true                                      {product} {ergonomic}
   size_t SoftMaxHeapSize                          = 2147483648                             {manageable} {ergonomic}
     bool UseCompressedOops                        = true                           {product lp64_product} {ergonomic}
     bool UseG1GC                                  = true                                      {product} {ergonomic}
     bool UseLargePagesIndividualAllocation        = false                                  {pd product} {ergonomic}

Logging:
Log output configuration:
 #0: stdout all=warning uptime,level,tags foldmultilines=false
 #1: stderr all=off uptime,level,tags foldmultilines=false

Release file:
JAVA_VERSION="21.0.9" 
MODULES="java.base java.compiler java.datatransfer java.xml java.prefs java.desktop java.instrument java.logging java.management java.security.sasl java.naming java.rmi java.management.rmi java.net.http java.scripting java.security.jgss java.transaction.xa java.sql java.sql.rowset java.xml.crypto java.se java.smartcardio jdk.accessibility jdk.internal.jvmstat jdk.attach jdk.charsets jdk.internal.opt jdk.zipfs jdk.compiler jdk.crypto.ec jdk.crypto.cryptoki jdk.dynalink jdk.hotspot.agent jdk.httpserver jdk.internal.ed jdk.internal.le jdk.internal.vm.ci jdk.jartool jdk.javadoc jdk.jcmd jdk.jdeps jdk.jdwp.agent jdk.jdi jdk.jfr jdk.jlink jdk.jsobject jdk.localedata jdk.management jdk.management.agent jdk.management.jfr jdk.naming.dns jdk.naming.rmi jdk.net jdk.sctp jdk.security.auth jdk.security.jgss jdk.unsupported jdk.unsupported.desktop jdk.xml.dom" 
IMPLEMENTOR="JetBrains s.r.o." 
JAVA_RUNTIME_VERSION="21.0.9+-14787801-b1163.94" 
LIBC="default" 
OS_ARCH="x86_64" 
OS_NAME="Windows" 
SOURCE=".:git:0c757ddc9f2f" 

Environment Variables:
PATH=C:\Program Files (x86)\Common Files\Oracle\Java\javapath;C:\app\User\product\21c\dbhomeXE\bin;C:\windows\system32;C:\windows;C:\windows\System32\Wbem;C:\windows\System32\WindowsPowerShell\v1.0\;C:\windows\System32\OpenSSH\;C:\Program Files (x86)\NVIDIA Corporation\PhysX\Common;C:\Program Files\NVIDIA Corporation\NVIDIA NvDLISR;C:\Program Files\Microsoft SQL Server\Client SDK\ODBC\170\Tools\Binn\;C:\Program Files (x86)\Microsoft SQL Server\150\Tools\Binn\;C:\Program Files\Microsoft SQL Server\150\Tools\Binn\;C:\Program Files\Microsoft SQL Server\150\DTS\Binn\;C:\WINDOWS\system32;C:\WINDOWS;C:\WINDOWS\System32\Wbem;C:\WINDOWS\System32\WindowsPowerShell\v1.0\;C:\WINDOWS\System32\OpenSSH\;C:\Program Files (x86)\Windows Kits\10\Windows Performance Toolkit\;C:\Program Files\dotnet\;C:\Program Files\Git\cmd;C:\Users\Chan Yao Ping\AppData\Local\Microsoft\WindowsApps;C:\Users\Chan Yao Ping\AppData\Local\Programs\Microsoft VS Code\bin;
USERNAME=Chan Yao Ping
OS=Windows_NT
PROCESSOR_IDENTIFIER=AMD64 Family 25 Model 80 Stepping 0, AuthenticAMD
TMP=C:\Users\CHANYA~1\AppData\Local\Temp
TEMP=C:\Users\CHANYA~1\AppData\Local\Temp




Periodic native trim disabled

JNI global refs:
JNI global refs: 27, weak refs: 56

JNI global refs memory usage: 835, weak refs: 833

Process memory usage:
Resident Set Size: 233784K (3% of 7702256K total physical memory with 146568K free physical memory)

OOME stack traces (most recent first):
Classloader memory used:
Loader org.gradle.internal.classloader.VisitableURLClassLoader                         : 29067K
Loader bootstrap                                                                       : 21537K
Loader org.gradle.initialization.MixInLegacyTypesClassLoader                           : 6736K
Loader org.gradle.internal.classloader.VisitableURLClassLoader                         : 763K
Loader jdk.internal.loader.ClassLoaders$AppClassLoader                                 : 231K
Loader jdk.internal.reflect.DelegatingClassLoader                                      : 199K
Loader jdk.internal.loader.ClassLoaders$PlatformClassLoader                            : 141K
Loader org.gradle.groovy.scripts.internal.DefaultScriptCompilationHandler$ScriptClassLoader: 29472B

Classes loaded by more than one classloader:
Class org.gradle.internal.IoActions                                                   : loaded 3 times (x 71B)
Class org.gradle.api.Action                                                           : loaded 3 times (x 70B)
Class org.gradle.api.GradleException                                                  : loaded 3 times (x 82B)
Class org.gradle.api.internal.classpath.ManifestUtil                                  : loaded 2 times (x 71B)
Class org.gradle.internal.operations.MultipleBuildOperationFailures                   : loaded 2 times (x 95B)
Class org.gradle.internal.classloader.DefaultClassLoaderFactory                       : loaded 2 times (x 82B)
Class kotlin.collections.AbstractList$Companion                                       : loaded 2 times (x 71B)
Class org.gradle.internal.classloader.ClassLoaderVisitor                              : loaded 2 times (x 76B)
Class org.gradle.api.internal.classpath.EffectiveClassPath                            : loaded 2 times (x 90B)
Class org.gradle.api.internal.DefaultClassPathProvider                                : loaded 2 times (x 76B)
Class [Lorg.gradle.api.internal.ClassPathProvider;                                    : loaded 2 times (x 69B)
Class org.gradle.api.internal.ClassPathProvider                                       : loaded 2 times (x 70B)
Class org.gradle.internal.service.UnknownServiceException                             : loaded 2 times (x 83B)
Class org.gradle.internal.classpath.TransformedClassPath                              : loaded 2 times (x 96B)
Class org.gradle.internal.classloader.InstrumentingClassLoader                        : loaded 2 times (x 70B)
Class kotlin.enums.EnumEntriesList                                                    : loaded 2 times (x 223B)
Class org.gradle.internal.service.ServiceLocator                                      : loaded 2 times (x 70B)
Class org.gradle.internal.time.DefaultTimer                                           : loaded 2 times (x 80B)
Class org.gradle.internal.classloader.ClasspathUtil$1                                 : loaded 2 times (x 76B)
Class org.gradle.api.internal.classpath.DefaultModuleRegistry$DefaultModule           : loaded 2 times (x 86B)
Class org.gradle.internal.time.DefaultCountdownTimer                                  : loaded 2 times (x 88B)
Class org.gradle.api.internal.classpath.Module                                        : loaded 2 times (x 70B)
Class org.gradle.api.internal.classpath.UnknownModuleException                        : loaded 2 times (x 82B)
Class org.gradle.api.internal.DefaultClassPathRegistry                                : loaded 2 times (x 76B)
Class org.gradle.api.internal.ClassPathRegistry                                       : loaded 2 times (x 70B)
Class org.gradle.internal.classpath.DefaultClassPath$ImmutableUniqueList              : loaded 2 times (x 199B)
Class org.gradle.internal.classpath.ClassPath                                         : loaded 2 times (x 70B)
Class org.gradle.internal.classloader.ClassLoaderHierarchy                            : loaded 2 times (x 70B)
Class org.gradle.api.internal.classpath.ModuleRegistry                                : loaded 2 times (x 70B)
Class org.gradle.internal.installation.GradleInstallation$1                           : loaded 2 times (x 75B)
Class org.gradle.api.internal.classpath.DefaultModuleRegistry                         : loaded 2 times (x 86B)
Class org.gradle.internal.time.MonotonicClock                                         : loaded 2 times (x 77B)
Class org.gradle.internal.service.ServiceLookupException                              : loaded 2 times (x 82B)
Class org.gradle.internal.classloader.ClassLoaderFactory                              : loaded 2 times (x 70B)
Class org.gradle.internal.service.CachingServiceLocator                               : loaded 2 times (x 82B)
Class org.gradle.internal.time.TimeSource                                             : loaded 2 times (x 70B)
Class kotlin.enums.EnumEntries                                                        : loaded 2 times (x 70B)
Class org.gradle.internal.exceptions.ResolutionProvider                               : loaded 2 times (x 70B)
Class org.gradle.internal.classloader.ClasspathUtil                                   : loaded 2 times (x 71B)
Class org.gradle.internal.time.TimeSource$1                                           : loaded 2 times (x 77B)
Class kotlin.jvm.internal.DefaultConstructorMarker                                    : loaded 2 times (x 71B)
Class org.gradle.api.specs.Spec                                                       : loaded 2 times (x 70B)
Class org.gradle.internal.time.Clock                                                  : loaded 2 times (x 70B)
Class kotlin.collections.AbstractList                                                 : loaded 2 times (x 197B)
Class kotlin.collections.AbstractCollection                                           : loaded 2 times (x 117B)
Class org.gradle.internal.classloader.VisitableURLClassLoader$InstrumentingVisitableURLClassLoader: loaded 2 times (x 123B)
Class org.gradle.internal.classloader.VisitableURLClassLoader$Spec                    : loaded 2 times (x 74B)
Class org.gradle.internal.classpath.DefaultClassPath                                  : loaded 2 times (x 90B)
Class org.gradle.util.internal.DefaultGradleVersion                                   : loaded 2 times (x 82B)
Class org.gradle.internal.classloader.ClassLoaderSpec                                 : loaded 2 times (x 71B)
Class org.gradle.internal.classloader.VisitableURLClassLoader                         : loaded 2 times (x 117B)
Class org.gradle.internal.classloader.FilteringClassLoader                            : loaded 2 times (x 105B)
Class org.gradle.internal.Cast                                                        : loaded 2 times (x 71B)
Class org.gradle.internal.classpath.DefaultClassPath$ImmutableUniqueList$Builder      : loaded 2 times (x 75B)
Class kotlin.UninitializedPropertyAccessException                                     : loaded 2 times (x 82B)
Class org.gradle.internal.exceptions.NonGradleCauseExceptionsHolder                   : loaded 2 times (x 70B)
Class kotlin.NotImplementedError                                                      : loaded 2 times (x 82B)
Class kotlin.enums.EnumEntriesKt                                                      : loaded 2 times (x 71B)
Class org.gradle.internal.classloader.SystemClassLoaderSpec                           : loaded 2 times (x 71B)
Class org.gradle.internal.exceptions.MultiCauseException                              : loaded 2 times (x 70B)
Class org.gradle.internal.time.CountdownTimer                                         : loaded 2 times (x 70B)
Class kotlin.jvm.internal.Intrinsics                                                  : loaded 2 times (x 71B)
Class org.gradle.tooling.model.ProjectModel                                           : loaded 2 times (x 70B)
Class kotlin.KotlinNullPointerException                                               : loaded 2 times (x 83B)
Class org.gradle.internal.exceptions.DefaultMultiCauseException                       : loaded 2 times (x 95B)
Class org.gradle.internal.time.Time                                                   : loaded 2 times (x 71B)
Class org.gradle.api.internal.classpath.GlobalCacheRootsProvider                      : loaded 2 times (x 70B)
Class kotlin.NoWhenBranchMatchedException                                             : loaded 2 times (x 82B)
Class org.gradle.internal.time.Timer                                                  : loaded 2 times (x 70B)
Class kotlin.jvm.internal.markers.KMappedMarker                                       : loaded 2 times (x 70B)
Class org.gradle.internal.installation.CurrentGradleInstallationLocator               : loaded 2 times (x 71B)
Class org.gradle.internal.service.DefaultServiceLocator                               : loaded 2 times (x 83B)
Class org.gradle.util.GradleVersion                                                   : loaded 2 times (x 81B)
Class org.gradle.internal.installation.CurrentGradleInstallation                      : loaded 2 times (x 73B)
Class org.gradle.util.internal.GUtil                                                  : loaded 2 times (x 71B)
Class org.gradle.internal.installation.GradleInstallation                             : loaded 2 times (x 75B)

---------------  S Y S T E M  ---------------

OS:
 Windows 11 , 64 bit Build 26100 (10.0.26100.8246)
OS uptime: 1 days 1:13 hours

CPU: total 12 (initial active 12) (12 cores per cpu, 2 threads per core) family 25 model 80 stepping 0 microcode 0xa50000d, cx8, cmov, fxsr, ht, mmx, 3dnowpref, sse, sse2, sse3, ssse3, sse4a, sse4.1, sse4.2, popcnt, lzcnt, tsc, tscinvbit, avx, avx2, aes, erms, clmul, bmi1, bmi2, adx, sha, fma, vzeroupper, clflush, clflushopt, rdtscp, rdpid, fsrm, f16c, pku, cet_ss
Processor Information for processor 0
  Max Mhz: 3301, Current Mhz: 3301, Mhz Limit: 3301
Processor Information for processor 1
  Max Mhz: 3301, Current Mhz: 2011, Mhz Limit: 3301
Processor Information for processor 2
  Max Mhz: 3301, Current Mhz: 3301, Mhz Limit: 3301
Processor Information for processor 3
  Max Mhz: 3301, Current Mhz: 2011, Mhz Limit: 3301
Processor Information for processor 4
  Max Mhz: 3301, Current Mhz: 2011, Mhz Limit: 3301
Processor Information for processor 5
  Max Mhz: 3301, Current Mhz: 2011, Mhz Limit: 3301
Processor Information for processor 6
  Max Mhz: 3301, Current Mhz: 2011, Mhz Limit: 3301
Processor Information for processor 7
  Max Mhz: 3301, Current Mhz: 3301, Mhz Limit: 3301
Processor Information for processor 8
  Max Mhz: 3301, Current Mhz: 3301, Mhz Limit: 3301
Processor Information for processor 9
  Max Mhz: 3301, Current Mhz: 2011, Mhz Limit: 3301
Processor Information for processor 10
  Max Mhz: 3301, Current Mhz: 3301, Mhz Limit: 3301
Processor Information for processor 11
  Max Mhz: 3301, Current Mhz: 2011, Mhz Limit: 3301

Memory: 4k page, system-wide physical 7521M (150M free)
TotalPageFile size 31073M (AvailPageFile size 18M)
current process WorkingSet (physical memory assigned to process): 224M, peak: 280M
current process commit charge ("private bytes"): 352M, peak: 366M

vm_info: OpenJDK 64-Bit Server VM (21.0.9+-14787801-b1163.94) for windows-amd64 JRE (21.0.9+-14787801-b1163.94), built on 2026-01-27T21:15:44Z by "builder" with MS VC++ 16.10 / 16.11 (VS2019)

END.
