#
# There is insufficient memory for the Java Runtime Environment to continue.
# Native memory allocation (mmap) failed to map 31457280 bytes. Error detail: G1 virtual space
# Possible reasons:
#   The system is out of physical RAM or swap space
#   This process is running with CompressedOops enabled, and the Java Heap may be blocking the growth of the native heap
# Possible solutions:
#   Reduce memory load on the system
#   Increase physical memory or swap space
#   Check if swap backing store is full
#   Decrease Java heap size (-Xmx/-Xms)
#   Decrease number of Java threads
#   Decrease Java thread stack sizes (-Xss)
#   Set larger code cache with -XX:ReservedCodeCacheSize=
#   JVM is running with Unscaled Compressed Oops mode in which the Java heap is
#     placed in the first 4GB address space. The Java Heap base address is the
#     maximum limit for the native heap growth. Please use -XX:HeapBaseMinAddress
#     to set the Java Heap base and to place the Java Heap above 4GB virtual address.
# This output file may be truncated or incomplete.
#
#  Out of Memory Error (os_windows.cpp:3925), pid=72360, tid=94576
#
# JRE version: OpenJDK Runtime Environment (21.0.9) (build 21.0.9+-14787801-b1163.94)
# Java VM: OpenJDK 64-Bit Server VM (21.0.9+-14787801-b1163.94, mixed mode, tiered, compressed oops, compressed class ptrs, g1 gc, windows-amd64)
# No core dump will be written. Minidumps are not enabled by default on client versions of Windows
#

---------------  S U M M A R Y ------------

Command Line: --add-opens=java.base/java.lang=ALL-UNNAMED --add-opens=java.base/java.lang.invoke=ALL-UNNAMED --add-opens=java.base/java.util=ALL-UNNAMED --add-opens=java.prefs/java.util.prefs=ALL-UNNAMED --add-exports=jdk.compiler/com.sun.tools.javac.api=ALL-UNNAMED --add-exports=jdk.compiler/com.sun.tools.javac.util=ALL-UNNAMED --add-opens=java.base/java.util=ALL-UNNAMED --add-opens=java.prefs/java.util.prefs=ALL-UNNAMED --add-opens=java.base/java.nio.charset=ALL-UNNAMED --add-opens=java.base/java.net=ALL-UNNAMED --add-opens=java.base/java.util.concurrent=ALL-UNNAMED --add-opens=java.base/java.util.concurrent.atomic=ALL-UNNAMED --add-opens=java.xml/javax.xml.namespace=ALL-UNNAMED --add-opens=java.base/java.time=ALL-UNNAMED -Xmx2048m -Dfile.encoding=UTF-8 -Duser.country=MY -Duser.language=en -Duser.variant -javaagent:C:\Users\Chan Yao Ping\.gradle\wrapper\dists\gradle-9.2.1-bin\2t0n5ozlw9xmuyvbp7dnzaxug\gradle-9.2.1\lib\agents\gradle-instrumentation-agent-9.2.1.jar org.gradle.launcher.daemon.bootstrap.GradleDaemon 9.2.1

Host: AMD Ryzen 5 5600H with Radeon Graphics         , 12 cores, 7G,  Windows 11 , 64 bit Build 26100 (10.0.26100.8246)
Time: Thu Apr 23 21:46:43 2026 Malay Peninsula Standard Time elapsed time: 46.889414 seconds (0d 0h 0m 46s)

---------------  T H R E A D  ---------------

Current thread (0x0000015cc1052300):  VMThread "VM Thread"          [id=94576, stack(0x0000001c7db00000,0x0000001c7dc00000) (1024K)]

Stack: [0x0000001c7db00000,0x0000001c7dc00000]
Native frames: (J=compiled Java code, j=interpreted, Vv=VM code, C=native code)
V  [jvm.dll+0x6d6c99]
V  [jvm.dll+0x866b83]
V  [jvm.dll+0x8691ae]
V  [jvm.dll+0x869893]
V  [jvm.dll+0x280776]
V  [jvm.dll+0x6d3555]
V  [jvm.dll+0x6c6bea]
V  [jvm.dll+0x3587fb]
V  [jvm.dll+0x360476]
V  [jvm.dll+0x3b2646]
V  [jvm.dll+0x3b2918]
V  [jvm.dll+0x32af0c]
V  [jvm.dll+0x32af97]
V  [jvm.dll+0x370e7c]
V  [jvm.dll+0x36f62e]
V  [jvm.dll+0x32a661]
V  [jvm.dll+0x36ed30]
V  [jvm.dll+0x86f618]
V  [jvm.dll+0x870994]
V  [jvm.dll+0x870ed0]
V  [jvm.dll+0x871163]
V  [jvm.dll+0x80f118]
V  [jvm.dll+0x6d54ed]
C  [ucrtbase.dll+0x37b0]
C  [KERNEL32.DLL+0x2e8d7]
C  [ntdll.dll+0x8c3fc]

VM_Operation (0x0000001c7f7f2870): G1CollectForAllocation, mode: safepoint, requested by thread 0x0000015cc24df230


---------------  P R O C E S S  ---------------

Threads class SMR info:
_java_thread_list=0x0000015cc5a8b1b0, length=48, elements={
0x0000015ca51eca90, 0x0000015cc10996c0, 0x0000015cc109a590, 0x0000015cc109ac00,
0x0000015cc109c000, 0x0000015cc10cb0b0, 0x0000015cc10c4de0, 0x0000015cc10cdcd0,
0x0000015cc10cf740, 0x0000015cc10d11f0, 0x0000015cc14a22f0, 0x0000015cc2373120,
0x0000015cc3805770, 0x0000015cc2515d80, 0x0000015cc2b450e0, 0x0000015cc20eeb10,
0x0000015cc2758b60, 0x0000015cc24df230, 0x0000015cc24deba0, 0x0000015cc24df8c0,
0x0000015cc24de510, 0x0000015cc24dd7f0, 0x0000015cc24dff50, 0x0000015cc24dde80,
0x0000015cc48eb270, 0x0000015cc48ec620, 0x0000015cc48ea550, 0x0000015cc48eb900,
0x0000015cc48eccb0, 0x0000015cc48ed340, 0x0000015cc48ebf90, 0x0000015cc48ee060,
0x0000015cc48eabe0, 0x0000015cc48f0e50, 0x0000015cc48efaa0, 0x0000015cc48f14e0,
0x0000015cc48f1b70, 0x0000015cc48ee6f0, 0x0000015cc48eed80, 0x0000015cc48f0130,
0x0000015cc48ef410, 0x0000015cc48f07c0, 0x0000015cc54d6f00, 0x0000015cc54d8940,
0x0000015cc54d82b0, 0x0000015cc54d7590, 0x0000015cc54d8fd0, 0x0000015cc54d9660
}

Java Threads: ( => current thread )
  0x0000015ca51eca90 JavaThread "main"                              [_thread_blocked, id=85180, stack(0x0000001c7d400000,0x0000001c7d500000) (1024K)]
  0x0000015cc10996c0 JavaThread "Common-Cleaner"             daemon [_thread_blocked, id=90524, stack(0x0000001c7dc00000,0x0000001c7dd00000) (1024K)]
  0x0000015cc109a590 JavaThread "Reference Handler"          daemon [_thread_blocked, id=5464, stack(0x0000001c7dd00000,0x0000001c7de00000) (1024K)]
  0x0000015cc109ac00 JavaThread "Finalizer"                  daemon [_thread_blocked, id=21516, stack(0x0000001c7de00000,0x0000001c7df00000) (1024K)]
  0x0000015cc109c000 JavaThread "Signal Dispatcher"          daemon [_thread_blocked, id=93448, stack(0x0000001c7df00000,0x0000001c7e000000) (1024K)]
  0x0000015cc10cb0b0 JavaThread "Attach Listener"            daemon [_thread_blocked, id=94952, stack(0x0000001c7e000000,0x0000001c7e100000) (1024K)]
  0x0000015cc10c4de0 JavaThread "Service Thread"             daemon [_thread_blocked, id=95700, stack(0x0000001c7e100000,0x0000001c7e200000) (1024K)]
  0x0000015cc10cdcd0 JavaThread "Monitor Deflation Thread"   daemon [_thread_blocked, id=91924, stack(0x0000001c7e200000,0x0000001c7e300000) (1024K)]
  0x0000015cc10cf740 JavaThread "C2 CompilerThread0"         daemon [_thread_blocked, id=93096, stack(0x0000001c7e300000,0x0000001c7e400000) (1024K)]
  0x0000015cc10d11f0 JavaThread "C1 CompilerThread0"         daemon [_thread_blocked, id=96060, stack(0x0000001c7e400000,0x0000001c7e500000) (1024K)]
  0x0000015cc14a22f0 JavaThread "Notification Thread"        daemon [_thread_blocked, id=93168, stack(0x0000001c7e500000,0x0000001c7e600000) (1024K)]
  0x0000015cc2373120 JavaThread "Daemon health stats"               [_thread_blocked, id=15412, stack(0x0000001c7ec00000,0x0000001c7ed00000) (1024K)]
  0x0000015cc3805770 JavaThread "Incoming local TCP Connector on port 51771"        [_thread_in_native, id=13016, stack(0x0000001c7ed00000,0x0000001c7ee00000) (1024K)]
  0x0000015cc2515d80 JavaThread "Daemon periodic checks"            [_thread_blocked, id=88484, stack(0x0000001c7ee00000,0x0000001c7ef00000) (1024K)]
  0x0000015cc2b450e0 JavaThread "Daemon"                            [_thread_blocked, id=95376, stack(0x0000001c7ef00000,0x0000001c7f000000) (1024K)]
  0x0000015cc20eeb10 JavaThread "Handler for socket connection from /127.0.0.1:51771 to /127.0.0.1:51772"        [_thread_in_native, id=95072, stack(0x0000001c7f000000,0x0000001c7f100000) (1024K)]
  0x0000015cc2758b60 JavaThread "Cancel handler"                    [_thread_blocked, id=87208, stack(0x0000001c7f600000,0x0000001c7f700000) (1024K)]
  0x0000015cc24df230 JavaThread "Daemon worker"                     [_thread_blocked, id=4936, stack(0x0000001c7f700000,0x0000001c7f800000) (1024K)]
  0x0000015cc24deba0 JavaThread "Asynchronous log dispatcher for DefaultDaemonConnection: socket connection from /127.0.0.1:51771 to /127.0.0.1:51772"        [_thread_blocked, id=18256, stack(0x0000001c7f800000,0x0000001c7f900000) (1024K)]
  0x0000015cc24df8c0 JavaThread "Stdin handler"                     [_thread_blocked, id=90600, stack(0x0000001c7f900000,0x0000001c7fa00000) (1024K)]
  0x0000015cc24de510 JavaThread "Daemon client event forwarder"        [_thread_blocked, id=95012, stack(0x0000001c7fa00000,0x0000001c7fb00000) (1024K)]
  0x0000015cc24dd7f0 JavaThread "Cache worker for journal cache (C:\Users\Chan Yao Ping\.gradle\caches\journal-1)"        [_thread_blocked, id=91904, stack(0x0000001c7fb00000,0x0000001c7fc00000) (1024K)]
  0x0000015cc24dff50 JavaThread "File lock request listener"        [_thread_in_native, id=81672, stack(0x0000001c7fc00000,0x0000001c7fd00000) (1024K)]
  0x0000015cc24dde80 JavaThread "Cache worker for file hash cache (C:\Users\Chan Yao Ping\.gradle\caches\9.2.1\fileHashes)"        [_thread_blocked, id=90012, stack(0x0000001c7fd00000,0x0000001c7fe00000) (1024K)]
  0x0000015cc48eb270 JavaThread "Cache worker for file hash cache (C:\Users\Chan Yao Ping\Downloads\RecycleGO1\.gradle\9.2.1\fileHashes)"        [_thread_blocked, id=94744, stack(0x0000001c7fe00000,0x0000001c7ff00000) (1024K)]
  0x0000015cc48ec620 JavaThread "Cache worker for Build Output Cleanup Cache (C:\Users\Chan Yao Ping\Downloads\RecycleGO1\.gradle\buildOutputCleanup)"        [_thread_blocked, id=87408, stack(0x0000001c7ff00000,0x0000001c80000000) (1024K)]
  0x0000015cc48ea550 JavaThread "File watcher server"        daemon [_thread_in_native, id=94048, stack(0x0000001c00000000,0x0000001c00100000) (1024K)]
  0x0000015cc48eb900 JavaThread "File watcher consumer"      daemon [_thread_blocked, id=59760, stack(0x0000001c00100000,0x0000001c00200000) (1024K)]
  0x0000015cc48eccb0 JavaThread "jar transforms"                    [_thread_blocked, id=78844, stack(0x0000001c00200000,0x0000001c00300000) (1024K)]
  0x0000015cc48ed340 JavaThread "jar transforms Thread 2"           [_thread_blocked, id=4712, stack(0x0000001c00300000,0x0000001c00400000) (1024K)]
  0x0000015cc48ebf90 JavaThread "jar transforms Thread 3"           [_thread_blocked, id=93760, stack(0x0000001c00400000,0x0000001c00500000) (1024K)]
  0x0000015cc48ee060 JavaThread "jar transforms Thread 4"           [_thread_blocked, id=92440, stack(0x0000001c00500000,0x0000001c00600000) (1024K)]
  0x0000015cc48eabe0 JavaThread "jar transforms Thread 5"           [_thread_blocked, id=95996, stack(0x0000001c00600000,0x0000001c00700000) (1024K)]
  0x0000015cc48f0e50 JavaThread "jar transforms Thread 6"           [_thread_blocked, id=91572, stack(0x0000001c00700000,0x0000001c00800000) (1024K)]
  0x0000015cc48efaa0 JavaThread "jar transforms Thread 7"           [_thread_blocked, id=95808, stack(0x0000001c00800000,0x0000001c00900000) (1024K)]
  0x0000015cc48f14e0 JavaThread "jar transforms Thread 8"           [_thread_blocked, id=82096, stack(0x0000001c00900000,0x0000001c00a00000) (1024K)]
  0x0000015cc48f1b70 JavaThread "jar transforms Thread 9"           [_thread_blocked, id=92828, stack(0x0000001c00a00000,0x0000001c00b00000) (1024K)]
  0x0000015cc48ee6f0 JavaThread "jar transforms Thread 10"          [_thread_blocked, id=84816, stack(0x0000001c00b00000,0x0000001c00c00000) (1024K)]
  0x0000015cc48eed80 JavaThread "jar transforms Thread 11"          [_thread_blocked, id=89684, stack(0x0000001c00c00000,0x0000001c00d00000) (1024K)]
  0x0000015cc48f0130 JavaThread "jar transforms Thread 12"          [_thread_blocked, id=55644, stack(0x0000001c00d00000,0x0000001c00e00000) (1024K)]
  0x0000015cc48ef410 JavaThread "Cache worker for checksums cache (C:\Users\Chan Yao Ping\Downloads\RecycleGO1\.gradle\9.2.1\checksums)"        [_thread_blocked, id=92616, stack(0x0000001c00e00000,0x0000001c00f00000) (1024K)]
  0x0000015cc48f07c0 JavaThread "Cache worker for file content cache (C:\Users\Chan Yao Ping\.gradle\caches\9.2.1\fileContent)"        [_thread_blocked, id=3208, stack(0x0000001c00f00000,0x0000001c01000000) (1024K)]
  0x0000015cc54d6f00 JavaThread "Cache worker for cache directory md-supplier (C:\Users\Chan Yao Ping\.gradle\caches\9.2.1\md-supplier)"        [_thread_blocked, id=92548, stack(0x0000001c01000000,0x0000001c01100000) (1024K)]
  0x0000015cc54d8940 JavaThread "Cache worker for cache directory md-rule (C:\Users\Chan Yao Ping\.gradle\caches\9.2.1\md-rule)"        [_thread_blocked, id=4692, stack(0x0000001c01100000,0x0000001c01200000) (1024K)]
  0x0000015cc54d82b0 JavaThread "Unconstrained build operations"        [_thread_blocked, id=90020, stack(0x0000001c01200000,0x0000001c01300000) (1024K)]
  0x0000015cc54d7590 JavaThread "Unconstrained build operations Thread 2"        [_thread_blocked, id=25932, stack(0x0000001c01300000,0x0000001c01400000) (1024K)]
  0x0000015cc54d8fd0 JavaThread "Unconstrained build operations Thread 3"        [_thread_blocked, id=86268, stack(0x0000001c01400000,0x0000001c01500000) (1024K)]
  0x0000015cc54d9660 JavaThread "Unconstrained build operations Thread 4"        [_thread_blocked, id=21764, stack(0x0000001c01500000,0x0000001c01600000) (1024K)]
Total: 48

Other Threads:
=>0x0000015cc1052300 VMThread "VM Thread"                           [id=94576, stack(0x0000001c7db00000,0x0000001c7dc00000) (1024K)]
  0x0000015cbcab3f30 WatcherThread "VM Periodic Task Thread"        [id=93404, stack(0x0000001c7da00000,0x0000001c7db00000) (1024K)]
  0x0000015ca5244c00 WorkerThread "GC Thread#0"                     [id=90912, stack(0x0000001c7d500000,0x0000001c7d600000) (1024K)]
  0x0000015cc16a77c0 WorkerThread "GC Thread#1"                     [id=35436, stack(0x0000001c7e600000,0x0000001c7e700000) (1024K)]
  0x0000015cc16e1870 WorkerThread "GC Thread#2"                     [id=92664, stack(0x0000001c7e700000,0x0000001c7e800000) (1024K)]
  0x0000015cc21de580 WorkerThread "GC Thread#3"                     [id=92504, stack(0x0000001c7e800000,0x0000001c7e900000) (1024K)]
  0x0000015cc213e230 WorkerThread "GC Thread#4"                     [id=73948, stack(0x0000001c7e900000,0x0000001c7ea00000) (1024K)]
  0x0000015cc26bcf00 WorkerThread "GC Thread#5"                     [id=81660, stack(0x0000001c7ea00000,0x0000001c7eb00000) (1024K)]
  0x0000015cc26bd2a0 WorkerThread "GC Thread#6"                     [id=96228, stack(0x0000001c7eb00000,0x0000001c7ec00000) (1024K)]
  0x0000015cc2788650 WorkerThread "GC Thread#7"                     [id=93164, stack(0x0000001c7f100000,0x0000001c7f200000) (1024K)]
  0x0000015cc27889f0 WorkerThread "GC Thread#8"                     [id=93212, stack(0x0000001c7f200000,0x0000001c7f300000) (1024K)]
  0x0000015cc1b1c3a0 WorkerThread "GC Thread#9"                     [id=47892, stack(0x0000001c7f300000,0x0000001c7f400000) (1024K)]
  0x0000015ca5257b50 ConcurrentGCThread "G1 Main Marker"            [id=91228, stack(0x0000001c7d600000,0x0000001c7d700000) (1024K)]
  0x0000015ca5259170 WorkerThread "G1 Conc#0"                       [id=88948, stack(0x0000001c7d700000,0x0000001c7d800000) (1024K)]
  0x0000015cc1b1c740 WorkerThread "G1 Conc#1"                       [id=90444, stack(0x0000001c7f400000,0x0000001c7f500000) (1024K)]
  0x0000015cc24f0530 WorkerThread "G1 Conc#2"                       [id=93476, stack(0x0000001c7f500000,0x0000001c7f600000) (1024K)]
  0x0000015cbc97f250 ConcurrentGCThread "G1 Refine#0"               [id=85148, stack(0x0000001c7d800000,0x0000001c7d900000) (1024K)]
  0x0000015cbc97fcd0 ConcurrentGCThread "G1 Service"                [id=95296, stack(0x0000001c7d900000,0x0000001c7da00000) (1024K)]
Total: 18

Threads with active compile tasks:
C2 CompilerThread0  47032 7795       4       org.objectweb.asm.ClassReader::readMethod (1070 bytes)
Total: 1

VM state: at safepoint (normal execution)

VM Mutex/Monitor currently owned by a thread:  ([mutex/lock_event])
[0x00007ff9ba358690] Threads_lock - owner thread: 0x0000015cc1052300
[0x00007ff9ba358790] Heap_lock - owner thread: 0x0000015cc24df230

Heap address: 0x0000000080000000, size: 2048 MB, Compressed Oops mode: 32-bit

CDS archive(s) not mapped
Compressed class space mapped at: 0x0000000100000000-0x0000000140000000, reserved size: 1073741824
Narrow klass base: 0x0000000000000000, Narrow klass shift: 3, Narrow klass range: 0x140000000

GC Precious Log:
 CardTable entry size: 512
 Card Set container configuration: InlinePtr #cards 5 size 8 Array Of Cards #cards 12 size 40 Howl #buckets 4 coarsen threshold 1843 Howl Bitmap #cards 512 size 80 coarsen threshold 460 Card regions per heap region 1 cards per card region 2048
 CPUs: 12 total, 12 available
 Memory: 7521M
 Large Page Support: Disabled
 NUMA Support: Disabled
 Compressed Oops: Enabled (32-bit)
 Heap Region Size: 1M
 Heap Min Capacity: 8M
 Heap Initial Capacity: 118M
 Heap Max Capacity: 2G
 Pre-touch: Disabled
 Parallel Workers: 10
 Concurrent Workers: 3
 Concurrent Refinement Workers: 10
 Periodic GC: Disabled

Heap:
 garbage-first heap   total 150528K, used 77139K [0x0000000080000000, 0x0000000100000000)
  region size 1024K, 5 young (5120K), 5 survivors (5120K)
 Metaspace       used 66220K, committed 67840K, reserved 1114112K
  class space    used 9349K, committed 10112K, reserved 1048576K

Heap Regions: E=young(eden), S=young(survivor), O=old, HS=humongous(starts), HC=humongous(continues), CS=collection set, F=free, TAMS=top-at-mark-start, PB=parsable bottom
|   0|0x0000000080000000, 0x0000000080100000, 0x0000000080100000|100%|HS|  |TAMS 0x0000000080000000| PB 0x0000000080000000| Complete 
|   1|0x0000000080100000, 0x0000000080200000, 0x0000000080200000|100%|HC|  |TAMS 0x0000000080100000| PB 0x0000000080100000| Complete 
|   2|0x0000000080200000, 0x0000000080300000, 0x0000000080300000|100%|HC|  |TAMS 0x0000000080200000| PB 0x0000000080200000| Complete 
|   3|0x0000000080300000, 0x0000000080400000, 0x0000000080400000|100%|HC|  |TAMS 0x0000000080300000| PB 0x0000000080300000| Complete 
|   4|0x0000000080400000, 0x0000000080500000, 0x0000000080500000|100%| O|  |TAMS 0x0000000080400000| PB 0x0000000080400000| Untracked 
|   5|0x0000000080500000, 0x0000000080600000, 0x0000000080600000|100%| O|  |TAMS 0x0000000080500000| PB 0x0000000080500000| Untracked 
|   6|0x0000000080600000, 0x0000000080700000, 0x0000000080700000|100%| O|  |TAMS 0x0000000080600000| PB 0x0000000080600000| Untracked 
|   7|0x0000000080700000, 0x0000000080800000, 0x0000000080800000|100%|HS|  |TAMS 0x0000000080700000| PB 0x0000000080700000| Complete 
|   8|0x0000000080800000, 0x0000000080900000, 0x0000000080900000|100%| O|  |TAMS 0x0000000080800000| PB 0x0000000080800000| Untracked 
|   9|0x0000000080900000, 0x0000000080a00000, 0x0000000080a00000|100%| O|  |TAMS 0x0000000080900000| PB 0x0000000080900000| Untracked 
|  10|0x0000000080a00000, 0x0000000080b00000, 0x0000000080b00000|100%| O|  |TAMS 0x0000000080a00000| PB 0x0000000080a00000| Untracked 
|  11|0x0000000080b00000, 0x0000000080c00000, 0x0000000080c00000|100%| O|  |TAMS 0x0000000080b00000| PB 0x0000000080b00000| Untracked 
|  12|0x0000000080c00000, 0x0000000080d00000, 0x0000000080d00000|100%| O|  |TAMS 0x0000000080c00000| PB 0x0000000080c00000| Untracked 
|  13|0x0000000080d00000, 0x0000000080e00000, 0x0000000080e00000|100%| O|  |TAMS 0x0000000080d00000| PB 0x0000000080d00000| Untracked 
|  14|0x0000000080e00000, 0x0000000080f00000, 0x0000000080f00000|100%| O|  |TAMS 0x0000000080e00000| PB 0x0000000080e00000| Untracked 
|  15|0x0000000080f00000, 0x0000000081000000, 0x0000000081000000|100%| O|  |TAMS 0x0000000080f00000| PB 0x0000000080f00000| Untracked 
|  16|0x0000000081000000, 0x0000000081100000, 0x0000000081100000|100%| O|  |TAMS 0x0000000081000000| PB 0x0000000081000000| Untracked 
|  17|0x0000000081100000, 0x0000000081200000, 0x0000000081200000|100%| O|  |TAMS 0x0000000081100000| PB 0x0000000081100000| Untracked 
|  18|0x0000000081200000, 0x0000000081300000, 0x0000000081300000|100%| O|  |TAMS 0x0000000081200000| PB 0x0000000081200000| Untracked 
|  19|0x0000000081300000, 0x0000000081400000, 0x0000000081400000|100%| O|  |TAMS 0x0000000081300000| PB 0x0000000081300000| Untracked 
|  20|0x0000000081400000, 0x0000000081500000, 0x0000000081500000|100%| O|  |TAMS 0x0000000081400000| PB 0x0000000081400000| Untracked 
|  21|0x0000000081500000, 0x0000000081600000, 0x0000000081600000|100%| O|  |TAMS 0x0000000081500000| PB 0x0000000081500000| Untracked 
|  22|0x0000000081600000, 0x0000000081700000, 0x0000000081700000|100%| O|  |TAMS 0x0000000081600000| PB 0x0000000081600000| Untracked 
|  23|0x0000000081700000, 0x0000000081800000, 0x0000000081800000|100%|HS|  |TAMS 0x0000000081700000| PB 0x0000000081700000| Complete 
|  24|0x0000000081800000, 0x0000000081900000, 0x0000000081900000|100%|HC|  |TAMS 0x0000000081800000| PB 0x0000000081800000| Complete 
|  25|0x0000000081900000, 0x0000000081a00000, 0x0000000081a00000|100%|HC|  |TAMS 0x0000000081900000| PB 0x0000000081900000| Complete 
|  26|0x0000000081a00000, 0x0000000081b00000, 0x0000000081b00000|100%|HC|  |TAMS 0x0000000081a00000| PB 0x0000000081a00000| Complete 
|  27|0x0000000081b00000, 0x0000000081c00000, 0x0000000081c00000|100%|HC|  |TAMS 0x0000000081b00000| PB 0x0000000081b00000| Complete 
|  28|0x0000000081c00000, 0x0000000081d00000, 0x0000000081d00000|100%|HC|  |TAMS 0x0000000081c00000| PB 0x0000000081c00000| Complete 
|  29|0x0000000081d00000, 0x0000000081e00000, 0x0000000081e00000|100%|HS|  |TAMS 0x0000000081d00000| PB 0x0000000081d00000| Complete 
|  30|0x0000000081e00000, 0x0000000081f00000, 0x0000000081f00000|100%|HC|  |TAMS 0x0000000081e00000| PB 0x0000000081e00000| Complete 
|  31|0x0000000081f00000, 0x0000000082000000, 0x0000000082000000|100%|HS|  |TAMS 0x0000000081f00000| PB 0x0000000081f00000| Complete 
|  32|0x0000000082000000, 0x0000000082100000, 0x0000000082100000|100%| O|  |TAMS 0x0000000082000000| PB 0x0000000082000000| Untracked 
|  33|0x0000000082100000, 0x0000000082200000, 0x0000000082200000|100%| O|  |TAMS 0x0000000082100000| PB 0x0000000082100000| Untracked 
|  34|0x0000000082200000, 0x0000000082300000, 0x0000000082300000|100%|HS|  |TAMS 0x0000000082200000| PB 0x0000000082200000| Complete 
|  35|0x0000000082300000, 0x0000000082400000, 0x0000000082400000|100%|HC|  |TAMS 0x0000000082300000| PB 0x0000000082300000| Complete 
|  36|0x0000000082400000, 0x0000000082500000, 0x0000000082500000|100%|HC|  |TAMS 0x0000000082400000| PB 0x0000000082400000| Complete 
|  37|0x0000000082500000, 0x0000000082600000, 0x0000000082600000|100%|HC|  |TAMS 0x0000000082500000| PB 0x0000000082500000| Complete 
|  38|0x0000000082600000, 0x0000000082700000, 0x0000000082700000|100%|HC|  |TAMS 0x0000000082600000| PB 0x0000000082600000| Complete 
|  39|0x0000000082700000, 0x0000000082800000, 0x0000000082800000|100%|HC|  |TAMS 0x0000000082700000| PB 0x0000000082700000| Complete 
|  40|0x0000000082800000, 0x0000000082900000, 0x0000000082900000|100%|HS|  |TAMS 0x0000000082800000| PB 0x0000000082800000| Complete 
|  41|0x0000000082900000, 0x0000000082a00000, 0x0000000082a00000|100%|HC|  |TAMS 0x0000000082900000| PB 0x0000000082900000| Complete 
|  42|0x0000000082a00000, 0x0000000082b00000, 0x0000000082b00000|100%|HS|  |TAMS 0x0000000082a00000| PB 0x0000000082a00000| Complete 
|  43|0x0000000082b00000, 0x0000000082c00000, 0x0000000082c00000|100%| O|  |TAMS 0x0000000082b00000| PB 0x0000000082b00000| Untracked 
|  44|0x0000000082c00000, 0x0000000082d00000, 0x0000000082d00000|100%| O|  |TAMS 0x0000000082c00000| PB 0x0000000082c00000| Untracked 
|  45|0x0000000082d00000, 0x0000000082e00000, 0x0000000082e00000|100%| O|  |TAMS 0x0000000082d00000| PB 0x0000000082d00000| Untracked 
|  46|0x0000000082e00000, 0x0000000082f00000, 0x0000000082f00000|100%| O|  |TAMS 0x0000000082e00000| PB 0x0000000082e00000| Untracked 
|  47|0x0000000082f00000, 0x0000000083000000, 0x0000000083000000|100%| O|  |TAMS 0x0000000082f00000| PB 0x0000000082f00000| Untracked 
|  48|0x0000000083000000, 0x0000000083100000, 0x0000000083100000|100%| O|  |TAMS 0x0000000083000000| PB 0x0000000083000000| Untracked 
|  49|0x0000000083100000, 0x0000000083200000, 0x0000000083200000|100%| O|  |TAMS 0x0000000083100000| PB 0x0000000083100000| Untracked 
|  50|0x0000000083200000, 0x0000000083300000, 0x0000000083300000|100%| O|  |TAMS 0x0000000083200000| PB 0x0000000083200000| Untracked 
|  51|0x0000000083300000, 0x0000000083400000, 0x0000000083400000|100%| O|  |TAMS 0x0000000083300000| PB 0x0000000083300000| Untracked 
|  52|0x0000000083400000, 0x0000000083500000, 0x0000000083500000|100%| O|  |TAMS 0x0000000083400000| PB 0x0000000083400000| Untracked 
|  53|0x0000000083500000, 0x0000000083600000, 0x0000000083600000|100%| O|  |TAMS 0x0000000083500000| PB 0x0000000083500000| Untracked 
|  54|0x0000000083600000, 0x0000000083700000, 0x0000000083700000|100%| O|  |TAMS 0x0000000083600000| PB 0x0000000083600000| Untracked 
|  55|0x0000000083700000, 0x0000000083800000, 0x0000000083800000|100%| O|  |TAMS 0x0000000083700000| PB 0x0000000083700000| Untracked 
|  56|0x0000000083800000, 0x0000000083900000, 0x0000000083900000|100%| O|  |TAMS 0x0000000083800000| PB 0x0000000083800000| Untracked 
|  57|0x0000000083900000, 0x0000000083a00000, 0x0000000083a00000|100%| O|  |TAMS 0x0000000083900000| PB 0x0000000083900000| Untracked 
|  58|0x0000000083a00000, 0x0000000083a00000, 0x0000000083b00000|  0%| F|  |TAMS 0x0000000083a00000| PB 0x0000000083a00000| Untracked 
|  59|0x0000000083b00000, 0x0000000083c00000, 0x0000000083c00000|100%| O|  |TAMS 0x0000000083b00000| PB 0x0000000083b00000| Untracked 
|  60|0x0000000083c00000, 0x0000000083d00000, 0x0000000083d00000|100%| O|  |TAMS 0x0000000083c00000| PB 0x0000000083c00000| Untracked 
|  61|0x0000000083d00000, 0x0000000083e00000, 0x0000000083e00000|100%| O|  |TAMS 0x0000000083d00000| PB 0x0000000083d00000| Untracked 
|  62|0x0000000083e00000, 0x0000000083f00000, 0x0000000083f00000|100%| O|  |TAMS 0x0000000083e00000| PB 0x0000000083e00000| Untracked 
|  63|0x0000000083f00000, 0x0000000084000000, 0x0000000084000000|100%| O|  |TAMS 0x0000000083f00000| PB 0x0000000083f00000| Untracked 
|  64|0x0000000084000000, 0x0000000084100000, 0x0000000084100000|100%| O|  |TAMS 0x0000000084000000| PB 0x0000000084000000| Untracked 
|  65|0x0000000084100000, 0x0000000084100000, 0x0000000084200000|  0%| F|  |TAMS 0x0000000084100000| PB 0x0000000084100000| Untracked 
|  66|0x0000000084200000, 0x0000000084200000, 0x0000000084300000|  0%| F|  |TAMS 0x0000000084200000| PB 0x0000000084200000| Untracked 
|  67|0x0000000084300000, 0x000000008437af40, 0x0000000084400000| 48%| O|  |TAMS 0x0000000084300000| PB 0x0000000084300000| Untracked 
|  68|0x0000000084400000, 0x00000000844d9e18, 0x0000000084500000| 85%| S|CS|TAMS 0x0000000084400000| PB 0x0000000084400000| Complete 
|  69|0x0000000084500000, 0x0000000084600000, 0x0000000084600000|100%| S|CS|TAMS 0x0000000084500000| PB 0x0000000084500000| Complete 
|  70|0x0000000084600000, 0x0000000084700000, 0x0000000084700000|100%| S|CS|TAMS 0x0000000084600000| PB 0x0000000084600000| Complete 
|  71|0x0000000084700000, 0x0000000084700000, 0x0000000084800000|  0%| F|  |TAMS 0x0000000084700000| PB 0x0000000084700000| Untracked 
|  72|0x0000000084800000, 0x0000000084800000, 0x0000000084900000|  0%| F|  |TAMS 0x0000000084800000| PB 0x0000000084800000| Untracked 
|  73|0x0000000084900000, 0x0000000084900000, 0x0000000084a00000|  0%| F|  |TAMS 0x0000000084900000| PB 0x0000000084900000| Untracked 
|  74|0x0000000084a00000, 0x0000000084a00000, 0x0000000084b00000|  0%| F|  |TAMS 0x0000000084a00000| PB 0x0000000084a00000| Untracked 
|  75|0x0000000084b00000, 0x0000000084c00000, 0x0000000084c00000|100%| S|CS|TAMS 0x0000000084b00000| PB 0x0000000084b00000| Complete 
|  76|0x0000000084c00000, 0x0000000084d00000, 0x0000000084d00000|100%| S|CS|TAMS 0x0000000084c00000| PB 0x0000000084c00000| Complete 
|  77|0x0000000084d00000, 0x0000000084d00000, 0x0000000084e00000|  0%| F|  |TAMS 0x0000000084d00000| PB 0x0000000084d00000| Untracked 
|  78|0x0000000084e00000, 0x0000000084e00000, 0x0000000084f00000|  0%| F|  |TAMS 0x0000000084e00000| PB 0x0000000084e00000| Untracked 
|  79|0x0000000084f00000, 0x0000000084f00000, 0x0000000085000000|  0%| F|  |TAMS 0x0000000084f00000| PB 0x0000000084f00000| Untracked 
|  80|0x0000000085000000, 0x0000000085000000, 0x0000000085100000|  0%| F|  |TAMS 0x0000000085000000| PB 0x0000000085000000| Untracked 
|  81|0x0000000085100000, 0x0000000085100000, 0x0000000085200000|  0%| F|  |TAMS 0x0000000085100000| PB 0x0000000085100000| Untracked 
|  82|0x0000000085200000, 0x0000000085200000, 0x0000000085300000|  0%| F|  |TAMS 0x0000000085200000| PB 0x0000000085200000| Untracked 
|  83|0x0000000085300000, 0x0000000085300000, 0x0000000085400000|  0%| F|  |TAMS 0x0000000085300000| PB 0x0000000085300000| Untracked 
|  84|0x0000000085400000, 0x0000000085400000, 0x0000000085500000|  0%| F|  |TAMS 0x0000000085400000| PB 0x0000000085400000| Untracked 
|  85|0x0000000085500000, 0x0000000085500000, 0x0000000085600000|  0%| F|  |TAMS 0x0000000085500000| PB 0x0000000085500000| Untracked 
|  86|0x0000000085600000, 0x0000000085600000, 0x0000000085700000|  0%| F|  |TAMS 0x0000000085600000| PB 0x0000000085600000| Untracked 
|  87|0x0000000085700000, 0x0000000085700000, 0x0000000085800000|  0%| F|  |TAMS 0x0000000085700000| PB 0x0000000085700000| Untracked 
|  88|0x0000000085800000, 0x0000000085800000, 0x0000000085900000|  0%| F|  |TAMS 0x0000000085800000| PB 0x0000000085800000| Untracked 
|  89|0x0000000085900000, 0x0000000085900000, 0x0000000085a00000|  0%| F|  |TAMS 0x0000000085900000| PB 0x0000000085900000| Untracked 
|  90|0x0000000085a00000, 0x0000000085a00000, 0x0000000085b00000|  0%| F|  |TAMS 0x0000000085a00000| PB 0x0000000085a00000| Untracked 
|  91|0x0000000085b00000, 0x0000000085b00000, 0x0000000085c00000|  0%| F|  |TAMS 0x0000000085b00000| PB 0x0000000085b00000| Untracked 
|  92|0x0000000085c00000, 0x0000000085c00000, 0x0000000085d00000|  0%| F|  |TAMS 0x0000000085c00000| PB 0x0000000085c00000| Untracked 
|  93|0x0000000085d00000, 0x0000000085d00000, 0x0000000085e00000|  0%| F|  |TAMS 0x0000000085d00000| PB 0x0000000085d00000| Untracked 
|  94|0x0000000085e00000, 0x0000000085e00000, 0x0000000085f00000|  0%| F|  |TAMS 0x0000000085e00000| PB 0x0000000085e00000| Untracked 
|  95|0x0000000085f00000, 0x0000000085f00000, 0x0000000086000000|  0%| F|  |TAMS 0x0000000085f00000| PB 0x0000000085f00000| Untracked 
|  96|0x0000000086000000, 0x0000000086000000, 0x0000000086100000|  0%| F|  |TAMS 0x0000000086000000| PB 0x0000000086000000| Untracked 
|  97|0x0000000086100000, 0x0000000086100000, 0x0000000086200000|  0%| F|  |TAMS 0x0000000086100000| PB 0x0000000086100000| Untracked 
|  98|0x0000000086200000, 0x0000000086200000, 0x0000000086300000|  0%| F|  |TAMS 0x0000000086200000| PB 0x0000000086200000| Untracked 
|  99|0x0000000086300000, 0x0000000086300000, 0x0000000086400000|  0%| F|  |TAMS 0x0000000086300000| PB 0x0000000086300000| Untracked 
| 100|0x0000000086400000, 0x0000000086400000, 0x0000000086500000|  0%| F|  |TAMS 0x0000000086400000| PB 0x0000000086400000| Untracked 
| 101|0x0000000086500000, 0x0000000086500000, 0x0000000086600000|  0%| F|  |TAMS 0x0000000086500000| PB 0x0000000086500000| Untracked 
| 102|0x0000000086600000, 0x0000000086600000, 0x0000000086700000|  0%| F|  |TAMS 0x0000000086600000| PB 0x0000000086600000| Untracked 
| 103|0x0000000086700000, 0x0000000086700000, 0x0000000086800000|  0%| F|  |TAMS 0x0000000086700000| PB 0x0000000086700000| Untracked 
| 104|0x0000000086800000, 0x0000000086800000, 0x0000000086900000|  0%| F|  |TAMS 0x0000000086800000| PB 0x0000000086800000| Untracked 
| 105|0x0000000086900000, 0x0000000086900000, 0x0000000086a00000|  0%| F|  |TAMS 0x0000000086900000| PB 0x0000000086900000| Untracked 
| 106|0x0000000086a00000, 0x0000000086a00000, 0x0000000086b00000|  0%| F|  |TAMS 0x0000000086a00000| PB 0x0000000086a00000| Untracked 
| 107|0x0000000086b00000, 0x0000000086b00000, 0x0000000086c00000|  0%| F|  |TAMS 0x0000000086b00000| PB 0x0000000086b00000| Untracked 
| 108|0x0000000086c00000, 0x0000000086c00000, 0x0000000086d00000|  0%| F|  |TAMS 0x0000000086c00000| PB 0x0000000086c00000| Untracked 
| 109|0x0000000086d00000, 0x0000000086d00000, 0x0000000086e00000|  0%| F|  |TAMS 0x0000000086d00000| PB 0x0000000086d00000| Untracked 
| 110|0x0000000086e00000, 0x0000000086e00000, 0x0000000086f00000|  0%| F|  |TAMS 0x0000000086e00000| PB 0x0000000086e00000| Untracked 
| 111|0x0000000086f00000, 0x0000000086f00000, 0x0000000087000000|  0%| F|  |TAMS 0x0000000086f00000| PB 0x0000000086f00000| Untracked 
| 112|0x0000000087000000, 0x0000000087000000, 0x0000000087100000|  0%| F|  |TAMS 0x0000000087000000| PB 0x0000000087000000| Untracked 
| 113|0x0000000087100000, 0x0000000087100000, 0x0000000087200000|  0%| F|  |TAMS 0x0000000087100000| PB 0x0000000087100000| Untracked 
| 114|0x0000000087200000, 0x0000000087200000, 0x0000000087300000|  0%| F|  |TAMS 0x0000000087200000| PB 0x0000000087200000| Untracked 
| 115|0x0000000087300000, 0x0000000087300000, 0x0000000087400000|  0%| F|  |TAMS 0x0000000087300000| PB 0x0000000087300000| Untracked 
| 116|0x0000000087400000, 0x0000000087400000, 0x0000000087500000|  0%| F|  |TAMS 0x0000000087400000| PB 0x0000000087400000| Untracked 
| 117|0x0000000087500000, 0x0000000087500000, 0x0000000087600000|  0%| F|  |TAMS 0x0000000087500000| PB 0x0000000087500000| Untracked 
| 118|0x0000000087600000, 0x0000000087600000, 0x0000000087700000|  0%| F|  |TAMS 0x0000000087600000| PB 0x0000000087600000| Untracked 
| 119|0x0000000087700000, 0x0000000087700000, 0x0000000087800000|  0%| F|  |TAMS 0x0000000087700000| PB 0x0000000087700000| Untracked 
| 120|0x0000000087800000, 0x0000000087800000, 0x0000000087900000|  0%| F|  |TAMS 0x0000000087800000| PB 0x0000000087800000| Untracked 
| 121|0x0000000087900000, 0x0000000087900000, 0x0000000087a00000|  0%| F|  |TAMS 0x0000000087900000| PB 0x0000000087900000| Untracked 
| 122|0x0000000087a00000, 0x0000000087a00000, 0x0000000087b00000|  0%| F|  |TAMS 0x0000000087a00000| PB 0x0000000087a00000| Untracked 
| 123|0x0000000087b00000, 0x0000000087b00000, 0x0000000087c00000|  0%| F|  |TAMS 0x0000000087b00000| PB 0x0000000087b00000| Untracked 
| 124|0x0000000087c00000, 0x0000000087c00000, 0x0000000087d00000|  0%| F|  |TAMS 0x0000000087c00000| PB 0x0000000087c00000| Untracked 
| 125|0x0000000087d00000, 0x0000000087d00000, 0x0000000087e00000|  0%| F|  |TAMS 0x0000000087d00000| PB 0x0000000087d00000| Untracked 
| 126|0x0000000087e00000, 0x0000000087e00000, 0x0000000087f00000|  0%| F|  |TAMS 0x0000000087e00000| PB 0x0000000087e00000| Untracked 
| 127|0x0000000087f00000, 0x0000000087f00000, 0x0000000088000000|  0%| F|  |TAMS 0x0000000087f00000| PB 0x0000000087f00000| Untracked 
| 128|0x0000000088000000, 0x0000000088000000, 0x0000000088100000|  0%| F|  |TAMS 0x0000000088000000| PB 0x0000000088000000| Untracked 
| 129|0x0000000088100000, 0x0000000088100000, 0x0000000088200000|  0%| F|  |TAMS 0x0000000088100000| PB 0x0000000088100000| Untracked 
| 130|0x0000000088200000, 0x0000000088200000, 0x0000000088300000|  0%| F|  |TAMS 0x0000000088200000| PB 0x0000000088200000| Untracked 
| 131|0x0000000088300000, 0x0000000088300000, 0x0000000088400000|  0%| F|  |TAMS 0x0000000088300000| PB 0x0000000088300000| Untracked 
| 132|0x0000000088400000, 0x0000000088400000, 0x0000000088500000|  0%| F|  |TAMS 0x0000000088400000| PB 0x0000000088400000| Untracked 
| 133|0x0000000088500000, 0x0000000088500000, 0x0000000088600000|  0%| F|  |TAMS 0x0000000088500000| PB 0x0000000088500000| Untracked 
| 134|0x0000000088600000, 0x0000000088600000, 0x0000000088700000|  0%| F|  |TAMS 0x0000000088600000| PB 0x0000000088600000| Untracked 
| 135|0x0000000088700000, 0x0000000088700000, 0x0000000088800000|  0%| F|  |TAMS 0x0000000088700000| PB 0x0000000088700000| Untracked 
| 136|0x0000000088800000, 0x0000000088800000, 0x0000000088900000|  0%| F|  |TAMS 0x0000000088800000| PB 0x0000000088800000| Untracked 
|2038|0x00000000ff600000, 0x00000000ff600000, 0x00000000ff700000|  0%| F|  |TAMS 0x00000000ff600000| PB 0x00000000ff600000| Untracked 
|2039|0x00000000ff700000, 0x00000000ff700000, 0x00000000ff800000|  0%| F|  |TAMS 0x00000000ff700000| PB 0x00000000ff700000| Untracked 
|2040|0x00000000ff800000, 0x00000000ff800000, 0x00000000ff900000|  0%| F|  |TAMS 0x00000000ff800000| PB 0x00000000ff800000| Untracked 
|2041|0x00000000ff900000, 0x00000000ffa00000, 0x00000000ffa00000|100%| O|  |TAMS 0x00000000ff900000| PB 0x00000000ff900000| Untracked 
|2042|0x00000000ffa00000, 0x00000000ffa00000, 0x00000000ffb00000|  0%| F|  |TAMS 0x00000000ffa00000| PB 0x00000000ffa00000| Untracked 
|2043|0x00000000ffb00000, 0x00000000ffc00000, 0x00000000ffc00000|100%| O|  |TAMS 0x00000000ffb00000| PB 0x00000000ffb00000| Untracked 
|2044|0x00000000ffc00000, 0x00000000ffd00000, 0x00000000ffd00000|100%| O|  |TAMS 0x00000000ffc00000| PB 0x00000000ffc00000| Untracked 
|2045|0x00000000ffd00000, 0x00000000ffe00000, 0x00000000ffe00000|100%| O|  |TAMS 0x00000000ffd00000| PB 0x00000000ffd00000| Untracked 
|2046|0x00000000ffe00000, 0x00000000fff00000, 0x00000000fff00000|100%| O|  |TAMS 0x00000000ffe00000| PB 0x00000000ffe00000| Untracked 
|2047|0x00000000fff00000, 0x0000000100000000, 0x0000000100000000|100%| O|  |TAMS 0x00000000fff00000| PB 0x00000000fff00000| Untracked 

Card table byte_map: [0x0000015cb7c70000,0x0000015cb8070000] _byte_map_base: 0x0000015cb7870000

Marking Bits: (CMBitMap*) 0x0000015ca5245210
 Bits: [0x0000015cb8070000, 0x0000015cba070000)

Polling page: 0x0000015ca2fa0000

Metaspace:

Usage:
  Non-class:     55.54 MB used.
      Class:      9.13 MB used.
       Both:     64.67 MB used.

Virtual space:
  Non-class space:       64.00 MB reserved,      56.38 MB ( 88%) committed,  1 nodes.
      Class space:        1.00 GB reserved,       9.88 MB ( <1%) committed,  1 nodes.
             Both:        1.06 GB reserved,      66.25 MB (  6%) committed. 

Chunk freelists:
   Non-Class:  7.14 MB
       Class:  5.96 MB
        Both:  13.10 MB

MaxMetaspaceSize: unlimited
CompressedClassSpaceSize: 1.00 GB
Initial GC threshold: 21.00 MB
Current GC threshold: 110.31 MB
CDS: off
 - commit_granule_bytes: 65536.
 - commit_granule_words: 8192.
 - virtual_space_node_default_size: 8388608.
 - enlarge_chunks_in_place: 1.
 - use_allocation_guard: 0.


Internal statistics:

num_allocs_failed_limit: 6.
num_arena_births: 3010.
num_arena_deaths: 4.
num_vsnodes_births: 2.
num_vsnodes_deaths: 0.
num_space_committed: 1060.
num_space_uncommitted: 0.
num_chunks_returned_to_freelist: 12.
num_chunks_taken_from_freelist: 5688.
num_chunk_merges: 3.
num_chunk_splits: 3672.
num_chunks_enlarged: 2292.
num_inconsistent_stats: 0.

CodeHeap 'non-profiled nmethods': size=120000Kb used=3404Kb max_used=3404Kb free=116595Kb
 bounds [0x0000015cafdf0000, 0x0000015cb0170000, 0x0000015cb7320000]
CodeHeap 'profiled nmethods': size=120000Kb used=11772Kb max_used=12125Kb free=108228Kb
 bounds [0x0000015ca8320000, 0x0000015ca8f20000, 0x0000015caf850000]
CodeHeap 'non-nmethods': size=5760Kb used=1876Kb max_used=1946Kb free=3883Kb
 bounds [0x0000015caf850000, 0x0000015cafac0000, 0x0000015cafdf0000]
CodeCache: size=245760Kb, used=17052Kb, max_used=17475Kb, free=228706Kb
 total_blobs=6977, nmethods=6210, adapters=671, full_count=0
Compilation: enabled, stopped_count=0, restarted_count=0

Compilation events (20 events):
Event: 44.772 Thread 0x0000015cc10d11f0 7861       2       org.objectweb.asm.tree.MethodNode::visitIntInsn (17 bytes)
Event: 44.772 Thread 0x0000015cc10d11f0 nmethod 7861 0x0000015ca8b7ae90 code [0x0000015ca8b7b040, 0x0000015ca8b7b1e0]
Event: 44.772 Thread 0x0000015cc10d11f0 7862       2       org.objectweb.asm.tree.IntInsnNode::<init> (11 bytes)
Event: 44.772 Thread 0x0000015cc10d11f0 nmethod 7862 0x0000015ca8e60690 code [0x0000015ca8e60820, 0x0000015ca8e60938]
Event: 44.772 Thread 0x0000015cc10d11f0 7860       2       org.objectweb.asm.tree.TryCatchBlockNode::<init> (26 bytes)
Event: 44.772 Thread 0x0000015cc10d11f0 nmethod 7860 0x0000015ca8580610 code [0x0000015ca85807c0, 0x0000015ca8580a30]
Event: 44.774 Thread 0x0000015cc10d11f0 7866       2       java.lang.Long::toString (139 bytes)
Event: 44.775 Thread 0x0000015cc10d11f0 nmethod 7866 0x0000015ca8e3d010 code [0x0000015ca8e3d200, 0x0000015ca8e3d650]
Event: 44.788 Thread 0x0000015cc10d11f0 7867       2       com.google.common.collect.Iterators::peekingIterator (23 bytes)
Event: 44.788 Thread 0x0000015cc10d11f0 nmethod 7867 0x0000015ca8a71090 code [0x0000015ca8a71260, 0x0000015ca8a71598]
Event: 44.788 Thread 0x0000015cc10d11f0 7868       2       com.google.common.collect.Iterators$PeekingImpl::<init> (16 bytes)
Event: 44.789 Thread 0x0000015cc10d11f0 nmethod 7868 0x0000015ca8c23f10 code [0x0000015ca8c240c0, 0x0000015ca8c24328]
Event: 44.789 Thread 0x0000015cc10d11f0 7869       2       java.util.Formatter$FormatSpecifier::print (66 bytes)
Event: 44.789 Thread 0x0000015cc10d11f0 nmethod 7869 0x0000015ca8bae990 code [0x0000015ca8baeb40, 0x0000015ca8baec98]
Event: 44.805 Thread 0x0000015cc10d11f0 7870       3       org.objectweb.asm.MethodWriter::visitSwitchInsn (174 bytes)
Event: 44.806 Thread 0x0000015cc10d11f0 nmethod 7870 0x0000015ca8c34010 code [0x0000015ca8c34240, 0x0000015ca8c34978]
Event: 44.830 Thread 0x0000015cc10d11f0 7872       3       org.objectweb.asm.Type::getMethodType (16 bytes)
Event: 44.830 Thread 0x0000015cc10d11f0 nmethod 7872 0x0000015ca8e59210 code [0x0000015ca8e593e0, 0x0000015ca8e59748]
Event: 44.831 Thread 0x0000015cc10d11f0 7873   !   2       java.util.Formatter::format (284 bytes)
Event: 44.831 Thread 0x0000015cc10d11f0 nmethod 7873 0x0000015ca850b890 code [0x0000015ca850bb80, 0x0000015ca850c558]

GC Heap History (20 events):
Event: 42.380 GC heap after
{Heap after GC invocations=23 (full 0):
 garbage-first heap   total 117760K, used 70205K [0x0000000080000000, 0x0000000100000000)
  region size 1024K, 4 young (4096K), 4 survivors (4096K)
 Metaspace       used 64862K, committed 66432K, reserved 1114112K
  class space    used 9208K, committed 9984K, reserved 1048576K
}
Event: 42.550 GC heap before
{Heap before GC invocations=23 (full 0):
 garbage-first heap   total 117760K, used 110141K [0x0000000080000000, 0x0000000100000000)
  region size 1024K, 43 young (44032K), 4 survivors (4096K)
 Metaspace       used 64863K, committed 66432K, reserved 1114112K
  class space    used 9208K, committed 9984K, reserved 1048576K
}
Event: 42.557 GC heap after
{Heap after GC invocations=24 (full 0):
 garbage-first heap   total 120832K, used 74244K [0x0000000080000000, 0x0000000100000000)
  region size 1024K, 6 young (6144K), 6 survivors (6144K)
 Metaspace       used 64863K, committed 66432K, reserved 1114112K
  class space    used 9208K, committed 9984K, reserved 1048576K
}
Event: 42.957 GC heap before
{Heap before GC invocations=24 (full 0):
 garbage-first heap   total 120832K, used 109060K [0x0000000080000000, 0x0000000100000000)
  region size 1024K, 41 young (41984K), 6 survivors (6144K)
 Metaspace       used 65806K, committed 67456K, reserved 1114112K
  class space    used 9332K, committed 10112K, reserved 1048576K
}
Event: 42.961 GC heap after
{Heap after GC invocations=25 (full 0):
 garbage-first heap   total 120832K, used 74050K [0x0000000080000000, 0x0000000100000000)
  region size 1024K, 3 young (3072K), 3 survivors (3072K)
 Metaspace       used 65806K, committed 67456K, reserved 1114112K
  class space    used 9332K, committed 10112K, reserved 1048576K
}
Event: 43.129 GC heap before
{Heap before GC invocations=26 (full 0):
 garbage-first heap   total 124928K, used 109890K [0x0000000080000000, 0x0000000100000000)
  region size 1024K, 38 young (38912K), 3 survivors (3072K)
 Metaspace       used 66086K, committed 67648K, reserved 1114112K
  class space    used 9349K, committed 10112K, reserved 1048576K
}
Event: 43.131 GC heap after
{Heap after GC invocations=27 (full 0):
 garbage-first heap   total 124928K, used 73536K [0x0000000080000000, 0x0000000100000000)
  region size 1024K, 3 young (3072K), 3 survivors (3072K)
 Metaspace       used 66086K, committed 67648K, reserved 1114112K
  class space    used 9349K, committed 10112K, reserved 1048576K
}
Event: 43.333 GC heap before
{Heap before GC invocations=27 (full 0):
 garbage-first heap   total 124928K, used 115520K [0x0000000080000000, 0x0000000100000000)
  region size 1024K, 44 young (45056K), 3 survivors (3072K)
 Metaspace       used 66121K, committed 67712K, reserved 1114112K
  class space    used 9349K, committed 10112K, reserved 1048576K
}
Event: 43.336 GC heap after
{Heap after GC invocations=28 (full 0):
 garbage-first heap   total 150528K, used 73868K [0x0000000080000000, 0x0000000100000000)
  region size 1024K, 4 young (4096K), 4 survivors (4096K)
 Metaspace       used 66121K, committed 67712K, reserved 1114112K
  class space    used 9349K, committed 10112K, reserved 1048576K
}
Event: 43.433 GC heap before
{Heap before GC invocations=28 (full 0):
 garbage-first heap   total 150528K, used 90252K [0x0000000080000000, 0x0000000100000000)
  region size 1024K, 21 young (21504K), 4 survivors (4096K)
 Metaspace       used 66129K, committed 67712K, reserved 1114112K
  class space    used 9349K, committed 10112K, reserved 1048576K
}
Event: 43.436 GC heap after
{Heap after GC invocations=29 (full 0):
 garbage-first heap   total 150528K, used 73975K [0x0000000080000000, 0x0000000100000000)
  region size 1024K, 4 young (4096K), 4 survivors (4096K)
 Metaspace       used 66129K, committed 67712K, reserved 1114112K
  class space    used 9349K, committed 10112K, reserved 1048576K
}
Event: 43.750 GC heap before
{Heap before GC invocations=30 (full 0):
 garbage-first heap   total 150528K, used 142583K [0x0000000080000000, 0x0000000100000000)
  region size 1024K, 69 young (70656K), 4 survivors (4096K)
 Metaspace       used 66148K, committed 67712K, reserved 1114112K
  class space    used 9349K, committed 10112K, reserved 1048576K
}
Event: 43.752 GC heap after
{Heap after GC invocations=31 (full 0):
 garbage-first heap   total 150528K, used 74476K [0x0000000080000000, 0x0000000100000000)
  region size 1024K, 4 young (4096K), 4 survivors (4096K)
 Metaspace       used 66148K, committed 67712K, reserved 1114112K
  class space    used 9349K, committed 10112K, reserved 1048576K
}
Event: 43.996 GC heap before
{Heap before GC invocations=31 (full 0):
 garbage-first heap   total 150528K, used 141036K [0x0000000080000000, 0x0000000100000000)
  region size 1024K, 69 young (70656K), 4 survivors (4096K)
 Metaspace       used 66199K, committed 67776K, reserved 1114112K
  class space    used 9349K, committed 10112K, reserved 1048576K
}
Event: 44.000 GC heap after
{Heap after GC invocations=32 (full 0):
 garbage-first heap   total 150528K, used 74714K [0x0000000080000000, 0x0000000100000000)
  region size 1024K, 5 young (5120K), 5 survivors (5120K)
 Metaspace       used 66199K, committed 67776K, reserved 1114112K
  class space    used 9349K, committed 10112K, reserved 1048576K
}
Event: 44.269 GC heap before
{Heap before GC invocations=32 (full 0):
 garbage-first heap   total 150528K, used 141274K [0x0000000080000000, 0x0000000100000000)
  region size 1024K, 70 young (71680K), 5 survivors (5120K)
 Metaspace       used 66199K, committed 67776K, reserved 1114112K
  class space    used 9349K, committed 10112K, reserved 1048576K
}
Event: 44.272 GC heap after
{Heap after GC invocations=33 (full 0):
 garbage-first heap   total 150528K, used 75272K [0x0000000080000000, 0x0000000100000000)
  region size 1024K, 5 young (5120K), 5 survivors (5120K)
 Metaspace       used 66199K, committed 67776K, reserved 1114112K
  class space    used 9349K, committed 10112K, reserved 1048576K
}
Event: 44.553 GC heap before
{Heap before GC invocations=34 (full 0):
 garbage-first heap   total 150528K, used 141832K [0x0000000080000000, 0x0000000100000000)
  region size 1024K, 70 young (71680K), 5 survivors (5120K)
 Metaspace       used 66199K, committed 67776K, reserved 1114112K
  class space    used 9349K, committed 10112K, reserved 1048576K
}
Event: 44.556 GC heap after
{Heap after GC invocations=35 (full 0):
 garbage-first heap   total 150528K, used 76044K [0x0000000080000000, 0x0000000100000000)
  region size 1024K, 6 young (6144K), 6 survivors (6144K)
 Metaspace       used 66199K, committed 67776K, reserved 1114112K
  class space    used 9349K, committed 10112K, reserved 1048576K
}
Event: 44.853 GC heap before
{Heap before GC invocations=35 (full 0):
 garbage-first heap   total 150528K, used 141580K [0x0000000080000000, 0x0000000100000000)
  region size 1024K, 70 young (71680K), 6 survivors (6144K)
 Metaspace       used 66220K, committed 67840K, reserved 1114112K
  class space    used 9349K, committed 10112K, reserved 1048576K
}

Dll operation events (3 events):
Event: 0.143 Loaded shared library C:\Program Files\Android\Android Studio\jbr\bin\java.dll
Event: 0.206 Loaded shared library C:\Program Files\Android\Android Studio\jbr\bin\zip.dll
Event: 2.351 Loaded shared library C:\Program Files\Android\Android Studio\jbr\bin\verify.dll

Deoptimization events (20 events):
Event: 44.777 Thread 0x0000015cc24df230 DEOPT PACKING pc=0x0000015ca8f08821 sp=0x0000001c7f7f2dc0
Event: 44.777 Thread 0x0000015cc24df230 DEOPT UNPACKING pc=0x0000015caf8a4b42 sp=0x0000001c7f7f24d0 mode 0
Event: 44.779 Thread 0x0000015cc24df230 DEOPT PACKING pc=0x0000015ca8f08821 sp=0x0000001c7f7f2dc0
Event: 44.779 Thread 0x0000015cc24df230 DEOPT UNPACKING pc=0x0000015caf8a4b42 sp=0x0000001c7f7f24d0 mode 0
Event: 44.785 Thread 0x0000015cc24df230 DEOPT PACKING pc=0x0000015ca8f08821 sp=0x0000001c7f7f2dc0
Event: 44.785 Thread 0x0000015cc24df230 DEOPT UNPACKING pc=0x0000015caf8a4b42 sp=0x0000001c7f7f24d0 mode 0
Event: 44.788 Thread 0x0000015cc24df230 DEOPT PACKING pc=0x0000015ca8f08821 sp=0x0000001c7f7f2dc0
Event: 44.788 Thread 0x0000015cc24df230 DEOPT UNPACKING pc=0x0000015caf8a4b42 sp=0x0000001c7f7f24d0 mode 0
Event: 44.791 Thread 0x0000015cc24df230 DEOPT PACKING pc=0x0000015ca8f07ecf sp=0x0000001c7f7f2dc0
Event: 44.791 Thread 0x0000015cc24df230 DEOPT UNPACKING pc=0x0000015caf8a4b42 sp=0x0000001c7f7f24d0 mode 0
Event: 44.795 Thread 0x0000015cc24df230 DEOPT PACKING pc=0x0000015ca8f08821 sp=0x0000001c7f7f2dc0
Event: 44.795 Thread 0x0000015cc24df230 DEOPT UNPACKING pc=0x0000015caf8a4b42 sp=0x0000001c7f7f24d0 mode 0
Event: 44.803 Thread 0x0000015cc24df230 DEOPT PACKING pc=0x0000015ca8f07ecf sp=0x0000001c7f7f2dc0
Event: 44.803 Thread 0x0000015cc24df230 DEOPT UNPACKING pc=0x0000015caf8a4b42 sp=0x0000001c7f7f24d0 mode 0
Event: 44.826 Thread 0x0000015cc24df230 DEOPT PACKING pc=0x0000015ca8f08821 sp=0x0000001c7f7f2dc0
Event: 44.826 Thread 0x0000015cc24df230 DEOPT UNPACKING pc=0x0000015caf8a4b42 sp=0x0000001c7f7f24d0 mode 0
Event: 44.838 Thread 0x0000015cc24df230 DEOPT PACKING pc=0x0000015ca8f07ecf sp=0x0000001c7f7f2dc0
Event: 44.838 Thread 0x0000015cc24df230 DEOPT UNPACKING pc=0x0000015caf8a4b42 sp=0x0000001c7f7f24d0 mode 0
Event: 44.843 Thread 0x0000015cc24df230 DEOPT PACKING pc=0x0000015ca8f08821 sp=0x0000001c7f7f2dc0
Event: 44.843 Thread 0x0000015cc24df230 DEOPT UNPACKING pc=0x0000015caf8a4b42 sp=0x0000001c7f7f24d0 mode 0

Classes loaded (20 events):
Event: 42.074 Loading class java/util/zip/ZipFile$ZipEntryIterator
Event: 42.074 Loading class java/util/zip/ZipFile$ZipEntryIterator done
Event: 42.078 Loading class java/util/zip/ZipInputStream
Event: 42.078 Loading class java/util/zip/ZipInputStream done
Event: 42.668 Loading class java/util/TreeMap$EntrySpliterator
Event: 42.669 Loading class java/util/TreeMap$TreeMapSpliterator
Event: 42.669 Loading class java/util/TreeMap$TreeMapSpliterator done
Event: 42.669 Loading class java/util/TreeMap$EntrySpliterator done
Event: 42.820 Loading class java/nio/charset/UnsupportedCharsetException
Event: 42.821 Loading class java/nio/charset/UnsupportedCharsetException done
Event: 42.823 Loading class java/util/Collections$UnmodifiableSortedMap
Event: 42.823 Loading class java/util/Collections$UnmodifiableSortedMap done
Event: 42.825 Loading class java/util/zip/Deflater
Event: 42.825 Loading class java/util/zip/Deflater done
Event: 42.833 Loading class java/util/zip/Deflater$DeflaterZStreamRef
Event: 42.833 Loading class java/util/zip/Deflater$DeflaterZStreamRef done
Event: 42.864 Loading class java/nio/StringCharBuffer
Event: 42.865 Loading class java/nio/StringCharBuffer done
Event: 42.869 Loading class java/security/Key
Event: 42.870 Loading class java/security/Key done

Classes unloaded (5 events):
Event: 42.185 Thread 0x0000015cc1052300 Unloading class 0x0000000100844000 '_BuildScript_$_run_closure1'
Event: 42.186 Thread 0x0000015cc1052300 Unloading class 0x000000010083c000 '_BuildScript_'
Event: 42.991 Thread 0x0000015cc1052300 Unloading class 0x00000001008c1420 '_BuildScript_$_run_closure1$_closure2'
Event: 42.991 Thread 0x0000015cc1052300 Unloading class 0x00000001008c1000 '_BuildScript_$_run_closure1'
Event: 42.991 Thread 0x0000015cc1052300 Unloading class 0x00000001008c0800 '_BuildScript_'

Classes redefined (0 events):
No events

Internal exceptions (20 events):
Event: 42.799 Thread 0x0000015cc54d8fd0 Exception <a 'sun/nio/fs/WindowsException'{0x0000000085b95860}> (0x0000000085b95860) 
thrown [s\src\hotspot\share\prims\jni.cpp, line 537]
Event: 42.799 Thread 0x0000015cc54d8fd0 Exception <a 'sun/nio/fs/WindowsException'{0x0000000085b969b8}> (0x0000000085b969b8) 
thrown [s\src\hotspot\share\prims\jni.cpp, line 537]
Event: 42.803 Thread 0x0000015cc24df230 Exception <a 'sun/nio/fs/WindowsException'{0x0000000085cf0ce8}> (0x0000000085cf0ce8) 
thrown [s\src\hotspot\share\prims\jni.cpp, line 537]
Event: 42.804 Thread 0x0000015cc24df230 Exception <a 'sun/nio/fs/WindowsException'{0x0000000085cf3110}> (0x0000000085cf3110) 
thrown [s\src\hotspot\share\prims\jni.cpp, line 537]
Event: 42.804 Thread 0x0000015cc54d8fd0 Exception <a 'sun/nio/fs/WindowsException'{0x0000000085bb60f0}> (0x0000000085bb60f0) 
thrown [s\src\hotspot\share\prims\jni.cpp, line 537]
Event: 42.808 Thread 0x0000015cc24df230 Exception <a 'sun/nio/fs/WindowsException'{0x0000000085cf6400}> (0x0000000085cf6400) 
thrown [s\src\hotspot\share\prims\jni.cpp, line 537]
Event: 43.123 Thread 0x0000015cc54d8fd0 Exception <a 'sun/nio/fs/WindowsException'{0x00000000852a67c0}> (0x00000000852a67c0) 
thrown [s\src\hotspot\share\prims\jni.cpp, line 537]
Event: 43.129 Thread 0x0000015cc54d8fd0 Exception <a 'sun/nio/fs/WindowsException'{0x00000000852ab880}> (0x00000000852ab880) 
thrown [s\src\hotspot\share\prims\jni.cpp, line 537]
Event: 43.138 Thread 0x0000015cc54d8fd0 Exception <a 'sun/nio/fs/WindowsException'{0x00000000ffa94770}> (0x00000000ffa94770) 
thrown [s\src\hotspot\share\prims\jni.cpp, line 537]
Event: 43.140 Thread 0x0000015cc54d8fd0 Exception <a 'sun/nio/fs/WindowsException'{0x00000000ffa9b070}> (0x00000000ffa9b070) 
thrown [s\src\hotspot\share\prims\jni.cpp, line 537]
Event: 43.140 Thread 0x0000015cc54d8fd0 Exception <a 'sun/nio/fs/WindowsException'{0x00000000ffa9bee0}> (0x00000000ffa9bee0) 
thrown [s\src\hotspot\share\prims\jni.cpp, line 537]
Event: 43.140 Thread 0x0000015cc54d8fd0 Exception <a 'sun/nio/fs/WindowsException'{0x00000000ffa9cf60}> (0x00000000ffa9cf60) 
thrown [s\src\hotspot\share\prims\jni.cpp, line 537]
Event: 43.140 Thread 0x0000015cc54d8fd0 Exception <a 'sun/nio/fs/WindowsException'{0x00000000ffa9e278}> (0x00000000ffa9e278) 
thrown [s\src\hotspot\share\prims\jni.cpp, line 537]
Event: 43.148 Thread 0x0000015cc54d8fd0 Exception <a 'sun/nio/fs/WindowsException'{0x00000000ffaa7430}> (0x00000000ffaa7430) 
thrown [s\src\hotspot\share\prims\jni.cpp, line 537]
Event: 43.148 Thread 0x0000015cc54d8fd0 Exception <a 'sun/nio/fs/WindowsException'{0x00000000ffaa8570}> (0x00000000ffaa8570) 
thrown [s\src\hotspot\share\prims\jni.cpp, line 537]
Event: 43.159 Thread 0x0000015cc54d8fd0 Exception <a 'sun/nio/fs/WindowsException'{0x00000000ffaaeb70}> (0x00000000ffaaeb70) 
thrown [s\src\hotspot\share\prims\jni.cpp, line 537]
Event: 43.161 Thread 0x0000015cc54d8fd0 Exception <a 'sun/nio/fs/WindowsException'{0x00000000ffab2e58}> (0x00000000ffab2e58) 
thrown [s\src\hotspot\share\prims\jni.cpp, line 537]
Event: 43.161 Thread 0x0000015cc54d8fd0 Exception <a 'sun/nio/fs/WindowsException'{0x00000000ffab3ff0}> (0x00000000ffab3ff0) 
thrown [s\src\hotspot\share\prims\jni.cpp, line 537]
Event: 43.161 Thread 0x0000015cc54d8fd0 Exception <a 'sun/nio/fs/WindowsException'{0x00000000ffab53c8}> (0x00000000ffab53c8) 
thrown [s\src\hotspot\share\prims\jni.cpp, line 537]
Event: 43.194 Thread 0x0000015cc54d8fd0 Exception <a 'sun/nio/fs/WindowsException'{0x000000008660bad0}> (0x000000008660bad0) 
thrown [s\src\hotspot\share\prims\jni.cpp, line 537]

ZGC Phase Switch (0 events):
No events

VM Operations (20 events):
Event: 43.336 Executing VM operation: G1CollectForAllocation (G1 Evacuation Pause) done
Event: 43.433 Executing VM operation: G1TryInitiateConcMark (G1 Humongous Allocation)
Event: 43.436 Executing VM operation: G1TryInitiateConcMark (G1 Humongous Allocation) done
Event: 43.464 Executing VM operation: G1PauseRemark
Event: 43.467 Executing VM operation: G1PauseRemark done
Event: 43.478 Executing VM operation: G1PauseCleanup
Event: 43.479 Executing VM operation: G1PauseCleanup done
Event: 43.749 Executing VM operation: G1CollectForAllocation (G1 Evacuation Pause)
Event: 43.752 Executing VM operation: G1CollectForAllocation (G1 Evacuation Pause) done
Event: 43.996 Executing VM operation: G1CollectForAllocation (G1 Evacuation Pause)
Event: 44.000 Executing VM operation: G1CollectForAllocation (G1 Evacuation Pause) done
Event: 44.269 Executing VM operation: G1CollectForAllocation (G1 Evacuation Pause)
Event: 44.272 Executing VM operation: G1CollectForAllocation (G1 Evacuation Pause) done
Event: 44.299 Executing VM operation: G1PauseRemark
Event: 44.301 Executing VM operation: G1PauseRemark done
Event: 44.310 Executing VM operation: G1PauseCleanup
Event: 44.310 Executing VM operation: G1PauseCleanup done
Event: 44.553 Executing VM operation: G1CollectForAllocation (G1 Evacuation Pause)
Event: 44.556 Executing VM operation: G1CollectForAllocation (G1 Evacuation Pause) done
Event: 44.853 Executing VM operation: G1CollectForAllocation (G1 Evacuation Pause)

Memory protections (0 events):
No events

Nmethod flushes (20 events):
Event: 44.301 Thread 0x0000015cc1052300 flushing  nmethod 0x0000015ca8e0fc90
Event: 44.301 Thread 0x0000015cc1052300 flushing  nmethod 0x0000015ca8e10a10
Event: 44.301 Thread 0x0000015cc1052300 flushing  nmethod 0x0000015ca8e11310
Event: 44.301 Thread 0x0000015cc1052300 flushing  nmethod 0x0000015ca8e11a10
Event: 44.301 Thread 0x0000015cc1052300 flushing  nmethod 0x0000015ca8e12690
Event: 44.301 Thread 0x0000015cc1052300 flushing  nmethod 0x0000015ca8e12a10
Event: 44.301 Thread 0x0000015cc1052300 flushing  nmethod 0x0000015cb003e410
Event: 44.301 Thread 0x0000015cc1052300 flushing  nmethod 0x0000015cb00b3190
Event: 44.301 Thread 0x0000015cc1052300 flushing  nmethod 0x0000015ca83c8b10
Event: 44.301 Thread 0x0000015cc1052300 flushing  nmethod 0x0000015ca83c9590
Event: 44.301 Thread 0x0000015cc1052300 flushing  nmethod 0x0000015ca83c9a90
Event: 44.301 Thread 0x0000015cc1052300 flushing  nmethod 0x0000015ca83c9e90
Event: 44.301 Thread 0x0000015cc1052300 flushing  nmethod 0x0000015ca83ca290
Event: 44.301 Thread 0x0000015cc1052300 flushing  nmethod 0x0000015ca83caa10
Event: 44.301 Thread 0x0000015cc1052300 flushing  nmethod 0x0000015ca83cb310
Event: 44.301 Thread 0x0000015cc1052300 flushing  nmethod 0x0000015ca83cbe10
Event: 44.301 Thread 0x0000015cc1052300 flushing  nmethod 0x0000015ca8560490
Event: 44.301 Thread 0x0000015cc1052300 flushing  nmethod 0x0000015ca8c0ca90
Event: 44.301 Thread 0x0000015cc1052300 flushing  nmethod 0x0000015ca8c10410
Event: 44.301 Thread 0x0000015cc1052300 flushing  nmethod 0x0000015ca8d0e690

Events (20 events):
Event: 36.577 Thread 0x0000015cc24df230 Thread added: 0x0000015cc48efaa0
Event: 36.577 Thread 0x0000015cc24df230 Thread added: 0x0000015cc48f14e0
Event: 36.577 Thread 0x0000015cc24df230 Thread added: 0x0000015cc48f1b70
Event: 36.577 Thread 0x0000015cc24df230 Thread added: 0x0000015cc48ee6f0
Event: 36.577 Thread 0x0000015cc24df230 Thread added: 0x0000015cc48eed80
Event: 36.577 Thread 0x0000015cc24df230 Thread added: 0x0000015cc48f0130
Event: 36.611 Thread 0x0000015cc10d11f0 Thread added: 0x0000015cc48d13b0
Event: 36.630 Thread 0x0000015cc10d11f0 Thread added: 0x0000015cc51d18b0
Event: 36.765 Thread 0x0000015cc51d18b0 Thread exited: 0x0000015cc51d18b0
Event: 37.456 Thread 0x0000015cc48d13b0 Thread exited: 0x0000015cc48d13b0
Event: 37.538 Thread 0x0000015cc10d11f0 Thread added: 0x0000015cc48d13b0
Event: 37.807 Thread 0x0000015cc48d13b0 Thread exited: 0x0000015cc48d13b0
Event: 38.550 Thread 0x0000015cc24df230 Thread added: 0x0000015cc48ef410
Event: 38.644 Thread 0x0000015cc24df230 Thread added: 0x0000015cc48f07c0
Event: 38.946 Thread 0x0000015cc24df230 Thread added: 0x0000015cc54d6f00
Event: 39.012 Thread 0x0000015cc24df230 Thread added: 0x0000015cc54d8940
Event: 42.033 Thread 0x0000015cc24df230 Thread added: 0x0000015cc54d82b0
Event: 42.034 Thread 0x0000015cc24df230 Thread added: 0x0000015cc54d7590
Event: 42.605 Thread 0x0000015cc24df230 Thread added: 0x0000015cc54d8fd0
Event: 42.605 Thread 0x0000015cc24df230 Thread added: 0x0000015cc54d9660


Dynamic libraries:
0x00007ff7eee10000 - 0x00007ff7eee1a000 	C:\Program Files\Android\Android Studio\jbr\bin\java.exe
0x00007ffa3a180000 - 0x00007ffa3a3e7000 	C:\WINDOWS\SYSTEM32\ntdll.dll
0x00007ffa38c90000 - 0x00007ffa38d59000 	C:\WINDOWS\System32\KERNEL32.DLL
0x00007ffa36f50000 - 0x00007ffa37344000 	C:\WINDOWS\System32\KERNELBASE.dll
0x00007ffa37d30000 - 0x00007ffa37e7b000 	C:\WINDOWS\System32\ucrtbase.dll
0x00007ffa33180000 - 0x00007ffa3319b000 	C:\Program Files\Android\Android Studio\jbr\bin\VCRUNTIME140.dll
0x00007ffa12f10000 - 0x00007ffa12f28000 	C:\Program Files\Android\Android Studio\jbr\bin\jli.dll
0x00007ffa38f10000 - 0x00007ffa390d5000 	C:\WINDOWS\System32\USER32.dll
0x00007ffa36b80000 - 0x00007ffa36ba7000 	C:\WINDOWS\System32\win32u.dll
0x00007ffa390e0000 - 0x00007ffa3910b000 	C:\WINDOWS\System32\GDI32.dll
0x00007ffa36a50000 - 0x00007ffa36b7b000 	C:\WINDOWS\System32\gdi32full.dll
0x00007ffa37350000 - 0x00007ffa373f3000 	C:\WINDOWS\System32\msvcp_win.dll
0x00007ffa35ae0000 - 0x00007ffa35d73000 	C:\WINDOWS\WinSxS\amd64_microsoft.windows.common-controls_6595b64144ccf1df_6.0.26100.8115_none_3e075c82e3354f9c\COMCTL32.dll
0x00007ffa38960000 - 0x00007ffa38a09000 	C:\WINDOWS\System32\msvcrt.dll
0x00007ffa38190000 - 0x00007ffa381c2000 	C:\WINDOWS\System32\IMM32.DLL
0x000000005c6a0000 - 0x000000005c6ac000 	C:\Program Files (x86)\360\Total Security\safemon\SafeWrapper.dll
0x00007ffa3a070000 - 0x00007ffa3a126000 	C:\WINDOWS\System32\ADVAPI32.dll
0x00007ffa39550000 - 0x00007ffa395f7000 	C:\WINDOWS\System32\sechost.dll
0x00007ffa381d0000 - 0x00007ffa382e8000 	C:\WINDOWS\System32\RPCRT4.dll
0x00007ff9e0420000 - 0x00007ff9e04cc000 	C:\Program Files (x86)\360\Total Security\safemon\libzdtp64.dll
0x00007ffa39600000 - 0x00007ffa39d67000 	C:\WINDOWS\System32\SHELL32.dll
0x00007ffa36de0000 - 0x00007ffa36f4a000 	C:\WINDOWS\System32\wintypes.dll
0x00007ffa39140000 - 0x00007ffa394c2000 	C:\WINDOWS\System32\combase.dll
0x00007ffa37f10000 - 0x00007ffa37f76000 	C:\WINDOWS\System32\SHLWAPI.dll
0x00007ffa374c0000 - 0x00007ffa37d28000 	C:\WINDOWS\System32\Windows.Storage.dll
0x00007ffa360d0000 - 0x00007ffa360db000 	C:\WINDOWS\SYSTEM32\VERSION.dll
0x00007ffa33170000 - 0x00007ffa3317c000 	C:\Program Files\Android\Android Studio\jbr\bin\vcruntime140_1.dll
0x00007ff9a9460000 - 0x00007ff9a94ed000 	C:\Program Files\Android\Android Studio\jbr\bin\msvcp140.dll
0x00007ff9b97a0000 - 0x00007ff9ba436000 	C:\Program Files\Android\Android Studio\jbr\bin\server\jvm.dll
0x00007ffa38c00000 - 0x00007ffa38c80000 	C:\WINDOWS\System32\WS2_32.dll
0x00007ffa368b0000 - 0x00007ffa3690e000 	C:\WINDOWS\SYSTEM32\POWRPROF.dll
0x00007ffa2ccd0000 - 0x00007ffa2cd06000 	C:\WINDOWS\SYSTEM32\WINMM.dll
0x00007ffa36890000 - 0x00007ffa368a4000 	C:\WINDOWS\SYSTEM32\UMPDC.dll
0x00007ffa34e40000 - 0x00007ffa34e5b000 	C:\WINDOWS\SYSTEM32\kernel.appcore.dll
0x00007ffa33160000 - 0x00007ffa3316a000 	C:\Program Files\Android\Android Studio\jbr\bin\jimage.dll
0x00007ffa361d0000 - 0x00007ffa36412000 	C:\WINDOWS\SYSTEM32\DBGHELP.DLL
0x00007ffa38a10000 - 0x00007ffa38ae8000 	C:\WINDOWS\System32\OLEAUT32.dll
0x00007ffa36090000 - 0x00007ffa360cb000 	C:\WINDOWS\SYSTEM32\dbgcore.DLL
0x00007ffa36d30000 - 0x00007ffa36dd5000 	C:\WINDOWS\System32\bcryptPrimitives.dll
0x00007ffa12f00000 - 0x00007ffa12f0e000 	C:\Program Files\Android\Android Studio\jbr\bin\instrument.dll
0x00007ffa1d0a0000 - 0x00007ffa1d0c0000 	C:\Program Files\Android\Android Studio\jbr\bin\java.dll
0x00007ffa1d080000 - 0x00007ffa1d098000 	C:\Program Files\Android\Android Studio\jbr\bin\zip.dll
0x00007ffa383d0000 - 0x00007ffa384c8000 	C:\WINDOWS\System32\SHCORE.dll
0x00007ffa36970000 - 0x00007ffa36999000 	C:\WINDOWS\SYSTEM32\profapi.dll
0x00007ffa1d2e0000 - 0x00007ffa1d2f0000 	C:\Program Files\Android\Android Studio\jbr\bin\net.dll
0x00007ffa2f9d0000 - 0x00007ffa2fafd000 	C:\WINDOWS\SYSTEM32\WINHTTP.dll
0x00007ffa353e0000 - 0x00007ffa3544c000 	C:\WINDOWS\system32\mswsock.dll
0x00007ffa1d060000 - 0x00007ffa1d076000 	C:\Program Files\Android\Android Studio\jbr\bin\nio.dll
0x00007ff9e63e0000 - 0x00007ff9e63f0000 	C:\Program Files\Android\Android Studio\jbr\bin\verify.dll
0x00007ff9b2880000 - 0x00007ff9b28a7000 	C:\Users\Chan Yao Ping\.gradle\native\660c5614fbf4a5f2a75b1949f50a0caf5cd603558e7d8a26e50b933a0cfb79d1\windows-amd64\native-platform.dll
0x00007ff9a93e0000 - 0x00007ff9a9457000 	C:\Users\Chan Yao Ping\.gradle\native\0.2.8\x86_64-windows-gnu\gradle-fileevents.dll
0x00007ff9f8260000 - 0x00007ff9f8269000 	C:\Program Files\Android\Android Studio\jbr\bin\management.dll
0x00007ff9f3b50000 - 0x00007ff9f3b5b000 	C:\Program Files\Android\Android Studio\jbr\bin\management_ext.dll
0x00007ffa383b0000 - 0x00007ffa383b8000 	C:\WINDOWS\System32\PSAPI.DLL
0x00007ffa348d0000 - 0x00007ffa34902000 	C:\WINDOWS\SYSTEM32\IPHLPAPI.DLL
0x00007ffa383c0000 - 0x00007ffa383ca000 	C:\WINDOWS\System32\NSI.dll
0x00007ff9f8270000 - 0x00007ff9f8279000 	C:\Program Files\Android\Android Studio\jbr\bin\extnet.dll
0x00007ffa36520000 - 0x00007ffa3653b000 	C:\WINDOWS\SYSTEM32\CRYPTSP.dll
0x00007ffa35120000 - 0x00007ffa35159000 	C:\WINDOWS\system32\rsaenh.dll
0x00007ffa35490000 - 0x00007ffa354c3000 	C:\WINDOWS\SYSTEM32\USERENV.dll
0x00007ffa36940000 - 0x00007ffa3696a000 	C:\WINDOWS\SYSTEM32\bcrypt.dll
0x00007ffa356c0000 - 0x00007ffa356cc000 	C:\WINDOWS\SYSTEM32\CRYPTBASE.dll
0x00007ff9d5860000 - 0x00007ff9d5868000 	C:\WINDOWS\system32\wshunix.dll
0x00007ffa36170000 - 0x00007ffa361a6000 	C:\WINDOWS\SYSTEM32\ntmarta.dll

JVMTI agents:
C:\Users\Chan Yao Ping\.gradle\wrapper\dists\gradle-9.2.1-bin\2t0n5ozlw9xmuyvbp7dnzaxug\gradle-9.2.1\lib\agents\gradle-instrumentation-agent-9.2.1.jar path:C:\Program Files\Android\Android Studio\jbr\bin\instrument.dll, loaded, initialized, instrumentlib options:none

dbghelp: loaded successfully - version: 4.0.5 - missing functions: none
symbol engine: initialized successfully - sym options: 0x614 - pdb path: .;C:\Program Files\Android\Android Studio\jbr\bin;C:\WINDOWS\SYSTEM32;C:\WINDOWS\WinSxS\amd64_microsoft.windows.common-controls_6595b64144ccf1df_6.0.26100.8115_none_3e075c82e3354f9c;C:\Program Files (x86)\360\Total Security\safemon;C:\Program Files\Android\Android Studio\jbr\bin\server;C:\Users\Chan Yao Ping\.gradle\native\660c5614fbf4a5f2a75b1949f50a0caf5cd603558e7d8a26e50b933a0cfb79d1\windows-amd64;C:\Users\Chan Yao Ping\.gradle\native\0.2.8\x86_64-windows-gnu

VM Arguments:
jvm_args: --add-opens=java.base/java.lang=ALL-UNNAMED --add-opens=java.base/java.lang.invoke=ALL-UNNAMED --add-opens=java.base/java.util=ALL-UNNAMED --add-opens=java.prefs/java.util.prefs=ALL-UNNAMED --add-exports=jdk.compiler/com.sun.tools.javac.api=ALL-UNNAMED --add-exports=jdk.compiler/com.sun.tools.javac.util=ALL-UNNAMED --add-opens=java.base/java.util=ALL-UNNAMED --add-opens=java.prefs/java.util.prefs=ALL-UNNAMED --add-opens=java.base/java.nio.charset=ALL-UNNAMED --add-opens=java.base/java.net=ALL-UNNAMED --add-opens=java.base/java.util.concurrent=ALL-UNNAMED --add-opens=java.base/java.util.concurrent.atomic=ALL-UNNAMED --add-opens=java.xml/javax.xml.namespace=ALL-UNNAMED --add-opens=java.base/java.time=ALL-UNNAMED -Xmx2048m -Dfile.encoding=UTF-8 -Duser.country=MY -Duser.language=en -Duser.variant -javaagent:C:\Users\Chan Yao Ping\.gradle\wrapper\dists\gradle-9.2.1-bin\2t0n5ozlw9xmuyvbp7dnzaxug\gradle-9.2.1\lib\agents\gradle-instrumentation-agent-9.2.1.jar 
java_command: org.gradle.launcher.daemon.bootstrap.GradleDaemon 9.2.1
java_class_path (initial): C:\Users\Chan Yao Ping\.gradle\wrapper\dists\gradle-9.2.1-bin\2t0n5ozlw9xmuyvbp7dnzaxug\gradle-9.2.1\lib\gradle-daemon-main-9.2.1.jar
Launcher Type: SUN_STANDARD

[Global flags]
     intx CICompilerCount                          = 4                                         {product} {ergonomic}
     uint ConcGCThreads                            = 3                                         {product} {ergonomic}
     uint G1ConcRefinementThreads                  = 10                                        {product} {ergonomic}
   size_t G1HeapRegionSize                         = 1048576                                   {product} {ergonomic}
    uintx GCDrainStackTargetSize                   = 64                                        {product} {ergonomic}
   size_t InitialHeapSize                          = 123731968                                 {product} {ergonomic}
   size_t MarkStackSize                            = 4194304                                   {product} {ergonomic}
   size_t MaxHeapSize                              = 2147483648                                {product} {command line}
   size_t MaxNewSize                               = 1287651328                                {product} {ergonomic}
   size_t MinHeapDeltaBytes                        = 1048576                                   {product} {ergonomic}
   size_t MinHeapSize                              = 8388608                                   {product} {ergonomic}
    uintx NonNMethodCodeHeapSize                   = 5839372                                {pd product} {ergonomic}
    uintx NonProfiledCodeHeapSize                  = 122909434                              {pd product} {ergonomic}
    uintx ProfiledCodeHeapSize                     = 122909434                              {pd product} {ergonomic}
    uintx ReservedCodeCacheSize                    = 251658240                              {pd product} {ergonomic}
     bool SegmentedCodeCache                       = true                                      {product} {ergonomic}
   size_t SoftMaxHeapSize                          = 2147483648                             {manageable} {ergonomic}
     bool UseCompressedOops                        = true                           {product lp64_product} {ergonomic}
     bool UseG1GC                                  = true                                      {product} {ergonomic}
     bool UseLargePagesIndividualAllocation        = false                                  {pd product} {ergonomic}

Logging:
Log output configuration:
 #0: stdout all=warning uptime,level,tags foldmultilines=false
 #1: stderr all=off uptime,level,tags foldmultilines=false

Release file:
JAVA_VERSION="21.0.9" 
MODULES="java.base java.compiler java.datatransfer java.xml java.prefs java.desktop java.instrument java.logging java.management java.security.sasl java.naming java.rmi java.management.rmi java.net.http java.scripting java.security.jgss java.transaction.xa java.sql java.sql.rowset java.xml.crypto java.se java.smartcardio jdk.accessibility jdk.internal.jvmstat jdk.attach jdk.charsets jdk.internal.opt jdk.zipfs jdk.compiler jdk.crypto.ec jdk.crypto.cryptoki jdk.dynalink jdk.hotspot.agent jdk.httpserver jdk.internal.ed jdk.internal.le jdk.internal.vm.ci jdk.jartool jdk.javadoc jdk.jcmd jdk.jdeps jdk.jdwp.agent jdk.jdi jdk.jfr jdk.jlink jdk.jsobject jdk.localedata jdk.management jdk.management.agent jdk.management.jfr jdk.naming.dns jdk.naming.rmi jdk.net jdk.sctp jdk.security.auth jdk.security.jgss jdk.unsupported jdk.unsupported.desktop jdk.xml.dom" 
IMPLEMENTOR="JetBrains s.r.o." 
JAVA_RUNTIME_VERSION="21.0.9+-14787801-b1163.94" 
LIBC="default" 
OS_ARCH="x86_64" 
OS_NAME="Windows" 
SOURCE=".:git:0c757ddc9f2f" 

Environment Variables:
PATH=C:\Program Files (x86)\Common Files\Oracle\Java\javapath;C:\app\User\product\21c\dbhomeXE\bin;C:\windows\system32;C:\windows;C:\windows\System32\Wbem;C:\windows\System32\WindowsPowerShell\v1.0\;C:\windows\System32\OpenSSH\;C:\Program Files (x86)\NVIDIA Corporation\PhysX\Common;C:\Program Files\NVIDIA Corporation\NVIDIA NvDLISR;C:\Program Files\Microsoft SQL Server\Client SDK\ODBC\170\Tools\Binn\;C:\Program Files (x86)\Microsoft SQL Server\150\Tools\Binn\;C:\Program Files\Microsoft SQL Server\150\Tools\Binn\;C:\Program Files\Microsoft SQL Server\150\DTS\Binn\;C:\WINDOWS\system32;C:\WINDOWS;C:\WINDOWS\System32\Wbem;C:\WINDOWS\System32\WindowsPowerShell\v1.0\;C:\WINDOWS\System32\OpenSSH\;C:\Program Files (x86)\Windows Kits\10\Windows Performance Toolkit\;C:\Program Files\dotnet\;C:\Program Files\Git\cmd;C:\Users\Chan Yao Ping\AppData\Local\Microsoft\WindowsApps;C:\Users\Chan Yao Ping\AppData\Local\Programs\Microsoft VS Code\bin;
USERNAME=Chan Yao Ping
OS=Windows_NT
PROCESSOR_IDENTIFIER=AMD64 Family 25 Model 80 Stepping 0, AuthenticAMD
TMP=C:\Users\CHANYA~1\AppData\Local\Temp
TEMP=C:\Users\CHANYA~1\AppData\Local\Temp




Periodic native trim disabled

JNI global refs:
JNI global refs: 26, weak refs: 89

JNI global refs memory usage: 835, weak refs: 1465

Process memory usage:
Resident Set Size: 262576K (3% of 7702256K total physical memory with 128628K free physical memory)

OOME stack traces (most recent first):
Classloader memory used:
Loader org.gradle.internal.classloader.VisitableURLClassLoader                         : 35587K
Loader bootstrap                                                                       : 22252K
Loader org.gradle.initialization.MixInLegacyTypesClassLoader                           : 6744K
Loader org.gradle.internal.classloader.VisitableURLClassLoader                         : 764K
Loader jdk.internal.loader.ClassLoaders$PlatformClassLoader                            : 412K
Loader jdk.internal.loader.ClassLoaders$AppClassLoader                                 : 231K
Loader jdk.internal.reflect.DelegatingClassLoader                                      : 199K
Loader org.gradle.groovy.scripts.internal.DefaultScriptCompilationHandler$ScriptClassLoader: 29472B

Classes loaded by more than one classloader:
Class org.gradle.internal.IoActions                                                   : loaded 3 times (x 71B)
Class org.gradle.api.Action                                                           : loaded 3 times (x 70B)
Class org.gradle.api.GradleException                                                  : loaded 3 times (x 82B)
Class org.gradle.api.internal.classpath.ManifestUtil                                  : loaded 2 times (x 71B)
Class org.gradle.internal.operations.MultipleBuildOperationFailures                   : loaded 2 times (x 95B)
Class org.gradle.internal.classloader.DefaultClassLoaderFactory                       : loaded 2 times (x 82B)
Class kotlin.collections.AbstractList$Companion                                       : loaded 2 times (x 71B)
Class org.gradle.internal.classloader.ClassLoaderVisitor                              : loaded 2 times (x 76B)
Class org.gradle.api.internal.classpath.EffectiveClassPath                            : loaded 2 times (x 90B)
Class org.gradle.api.internal.DefaultClassPathProvider                                : loaded 2 times (x 76B)
Class [Lorg.gradle.api.internal.ClassPathProvider;                                    : loaded 2 times (x 69B)
Class org.gradle.api.internal.ClassPathProvider                                       : loaded 2 times (x 70B)
Class org.gradle.internal.service.UnknownServiceException                             : loaded 2 times (x 83B)
Class org.gradle.internal.classpath.TransformedClassPath                              : loaded 2 times (x 96B)
Class org.gradle.internal.classloader.InstrumentingClassLoader                        : loaded 2 times (x 70B)
Class kotlin.enums.EnumEntriesList                                                    : loaded 2 times (x 223B)
Class org.gradle.internal.service.ServiceLocator                                      : loaded 2 times (x 70B)
Class org.gradle.internal.time.DefaultTimer                                           : loaded 2 times (x 80B)
Class org.gradle.internal.classloader.ClasspathUtil$1                                 : loaded 2 times (x 76B)
Class org.gradle.api.internal.classpath.DefaultModuleRegistry$DefaultModule           : loaded 2 times (x 86B)
Class org.gradle.internal.time.DefaultCountdownTimer                                  : loaded 2 times (x 88B)
Class org.gradle.api.internal.classpath.Module                                        : loaded 2 times (x 70B)
Class org.gradle.api.internal.classpath.UnknownModuleException                        : loaded 2 times (x 82B)
Class org.gradle.api.internal.DefaultClassPathRegistry                                : loaded 2 times (x 76B)
Class org.gradle.api.internal.ClassPathRegistry                                       : loaded 2 times (x 70B)
Class org.gradle.internal.classpath.DefaultClassPath$ImmutableUniqueList              : loaded 2 times (x 199B)
Class org.gradle.internal.classpath.ClassPath                                         : loaded 2 times (x 70B)
Class org.gradle.internal.classloader.ClassLoaderHierarchy                            : loaded 2 times (x 70B)
Class org.gradle.api.internal.classpath.ModuleRegistry                                : loaded 2 times (x 70B)
Class org.gradle.internal.installation.GradleInstallation$1                           : loaded 2 times (x 75B)
Class org.gradle.api.internal.classpath.DefaultModuleRegistry                         : loaded 2 times (x 86B)
Class org.gradle.internal.time.MonotonicClock                                         : loaded 2 times (x 77B)
Class org.gradle.internal.service.ServiceLookupException                              : loaded 2 times (x 82B)
Class org.gradle.internal.classloader.ClassLoaderFactory                              : loaded 2 times (x 70B)
Class org.gradle.internal.service.CachingServiceLocator                               : loaded 2 times (x 82B)
Class org.gradle.internal.time.TimeSource                                             : loaded 2 times (x 70B)
Class kotlin.enums.EnumEntries                                                        : loaded 2 times (x 70B)
Class org.gradle.internal.exceptions.ResolutionProvider                               : loaded 2 times (x 70B)
Class org.gradle.internal.classloader.ClasspathUtil                                   : loaded 2 times (x 71B)
Class org.gradle.internal.time.TimeSource$1                                           : loaded 2 times (x 77B)
Class kotlin.jvm.internal.DefaultConstructorMarker                                    : loaded 2 times (x 71B)
Class org.gradle.api.specs.Spec                                                       : loaded 2 times (x 70B)
Class org.gradle.internal.time.Clock                                                  : loaded 2 times (x 70B)
Class kotlin.collections.AbstractList                                                 : loaded 2 times (x 197B)
Class kotlin.collections.AbstractCollection                                           : loaded 2 times (x 117B)
Class org.gradle.internal.classloader.VisitableURLClassLoader$InstrumentingVisitableURLClassLoader: loaded 2 times (x 123B)
Class org.gradle.internal.classloader.VisitableURLClassLoader$Spec                    : loaded 2 times (x 74B)
Class org.gradle.internal.classpath.DefaultClassPath                                  : loaded 2 times (x 90B)
Class org.gradle.util.internal.DefaultGradleVersion                                   : loaded 2 times (x 82B)
Class org.gradle.internal.classloader.ClassLoaderSpec                                 : loaded 2 times (x 71B)
Class org.gradle.internal.classloader.VisitableURLClassLoader                         : loaded 2 times (x 117B)
Class org.gradle.internal.classloader.FilteringClassLoader                            : loaded 2 times (x 105B)
Class org.gradle.internal.Cast                                                        : loaded 2 times (x 71B)
Class org.gradle.internal.classpath.DefaultClassPath$ImmutableUniqueList$Builder      : loaded 2 times (x 75B)
Class kotlin.UninitializedPropertyAccessException                                     : loaded 2 times (x 82B)
Class org.gradle.internal.exceptions.NonGradleCauseExceptionsHolder                   : loaded 2 times (x 70B)
Class kotlin.NotImplementedError                                                      : loaded 2 times (x 82B)
Class kotlin.enums.EnumEntriesKt                                                      : loaded 2 times (x 71B)
Class org.gradle.internal.classloader.SystemClassLoaderSpec                           : loaded 2 times (x 71B)
Class org.gradle.internal.exceptions.MultiCauseException                              : loaded 2 times (x 70B)
Class org.gradle.internal.time.CountdownTimer                                         : loaded 2 times (x 70B)
Class kotlin.jvm.internal.Intrinsics                                                  : loaded 2 times (x 71B)
Class org.gradle.tooling.model.ProjectModel                                           : loaded 2 times (x 70B)
Class kotlin.KotlinNullPointerException                                               : loaded 2 times (x 83B)
Class org.gradle.internal.exceptions.DefaultMultiCauseException                       : loaded 2 times (x 95B)
Class org.gradle.internal.time.Time                                                   : loaded 2 times (x 71B)
Class org.gradle.api.internal.classpath.GlobalCacheRootsProvider                      : loaded 2 times (x 70B)
Class kotlin.NoWhenBranchMatchedException                                             : loaded 2 times (x 82B)
Class org.gradle.internal.time.Timer                                                  : loaded 2 times (x 70B)
Class kotlin.jvm.internal.markers.KMappedMarker                                       : loaded 2 times (x 70B)
Class org.gradle.internal.installation.CurrentGradleInstallationLocator               : loaded 2 times (x 71B)
Class org.gradle.internal.service.DefaultServiceLocator                               : loaded 2 times (x 83B)
Class org.gradle.util.GradleVersion                                                   : loaded 2 times (x 81B)
Class org.gradle.internal.installation.CurrentGradleInstallation                      : loaded 2 times (x 73B)
Class org.gradle.util.internal.GUtil                                                  : loaded 2 times (x 71B)
Class org.gradle.internal.installation.GradleInstallation                             : loaded 2 times (x 75B)

---------------  S Y S T E M  ---------------

OS:
 Windows 11 , 64 bit Build 26100 (10.0.26100.8246)
OS uptime: 1 days 1:10 hours

CPU: total 12 (initial active 12) (12 cores per cpu, 2 threads per core) family 25 model 80 stepping 0 microcode 0xa50000d, cx8, cmov, fxsr, ht, mmx, 3dnowpref, sse, sse2, sse3, ssse3, sse4a, sse4.1, sse4.2, popcnt, lzcnt, tsc, tscinvbit, avx, avx2, aes, erms, clmul, bmi1, bmi2, adx, sha, fma, vzeroupper, clflush, clflushopt, rdtscp, rdpid, fsrm, f16c, pku, cet_ss
Processor Information for processor 0
  Max Mhz: 3301, Current Mhz: 3301, Mhz Limit: 3301
Processor Information for processor 1
  Max Mhz: 3301, Current Mhz: 3301, Mhz Limit: 3301
Processor Information for processor 2
  Max Mhz: 3301, Current Mhz: 3301, Mhz Limit: 3301
Processor Information for processor 3
  Max Mhz: 3301, Current Mhz: 2011, Mhz Limit: 3301
Processor Information for processor 4
  Max Mhz: 3301, Current Mhz: 3301, Mhz Limit: 3301
Processor Information for processor 5
  Max Mhz: 3301, Current Mhz: 2011, Mhz Limit: 3301
Processor Information for processor 6
  Max Mhz: 3301, Current Mhz: 3301, Mhz Limit: 3301
Processor Information for processor 7
  Max Mhz: 3301, Current Mhz: 2011, Mhz Limit: 3301
Processor Information for processor 8
  Max Mhz: 3301, Current Mhz: 3301, Mhz Limit: 3301
Processor Information for processor 9
  Max Mhz: 3301, Current Mhz: 2011, Mhz Limit: 3301
Processor Information for processor 10
  Max Mhz: 3301, Current Mhz: 2011, Mhz Limit: 3301
Processor Information for processor 11
  Max Mhz: 3301, Current Mhz: 2011, Mhz Limit: 3301

Memory: 4k page, system-wide physical 7521M (116M free)
TotalPageFile size 31073M (AvailPageFile size 58M)
current process WorkingSet (physical memory assigned to process): 258M, peak: 300M
current process commit charge ("private bytes"): 366M, peak: 417M

vm_info: OpenJDK 64-Bit Server VM (21.0.9+-14787801-b1163.94) for windows-amd64 JRE (21.0.9+-14787801-b1163.94), built on 2026-01-27T21:15:44Z by "builder" with MS VC++ 16.10 / 16.11 (VS2019)

END.
