#
# There is insufficient memory for the Java Runtime Environment to continue.
# Native memory allocation (mmap) failed to map 244318208 bytes. Error detail: G1 virtual space
# Possible reasons:
#   The system is out of physical RAM or swap space
#   This process is running with CompressedOops enabled, and the Java Heap may be blocking the growth of the native heap
# Possible solutions:
#   Reduce memory load on the system
#   Increase physical memory or swap space
#   Check if swap backing store is full
#   Decrease Java heap size (-Xmx/-Xms)
#   Decrease number of Java threads
#   Decrease Java thread stack sizes (-Xss)
#   Set larger code cache with -XX:ReservedCodeCacheSize=
#   JVM is running with Unscaled Compressed Oops mode in which the Java heap is
#     placed in the first 4GB address space. The Java Heap base address is the
#     maximum limit for the native heap growth. Please use -XX:HeapBaseMinAddress
#     to set the Java Heap base and to place the Java Heap above 4GB virtual address.
# This output file may be truncated or incomplete.
#
#  Out of Memory Error (os_windows.cpp:3925), pid=96060, tid=47892
#
# JRE version: OpenJDK Runtime Environment (21.0.9) (build 21.0.9+-14787801-b1163.94)
# Java VM: OpenJDK 64-Bit Server VM (21.0.9+-14787801-b1163.94, mixed mode, tiered, compressed oops, compressed class ptrs, g1 gc, windows-amd64)
# No core dump will be written. Minidumps are not enabled by default on client versions of Windows
#

---------------  S U M M A R Y ------------

Command Line: --add-opens=java.base/java.lang=ALL-UNNAMED --add-opens=java.base/java.lang.invoke=ALL-UNNAMED --add-opens=java.base/java.util=ALL-UNNAMED --add-opens=java.prefs/java.util.prefs=ALL-UNNAMED --add-exports=jdk.compiler/com.sun.tools.javac.api=ALL-UNNAMED --add-exports=jdk.compiler/com.sun.tools.javac.util=ALL-UNNAMED --add-opens=java.base/java.util=ALL-UNNAMED --add-opens=java.prefs/java.util.prefs=ALL-UNNAMED --add-opens=java.base/java.nio.charset=ALL-UNNAMED --add-opens=java.base/java.net=ALL-UNNAMED --add-opens=java.base/java.util.concurrent=ALL-UNNAMED --add-opens=java.base/java.util.concurrent.atomic=ALL-UNNAMED --add-opens=java.xml/javax.xml.namespace=ALL-UNNAMED --add-opens=java.base/java.time=ALL-UNNAMED -Xmx2048m -Dfile.encoding=UTF-8 -Duser.country=MY -Duser.language=en -Duser.variant -javaagent:C:\Users\Chan Yao Ping\.gradle\wrapper\dists\gradle-9.2.1-bin\2t0n5ozlw9xmuyvbp7dnzaxug\gradle-9.2.1\lib\agents\gradle-instrumentation-agent-9.2.1.jar org.gradle.launcher.daemon.bootstrap.GradleDaemon 9.2.1

Host: AMD Ryzen 5 5600H with Radeon Graphics         , 12 cores, 7G,  Windows 11 , 64 bit Build 26100 (10.0.26100.8246)
Time: Thu Apr 23 21:53:23 2026 Malay Peninsula Standard Time elapsed time: 38.320362 seconds (0d 0h 0m 38s)

---------------  T H R E A D  ---------------

Current thread (0x000002b47c484bd0):  VMThread "VM Thread"          [id=47892, stack(0x000000ffa9d00000,0x000000ffa9e00000) (1024K)]

Stack: [0x000000ffa9d00000,0x000000ffa9e00000]
Native frames: (J=compiled Java code, j=interpreted, Vv=VM code, C=native code)
V  [jvm.dll+0x6d6c99]
V  [jvm.dll+0x866b83]
V  [jvm.dll+0x8691ae]
V  [jvm.dll+0x869893]
V  [jvm.dll+0x280776]
V  [jvm.dll+0x6d3555]
V  [jvm.dll+0x6c6bea]
V  [jvm.dll+0x3587fb]
V  [jvm.dll+0x360476]
V  [jvm.dll+0x3b2646]
V  [jvm.dll+0x3b2918]
V  [jvm.dll+0x32af0c]
V  [jvm.dll+0x32af97]
V  [jvm.dll+0x370e7c]
V  [jvm.dll+0x36f62e]
V  [jvm.dll+0x32a661]
V  [jvm.dll+0x36ed30]
V  [jvm.dll+0x86f618]
V  [jvm.dll+0x870994]
V  [jvm.dll+0x870ed0]
V  [jvm.dll+0x871163]
V  [jvm.dll+0x80f118]
V  [jvm.dll+0x6d54ed]
C  [ucrtbase.dll+0x37b0]
C  [KERNEL32.DLL+0x2e8d7]
C  [ntdll.dll+0x8c3fc]

VM_Operation (0x000000ffaeaf96f0): G1CollectForAllocation, mode: safepoint, requested by thread 0x000002b47df83ca0


---------------  P R O C E S S  ---------------

Threads class SMR info:
_java_thread_list=0x000002b4135cebd0, length=70, elements={
0x000002b4712e3700, 0x000002b47c4a4f40, 0x000002b47c4cad30, 0x000002b47c4e2150,
0x000002b47c50a9b0, 0x000002b47c50c820, 0x000002b47c4f04c0, 0x000002b47c512dd0,
0x000002b47c5156e0, 0x000002b47c516cf0, 0x000002b47c7fc310, 0x000002b47eae90e0,
0x000002b47d3177d0, 0x000002b47efb2b90, 0x000002b47ebad4e0, 0x000002b47ec9fc40,
0x000002b47f109570, 0x000002b47ebadf50, 0x000002b47d908220, 0x000002b47d9088b0,
0x000002b47d908f40, 0x000002b47d90b010, 0x000002b47d90a2f0, 0x000002b47d9095d0,
0x000002b47f3bbaa0, 0x000002b47f3bc130, 0x000002b47f3bce50, 0x000002b47f3bc7c0,
0x000002b47f3bd4e0, 0x000002b47f3ba060, 0x000002b47f3bdb70, 0x000002b47f3ba6f0,
0x000002b47f3bad80, 0x000002b47f3bf5b0, 0x000002b47f3be890, 0x000002b47f3bfc40,
0x000002b47f3c1680, 0x000002b47f3c02d0, 0x000002b47f3c0ff0, 0x000002b47f3be200,
0x000002b47f3c0960, 0x000002b413b4a950, 0x000002b413b4bd00, 0x000002b413b49c30,
0x000002b413b4d740, 0x000002b413b4a2c0, 0x000002b413b4ddd0, 0x000002b413b4e460,
0x000002b413b4afe0, 0x000002b413b51250, 0x000002b413b4fea0, 0x000002b413b50530,
0x000002b413b50bc0, 0x000002b47d90b6a0, 0x000002b47df7f470, 0x000002b47df7fb00,
0x000002b47df80eb0, 0x000002b47df7ede0, 0x000002b47df7e750, 0x000002b47df7da30,
0x000002b47df80190, 0x000002b47df80820, 0x000002b47df81540, 0x000002b47df7e0c0,
0x000002b47df828f0, 0x000002b47df81bd0, 0x000002b47df83ca0, 0x000002b47df82260,
0x000002b47df82f80, 0x000002b47df84330
}

Java Threads: ( => current thread )
  0x000002b4712e3700 JavaThread "main"                              [_thread_blocked, id=14520, stack(0x000000ffa9600000,0x000000ffa9700000) (1024K)]
  0x000002b47c4a4f40 JavaThread "Common-Cleaner"             daemon [_thread_blocked, id=25932, stack(0x000000ffa9e00000,0x000000ffa9f00000) (1024K)]
  0x000002b47c4cad30 JavaThread "Reference Handler"          daemon [_thread_blocked, id=94744, stack(0x000000ffa9f00000,0x000000ffaa000000) (1024K)]
  0x000002b47c4e2150 JavaThread "Finalizer"                  daemon [_thread_blocked, id=93188, stack(0x000000ffaa000000,0x000000ffaa100000) (1024K)]
  0x000002b47c50a9b0 JavaThread "Signal Dispatcher"          daemon [_thread_blocked, id=88000, stack(0x000000ffaa100000,0x000000ffaa200000) (1024K)]
  0x000002b47c50c820 JavaThread "Attach Listener"            daemon [_thread_blocked, id=60540, stack(0x000000ffaa200000,0x000000ffaa300000) (1024K)]
  0x000002b47c4f04c0 JavaThread "Service Thread"             daemon [_thread_blocked, id=90620, stack(0x000000ffaa300000,0x000000ffaa400000) (1024K)]
  0x000002b47c512dd0 JavaThread "Monitor Deflation Thread"   daemon [_thread_blocked, id=94584, stack(0x000000ffaa400000,0x000000ffaa500000) (1024K)]
  0x000002b47c5156e0 JavaThread "C2 CompilerThread0"         daemon [_thread_blocked, id=95432, stack(0x000000ffaa500000,0x000000ffaa600000) (1024K)]
  0x000002b47c516cf0 JavaThread "C1 CompilerThread0"         daemon [_thread_blocked, id=95044, stack(0x000000ffaa600000,0x000000ffaa700000) (1024K)]
  0x000002b47c7fc310 JavaThread "Notification Thread"        daemon [_thread_blocked, id=93512, stack(0x000000ffaa700000,0x000000ffaa800000) (1024K)]
  0x000002b47eae90e0 JavaThread "Daemon health stats"               [_thread_blocked, id=92640, stack(0x000000ffaae00000,0x000000ffaaf00000) (1024K)]
  0x000002b47d3177d0 JavaThread "Incoming local TCP Connector on port 59800"        [_thread_in_native, id=57552, stack(0x000000ffaaf00000,0x000000ffab000000) (1024K)]
  0x000002b47efb2b90 JavaThread "Daemon periodic checks"            [_thread_blocked, id=94912, stack(0x000000ffab000000,0x000000ffab100000) (1024K)]
  0x000002b47ebad4e0 JavaThread "Daemon"                            [_thread_blocked, id=84592, stack(0x000000ffab100000,0x000000ffab200000) (1024K)]
  0x000002b47ec9fc40 JavaThread "Handler for socket connection from /127.0.0.1:59800 to /127.0.0.1:59801"        [_thread_in_native, id=40412, stack(0x000000ffab200000,0x000000ffab300000) (1024K)]
  0x000002b47f109570 JavaThread "Cancel handler"                    [_thread_blocked, id=94752, stack(0x000000ffab800000,0x000000ffab900000) (1024K)]
  0x000002b47ebadf50 JavaThread "Daemon worker"                     [_thread_blocked, id=91328, stack(0x000000ffab900000,0x000000ffaba00000) (1024K)]
  0x000002b47d908220 JavaThread "Asynchronous log dispatcher for DefaultDaemonConnection: socket connection from /127.0.0.1:59800 to /127.0.0.1:59801"        [_thread_blocked, id=34612, stack(0x000000ffaba00000,0x000000ffabb00000) (1024K)]
  0x000002b47d9088b0 JavaThread "Stdin handler"                     [_thread_blocked, id=72460, stack(0x000000ffabb00000,0x000000ffabc00000) (1024K)]
  0x000002b47d908f40 JavaThread "Daemon client event forwarder"        [_thread_blocked, id=92220, stack(0x000000ffabc00000,0x000000ffabd00000) (1024K)]
  0x000002b47d90b010 JavaThread "Cache worker for journal cache (C:\Users\Chan Yao Ping\.gradle\caches\journal-1)"        [_thread_blocked, id=88700, stack(0x000000ffabd00000,0x000000ffabe00000) (1024K)]
  0x000002b47d90a2f0 JavaThread "File lock request listener"        [_thread_in_native, id=95652, stack(0x000000ffabe00000,0x000000ffabf00000) (1024K)]
  0x000002b47d9095d0 JavaThread "Cache worker for file hash cache (C:\Users\Chan Yao Ping\.gradle\caches\9.2.1\fileHashes)"        [_thread_blocked, id=72048, stack(0x000000ffabf00000,0x000000ffac000000) (1024K)]
  0x000002b47f3bbaa0 JavaThread "Cache worker for file hash cache (C:\Users\Chan Yao Ping\Downloads\RecycleGO1\.gradle\9.2.1\fileHashes)"        [_thread_blocked, id=47896, stack(0x000000ffac000000,0x000000ffac100000) (1024K)]
  0x000002b47f3bc130 JavaThread "Cache worker for Build Output Cleanup Cache (C:\Users\Chan Yao Ping\Downloads\RecycleGO1\.gradle\buildOutputCleanup)"        [_thread_blocked, id=86432, stack(0x000000ffac100000,0x000000ffac200000) (1024K)]
  0x000002b47f3bce50 JavaThread "File watcher server"        daemon [_thread_in_native, id=94032, stack(0x000000ffac200000,0x000000ffac300000) (1024K)]
  0x000002b47f3bc7c0 JavaThread "File watcher consumer"      daemon [_thread_blocked, id=92036, stack(0x000000ffac300000,0x000000ffac400000) (1024K)]
  0x000002b47f3bd4e0 JavaThread "jar transforms"                    [_thread_blocked, id=90820, stack(0x000000ffac400000,0x000000ffac500000) (1024K)]
  0x000002b47f3ba060 JavaThread "jar transforms Thread 2"           [_thread_blocked, id=45940, stack(0x000000ffac500000,0x000000ffac600000) (1024K)]
  0x000002b47f3bdb70 JavaThread "jar transforms Thread 3"           [_thread_blocked, id=90600, stack(0x000000ffac600000,0x000000ffac700000) (1024K)]
  0x000002b47f3ba6f0 JavaThread "jar transforms Thread 4"           [_thread_blocked, id=91480, stack(0x000000ffac700000,0x000000ffac800000) (1024K)]
  0x000002b47f3bad80 JavaThread "jar transforms Thread 5"           [_thread_blocked, id=95368, stack(0x000000ffac800000,0x000000ffac900000) (1024K)]
  0x000002b47f3bf5b0 JavaThread "jar transforms Thread 6"           [_thread_blocked, id=13076, stack(0x000000ffac900000,0x000000ffaca00000) (1024K)]
  0x000002b47f3be890 JavaThread "jar transforms Thread 7"           [_thread_blocked, id=16124, stack(0x000000ffaca00000,0x000000ffacb00000) (1024K)]
  0x000002b47f3bfc40 JavaThread "jar transforms Thread 8"           [_thread_blocked, id=26248, stack(0x000000ffacb00000,0x000000ffacc00000) (1024K)]
  0x000002b47f3c1680 JavaThread "jar transforms Thread 9"           [_thread_blocked, id=53120, stack(0x000000ffacc00000,0x000000ffacd00000) (1024K)]
  0x000002b47f3c02d0 JavaThread "jar transforms Thread 10"          [_thread_blocked, id=91696, stack(0x000000ffacd00000,0x000000fface00000) (1024K)]
  0x000002b47f3c0ff0 JavaThread "jar transforms Thread 11"          [_thread_blocked, id=92376, stack(0x000000fface00000,0x000000ffacf00000) (1024K)]
  0x000002b47f3be200 JavaThread "jar transforms Thread 12"          [_thread_blocked, id=85592, stack(0x000000ffacf00000,0x000000ffad000000) (1024K)]
  0x000002b47f3c0960 JavaThread "Cache worker for checksums cache (C:\Users\Chan Yao Ping\Downloads\RecycleGO1\.gradle\9.2.1\checksums)"        [_thread_blocked, id=25740, stack(0x000000ffad000000,0x000000ffad100000) (1024K)]
  0x000002b413b4a950 JavaThread "Cache worker for file content cache (C:\Users\Chan Yao Ping\.gradle\caches\9.2.1\fileContent)"        [_thread_blocked, id=25360, stack(0x000000ffad100000,0x000000ffad200000) (1024K)]
  0x000002b413b4bd00 JavaThread "Cache worker for cache directory md-supplier (C:\Users\Chan Yao Ping\.gradle\caches\9.2.1\md-supplier)"        [_thread_blocked, id=71992, stack(0x000000ffad200000,0x000000ffad300000) (1024K)]
  0x000002b413b49c30 JavaThread "Cache worker for cache directory md-rule (C:\Users\Chan Yao Ping\.gradle\caches\9.2.1\md-rule)"        [_thread_blocked, id=89868, stack(0x000000ffad300000,0x000000ffad400000) (1024K)]
  0x000002b413b4d740 JavaThread "Unconstrained build operations"        [_thread_blocked, id=93204, stack(0x000000ffad400000,0x000000ffad500000) (1024K)]
  0x000002b413b4a2c0 JavaThread "Unconstrained build operations Thread 2"        [_thread_blocked, id=89616, stack(0x000000ffad500000,0x000000ffad600000) (1024K)]
  0x000002b413b4ddd0 JavaThread "Unconstrained build operations Thread 3"        [_thread_blocked, id=80572, stack(0x000000ffad600000,0x000000ffad700000) (1024K)]
  0x000002b413b4e460 JavaThread "Unconstrained build operations Thread 4"        [_thread_blocked, id=87732, stack(0x000000ffad700000,0x000000ffad800000) (1024K)]
  0x000002b413b4afe0 JavaThread "Unconstrained build operations Thread 5"        [_thread_blocked, id=95956, stack(0x000000ffad800000,0x000000ffad900000) (1024K)]
  0x000002b413b51250 JavaThread "Unconstrained build operations Thread 6"        [_thread_blocked, id=94528, stack(0x000000ffad900000,0x000000ffada00000) (1024K)]
  0x000002b413b4fea0 JavaThread "Unconstrained build operations Thread 7"        [_thread_blocked, id=95268, stack(0x000000ffada00000,0x000000ffadb00000) (1024K)]
  0x000002b413b50530 JavaThread "Unconstrained build operations Thread 8"        [_thread_blocked, id=89224, stack(0x000000ffadb00000,0x000000ffadc00000) (1024K)]
  0x000002b413b50bc0 JavaThread "Unconstrained build operations Thread 9"        [_thread_blocked, id=93552, stack(0x000000ffadc00000,0x000000ffadd00000) (1024K)]
  0x000002b47d90b6a0 JavaThread "Unconstrained build operations Thread 10"        [_thread_blocked, id=94444, stack(0x000000ffadd00000,0x000000ffade00000) (1024K)]
  0x000002b47df7f470 JavaThread "Unconstrained build operations Thread 11"        [_thread_blocked, id=88332, stack(0x000000ffade00000,0x000000ffadf00000) (1024K)]
  0x000002b47df7fb00 JavaThread "Unconstrained build operations Thread 12"        [_thread_blocked, id=90476, stack(0x000000ffadf00000,0x000000ffae000000) (1024K)]
  0x000002b47df80eb0 JavaThread "Unconstrained build operations Thread 13"        [_thread_blocked, id=96052, stack(0x000000ffae000000,0x000000ffae100000) (1024K)]
  0x000002b47df7ede0 JavaThread "Unconstrained build operations Thread 14"        [_thread_blocked, id=61792, stack(0x000000ffae100000,0x000000ffae200000) (1024K)]
  0x000002b47df7e750 JavaThread "Unconstrained build operations Thread 15"        [_thread_blocked, id=94260, stack(0x000000ffae200000,0x000000ffae300000) (1024K)]
  0x000002b47df7da30 JavaThread "Unconstrained build operations Thread 16"        [_thread_blocked, id=95356, stack(0x000000ffae300000,0x000000ffae400000) (1024K)]
  0x000002b47df80190 JavaThread "Unconstrained build operations Thread 17"        [_thread_blocked, id=25880, stack(0x000000ffae400000,0x000000ffae500000) (1024K)]
  0x000002b47df80820 JavaThread "Unconstrained build operations Thread 18"        [_thread_blocked, id=83076, stack(0x000000ffae500000,0x000000ffae600000) (1024K)]
  0x000002b47df81540 JavaThread "Unconstrained build operations Thread 19"        [_thread_blocked, id=94132, stack(0x000000ffae600000,0x000000ffae700000) (1024K)]
  0x000002b47df7e0c0 JavaThread "Unconstrained build operations Thread 20"        [_thread_blocked, id=90304, stack(0x000000ffae700000,0x000000ffae800000) (1024K)]
  0x000002b47df828f0 JavaThread "Unconstrained build operations Thread 21"        [_thread_blocked, id=94024, stack(0x000000ffae800000,0x000000ffae900000) (1024K)]
  0x000002b47df81bd0 JavaThread "Unconstrained build operations Thread 22"        [_thread_blocked, id=25524, stack(0x000000ffae900000,0x000000ffaea00000) (1024K)]
  0x000002b47df83ca0 JavaThread "Unconstrained build operations Thread 23"        [_thread_blocked, id=24192, stack(0x000000ffaea00000,0x000000ffaeb00000) (1024K)]
  0x000002b47df82260 JavaThread "Unconstrained build operations Thread 24"        [_thread_blocked, id=77128, stack(0x000000ffaeb00000,0x000000ffaec00000) (1024K)]
  0x000002b47df82f80 JavaThread "Unconstrained build operations Thread 25"        [_thread_blocked, id=18016, stack(0x000000ffaec00000,0x000000ffaed00000) (1024K)]
  0x000002b47df84330 JavaThread "Unconstrained build operations Thread 26"        [_thread_blocked, id=93932, stack(0x000000ffaed00000,0x000000ffaee00000) (1024K)]
Total: 70

Other Threads:
=>0x000002b47c484bd0 VMThread "VM Thread"                           [id=47892, stack(0x000000ffa9d00000,0x000000ffa9e00000) (1024K)]
  0x000002b47bc38290 WatcherThread "VM Periodic Task Thread"        [id=94816, stack(0x000000ffa9c00000,0x000000ffa9d00000) (1024K)]
  0x000002b4737f4f60 WorkerThread "GC Thread#0"                     [id=88584, stack(0x000000ffa9700000,0x000000ffa9800000) (1024K)]
  0x000002b47c9d08a0 WorkerThread "GC Thread#1"                     [id=94364, stack(0x000000ffaa800000,0x000000ffaa900000) (1024K)]
  0x000002b47ca33bb0 WorkerThread "GC Thread#2"                     [id=92216, stack(0x000000ffaa900000,0x000000ffaaa00000) (1024K)]
  0x000002b47d72e390 WorkerThread "GC Thread#3"                     [id=92716, stack(0x000000ffaaa00000,0x000000ffaab00000) (1024K)]
  0x000002b47d335930 WorkerThread "GC Thread#4"                     [id=93268, stack(0x000000ffaab00000,0x000000ffaac00000) (1024K)]
  0x000002b47ee95970 WorkerThread "GC Thread#5"                     [id=94384, stack(0x000000ffaac00000,0x000000ffaad00000) (1024K)]
  0x000002b47eb92010 WorkerThread "GC Thread#6"                     [id=48648, stack(0x000000ffaad00000,0x000000ffaae00000) (1024K)]
  0x000002b47f069320 WorkerThread "GC Thread#7"                     [id=25300, stack(0x000000ffab300000,0x000000ffab400000) (1024K)]
  0x000002b47f069e00 WorkerThread "GC Thread#8"                     [id=25620, stack(0x000000ffab400000,0x000000ffab500000) (1024K)]
  0x000002b47f0696c0 WorkerThread "GC Thread#9"                     [id=81928, stack(0x000000ffab500000,0x000000ffab600000) (1024K)]
  0x000002b473808950 ConcurrentGCThread "G1 Main Marker"            [id=21764, stack(0x000000ffa9800000,0x000000ffa9900000) (1024K)]
  0x000002b473809360 WorkerThread "G1 Conc#0"                       [id=84816, stack(0x000000ffa9900000,0x000000ffa9a00000) (1024K)]
  0x000002b47f069a60 WorkerThread "G1 Conc#1"                       [id=34160, stack(0x000000ffab600000,0x000000ffab700000) (1024K)]
  0x000002b47f06a1a0 WorkerThread "G1 Conc#2"                       [id=94972, stack(0x000000ffab700000,0x000000ffab800000) (1024K)]
  0x000002b47bb07120 ConcurrentGCThread "G1 Refine#0"               [id=93936, stack(0x000000ffa9a00000,0x000000ffa9b00000) (1024K)]
  0x000002b47bb07ba0 ConcurrentGCThread "G1 Service"                [id=96160, stack(0x000000ffa9b00000,0x000000ffa9c00000) (1024K)]
Total: 18

Threads with active compile tasks:
C2 CompilerThread0  38484 9342       4       org.objectweb.asm.ClassReader::readCode (5117 bytes)
C1 CompilerThread0  38484 9416       3       org.gradle.internal.classpath.transforms.InstrumentingClassTransform$InstrumentingVisitor::maybeBuildBridgeMethod (117 bytes)
Total: 2

VM state: at safepoint (normal execution)

VM Mutex/Monitor currently owned by a thread:  ([mutex/lock_event])
[0x00007ff9ba358690] Threads_lock - owner thread: 0x000002b47c484bd0
[0x00007ff9ba358790] Heap_lock - owner thread: 0x000002b47df83ca0

Heap address: 0x0000000080000000, size: 2048 MB, Compressed Oops mode: 32-bit

CDS archive(s) not mapped
Compressed class space mapped at: 0x0000000100000000-0x0000000140000000, reserved size: 1073741824
Narrow klass base: 0x0000000000000000, Narrow klass shift: 3, Narrow klass range: 0x140000000

GC Precious Log:
 CardTable entry size: 512
 Card Set container configuration: InlinePtr #cards 5 size 8 Array Of Cards #cards 12 size 40 Howl #buckets 4 coarsen threshold 1843 Howl Bitmap #cards 512 size 80 coarsen threshold 460 Card regions per heap region 1 cards per card region 2048
 CPUs: 12 total, 12 available
 Memory: 7521M
 Large Page Support: Disabled
 NUMA Support: Disabled
 Compressed Oops: Enabled (32-bit)
 Heap Region Size: 1M
 Heap Min Capacity: 8M
 Heap Initial Capacity: 118M
 Heap Max Capacity: 2G
 Pre-touch: Disabled
 Parallel Workers: 10
 Concurrent Workers: 3
 Concurrent Refinement Workers: 10
 Periodic GC: Disabled

Heap:
 garbage-first heap   total 152576K, used 88554K [0x0000000080000000, 0x0000000100000000)
  region size 1024K, 3 young (3072K), 3 survivors (3072K)
 Metaspace       used 67219K, committed 68800K, reserved 1114112K
  class space    used 9424K, committed 10176K, reserved 1048576K

Heap Regions: E=young(eden), S=young(survivor), O=old, HS=humongous(starts), HC=humongous(continues), CS=collection set, F=free, TAMS=top-at-mark-start, PB=parsable bottom
|   0|0x0000000080000000, 0x0000000080100000, 0x0000000080100000|100%|HS|  |TAMS 0x0000000080000000| PB 0x0000000080000000| Complete 
|   1|0x0000000080100000, 0x0000000080200000, 0x0000000080200000|100%|HC|  |TAMS 0x0000000080100000| PB 0x0000000080100000| Complete 
|   2|0x0000000080200000, 0x0000000080300000, 0x0000000080300000|100%|HC|  |TAMS 0x0000000080200000| PB 0x0000000080200000| Complete 
|   3|0x0000000080300000, 0x0000000080400000, 0x0000000080400000|100%|HC|  |TAMS 0x0000000080300000| PB 0x0000000080300000| Complete 
|   4|0x0000000080400000, 0x0000000080500000, 0x0000000080500000|100%| O|  |TAMS 0x0000000080400000| PB 0x0000000080400000| Untracked 
|   5|0x0000000080500000, 0x0000000080600000, 0x0000000080600000|100%| O|  |TAMS 0x0000000080500000| PB 0x0000000080500000| Untracked 
|   6|0x0000000080600000, 0x0000000080700000, 0x0000000080700000|100%| O|  |TAMS 0x0000000080600000| PB 0x0000000080600000| Untracked 
|   7|0x0000000080700000, 0x0000000080800000, 0x0000000080800000|100%|HS|  |TAMS 0x0000000080700000| PB 0x0000000080700000| Complete 
|   8|0x0000000080800000, 0x0000000080900000, 0x0000000080900000|100%| O|  |TAMS 0x0000000080800000| PB 0x0000000080800000| Untracked 
|   9|0x0000000080900000, 0x0000000080a00000, 0x0000000080a00000|100%| O|  |TAMS 0x0000000080900000| PB 0x0000000080900000| Untracked 
|  10|0x0000000080a00000, 0x0000000080b00000, 0x0000000080b00000|100%| O|  |TAMS 0x0000000080a00000| PB 0x0000000080a00000| Untracked 
|  11|0x0000000080b00000, 0x0000000080c00000, 0x0000000080c00000|100%| O|  |TAMS 0x0000000080b00000| PB 0x0000000080b00000| Untracked 
|  12|0x0000000080c00000, 0x0000000080d00000, 0x0000000080d00000|100%| O|  |TAMS 0x0000000080c00000| PB 0x0000000080c00000| Untracked 
|  13|0x0000000080d00000, 0x0000000080e00000, 0x0000000080e00000|100%| O|  |TAMS 0x0000000080d00000| PB 0x0000000080d00000| Untracked 
|  14|0x0000000080e00000, 0x0000000080f00000, 0x0000000080f00000|100%| O|  |TAMS 0x0000000080e00000| PB 0x0000000080e00000| Untracked 
|  15|0x0000000080f00000, 0x0000000081000000, 0x0000000081000000|100%| O|  |TAMS 0x0000000080f00000| PB 0x0000000080f00000| Untracked 
|  16|0x0000000081000000, 0x0000000081100000, 0x0000000081100000|100%| O|  |TAMS 0x0000000081000000| PB 0x0000000081000000| Untracked 
|  17|0x0000000081100000, 0x0000000081200000, 0x0000000081200000|100%| O|  |TAMS 0x0000000081100000| PB 0x0000000081100000| Untracked 
|  18|0x0000000081200000, 0x0000000081300000, 0x0000000081300000|100%| O|  |TAMS 0x0000000081200000| PB 0x0000000081200000| Untracked 
|  19|0x0000000081300000, 0x0000000081400000, 0x0000000081400000|100%| O|  |TAMS 0x0000000081300000| PB 0x0000000081300000| Untracked 
|  20|0x0000000081400000, 0x0000000081500000, 0x0000000081500000|100%| O|  |TAMS 0x0000000081400000| PB 0x0000000081400000| Untracked 
|  21|0x0000000081500000, 0x0000000081600000, 0x0000000081600000|100%| O|  |TAMS 0x0000000081500000| PB 0x0000000081500000| Untracked 
|  22|0x0000000081600000, 0x0000000081700000, 0x0000000081700000|100%| O|  |TAMS 0x0000000081600000| PB 0x0000000081600000| Untracked 
|  23|0x0000000081700000, 0x0000000081800000, 0x0000000081800000|100%|HS|  |TAMS 0x0000000081700000| PB 0x0000000081700000| Complete 
|  24|0x0000000081800000, 0x0000000081900000, 0x0000000081900000|100%|HC|  |TAMS 0x0000000081800000| PB 0x0000000081800000| Complete 
|  25|0x0000000081900000, 0x0000000081a00000, 0x0000000081a00000|100%|HC|  |TAMS 0x0000000081900000| PB 0x0000000081900000| Complete 
|  26|0x0000000081a00000, 0x0000000081b00000, 0x0000000081b00000|100%|HC|  |TAMS 0x0000000081a00000| PB 0x0000000081a00000| Complete 
|  27|0x0000000081b00000, 0x0000000081c00000, 0x0000000081c00000|100%|HC|  |TAMS 0x0000000081b00000| PB 0x0000000081b00000| Complete 
|  28|0x0000000081c00000, 0x0000000081d00000, 0x0000000081d00000|100%|HC|  |TAMS 0x0000000081c00000| PB 0x0000000081c00000| Complete 
|  29|0x0000000081d00000, 0x0000000081e00000, 0x0000000081e00000|100%|HS|  |TAMS 0x0000000081d00000| PB 0x0000000081d00000| Complete 
|  30|0x0000000081e00000, 0x0000000081f00000, 0x0000000081f00000|100%|HC|  |TAMS 0x0000000081e00000| PB 0x0000000081e00000| Complete 
|  31|0x0000000081f00000, 0x0000000082000000, 0x0000000082000000|100%|HS|  |TAMS 0x0000000081f00000| PB 0x0000000081f00000| Complete 
|  32|0x0000000082000000, 0x0000000082100000, 0x0000000082100000|100%|HS|  |TAMS 0x0000000082000000| PB 0x0000000082000000| Complete 
|  33|0x0000000082100000, 0x0000000082200000, 0x0000000082200000|100%|HC|  |TAMS 0x0000000082100000| PB 0x0000000082100000| Complete 
|  34|0x0000000082200000, 0x0000000082300000, 0x0000000082300000|100%|HC|  |TAMS 0x0000000082200000| PB 0x0000000082200000| Complete 
|  35|0x0000000082300000, 0x0000000082400000, 0x0000000082400000|100%|HC|  |TAMS 0x0000000082300000| PB 0x0000000082300000| Complete 
|  36|0x0000000082400000, 0x0000000082500000, 0x0000000082500000|100%|HC|  |TAMS 0x0000000082400000| PB 0x0000000082400000| Complete 
|  37|0x0000000082500000, 0x0000000082600000, 0x0000000082600000|100%|HC|  |TAMS 0x0000000082500000| PB 0x0000000082500000| Complete 
|  38|0x0000000082600000, 0x0000000082700000, 0x0000000082700000|100%| O|  |TAMS 0x0000000082600000| PB 0x0000000082600000| Untracked 
|  39|0x0000000082700000, 0x0000000082800000, 0x0000000082800000|100%|HS|  |TAMS 0x0000000082700000| PB 0x0000000082700000| Complete 
|  40|0x0000000082800000, 0x0000000082900000, 0x0000000082900000|100%| O|  |TAMS 0x0000000082800000| PB 0x0000000082800000| Untracked 
|  41|0x0000000082900000, 0x0000000082a00000, 0x0000000082a00000|100%| O|  |TAMS 0x0000000082900000| PB 0x0000000082900000| Untracked 
|  42|0x0000000082a00000, 0x0000000082b00000, 0x0000000082b00000|100%| O|  |TAMS 0x0000000082a00000| PB 0x0000000082a00000| Untracked 
|  43|0x0000000082b00000, 0x0000000082c00000, 0x0000000082c00000|100%| O|  |TAMS 0x0000000082b00000| PB 0x0000000082b00000| Untracked 
|  44|0x0000000082c00000, 0x0000000082d00000, 0x0000000082d00000|100%| O|  |TAMS 0x0000000082c00000| PB 0x0000000082c00000| Untracked 
|  45|0x0000000082d00000, 0x0000000082e00000, 0x0000000082e00000|100%| O|  |TAMS 0x0000000082d00000| PB 0x0000000082d00000| Untracked 
|  46|0x0000000082e00000, 0x0000000082f00000, 0x0000000082f00000|100%| O|  |TAMS 0x0000000082e00000| PB 0x0000000082e00000| Untracked 
|  47|0x0000000082f00000, 0x0000000083000000, 0x0000000083000000|100%| O|  |TAMS 0x0000000082f00000| PB 0x0000000082f00000| Untracked 
|  48|0x0000000083000000, 0x0000000083100000, 0x0000000083100000|100%| O|  |TAMS 0x0000000083000000| PB 0x0000000083000000| Untracked 
|  49|0x0000000083100000, 0x0000000083200000, 0x0000000083200000|100%| O|  |TAMS 0x0000000083100000| PB 0x0000000083100000| Untracked 
|  50|0x0000000083200000, 0x0000000083300000, 0x0000000083300000|100%| O|  |TAMS 0x0000000083200000| PB 0x0000000083200000| Untracked 
|  51|0x0000000083300000, 0x0000000083400000, 0x0000000083400000|100%| O|  |TAMS 0x0000000083300000| PB 0x0000000083300000| Untracked 
|  52|0x0000000083400000, 0x0000000083500000, 0x0000000083500000|100%| O|  |TAMS 0x0000000083400000| PB 0x0000000083400000| Untracked 
|  53|0x0000000083500000, 0x0000000083600000, 0x0000000083600000|100%| O|  |TAMS 0x0000000083500000| PB 0x0000000083500000| Untracked 
|  54|0x0000000083600000, 0x0000000083700000, 0x0000000083700000|100%| O|  |TAMS 0x0000000083600000| PB 0x0000000083600000| Untracked 
|  55|0x0000000083700000, 0x0000000083800000, 0x0000000083800000|100%| O|  |TAMS 0x0000000083700000| PB 0x0000000083700000| Untracked 
|  56|0x0000000083800000, 0x0000000083900000, 0x0000000083900000|100%|HS|  |TAMS 0x0000000083800000| PB 0x0000000083800000| Complete 
|  57|0x0000000083900000, 0x0000000083a00000, 0x0000000083a00000|100%|HC|  |TAMS 0x0000000083900000| PB 0x0000000083900000| Complete 
|  58|0x0000000083a00000, 0x0000000083b00000, 0x0000000083b00000|100%| O|  |TAMS 0x0000000083a00000| PB 0x0000000083a00000| Untracked 
|  59|0x0000000083b00000, 0x0000000083c00000, 0x0000000083c00000|100%| O|  |TAMS 0x0000000083b00000| PB 0x0000000083b00000| Untracked 
|  60|0x0000000083c00000, 0x0000000083d00000, 0x0000000083d00000|100%| O|  |TAMS 0x0000000083c00000| PB 0x0000000083c00000| Untracked 
|  61|0x0000000083d00000, 0x0000000083e00000, 0x0000000083e00000|100%| O|  |TAMS 0x0000000083d00000| PB 0x0000000083d00000| Untracked 
|  62|0x0000000083e00000, 0x0000000083f00000, 0x0000000083f00000|100%| O|  |TAMS 0x0000000083e00000| PB 0x0000000083e00000| Untracked 
|  63|0x0000000083f00000, 0x0000000084000000, 0x0000000084000000|100%| O|  |TAMS 0x0000000083f00000| PB 0x0000000083f00000| Untracked 
|  64|0x0000000084000000, 0x0000000084000000, 0x0000000084100000|  0%| F|  |TAMS 0x0000000084000000| PB 0x0000000084000000| Untracked 
|  65|0x0000000084100000, 0x0000000084200000, 0x0000000084200000|100%| O|  |TAMS 0x0000000084100000| PB 0x0000000084100000| Untracked 
|  66|0x0000000084200000, 0x0000000084300000, 0x0000000084300000|100%| O|  |TAMS 0x0000000084200000| PB 0x0000000084200000| Untracked 
|  67|0x0000000084300000, 0x0000000084400000, 0x0000000084400000|100%| O|  |TAMS 0x0000000084300000| PB 0x0000000084300000| Untracked 
|  68|0x0000000084400000, 0x0000000084500000, 0x0000000084500000|100%| O|  |TAMS 0x0000000084400000| PB 0x0000000084400000| Untracked 
|  69|0x0000000084500000, 0x0000000084600000, 0x0000000084600000|100%| O|  |TAMS 0x0000000084500000| PB 0x0000000084500000| Untracked 
|  70|0x0000000084600000, 0x0000000084700000, 0x0000000084700000|100%| O|  |TAMS 0x0000000084600000| PB 0x0000000084600000| Untracked 
|  71|0x0000000084700000, 0x0000000084700000, 0x0000000084800000|  0%| F|  |TAMS 0x0000000084700000| PB 0x0000000084700000| Untracked 
|  72|0x0000000084800000, 0x0000000084800000, 0x0000000084900000|  0%| F|  |TAMS 0x0000000084800000| PB 0x0000000084800000| Untracked 
|  73|0x0000000084900000, 0x0000000084900000, 0x0000000084a00000|  0%| F|  |TAMS 0x0000000084900000| PB 0x0000000084900000| Untracked 
|  74|0x0000000084a00000, 0x0000000084b00000, 0x0000000084b00000|100%| O|  |TAMS 0x0000000084a00000| PB 0x0000000084a00000| Untracked 
|  75|0x0000000084b00000, 0x0000000084c00000, 0x0000000084c00000|100%|HS|  |TAMS 0x0000000084b00000| PB 0x0000000084b00000| Complete 
|  76|0x0000000084c00000, 0x0000000084d00000, 0x0000000084d00000|100%|HC|  |TAMS 0x0000000084c00000| PB 0x0000000084c00000| Complete 
|  77|0x0000000084d00000, 0x0000000084dd6310, 0x0000000084e00000| 83%| O|  |TAMS 0x0000000084d00000| PB 0x0000000084d00000| Untracked 
|  78|0x0000000084e00000, 0x0000000084e00000, 0x0000000084f00000|  0%| F|  |TAMS 0x0000000084e00000| PB 0x0000000084e00000| Untracked 
|  79|0x0000000084f00000, 0x0000000084f00000, 0x0000000085000000|  0%| F|  |TAMS 0x0000000084f00000| PB 0x0000000084f00000| Untracked 
|  80|0x0000000085000000, 0x0000000085000000, 0x0000000085100000|  0%| F|  |TAMS 0x0000000085000000| PB 0x0000000085000000| Untracked 
|  81|0x0000000085100000, 0x0000000085100000, 0x0000000085200000|  0%| F|  |TAMS 0x0000000085100000| PB 0x0000000085100000| Untracked 
|  82|0x0000000085200000, 0x0000000085200000, 0x0000000085300000|  0%| F|  |TAMS 0x0000000085200000| PB 0x0000000085200000| Untracked 
|  83|0x0000000085300000, 0x0000000085300000, 0x0000000085400000|  0%| F|  |TAMS 0x0000000085300000| PB 0x0000000085300000| Untracked 
|  84|0x0000000085400000, 0x0000000085400000, 0x0000000085500000|  0%| F|  |TAMS 0x0000000085400000| PB 0x0000000085400000| Untracked 
|  85|0x0000000085500000, 0x0000000085500000, 0x0000000085600000|  0%| F|  |TAMS 0x0000000085500000| PB 0x0000000085500000| Untracked 
|  86|0x0000000085600000, 0x0000000085600000, 0x0000000085700000|  0%| F|  |TAMS 0x0000000085600000| PB 0x0000000085600000| Untracked 
|  87|0x0000000085700000, 0x0000000085700000, 0x0000000085800000|  0%| F|  |TAMS 0x0000000085700000| PB 0x0000000085700000| Untracked 
|  88|0x0000000085800000, 0x0000000085800000, 0x0000000085900000|  0%| F|  |TAMS 0x0000000085800000| PB 0x0000000085800000| Untracked 
|  89|0x0000000085900000, 0x0000000085900000, 0x0000000085a00000|  0%| F|  |TAMS 0x0000000085900000| PB 0x0000000085900000| Untracked 
|  90|0x0000000085a00000, 0x0000000085a00000, 0x0000000085b00000|  0%| F|  |TAMS 0x0000000085a00000| PB 0x0000000085a00000| Untracked 
|  91|0x0000000085b00000, 0x0000000085b00000, 0x0000000085c00000|  0%| F|  |TAMS 0x0000000085b00000| PB 0x0000000085b00000| Untracked 
|  92|0x0000000085c00000, 0x0000000085c00000, 0x0000000085d00000|  0%| F|  |TAMS 0x0000000085c00000| PB 0x0000000085c00000| Untracked 
|  93|0x0000000085d00000, 0x0000000085d00000, 0x0000000085e00000|  0%| F|  |TAMS 0x0000000085d00000| PB 0x0000000085d00000| Untracked 
|  94|0x0000000085e00000, 0x0000000085e00000, 0x0000000085f00000|  0%| F|  |TAMS 0x0000000085e00000| PB 0x0000000085e00000| Untracked 
|  95|0x0000000085f00000, 0x0000000085f00000, 0x0000000086000000|  0%| F|  |TAMS 0x0000000085f00000| PB 0x0000000085f00000| Untracked 
|  96|0x0000000086000000, 0x0000000086000000, 0x0000000086100000|  0%| F|  |TAMS 0x0000000086000000| PB 0x0000000086000000| Untracked 
|  97|0x0000000086100000, 0x0000000086100000, 0x0000000086200000|  0%| F|  |TAMS 0x0000000086100000| PB 0x0000000086100000| Untracked 
|  98|0x0000000086200000, 0x0000000086200000, 0x0000000086300000|  0%| F|  |TAMS 0x0000000086200000| PB 0x0000000086200000| Untracked 
|  99|0x0000000086300000, 0x0000000086300000, 0x0000000086400000|  0%| F|  |TAMS 0x0000000086300000| PB 0x0000000086300000| Untracked 
| 100|0x0000000086400000, 0x0000000086400000, 0x0000000086500000|  0%| F|  |TAMS 0x0000000086400000| PB 0x0000000086400000| Untracked 
| 101|0x0000000086500000, 0x0000000086500000, 0x0000000086600000|  0%| F|  |TAMS 0x0000000086500000| PB 0x0000000086500000| Untracked 
| 102|0x0000000086600000, 0x0000000086600000, 0x0000000086700000|  0%| F|  |TAMS 0x0000000086600000| PB 0x0000000086600000| Untracked 
| 103|0x0000000086700000, 0x0000000086700000, 0x0000000086800000|  0%| F|  |TAMS 0x0000000086700000| PB 0x0000000086700000| Untracked 
| 104|0x0000000086800000, 0x0000000086800000, 0x0000000086900000|  0%| F|  |TAMS 0x0000000086800000| PB 0x0000000086800000| Untracked 
| 105|0x0000000086900000, 0x00000000869a4610, 0x0000000086a00000| 64%| S|CS|TAMS 0x0000000086900000| PB 0x0000000086900000| Complete 
| 106|0x0000000086a00000, 0x0000000086b00000, 0x0000000086b00000|100%| S|CS|TAMS 0x0000000086a00000| PB 0x0000000086a00000| Complete 
| 107|0x0000000086b00000, 0x0000000086c00000, 0x0000000086c00000|100%| S|CS|TAMS 0x0000000086b00000| PB 0x0000000086b00000| Complete 
| 108|0x0000000086c00000, 0x0000000086c00000, 0x0000000086d00000|  0%| F|  |TAMS 0x0000000086c00000| PB 0x0000000086c00000| Untracked 
| 109|0x0000000086d00000, 0x0000000086d00000, 0x0000000086e00000|  0%| F|  |TAMS 0x0000000086d00000| PB 0x0000000086d00000| Untracked 
| 110|0x0000000086e00000, 0x0000000086e00000, 0x0000000086f00000|  0%| F|  |TAMS 0x0000000086e00000| PB 0x0000000086e00000| Untracked 
| 111|0x0000000086f00000, 0x0000000086f00000, 0x0000000087000000|  0%| F|  |TAMS 0x0000000086f00000| PB 0x0000000086f00000| Untracked 
| 112|0x0000000087000000, 0x0000000087000000, 0x0000000087100000|  0%| F|  |TAMS 0x0000000087000000| PB 0x0000000087000000| Untracked 
| 113|0x0000000087100000, 0x0000000087100000, 0x0000000087200000|  0%| F|  |TAMS 0x0000000087100000| PB 0x0000000087100000| Untracked 
| 114|0x0000000087200000, 0x0000000087200000, 0x0000000087300000|  0%| F|  |TAMS 0x0000000087200000| PB 0x0000000087200000| Untracked 
| 115|0x0000000087300000, 0x0000000087300000, 0x0000000087400000|  0%| F|  |TAMS 0x0000000087300000| PB 0x0000000087300000| Untracked 
| 116|0x0000000087400000, 0x0000000087400000, 0x0000000087500000|  0%| F|  |TAMS 0x0000000087400000| PB 0x0000000087400000| Untracked 
| 117|0x0000000087500000, 0x0000000087500000, 0x0000000087600000|  0%| F|  |TAMS 0x0000000087500000| PB 0x0000000087500000| Untracked 
| 118|0x0000000087600000, 0x0000000087600000, 0x0000000087700000|  0%| F|  |TAMS 0x0000000087600000| PB 0x0000000087600000| Untracked 
| 119|0x0000000087700000, 0x0000000087700000, 0x0000000087800000|  0%| F|  |TAMS 0x0000000087700000| PB 0x0000000087700000| Untracked 
| 120|0x0000000087800000, 0x0000000087800000, 0x0000000087900000|  0%| F|  |TAMS 0x0000000087800000| PB 0x0000000087800000| Untracked 
| 121|0x0000000087900000, 0x0000000087900000, 0x0000000087a00000|  0%| F|  |TAMS 0x0000000087900000| PB 0x0000000087900000| Untracked 
| 122|0x0000000087a00000, 0x0000000087a00000, 0x0000000087b00000|  0%| F|  |TAMS 0x0000000087a00000| PB 0x0000000087a00000| Untracked 
| 123|0x0000000087b00000, 0x0000000087b00000, 0x0000000087c00000|  0%| F|  |TAMS 0x0000000087b00000| PB 0x0000000087b00000| Untracked 
| 124|0x0000000087c00000, 0x0000000087c00000, 0x0000000087d00000|  0%| F|  |TAMS 0x0000000087c00000| PB 0x0000000087c00000| Untracked 
| 125|0x0000000087d00000, 0x0000000087d00000, 0x0000000087e00000|  0%| F|  |TAMS 0x0000000087d00000| PB 0x0000000087d00000| Untracked 
| 126|0x0000000087e00000, 0x0000000087e00000, 0x0000000087f00000|  0%| F|  |TAMS 0x0000000087e00000| PB 0x0000000087e00000| Untracked 
| 127|0x0000000087f00000, 0x0000000087f00000, 0x0000000088000000|  0%| F|  |TAMS 0x0000000087f00000| PB 0x0000000087f00000| Untracked 
| 128|0x0000000088000000, 0x0000000088000000, 0x0000000088100000|  0%| F|  |TAMS 0x0000000088000000| PB 0x0000000088000000| Untracked 
| 129|0x0000000088100000, 0x0000000088100000, 0x0000000088200000|  0%| F|  |TAMS 0x0000000088100000| PB 0x0000000088100000| Untracked 
| 130|0x0000000088200000, 0x0000000088200000, 0x0000000088300000|  0%| F|  |TAMS 0x0000000088200000| PB 0x0000000088200000| Untracked 
| 131|0x0000000088300000, 0x0000000088300000, 0x0000000088400000|  0%| F|  |TAMS 0x0000000088300000| PB 0x0000000088300000| Untracked 
| 132|0x0000000088400000, 0x0000000088400000, 0x0000000088500000|  0%| F|  |TAMS 0x0000000088400000| PB 0x0000000088400000| Untracked 
| 133|0x0000000088500000, 0x0000000088500000, 0x0000000088600000|  0%| F|  |TAMS 0x0000000088500000| PB 0x0000000088500000| Untracked 
| 134|0x0000000088600000, 0x0000000088600000, 0x0000000088700000|  0%| F|  |TAMS 0x0000000088600000| PB 0x0000000088600000| Untracked 
| 135|0x0000000088700000, 0x0000000088700000, 0x0000000088800000|  0%| F|  |TAMS 0x0000000088700000| PB 0x0000000088700000| Untracked 
| 136|0x0000000088800000, 0x0000000088800000, 0x0000000088900000|  0%| F|  |TAMS 0x0000000088800000| PB 0x0000000088800000| Untracked 
| 137|0x0000000088900000, 0x0000000088900000, 0x0000000088a00000|  0%| F|  |TAMS 0x0000000088900000| PB 0x0000000088900000| Untracked 
|2037|0x00000000ff500000, 0x00000000ff500000, 0x00000000ff600000|  0%| F|  |TAMS 0x00000000ff500000| PB 0x00000000ff500000| Untracked 
|2038|0x00000000ff600000, 0x00000000ff700000, 0x00000000ff700000|100%| O|  |TAMS 0x00000000ff600000| PB 0x00000000ff600000| Untracked 
|2039|0x00000000ff700000, 0x00000000ff800000, 0x00000000ff800000|100%| O|  |TAMS 0x00000000ff700000| PB 0x00000000ff700000| Untracked 
|2040|0x00000000ff800000, 0x00000000ff900000, 0x00000000ff900000|100%| O|  |TAMS 0x00000000ff800000| PB 0x00000000ff800000| Untracked 
|2041|0x00000000ff900000, 0x00000000ffa00000, 0x00000000ffa00000|100%| O|  |TAMS 0x00000000ff900000| PB 0x00000000ff900000| Untracked 
|2042|0x00000000ffa00000, 0x00000000ffb00000, 0x00000000ffb00000|100%| O|  |TAMS 0x00000000ffa00000| PB 0x00000000ffa00000| Untracked 
|2043|0x00000000ffb00000, 0x00000000ffc00000, 0x00000000ffc00000|100%| O|  |TAMS 0x00000000ffb00000| PB 0x00000000ffb00000| Untracked 
|2044|0x00000000ffc00000, 0x00000000ffd00000, 0x00000000ffd00000|100%| O|  |TAMS 0x00000000ffc00000| PB 0x00000000ffc00000| Untracked 
|2045|0x00000000ffd00000, 0x00000000ffe00000, 0x00000000ffe00000|100%| O|  |TAMS 0x00000000ffd00000| PB 0x00000000ffd00000| Untracked 
|2046|0x00000000ffe00000, 0x00000000fff00000, 0x00000000fff00000|100%| O|  |TAMS 0x00000000ffe00000| PB 0x00000000ffe00000| Untracked 
|2047|0x00000000fff00000, 0x0000000100000000, 0x0000000100000000|100%| O|  |TAMS 0x00000000fff00000| PB 0x00000000fff00000| Untracked 

Card table byte_map: [0x000002b477220000,0x000002b477620000] _byte_map_base: 0x000002b476e20000

Marking Bits: (CMBitMap*) 0x000002b4737f5570
 Bits: [0x000002b477620000, 0x000002b479620000)

Polling page: 0x000002b4714b0000

Metaspace:

Usage:
  Non-class:     56.44 MB used.
      Class:      9.20 MB used.
       Both:     65.64 MB used.

Virtual space:
  Non-class space:       64.00 MB reserved,      57.25 MB ( 89%) committed,  1 nodes.
      Class space:        1.00 GB reserved,       9.94 MB ( <1%) committed,  1 nodes.
             Both:        1.06 GB reserved,      67.19 MB (  6%) committed. 

Chunk freelists:
   Non-Class:  6.77 MB
       Class:  5.89 MB
        Both:  12.66 MB

MaxMetaspaceSize: unlimited
CompressedClassSpaceSize: 1.00 GB
Initial GC threshold: 21.00 MB
Current GC threshold: 112.00 MB
CDS: off
 - commit_granule_bytes: 65536.
 - commit_granule_words: 8192.
 - virtual_space_node_default_size: 8388608.
 - enlarge_chunks_in_place: 1.
 - use_allocation_guard: 0.


Internal statistics:

num_allocs_failed_limit: 9.
num_arena_births: 3038.
num_arena_deaths: 4.
num_vsnodes_births: 2.
num_vsnodes_deaths: 0.
num_space_committed: 1075.
num_space_uncommitted: 0.
num_chunks_returned_to_freelist: 14.
num_chunks_taken_from_freelist: 5801.
num_chunk_merges: 6.
num_chunk_splits: 3718.
num_chunks_enlarged: 2269.
num_inconsistent_stats: 0.

CodeHeap 'non-profiled nmethods': size=120000Kb used=4704Kb max_used=5100Kb free=115295Kb
 bounds [0x000002b407ad0000, 0x000002b407fd0000, 0x000002b40f000000]
CodeHeap 'profiled nmethods': size=120000Kb used=13097Kb max_used=13823Kb free=106902Kb
 bounds [0x000002b400000000, 0x000002b400d80000, 0x000002b407530000]
CodeHeap 'non-nmethods': size=5760Kb used=1875Kb max_used=1943Kb free=3884Kb
 bounds [0x000002b407530000, 0x000002b4077a0000, 0x000002b407ad0000]
CodeCache: size=245760Kb, used=19676Kb, max_used=20866Kb, free=226081Kb
 total_blobs=8179, nmethods=7412, adapters=671, full_count=0
Compilation: enabled, stopped_count=0, restarted_count=0

Compilation events (20 events):
Event: 36.250 Thread 0x000002b47c516cf0 nmethod 9405 0x000002b40078fc90 code [0x000002b40078fe60, 0x000002b4007900a8]
Event: 36.253 Thread 0x000002b47c516cf0 9407       2       java.util.RegularEnumSet::iterator (9 bytes)
Event: 36.253 Thread 0x000002b47c516cf0 nmethod 9407 0x000002b400b2a790 code [0x000002b400b2a940, 0x000002b400b2aaf8]
Event: 36.253 Thread 0x000002b47c516cf0 9408       2       java.util.RegularEnumSet$EnumSetIterator::<init> (23 bytes)
Event: 36.253 Thread 0x000002b47c516cf0 nmethod 9408 0x000002b400c0b590 code [0x000002b400c0b720, 0x000002b400c0b888]
Event: 36.253 Thread 0x000002b47c516cf0 9409       2       org.gradle.cache.internal.filelock.DefaultLockStateSerializer$SequenceNumberLockState::isDirty (27 bytes)
Event: 36.253 Thread 0x000002b47c516cf0 nmethod 9409 0x000002b400c0cd10 code [0x000002b400c0cea0, 0x000002b400c0cfd8]
Event: 36.255 Thread 0x000002b47c516cf0 9410       2       com.google.common.cache.LocalCache$LocalManualCache$1::load (10 bytes)
Event: 36.255 Thread 0x000002b47c516cf0 nmethod 9410 0x000002b400936b10 code [0x000002b400936cc0, 0x000002b400936df8]
Event: 36.255 Thread 0x000002b47c516cf0 9411       2       java.util.concurrent.locks.AbstractQueuedSynchronizer$ConditionObject::doSignal (62 bytes)
Event: 36.255 Thread 0x000002b47c516cf0 nmethod 9411 0x000002b400793090 code [0x000002b400793260, 0x000002b400793540]
Event: 36.255 Thread 0x000002b47c516cf0 9412       2       org.gradle.cache.internal.DefaultFileLockManager$DefaultFileLock::assertOpenAndIntegral (41 bytes)
Event: 36.256 Thread 0x000002b47c516cf0 nmethod 9412 0x000002b400a49f90 code [0x000002b400a4a1e0, 0x000002b400a4a8f8]
Event: 36.258 Thread 0x000002b47c516cf0 9413       2       com.google.common.collect.ImmutableSortedMap::lambda$fromEntries$0 (29 bytes)
Event: 36.258 Thread 0x000002b47c516cf0 nmethod 9413 0x000002b40030be90 code [0x000002b40030c080, 0x000002b40030c370]
Event: 36.260 Thread 0x000002b47c516cf0 9414       3       org.gradle.internal.classpath.transforms.InstrumentingClassTransform$InstrumentingMethodVisitor::visitInvokeDynamicInsn (109 bytes)
Event: 36.261 Thread 0x000002b47c516cf0 nmethod 9414 0x000002b400ae4010 code [0x000002b400ae42e0, 0x000002b400ae4e88]
Event: 36.261 Thread 0x000002b47c516cf0 9415       3       org.gradle.internal.classpath.transforms.InstrumentingClassTransform$InstrumentingMethodVisitor::isGroovyIndyCallsite (57 bytes)
Event: 36.262 Thread 0x000002b47c516cf0 nmethod 9415 0x000002b400287210 code [0x000002b400287420, 0x000002b400287880]
Event: 36.262 Thread 0x000002b47c516cf0 9416       3       org.gradle.internal.classpath.transforms.InstrumentingClassTransform$InstrumentingVisitor::maybeBuildBridgeMethod (117 bytes)

GC Heap History (20 events):
Event: 25.469 GC heap after
{Heap after GC invocations=35 (full 0):
 garbage-first heap   total 141312K, used 66458K [0x0000000080000000, 0x0000000100000000)
  region size 1024K, 2 young (2048K), 2 survivors (2048K)
 Metaspace       used 59078K, committed 60608K, reserved 1114112K
  class space    used 8380K, committed 9088K, reserved 1048576K
}
Event: 27.958 GC heap before
{Heap before GC invocations=35 (full 0):
 garbage-first heap   total 141312K, used 131994K [0x0000000080000000, 0x0000000100000000)
  region size 1024K, 66 young (67584K), 2 survivors (2048K)
 Metaspace       used 59081K, committed 60608K, reserved 1114112K
  class space    used 8380K, committed 9088K, reserved 1048576K
}
Event: 27.965 GC heap after
{Heap after GC invocations=36 (full 0):
 garbage-first heap   total 141312K, used 66654K [0x0000000080000000, 0x0000000100000000)
  region size 1024K, 2 young (2048K), 2 survivors (2048K)
 Metaspace       used 59081K, committed 60608K, reserved 1114112K
  class space    used 8380K, committed 9088K, reserved 1048576K
}
Event: 29.839 GC heap before
{Heap before GC invocations=36 (full 0):
 garbage-first heap   total 141312K, used 120926K [0x0000000080000000, 0x0000000100000000)
  region size 1024K, 56 young (57344K), 2 survivors (2048K)
 Metaspace       used 60349K, committed 61888K, reserved 1114112K
  class space    used 8533K, committed 9280K, reserved 1048576K
}
Event: 29.870 GC heap after
{Heap after GC invocations=37 (full 0):
 garbage-first heap   total 141312K, used 65385K [0x0000000080000000, 0x0000000100000000)
  region size 1024K, 3 young (3072K), 3 survivors (3072K)
 Metaspace       used 60349K, committed 61888K, reserved 1114112K
  class space    used 8533K, committed 9280K, reserved 1048576K
}
Event: 32.615 GC heap before
{Heap before GC invocations=38 (full 0):
 garbage-first heap   total 141312K, used 132969K [0x0000000080000000, 0x0000000100000000)
  region size 1024K, 68 young (69632K), 3 survivors (3072K)
 Metaspace       used 66287K, committed 67904K, reserved 1114112K
  class space    used 9364K, committed 10112K, reserved 1048576K
}
Event: 32.634 GC heap after
{Heap after GC invocations=39 (full 0):
 garbage-first heap   total 141312K, used 70649K [0x0000000080000000, 0x0000000100000000)
  region size 1024K, 6 young (6144K), 6 survivors (6144K)
 Metaspace       used 66287K, committed 67904K, reserved 1114112K
  class space    used 9364K, committed 10112K, reserved 1048576K
}
Event: 32.940 GC heap before
{Heap before GC invocations=39 (full 0):
 garbage-first heap   total 141312K, used 132089K [0x0000000080000000, 0x0000000100000000)
  region size 1024K, 66 young (67584K), 6 survivors (6144K)
 Metaspace       used 66363K, committed 67968K, reserved 1114112K
  class space    used 9364K, committed 10112K, reserved 1048576K
}
Event: 32.949 GC heap after
{Heap after GC invocations=40 (full 0):
 garbage-first heap   total 142336K, used 72047K [0x0000000080000000, 0x0000000100000000)
  region size 1024K, 7 young (7168K), 7 survivors (7168K)
 Metaspace       used 66363K, committed 67968K, reserved 1114112K
  class space    used 9364K, committed 10112K, reserved 1048576K
}
Event: 33.399 GC heap before
{Heap before GC invocations=40 (full 0):
 garbage-first heap   total 142336K, used 132463K [0x0000000080000000, 0x0000000100000000)
  region size 1024K, 66 young (67584K), 7 survivors (7168K)
 Metaspace       used 66601K, committed 68224K, reserved 1114112K
  class space    used 9391K, committed 10176K, reserved 1048576K
}
Event: 33.409 GC heap after
{Heap after GC invocations=41 (full 0):
 garbage-first heap   total 142336K, used 73021K [0x0000000080000000, 0x0000000100000000)
  region size 1024K, 4 young (4096K), 4 survivors (4096K)
 Metaspace       used 66601K, committed 68224K, reserved 1114112K
  class space    used 9391K, committed 10176K, reserved 1048576K
}
Event: 34.371 GC heap before
{Heap before GC invocations=42 (full 0):
 garbage-first heap   total 142336K, used 132413K [0x0000000080000000, 0x0000000100000000)
  region size 1024K, 63 young (64512K), 4 survivors (4096K)
 Metaspace       used 66839K, committed 68480K, reserved 1114112K
  class space    used 9416K, committed 10176K, reserved 1048576K
}
Event: 34.376 GC heap after
{Heap after GC invocations=43 (full 0):
 garbage-first heap   total 142336K, used 75626K [0x0000000080000000, 0x0000000100000000)
  region size 1024K, 6 young (6144K), 6 survivors (6144K)
 Metaspace       used 66839K, committed 68480K, reserved 1114112K
  class space    used 9416K, committed 10176K, reserved 1048576K
}
Event: 34.814 GC heap before
{Heap before GC invocations=43 (full 0):
 garbage-first heap   total 142336K, used 132970K [0x0000000080000000, 0x0000000100000000)
  region size 1024K, 63 young (64512K), 6 survivors (6144K)
 Metaspace       used 67122K, committed 68672K, reserved 1114112K
  class space    used 9430K, committed 10176K, reserved 1048576K
}
Event: 35.842 GC heap after
{Heap after GC invocations=44 (full 0):
 garbage-first heap   total 151552K, used 85971K [0x0000000080000000, 0x0000000100000000)
  region size 1024K, 8 young (8192K), 8 survivors (8192K)
 Metaspace       used 67122K, committed 68672K, reserved 1114112K
  class space    used 9430K, committed 10176K, reserved 1048576K
}
Event: 35.916 GC heap before
{Heap before GC invocations=44 (full 0):
 garbage-first heap   total 151552K, used 135123K [0x0000000080000000, 0x0000000100000000)
  region size 1024K, 57 young (58368K), 8 survivors (8192K)
 Metaspace       used 67183K, committed 68800K, reserved 1114112K
  class space    used 9430K, committed 10176K, reserved 1048576K
}
Event: 35.924 GC heap after
{Heap after GC invocations=45 (full 0):
 garbage-first heap   total 151552K, used 89343K [0x0000000080000000, 0x0000000100000000)
  region size 1024K, 4 young (4096K), 4 survivors (4096K)
 Metaspace       used 67183K, committed 68800K, reserved 1114112K
  class space    used 9430K, committed 10176K, reserved 1048576K
}
Event: 36.210 GC heap before
{Heap before GC invocations=46 (full 0):
 garbage-first heap   total 152576K, used 136447K [0x0000000080000000, 0x0000000100000000)
  region size 1024K, 50 young (51200K), 4 survivors (4096K)
 Metaspace       used 67206K, committed 68800K, reserved 1114112K
  class space    used 9424K, committed 10176K, reserved 1048576K
}
Event: 36.212 GC heap after
{Heap after GC invocations=47 (full 0):
 garbage-first heap   total 152576K, used 89022K [0x0000000080000000, 0x0000000100000000)
  region size 1024K, 3 young (3072K), 3 survivors (3072K)
 Metaspace       used 67206K, committed 68800K, reserved 1114112K
  class space    used 9424K, committed 10176K, reserved 1048576K
}
Event: 36.262 GC heap before
{Heap before GC invocations=47 (full 0):
 garbage-first heap   total 152576K, used 118718K [0x0000000080000000, 0x0000000100000000)
  region size 1024K, 33 young (33792K), 3 survivors (3072K)
 Metaspace       used 67219K, committed 68800K, reserved 1114112K
  class space    used 9424K, committed 10176K, reserved 1048576K
}

Dll operation events (3 events):
Event: 0.185 Loaded shared library C:\Program Files\Android\Android Studio\jbr\bin\java.dll
Event: 0.214 Loaded shared library C:\Program Files\Android\Android Studio\jbr\bin\zip.dll
Event: 2.054 Loaded shared library C:\Program Files\Android\Android Studio\jbr\bin\verify.dll

Deoptimization events (20 events):
Event: 36.234 Thread 0x000002b47ebadf50 DEOPT PACKING pc=0x000002b400d70921 sp=0x000000ffab9f2b40
Event: 36.234 Thread 0x000002b47ebadf50 DEOPT UNPACKING pc=0x000002b407584b42 sp=0x000000ffab9f2250 mode 0
Event: 36.245 Thread 0x000002b47ebadf50 DEOPT PACKING pc=0x000002b400d70921 sp=0x000000ffab9f2b40
Event: 36.245 Thread 0x000002b47ebadf50 DEOPT UNPACKING pc=0x000002b407584b42 sp=0x000000ffab9f2250 mode 0
Event: 36.248 Thread 0x000002b47ebadf50 DEOPT PACKING pc=0x000002b400d70921 sp=0x000000ffab9f2b40
Event: 36.248 Thread 0x000002b47ebadf50 DEOPT UNPACKING pc=0x000002b407584b42 sp=0x000000ffab9f2250 mode 0
Event: 36.251 Thread 0x000002b47df83ca0 DEOPT PACKING pc=0x000002b400d6f792 sp=0x000000ffaeaf9af0
Event: 36.251 Thread 0x000002b47df83ca0 DEOPT UNPACKING pc=0x000002b407584b42 sp=0x000000ffaeaf9200 mode 0
Event: 36.252 Thread 0x000002b47ebadf50 DEOPT PACKING pc=0x000002b400d6f792 sp=0x000000ffab9f2b40
Event: 36.252 Thread 0x000002b47ebadf50 DEOPT UNPACKING pc=0x000002b407584b42 sp=0x000000ffab9f2250 mode 0
Event: 36.253 Thread 0x000002b47df82f80 DEOPT PACKING pc=0x000002b400d6f792 sp=0x000000ffaecf99b0
Event: 36.253 Thread 0x000002b47df82f80 DEOPT UNPACKING pc=0x000002b407584b42 sp=0x000000ffaecf90c0 mode 0
Event: 36.255 Thread 0x000002b47df83ca0 DEOPT PACKING pc=0x000002b400d70921 sp=0x000000ffaeaf9af0
Event: 36.255 Thread 0x000002b47df83ca0 DEOPT UNPACKING pc=0x000002b407584b42 sp=0x000000ffaeaf9200 mode 0
Event: 36.257 Thread 0x000002b47df83ca0 DEOPT PACKING pc=0x000002b400d6f792 sp=0x000000ffaeaf9af0
Event: 36.257 Thread 0x000002b47df83ca0 DEOPT UNPACKING pc=0x000002b407584b42 sp=0x000000ffaeaf9200 mode 0
Event: 36.258 Thread 0x000002b47df81bd0 DEOPT PACKING pc=0x000002b400d70921 sp=0x000000ffae9f9b30
Event: 36.258 Thread 0x000002b47df81bd0 DEOPT UNPACKING pc=0x000002b407584b42 sp=0x000000ffae9f9240 mode 0
Event: 36.260 Thread 0x000002b47df83ca0 DEOPT PACKING pc=0x000002b400d6fdb2 sp=0x000000ffaeaf9af0
Event: 36.260 Thread 0x000002b47df83ca0 DEOPT UNPACKING pc=0x000002b407584b42 sp=0x000000ffaeaf9200 mode 0

Classes loaded (20 events):
Event: 31.100 Loading class java/lang/constant/MethodTypeDesc
Event: 31.100 Loading class java/lang/constant/MethodTypeDesc done
Event: 31.168 Loading class java/lang/NegativeArraySizeException
Event: 31.168 Loading class java/lang/NegativeArraySizeException done
Event: 31.234 Loading class java/security/PermissionsEnumerator
Event: 31.235 Loading class java/security/PermissionsEnumerator done
Event: 31.248 Loading class java/util/stream/ReduceOps$5
Event: 31.249 Loading class java/util/stream/ReduceOps$5 done
Event: 31.249 Loading class java/util/stream/ReduceOps$CountingSink$OfRef
Event: 31.249 Loading class java/util/stream/ReduceOps$CountingSink$OfRef done
Event: 31.407 Loading class java/io/CharArrayWriter
Event: 31.407 Loading class java/io/CharArrayWriter done
Event: 32.132 Loading class java/lang/ThreadDeath
Event: 32.133 Loading class java/lang/ThreadDeath done
Event: 32.133 Loading class sun/misc/SharedSecrets
Event: 32.133 Loading class sun/misc/SharedSecrets done
Event: 34.574 Loading class java/util/TreeMap$EntrySpliterator
Event: 34.577 Loading class java/util/TreeMap$TreeMapSpliterator
Event: 34.577 Loading class java/util/TreeMap$TreeMapSpliterator done
Event: 34.577 Loading class java/util/TreeMap$EntrySpliterator done

Classes unloaded (6 events):
Event: 35.962 Thread 0x000002b47c484bd0 Unloading class 0x0000000100a14948 '_BuildScript_$_run_closure1$_closure2'
Event: 35.962 Thread 0x000002b47c484bd0 Unloading class 0x0000000100a14528 '_BuildScript_$_run_closure1'
Event: 35.962 Thread 0x000002b47c484bd0 Unloading class 0x0000000100a14000 '_BuildScript_'
Event: 35.962 Thread 0x000002b47c484bd0 Unloading class 0x0000000100a00948 '_BuildScript_$_run_closure2'
Event: 35.962 Thread 0x000002b47c484bd0 Unloading class 0x0000000100a00528 '_BuildScript_$_run_closure1'
Event: 35.962 Thread 0x000002b47c484bd0 Unloading class 0x0000000100a00000 '_BuildScript_'

Classes redefined (0 events):
No events

Internal exceptions (20 events):
Event: 36.197 Thread 0x000002b47df80190 Exception <a 'sun/nio/fs/WindowsException'{0x000000008661a560}> (0x000000008661a560) 
thrown [s\src\hotspot\share\prims\jni.cpp, line 537]
Event: 36.199 Thread 0x000002b47df82260 Exception <a 'sun/nio/fs/WindowsException'{0x000000008692ca90}> (0x000000008692ca90) 
thrown [s\src\hotspot\share\prims\jni.cpp, line 537]
Event: 36.200 Thread 0x000002b47df828f0 Exception <a 'sun/nio/fs/WindowsException'{0x00000000863a7e80}> (0x00000000863a7e80) 
thrown [s\src\hotspot\share\prims\jni.cpp, line 537]
Event: 36.201 Thread 0x000002b47df82260 Exception <a 'sun/nio/fs/WindowsException'{0x000000008635fad8}> (0x000000008635fad8) 
thrown [s\src\hotspot\share\prims\jni.cpp, line 537]
Event: 36.201 Thread 0x000002b47df82260 Exception <a 'sun/nio/fs/WindowsException'{0x0000000086360c38}> (0x0000000086360c38) 
thrown [s\src\hotspot\share\prims\jni.cpp, line 537]
Event: 36.202 Thread 0x000002b47df82260 Exception <a 'sun/nio/fs/WindowsException'{0x0000000086361f78}> (0x0000000086361f78) 
thrown [s\src\hotspot\share\prims\jni.cpp, line 537]
Event: 36.203 Thread 0x000002b47df828f0 Exception <a 'sun/nio/fs/WindowsException'{0x00000000863acf58}> (0x00000000863acf58) 
thrown [s\src\hotspot\share\prims\jni.cpp, line 537]
Event: 36.218 Thread 0x000002b47df828f0 Exception <a 'sun/nio/fs/WindowsException'{0x000000008885d8a8}> (0x000000008885d8a8) 
thrown [s\src\hotspot\share\prims\jni.cpp, line 537]
Event: 36.218 Thread 0x000002b47df82260 Exception <a 'sun/nio/fs/WindowsException'{0x00000000886333d0}> (0x00000000886333d0) 
thrown [s\src\hotspot\share\prims\jni.cpp, line 537]
Event: 36.219 Thread 0x000002b47df828f0 Exception <a 'sun/nio/fs/WindowsException'{0x000000008854a790}> (0x000000008854a790) 
thrown [s\src\hotspot\share\prims\jni.cpp, line 537]
Event: 36.219 Thread 0x000002b47df828f0 Exception <a 'sun/nio/fs/WindowsException'{0x000000008854b600}> (0x000000008854b600) 
thrown [s\src\hotspot\share\prims\jni.cpp, line 537]
Event: 36.219 Thread 0x000002b47df828f0 Exception <a 'sun/nio/fs/WindowsException'{0x000000008854c6c0}> (0x000000008854c6c0) 
thrown [s\src\hotspot\share\prims\jni.cpp, line 537]
Event: 36.219 Thread 0x000002b47df828f0 Exception <a 'sun/nio/fs/WindowsException'{0x000000008854da18}> (0x000000008854da18) 
thrown [s\src\hotspot\share\prims\jni.cpp, line 537]
Event: 36.225 Thread 0x000002b47df828f0 Exception <a 'sun/nio/fs/WindowsException'{0x00000000880fcb20}> (0x00000000880fcb20) 
thrown [s\src\hotspot\share\prims\jni.cpp, line 537]
Event: 36.225 Thread 0x000002b47df828f0 Exception <a 'sun/nio/fs/WindowsException'{0x00000000880fdc60}> (0x00000000880fdc60) 
thrown [s\src\hotspot\share\prims\jni.cpp, line 537]
Event: 36.230 Thread 0x000002b47df828f0 Exception <a 'sun/nio/fs/WindowsException'{0x0000000087ebab00}> (0x0000000087ebab00) 
thrown [s\src\hotspot\share\prims\jni.cpp, line 537]
Event: 36.234 Thread 0x000002b47df828f0 Exception <a 'sun/nio/fs/WindowsException'{0x0000000087ebee68}> (0x0000000087ebee68) 
thrown [s\src\hotspot\share\prims\jni.cpp, line 537]
Event: 36.234 Thread 0x000002b47df828f0 Exception <a 'sun/nio/fs/WindowsException'{0x0000000087ec0040}> (0x0000000087ec0040) 
thrown [s\src\hotspot\share\prims\jni.cpp, line 537]
Event: 36.234 Thread 0x000002b47df828f0 Exception <a 'sun/nio/fs/WindowsException'{0x0000000087ec1458}> (0x0000000087ec1458) 
thrown [s\src\hotspot\share\prims\jni.cpp, line 537]
Event: 36.258 Thread 0x000002b47df828f0 Exception <a 'sun/nio/fs/WindowsException'{0x000000008750bee0}> (0x000000008750bee0) 
thrown [s\src\hotspot\share\prims\jni.cpp, line 537]

ZGC Phase Switch (0 events):
No events

VM Operations (20 events):
Event: 33.449 Executing VM operation: G1PauseRemark done
Event: 33.460 Executing VM operation: G1PauseCleanup
Event: 33.460 Executing VM operation: G1PauseCleanup done
Event: 34.367 Executing VM operation: ICBufferFull
Event: 34.367 Executing VM operation: ICBufferFull done
Event: 34.371 Executing VM operation: G1CollectForAllocation (G1 Evacuation Pause)
Event: 34.376 Executing VM operation: G1CollectForAllocation (G1 Evacuation Pause) done
Event: 34.716 Executing VM operation: ICBufferFull
Event: 34.716 Executing VM operation: ICBufferFull done
Event: 34.814 Executing VM operation: G1CollectForAllocation (G1 Evacuation Pause)
Event: 35.842 Executing VM operation: G1CollectForAllocation (G1 Evacuation Pause) done
Event: 35.915 Executing VM operation: G1CollectForAllocation (G1 Evacuation Pause)
Event: 35.924 Executing VM operation: G1CollectForAllocation (G1 Evacuation Pause) done
Event: 35.960 Executing VM operation: G1PauseRemark
Event: 36.161 Executing VM operation: G1PauseRemark done
Event: 36.183 Executing VM operation: G1PauseCleanup
Event: 36.183 Executing VM operation: G1PauseCleanup done
Event: 36.209 Executing VM operation: G1CollectForAllocation (G1 Evacuation Pause)
Event: 36.212 Executing VM operation: G1CollectForAllocation (G1 Evacuation Pause) done
Event: 36.262 Executing VM operation: G1CollectForAllocation (G1 Evacuation Pause)

Memory protections (0 events):
No events

Nmethod flushes (20 events):
Event: 36.160 Thread 0x000002b47c484bd0 flushing  nmethod 0x000002b4002bc210
Event: 36.160 Thread 0x000002b47c484bd0 flushing  nmethod 0x000002b4004f7c10
Event: 36.160 Thread 0x000002b47c484bd0 flushing  nmethod 0x000002b40079bb10
Event: 36.160 Thread 0x000002b47c484bd0 flushing  nmethod 0x000002b400811d10
Event: 36.160 Thread 0x000002b47c484bd0 flushing  nmethod 0x000002b400816690
Event: 36.160 Thread 0x000002b47c484bd0 flushing  nmethod 0x000002b400a46f10
Event: 36.160 Thread 0x000002b47c484bd0 flushing  nmethod 0x000002b400a47d10
Event: 36.160 Thread 0x000002b47c484bd0 flushing  nmethod 0x000002b400a48610
Event: 36.160 Thread 0x000002b47c484bd0 flushing  nmethod 0x000002b400a49f90
Event: 36.160 Thread 0x000002b47c484bd0 flushing  nmethod 0x000002b400a4a610
Event: 36.160 Thread 0x000002b47c484bd0 flushing  nmethod 0x000002b400a4c390
Event: 36.160 Thread 0x000002b47c484bd0 flushing  nmethod 0x000002b400a4cd10
Event: 36.160 Thread 0x000002b47c484bd0 flushing  nmethod 0x000002b400a4dd90
Event: 36.160 Thread 0x000002b47c484bd0 flushing  nmethod 0x000002b400adb190
Event: 36.160 Thread 0x000002b47c484bd0 flushing  nmethod 0x000002b400add910
Event: 36.160 Thread 0x000002b47c484bd0 flushing  nmethod 0x000002b400ade110
Event: 36.160 Thread 0x000002b47c484bd0 flushing  nmethod 0x000002b400ade790
Event: 36.160 Thread 0x000002b47c484bd0 flushing  nmethod 0x000002b400b7b390
Event: 36.160 Thread 0x000002b47c484bd0 flushing  nmethod 0x000002b400b7b990
Event: 36.160 Thread 0x000002b47c484bd0 flushing  nmethod 0x000002b400b7cc90

Events (20 events):
Event: 33.725 Thread 0x000002b47ebadf50 Thread added: 0x000002b413b4fea0
Event: 33.726 Thread 0x000002b47ebadf50 Thread added: 0x000002b413b50530
Event: 33.775 Thread 0x000002b47ebadf50 Thread added: 0x000002b413b50bc0
Event: 33.776 Thread 0x000002b47ebadf50 Thread added: 0x000002b47d90b6a0
Event: 33.777 Thread 0x000002b47ebadf50 Thread added: 0x000002b47df7f470
Event: 33.778 Thread 0x000002b47ebadf50 Thread added: 0x000002b47df7fb00
Event: 33.779 Thread 0x000002b47ebadf50 Thread added: 0x000002b47df80eb0
Event: 33.779 Thread 0x000002b47ebadf50 Thread added: 0x000002b47df7ede0
Event: 33.780 Thread 0x000002b47ebadf50 Thread added: 0x000002b47df7e750
Event: 34.476 Thread 0x000002b47ebadf50 Thread added: 0x000002b47df7da30
Event: 34.476 Thread 0x000002b47ebadf50 Thread added: 0x000002b47df80190
Event: 34.477 Thread 0x000002b47ebadf50 Thread added: 0x000002b47df80820
Event: 34.477 Thread 0x000002b47ebadf50 Thread added: 0x000002b47df81540
Event: 34.477 Thread 0x000002b47ebadf50 Thread added: 0x000002b47df7e0c0
Event: 34.478 Thread 0x000002b47ebadf50 Thread added: 0x000002b47df828f0
Event: 34.478 Thread 0x000002b47ebadf50 Thread added: 0x000002b47df81bd0
Event: 34.478 Thread 0x000002b47ebadf50 Thread added: 0x000002b47df83ca0
Event: 34.479 Thread 0x000002b47ebadf50 Thread added: 0x000002b47df82260
Event: 34.479 Thread 0x000002b47ebadf50 Thread added: 0x000002b47df82f80
Event: 34.479 Thread 0x000002b47ebadf50 Thread added: 0x000002b47df84330


Dynamic libraries:
0x00007ff7eee10000 - 0x00007ff7eee1a000 	C:\Program Files\Android\Android Studio\jbr\bin\java.exe
0x00007ffa3a180000 - 0x00007ffa3a3e7000 	C:\WINDOWS\SYSTEM32\ntdll.dll
0x00007ffa38c90000 - 0x00007ffa38d59000 	C:\WINDOWS\System32\KERNEL32.DLL
0x00007ffa36f50000 - 0x00007ffa37344000 	C:\WINDOWS\System32\KERNELBASE.dll
0x00007ffa37d30000 - 0x00007ffa37e7b000 	C:\WINDOWS\System32\ucrtbase.dll
0x00007ffa33180000 - 0x00007ffa3319b000 	C:\Program Files\Android\Android Studio\jbr\bin\VCRUNTIME140.dll
0x00007ffa12f10000 - 0x00007ffa12f28000 	C:\Program Files\Android\Android Studio\jbr\bin\jli.dll
0x00007ffa38f10000 - 0x00007ffa390d5000 	C:\WINDOWS\System32\USER32.dll
0x00007ffa36b80000 - 0x00007ffa36ba7000 	C:\WINDOWS\System32\win32u.dll
0x00007ffa390e0000 - 0x00007ffa3910b000 	C:\WINDOWS\System32\GDI32.dll
0x00007ffa36a50000 - 0x00007ffa36b7b000 	C:\WINDOWS\System32\gdi32full.dll
0x00007ffa37350000 - 0x00007ffa373f3000 	C:\WINDOWS\System32\msvcp_win.dll
0x00007ffa35ae0000 - 0x00007ffa35d73000 	C:\WINDOWS\WinSxS\amd64_microsoft.windows.common-controls_6595b64144ccf1df_6.0.26100.8115_none_3e075c82e3354f9c\COMCTL32.dll
0x00007ffa38960000 - 0x00007ffa38a09000 	C:\WINDOWS\System32\msvcrt.dll
0x00007ffa38190000 - 0x00007ffa381c2000 	C:\WINDOWS\System32\IMM32.DLL
0x000000005c6a0000 - 0x000000005c6ac000 	C:\Program Files (x86)\360\Total Security\safemon\SafeWrapper.dll
0x00007ffa3a070000 - 0x00007ffa3a126000 	C:\WINDOWS\System32\ADVAPI32.dll
0x00007ffa39550000 - 0x00007ffa395f7000 	C:\WINDOWS\System32\sechost.dll
0x00007ffa381d0000 - 0x00007ffa382e8000 	C:\WINDOWS\System32\RPCRT4.dll
0x00007ff9e0420000 - 0x00007ff9e04cc000 	C:\Program Files (x86)\360\Total Security\safemon\libzdtp64.dll
0x00007ffa39600000 - 0x00007ffa39d67000 	C:\WINDOWS\System32\SHELL32.dll
0x00007ffa36de0000 - 0x00007ffa36f4a000 	C:\WINDOWS\System32\wintypes.dll
0x00007ffa39140000 - 0x00007ffa394c2000 	C:\WINDOWS\System32\combase.dll
0x00007ffa37f10000 - 0x00007ffa37f76000 	C:\WINDOWS\System32\SHLWAPI.dll
0x00007ffa374c0000 - 0x00007ffa37d28000 	C:\WINDOWS\System32\Windows.Storage.dll
0x00007ffa360d0000 - 0x00007ffa360db000 	C:\WINDOWS\SYSTEM32\VERSION.dll
0x00007ffa33170000 - 0x00007ffa3317c000 	C:\Program Files\Android\Android Studio\jbr\bin\vcruntime140_1.dll
0x00007ff9a9460000 - 0x00007ff9a94ed000 	C:\Program Files\Android\Android Studio\jbr\bin\msvcp140.dll
0x00007ff9b97a0000 - 0x00007ff9ba436000 	C:\Program Files\Android\Android Studio\jbr\bin\server\jvm.dll
0x00007ffa38c00000 - 0x00007ffa38c80000 	C:\WINDOWS\System32\WS2_32.dll
0x00007ffa368b0000 - 0x00007ffa3690e000 	C:\WINDOWS\SYSTEM32\POWRPROF.dll
0x00007ffa2ccd0000 - 0x00007ffa2cd06000 	C:\WINDOWS\SYSTEM32\WINMM.dll
0x00007ffa36890000 - 0x00007ffa368a4000 	C:\WINDOWS\SYSTEM32\UMPDC.dll
0x00007ffa34e40000 - 0x00007ffa34e5b000 	C:\WINDOWS\SYSTEM32\kernel.appcore.dll
0x00007ffa33160000 - 0x00007ffa3316a000 	C:\Program Files\Android\Android Studio\jbr\bin\jimage.dll
0x00007ffa361d0000 - 0x00007ffa36412000 	C:\WINDOWS\SYSTEM32\DBGHELP.DLL
0x00007ffa38a10000 - 0x00007ffa38ae8000 	C:\WINDOWS\System32\OLEAUT32.dll
0x00007ffa36090000 - 0x00007ffa360cb000 	C:\WINDOWS\SYSTEM32\dbgcore.DLL
0x00007ffa36d30000 - 0x00007ffa36dd5000 	C:\WINDOWS\System32\bcryptPrimitives.dll
0x00007ffa12f00000 - 0x00007ffa12f0e000 	C:\Program Files\Android\Android Studio\jbr\bin\instrument.dll
0x00007ffa1d0a0000 - 0x00007ffa1d0c0000 	C:\Program Files\Android\Android Studio\jbr\bin\java.dll
0x00007ffa1d080000 - 0x00007ffa1d098000 	C:\Program Files\Android\Android Studio\jbr\bin\zip.dll
0x00007ffa383d0000 - 0x00007ffa384c8000 	C:\WINDOWS\System32\SHCORE.dll
0x00007ffa36970000 - 0x00007ffa36999000 	C:\WINDOWS\SYSTEM32\profapi.dll
0x00007ffa1d2e0000 - 0x00007ffa1d2f0000 	C:\Program Files\Android\Android Studio\jbr\bin\net.dll
0x00007ffa2f9d0000 - 0x00007ffa2fafd000 	C:\WINDOWS\SYSTEM32\WINHTTP.dll
0x00007ffa353e0000 - 0x00007ffa3544c000 	C:\WINDOWS\system32\mswsock.dll
0x00007ffa1d060000 - 0x00007ffa1d076000 	C:\Program Files\Android\Android Studio\jbr\bin\nio.dll
0x00007ff9e63e0000 - 0x00007ff9e63f0000 	C:\Program Files\Android\Android Studio\jbr\bin\verify.dll
0x00007ff9b2880000 - 0x00007ff9b28a7000 	C:\Users\Chan Yao Ping\.gradle\native\660c5614fbf4a5f2a75b1949f50a0caf5cd603558e7d8a26e50b933a0cfb79d1\windows-amd64\native-platform.dll
0x00007ff9a93e0000 - 0x00007ff9a9457000 	C:\Users\Chan Yao Ping\.gradle\native\0.2.8\x86_64-windows-gnu\gradle-fileevents.dll
0x00007ff9f8260000 - 0x00007ff9f8269000 	C:\Program Files\Android\Android Studio\jbr\bin\management.dll
0x00007ff9f3b50000 - 0x00007ff9f3b5b000 	C:\Program Files\Android\Android Studio\jbr\bin\management_ext.dll
0x00007ffa383b0000 - 0x00007ffa383b8000 	C:\WINDOWS\System32\PSAPI.DLL
0x00007ffa348d0000 - 0x00007ffa34902000 	C:\WINDOWS\SYSTEM32\IPHLPAPI.DLL
0x00007ffa383c0000 - 0x00007ffa383ca000 	C:\WINDOWS\System32\NSI.dll
0x00007ff9f8270000 - 0x00007ff9f8279000 	C:\Program Files\Android\Android Studio\jbr\bin\extnet.dll
0x00007ffa36520000 - 0x00007ffa3653b000 	C:\WINDOWS\SYSTEM32\CRYPTSP.dll
0x00007ffa35120000 - 0x00007ffa35159000 	C:\WINDOWS\system32\rsaenh.dll
0x00007ffa35490000 - 0x00007ffa354c3000 	C:\WINDOWS\SYSTEM32\USERENV.dll
0x00007ffa36940000 - 0x00007ffa3696a000 	C:\WINDOWS\SYSTEM32\bcrypt.dll
0x00007ffa356c0000 - 0x00007ffa356cc000 	C:\WINDOWS\SYSTEM32\CRYPTBASE.dll
0x00007ff9d5860000 - 0x00007ff9d5868000 	C:\WINDOWS\system32\wshunix.dll
0x00007ffa36170000 - 0x00007ffa361a6000 	C:\WINDOWS\SYSTEM32\ntmarta.dll

JVMTI agents:
C:\Users\Chan Yao Ping\.gradle\wrapper\dists\gradle-9.2.1-bin\2t0n5ozlw9xmuyvbp7dnzaxug\gradle-9.2.1\lib\agents\gradle-instrumentation-agent-9.2.1.jar path:C:\Program Files\Android\Android Studio\jbr\bin\instrument.dll, loaded, initialized, instrumentlib options:none

dbghelp: loaded successfully - version: 4.0.5 - missing functions: none
symbol engine: initialized successfully - sym options: 0x614 - pdb path: .;C:\Program Files\Android\Android Studio\jbr\bin;C:\WINDOWS\SYSTEM32;C:\WINDOWS\WinSxS\amd64_microsoft.windows.common-controls_6595b64144ccf1df_6.0.26100.8115_none_3e075c82e3354f9c;C:\Program Files (x86)\360\Total Security\safemon;C:\Program Files\Android\Android Studio\jbr\bin\server;C:\Users\Chan Yao Ping\.gradle\native\660c5614fbf4a5f2a75b1949f50a0caf5cd603558e7d8a26e50b933a0cfb79d1\windows-amd64;C:\Users\Chan Yao Ping\.gradle\native\0.2.8\x86_64-windows-gnu

VM Arguments:
jvm_args: --add-opens=java.base/java.lang=ALL-UNNAMED --add-opens=java.base/java.lang.invoke=ALL-UNNAMED --add-opens=java.base/java.util=ALL-UNNAMED --add-opens=java.prefs/java.util.prefs=ALL-UNNAMED --add-exports=jdk.compiler/com.sun.tools.javac.api=ALL-UNNAMED --add-exports=jdk.compiler/com.sun.tools.javac.util=ALL-UNNAMED --add-opens=java.base/java.util=ALL-UNNAMED --add-opens=java.prefs/java.util.prefs=ALL-UNNAMED --add-opens=java.base/java.nio.charset=ALL-UNNAMED --add-opens=java.base/java.net=ALL-UNNAMED --add-opens=java.base/java.util.concurrent=ALL-UNNAMED --add-opens=java.base/java.util.concurrent.atomic=ALL-UNNAMED --add-opens=java.xml/javax.xml.namespace=ALL-UNNAMED --add-opens=java.base/java.time=ALL-UNNAMED -Xmx2048m -Dfile.encoding=UTF-8 -Duser.country=MY -Duser.language=en -Duser.variant -javaagent:C:\Users\Chan Yao Ping\.gradle\wrapper\dists\gradle-9.2.1-bin\2t0n5ozlw9xmuyvbp7dnzaxug\gradle-9.2.1\lib\agents\gradle-instrumentation-agent-9.2.1.jar 
java_command: org.gradle.launcher.daemon.bootstrap.GradleDaemon 9.2.1
java_class_path (initial): C:\Users\Chan Yao Ping\.gradle\wrapper\dists\gradle-9.2.1-bin\2t0n5ozlw9xmuyvbp7dnzaxug\gradle-9.2.1\lib\gradle-daemon-main-9.2.1.jar
Launcher Type: SUN_STANDARD

[Global flags]
     intx CICompilerCount                          = 4                                         {product} {ergonomic}
     uint ConcGCThreads                            = 3                                         {product} {ergonomic}
     uint G1ConcRefinementThreads                  = 10                                        {product} {ergonomic}
   size_t G1HeapRegionSize                         = 1048576                                   {product} {ergonomic}
    uintx GCDrainStackTargetSize                   = 64                                        {product} {ergonomic}
   size_t InitialHeapSize                          = 123731968                                 {product} {ergonomic}
   size_t MarkStackSize                            = 4194304                                   {product} {ergonomic}
   size_t MaxHeapSize                              = 2147483648                                {product} {command line}
   size_t MaxNewSize                               = 1287651328                                {product} {ergonomic}
   size_t MinHeapDeltaBytes                        = 1048576                                   {product} {ergonomic}
   size_t MinHeapSize                              = 8388608                                   {product} {ergonomic}
    uintx NonNMethodCodeHeapSize                   = 5839372                                {pd product} {ergonomic}
    uintx NonProfiledCodeHeapSize                  = 122909434                              {pd product} {ergonomic}
    uintx ProfiledCodeHeapSize                     = 122909434                              {pd product} {ergonomic}
    uintx ReservedCodeCacheSize                    = 251658240                              {pd product} {ergonomic}
     bool SegmentedCodeCache                       = true                                      {product} {ergonomic}
   size_t SoftMaxHeapSize                          = 2147483648                             {manageable} {ergonomic}
     bool UseCompressedOops                        = true                           {product lp64_product} {ergonomic}
     bool UseG1GC                                  = true                                      {product} {ergonomic}
     bool UseLargePagesIndividualAllocation        = false                                  {pd product} {ergonomic}

Logging:
Log output configuration:
 #0: stdout all=warning uptime,level,tags foldmultilines=false
 #1: stderr all=off uptime,level,tags foldmultilines=false

Release file:
JAVA_VERSION="21.0.9" 
MODULES="java.base java.compiler java.datatransfer java.xml java.prefs java.desktop java.instrument java.logging java.management java.security.sasl java.naming java.rmi java.management.rmi java.net.http java.scripting java.security.jgss java.transaction.xa java.sql java.sql.rowset java.xml.crypto java.se java.smartcardio jdk.accessibility jdk.internal.jvmstat jdk.attach jdk.charsets jdk.internal.opt jdk.zipfs jdk.compiler jdk.crypto.ec jdk.crypto.cryptoki jdk.dynalink jdk.hotspot.agent jdk.httpserver jdk.internal.ed jdk.internal.le jdk.internal.vm.ci jdk.jartool jdk.javadoc jdk.jcmd jdk.jdeps jdk.jdwp.agent jdk.jdi jdk.jfr jdk.jlink jdk.jsobject jdk.localedata jdk.management jdk.management.agent jdk.management.jfr jdk.naming.dns jdk.naming.rmi jdk.net jdk.sctp jdk.security.auth jdk.security.jgss jdk.unsupported jdk.unsupported.desktop jdk.xml.dom" 
IMPLEMENTOR="JetBrains s.r.o." 
JAVA_RUNTIME_VERSION="21.0.9+-14787801-b1163.94" 
LIBC="default" 
OS_ARCH="x86_64" 
OS_NAME="Windows" 
SOURCE=".:git:0c757ddc9f2f" 

Environment Variables:
PATH=C:\Program Files (x86)\Common Files\Oracle\Java\javapath;C:\app\User\product\21c\dbhomeXE\bin;C:\windows\system32;C:\windows;C:\windows\System32\Wbem;C:\windows\System32\WindowsPowerShell\v1.0\;C:\windows\System32\OpenSSH\;C:\Program Files (x86)\NVIDIA Corporation\PhysX\Common;C:\Program Files\NVIDIA Corporation\NVIDIA NvDLISR;C:\Program Files\Microsoft SQL Server\Client SDK\ODBC\170\Tools\Binn\;C:\Program Files (x86)\Microsoft SQL Server\150\Tools\Binn\;C:\Program Files\Microsoft SQL Server\150\Tools\Binn\;C:\Program Files\Microsoft SQL Server\150\DTS\Binn\;C:\WINDOWS\system32;C:\WINDOWS;C:\WINDOWS\System32\Wbem;C:\WINDOWS\System32\WindowsPowerShell\v1.0\;C:\WINDOWS\System32\OpenSSH\;C:\Program Files (x86)\Windows Kits\10\Windows Performance Toolkit\;C:\Program Files\dotnet\;C:\Program Files\Git\cmd;C:\Users\Chan Yao Ping\AppData\Local\Microsoft\WindowsApps;C:\Users\Chan Yao Ping\AppData\Local\Programs\Microsoft VS Code\bin;
USERNAME=Chan Yao Ping
OS=Windows_NT
PROCESSOR_IDENTIFIER=AMD64 Family 25 Model 80 Stepping 0, AuthenticAMD
TMP=C:\Users\CHANYA~1\AppData\Local\Temp
TEMP=C:\Users\CHANYA~1\AppData\Local\Temp




Periodic native trim disabled

JNI global refs:
JNI global refs: 28, weak refs: 46

JNI global refs memory usage: 835, weak refs: 833

Process memory usage:
Resident Set Size: 259668K (3% of 7702256K total physical memory with 9020K free physical memory)

OOME stack traces (most recent first):
Classloader memory used:
Loader org.gradle.internal.classloader.VisitableURLClassLoader                         : 36354K
Loader bootstrap                                                                       : 22437K
Loader org.gradle.initialization.MixInLegacyTypesClassLoader                           : 6757K
Loader org.gradle.internal.classloader.VisitableURLClassLoader                         : 764K
Loader jdk.internal.loader.ClassLoaders$PlatformClassLoader                            : 412K
Loader jdk.internal.loader.ClassLoaders$AppClassLoader                                 : 231K
Loader jdk.internal.reflect.DelegatingClassLoader                                      : 199K
Loader org.gradle.groovy.scripts.internal.DefaultScriptCompilationHandler$ScriptClassLoader: 64960B

Classes loaded by more than one classloader:
Class org.gradle.internal.IoActions                                                   : loaded 3 times (x 71B)
Class org.gradle.api.Action                                                           : loaded 3 times (x 70B)
Class org.gradle.api.GradleException                                                  : loaded 3 times (x 82B)
Class org.gradle.api.internal.classpath.ManifestUtil                                  : loaded 2 times (x 71B)
Class org.gradle.internal.operations.MultipleBuildOperationFailures                   : loaded 2 times (x 95B)
Class org.gradle.internal.classloader.DefaultClassLoaderFactory                       : loaded 2 times (x 82B)
Class kotlin.collections.AbstractList$Companion                                       : loaded 2 times (x 71B)
Class org.gradle.internal.classloader.ClassLoaderVisitor                              : loaded 2 times (x 76B)
Class org.gradle.api.internal.classpath.EffectiveClassPath                            : loaded 2 times (x 90B)
Class sync_studio_tooling30369_bho0htmjuowzres3cfqk1wr5i                              : loaded 2 times (x 171B)
Class org.gradle.api.internal.DefaultClassPathProvider                                : loaded 2 times (x 76B)
Class [Lorg.gradle.api.internal.ClassPathProvider;                                    : loaded 2 times (x 69B)
Class org.gradle.api.internal.ClassPathProvider                                       : loaded 2 times (x 70B)
Class org.gradle.internal.service.UnknownServiceException                             : loaded 2 times (x 83B)
Class org.gradle.internal.classpath.TransformedClassPath                              : loaded 2 times (x 96B)
Class org.gradle.internal.classloader.InstrumentingClassLoader                        : loaded 2 times (x 70B)
Class kotlin.enums.EnumEntriesList                                                    : loaded 2 times (x 223B)
Class org.gradle.internal.service.ServiceLocator                                      : loaded 2 times (x 70B)
Class org.gradle.internal.time.DefaultTimer                                           : loaded 2 times (x 80B)
Class org.gradle.internal.classloader.ClasspathUtil$1                                 : loaded 2 times (x 76B)
Class org.gradle.api.internal.classpath.DefaultModuleRegistry$DefaultModule           : loaded 2 times (x 86B)
Class org.gradle.internal.time.DefaultCountdownTimer                                  : loaded 2 times (x 88B)
Class org.gradle.api.internal.classpath.Module                                        : loaded 2 times (x 70B)
Class org.gradle.api.internal.classpath.UnknownModuleException                        : loaded 2 times (x 82B)
Class sync_studio_tooling30369_bho0htmjuowzres3cfqk1wr5i$_run_closure1                : loaded 2 times (x 139B)
Class org.gradle.api.internal.DefaultClassPathRegistry                                : loaded 2 times (x 76B)
Class org.gradle.api.internal.ClassPathRegistry                                       : loaded 2 times (x 70B)
Class org.gradle.internal.classpath.DefaultClassPath$ImmutableUniqueList              : loaded 2 times (x 199B)
Class org.gradle.internal.classloader.ClassLoaderHierarchy                            : loaded 2 times (x 70B)
Class kotlin.UninitializedPropertyAccessException                                     : loaded 2 times (x 82B)
Class org.gradle.api.internal.classpath.ModuleRegistry                                : loaded 2 times (x 70B)
Class org.gradle.internal.installation.GradleInstallation$1                           : loaded 2 times (x 75B)
Class org.gradle.api.internal.classpath.DefaultModuleRegistry                         : loaded 2 times (x 86B)
Class org.gradle.internal.time.MonotonicClock                                         : loaded 2 times (x 77B)
Class org.gradle.internal.service.ServiceLookupException                              : loaded 2 times (x 82B)
Class org.gradle.internal.classloader.ClassLoaderFactory                              : loaded 2 times (x 70B)
Class org.gradle.internal.service.CachingServiceLocator                               : loaded 2 times (x 82B)
Class org.gradle.internal.time.TimeSource                                             : loaded 2 times (x 70B)
Class kotlin.enums.EnumEntries                                                        : loaded 2 times (x 70B)
Class org.gradle.internal.exceptions.ResolutionProvider                               : loaded 2 times (x 70B)
Class org.gradle.internal.classloader.ClasspathUtil                                   : loaded 2 times (x 71B)
Class org.gradle.internal.time.TimeSource$1                                           : loaded 2 times (x 77B)
Class kotlin.jvm.internal.DefaultConstructorMarker                                    : loaded 2 times (x 71B)
Class org.gradle.api.specs.Spec                                                       : loaded 2 times (x 70B)
Class org.gradle.internal.time.Clock                                                  : loaded 2 times (x 70B)
Class kotlin.collections.AbstractList                                                 : loaded 2 times (x 197B)
Class kotlin.collections.AbstractCollection                                           : loaded 2 times (x 117B)
Class org.gradle.internal.classloader.VisitableURLClassLoader$InstrumentingVisitableURLClassLoader: loaded 2 times (x 123B)
Class org.gradle.internal.classloader.VisitableURLClassLoader$Spec                    : loaded 2 times (x 74B)
Class org.gradle.internal.classpath.DefaultClassPath                                  : loaded 2 times (x 90B)
Class org.gradle.util.internal.DefaultGradleVersion                                   : loaded 2 times (x 82B)
Class org.gradle.internal.classloader.ClassLoaderSpec                                 : loaded 2 times (x 71B)
Class org.gradle.internal.classloader.VisitableURLClassLoader                         : loaded 2 times (x 117B)
Class org.gradle.internal.classloader.FilteringClassLoader                            : loaded 2 times (x 105B)
Class org.gradle.internal.Cast                                                        : loaded 2 times (x 71B)
Class org.gradle.internal.classpath.DefaultClassPath$ImmutableUniqueList$Builder      : loaded 2 times (x 75B)
Class org.gradle.internal.classpath.ClassPath                                         : loaded 2 times (x 70B)
Class org.gradle.internal.exceptions.NonGradleCauseExceptionsHolder                   : loaded 2 times (x 70B)
Class kotlin.NotImplementedError                                                      : loaded 2 times (x 82B)
Class kotlin.enums.EnumEntriesKt                                                      : loaded 2 times (x 71B)
Class org.gradle.internal.classloader.SystemClassLoaderSpec                           : loaded 2 times (x 71B)
Class org.gradle.internal.exceptions.MultiCauseException                              : loaded 2 times (x 70B)
Class org.gradle.internal.time.CountdownTimer                                         : loaded 2 times (x 70B)
Class kotlin.jvm.internal.Intrinsics                                                  : loaded 2 times (x 71B)
Class org.gradle.tooling.model.ProjectModel                                           : loaded 2 times (x 70B)
Class kotlin.KotlinNullPointerException                                               : loaded 2 times (x 83B)
Class org.gradle.internal.exceptions.DefaultMultiCauseException                       : loaded 2 times (x 95B)
Class org.gradle.internal.time.Time                                                   : loaded 2 times (x 71B)
Class org.gradle.api.internal.classpath.GlobalCacheRootsProvider                      : loaded 2 times (x 70B)
Class kotlin.NoWhenBranchMatchedException                                             : loaded 2 times (x 82B)
Class org.gradle.internal.time.Timer                                                  : loaded 2 times (x 70B)
Class kotlin.jvm.internal.markers.KMappedMarker                                       : loaded 2 times (x 70B)
Class org.gradle.internal.installation.CurrentGradleInstallationLocator               : loaded 2 times (x 71B)
Class org.gradle.internal.service.DefaultServiceLocator                               : loaded 2 times (x 83B)
Class org.gradle.util.GradleVersion                                                   : loaded 2 times (x 81B)
Class org.gradle.internal.installation.CurrentGradleInstallation                      : loaded 2 times (x 73B)
Class org.gradle.util.internal.GUtil                                                  : loaded 2 times (x 71B)
Class org.gradle.internal.installation.GradleInstallation                             : loaded 2 times (x 75B)

---------------  S Y S T E M  ---------------

OS:
 Windows 11 , 64 bit Build 26100 (10.0.26100.8246)
OS uptime: 1 days 1:17 hours

CPU: total 12 (initial active 12) (12 cores per cpu, 2 threads per core) family 25 model 80 stepping 0 microcode 0xa50000d, cx8, cmov, fxsr, ht, mmx, 3dnowpref, sse, sse2, sse3, ssse3, sse4a, sse4.1, sse4.2, popcnt, lzcnt, tsc, tscinvbit, avx, avx2, aes, erms, clmul, bmi1, bmi2, adx, sha, fma, vzeroupper, clflush, clflushopt, rdtscp, rdpid, fsrm, f16c, pku, cet_ss
Processor Information for processor 0
  Max Mhz: 3301, Current Mhz: 2011, Mhz Limit: 3301
Processor Information for processor 1
  Max Mhz: 3301, Current Mhz: 2011, Mhz Limit: 3301
Processor Information for processor 2
  Max Mhz: 3301, Current Mhz: 2011, Mhz Limit: 3301
Processor Information for processor 3
  Max Mhz: 3301, Current Mhz: 3301, Mhz Limit: 3301
Processor Information for processor 4
  Max Mhz: 3301, Current Mhz: 2011, Mhz Limit: 3301
Processor Information for processor 5
  Max Mhz: 3301, Current Mhz: 2011, Mhz Limit: 3301
Processor Information for processor 6
  Max Mhz: 3301, Current Mhz: 2011, Mhz Limit: 3301
Processor Information for processor 7
  Max Mhz: 3301, Current Mhz: 2011, Mhz Limit: 3301
Processor Information for processor 8
  Max Mhz: 3301, Current Mhz: 2011, Mhz Limit: 3301
Processor Information for processor 9
  Max Mhz: 3301, Current Mhz: 2011, Mhz Limit: 3301
Processor Information for processor 10
  Max Mhz: 3301, Current Mhz: 2011, Mhz Limit: 3301
Processor Information for processor 11
  Max Mhz: 3301, Current Mhz: 2011, Mhz Limit: 3301

Memory: 4k page, system-wide physical 7521M (13M free)
TotalPageFile size 31073M (AvailPageFile size 25M)
current process WorkingSet (physical memory assigned to process): 255M, peak: 270M
current process commit charge ("private bytes"): 388M, peak: 623M

vm_info: OpenJDK 64-Bit Server VM (21.0.9+-14787801-b1163.94) for windows-amd64 JRE (21.0.9+-14787801-b1163.94), built on 2026-01-27T21:15:44Z by "builder" with MS VC++ 16.10 / 16.11 (VS2019)

END.
