#
# There is insufficient memory for the Java Runtime Environment to continue.
# Native memory allocation (mmap) failed to map 40894464 bytes. Error detail: G1 virtual space
# Possible reasons:
#   The system is out of physical RAM or swap space
#   This process is running with CompressedOops enabled, and the Java Heap may be blocking the growth of the native heap
# Possible solutions:
#   Reduce memory load on the system
#   Increase physical memory or swap space
#   Check if swap backing store is full
#   Decrease Java heap size (-Xmx/-Xms)
#   Decrease number of Java threads
#   Decrease Java thread stack sizes (-Xss)
#   Set larger code cache with -XX:ReservedCodeCacheSize=
#   JVM is running with Unscaled Compressed Oops mode in which the Java heap is
#     placed in the first 4GB address space. The Java Heap base address is the
#     maximum limit for the native heap growth. Please use -XX:HeapBaseMinAddress
#     to set the Java Heap base and to place the Java Heap above 4GB virtual address.
# This output file may be truncated or incomplete.
#
#  Out of Memory Error (os_windows.cpp:3925), pid=90900, tid=82512
#
# JRE version: OpenJDK Runtime Environment (21.0.9) (build 21.0.9+-14787801-b1163.94)
# Java VM: OpenJDK 64-Bit Server VM (21.0.9+-14787801-b1163.94, mixed mode, tiered, compressed oops, compressed class ptrs, g1 gc, windows-amd64)
# No core dump will be written. Minidumps are not enabled by default on client versions of Windows
#

---------------  S U M M A R Y ------------

Command Line: --add-opens=java.base/java.lang=ALL-UNNAMED --add-opens=java.base/java.lang.invoke=ALL-UNNAMED --add-opens=java.base/java.util=ALL-UNNAMED --add-opens=java.prefs/java.util.prefs=ALL-UNNAMED --add-exports=jdk.compiler/com.sun.tools.javac.api=ALL-UNNAMED --add-exports=jdk.compiler/com.sun.tools.javac.util=ALL-UNNAMED --add-opens=java.base/java.util=ALL-UNNAMED --add-opens=java.prefs/java.util.prefs=ALL-UNNAMED --add-opens=java.base/java.nio.charset=ALL-UNNAMED --add-opens=java.base/java.net=ALL-UNNAMED --add-opens=java.base/java.util.concurrent=ALL-UNNAMED --add-opens=java.base/java.util.concurrent.atomic=ALL-UNNAMED --add-opens=java.xml/javax.xml.namespace=ALL-UNNAMED --add-opens=java.base/java.time=ALL-UNNAMED -Xmx2048m -Dfile.encoding=UTF-8 -Duser.country=MY -Duser.language=en -Duser.variant -javaagent:C:\Users\Chan Yao Ping\.gradle\wrapper\dists\gradle-9.2.1-bin\2t0n5ozlw9xmuyvbp7dnzaxug\gradle-9.2.1\lib\agents\gradle-instrumentation-agent-9.2.1.jar org.gradle.launcher.daemon.bootstrap.GradleDaemon 9.2.1

Host: AMD Ryzen 5 5600H with Radeon Graphics         , 12 cores, 7G,  Windows 11 , 64 bit Build 26100 (10.0.26100.8246)
Time: Thu Apr 23 21:58:13 2026 Malay Peninsula Standard Time elapsed time: 25.249570 seconds (0d 0h 0m 25s)

---------------  T H R E A D  ---------------

Current thread (0x0000014cffa5e560):  VMThread "VM Thread"          [id=82512, stack(0x0000002ea6600000,0x0000002ea6700000) (1024K)]

Stack: [0x0000002ea6600000,0x0000002ea6700000]
Native frames: (J=compiled Java code, j=interpreted, Vv=VM code, C=native code)
V  [jvm.dll+0x6d6c99]
V  [jvm.dll+0x866b83]
V  [jvm.dll+0x8691ae]
V  [jvm.dll+0x869893]
V  [jvm.dll+0x280776]
V  [jvm.dll+0x6d3555]
V  [jvm.dll+0x6c6bea]
V  [jvm.dll+0x3587fb]
V  [jvm.dll+0x360476]
V  [jvm.dll+0x3b2646]
V  [jvm.dll+0x3b2918]
V  [jvm.dll+0x32af0c]
V  [jvm.dll+0x32af97]
V  [jvm.dll+0x370e7c]
V  [jvm.dll+0x36f62e]
V  [jvm.dll+0x32a661]
V  [jvm.dll+0x36ed30]
V  [jvm.dll+0x86f618]
V  [jvm.dll+0x870994]
V  [jvm.dll+0x870ed0]
V  [jvm.dll+0x871163]
V  [jvm.dll+0x80f118]
V  [jvm.dll+0x6d54ed]
C  [ucrtbase.dll+0x37b0]
C  [KERNEL32.DLL+0x2e8d7]
C  [ntdll.dll+0x8c3fc]

VM_Operation (0x0000002ea82f6030): G1CollectForAllocation, mode: safepoint, requested by thread 0x0000014c949dba40


---------------  P R O C E S S  ---------------

Threads class SMR info:
_java_thread_list=0x0000014c96460050, length=70, elements={
0x0000014cf4d03740, 0x0000014c93090e60, 0x0000014c93094ac0, 0x0000014c93096090,
0x0000014c930ae1f0, 0x0000014c930d2f50, 0x0000014c930d4520, 0x0000014c930e5f10,
0x0000014c930f3490, 0x0000014c930bae00, 0x0000014c93478bb0, 0x0000014c93479240,
0x0000014c9347b9a0, 0x0000014c9347b310, 0x0000014c934798d0, 0x0000014c9347ac80,
0x0000014c9347a5f0, 0x0000014c949dba40, 0x0000014c949da000, 0x0000014c949dad20,
0x0000014c949dc0d0, 0x0000014c949da690, 0x0000014c949db3b0, 0x0000014c949dc760,
0x0000014c949df550, 0x0000014c949dd480, 0x0000014c949de830, 0x0000014c949ddb10,
0x0000014c949de1a0, 0x0000014c949dfbe0, 0x0000014c949deec0, 0x0000014c949e0270,
0x0000014c949e0f90, 0x0000014c93c8ee30, 0x0000014c93c8cd60, 0x0000014c93c8c040,
0x0000014c93c8b9b0, 0x0000014c93c8d3f0, 0x0000014c93c8da80, 0x0000014c93c8e110,
0x0000014c93c8e7a0, 0x0000014c93c8f4c0, 0x0000014c93c8fb50, 0x0000014c93c8c6d0,
0x0000014c93c90870, 0x0000014c93c901e0, 0x0000014c93c90f00, 0x0000014c93c922b0,
0x0000014c93c91590, 0x0000014c93c91c20, 0x0000014c93c92940, 0x0000014c97a60710,
0x0000014c97a61ac0, 0x0000014c97a62150, 0x0000014c97a627e0, 0x0000014c97a61430,
0x0000014c97a63500, 0x0000014c97a62e70, 0x0000014c97a60080, 0x0000014c97a63b90,
0x0000014c97a60da0, 0x0000014c97a66980, 0x0000014c97a67010, 0x0000014c97a662f0,
0x0000014c97a64f40, 0x0000014c97a64220, 0x0000014c97a648b0, 0x0000014c97a676a0,
0x0000014c97a655d0, 0x0000014c97a65c60
}

Java Threads: ( => current thread )
  0x0000014cf4d03740 JavaThread "main"                              [_thread_blocked, id=93404, stack(0x0000002ea5f00000,0x0000002ea6000000) (1024K)]
  0x0000014c93090e60 JavaThread "Common-Cleaner"             daemon [_thread_blocked, id=78736, stack(0x0000002ea6700000,0x0000002ea6800000) (1024K)]
  0x0000014c93094ac0 JavaThread "Reference Handler"          daemon [_thread_blocked, id=91264, stack(0x0000002ea6800000,0x0000002ea6900000) (1024K)]
  0x0000014c93096090 JavaThread "Finalizer"                  daemon [_thread_blocked, id=93692, stack(0x0000002ea6900000,0x0000002ea6a00000) (1024K)]
  0x0000014c930ae1f0 JavaThread "Signal Dispatcher"          daemon [_thread_blocked, id=95908, stack(0x0000002ea6a00000,0x0000002ea6b00000) (1024K)]
  0x0000014c930d2f50 JavaThread "Attach Listener"            daemon [_thread_blocked, id=94384, stack(0x0000002ea6b00000,0x0000002ea6c00000) (1024K)]
  0x0000014c930d4520 JavaThread "Service Thread"             daemon [_thread_blocked, id=91492, stack(0x0000002ea6c00000,0x0000002ea6d00000) (1024K)]
  0x0000014c930e5f10 JavaThread "Monitor Deflation Thread"   daemon [_thread_blocked, id=95876, stack(0x0000002ea6d00000,0x0000002ea6e00000) (1024K)]
  0x0000014c930f3490 JavaThread "C2 CompilerThread0"         daemon [_thread_blocked, id=82976, stack(0x0000002ea6e00000,0x0000002ea6f00000) (1024K)]
  0x0000014c930bae00 JavaThread "C1 CompilerThread0"         daemon [_thread_blocked, id=93280, stack(0x0000002ea6f00000,0x0000002ea7000000) (1024K)]
  0x0000014c93478bb0 JavaThread "Notification Thread"        daemon [_thread_blocked, id=92824, stack(0x0000002ea7000000,0x0000002ea7100000) (1024K)]
  0x0000014c93479240 JavaThread "Daemon health stats"               [_thread_blocked, id=83900, stack(0x0000002ea7700000,0x0000002ea7800000) (1024K)]
  0x0000014c9347b9a0 JavaThread "Incoming local TCP Connector on port 58055"        [_thread_in_native, id=94472, stack(0x0000002ea7800000,0x0000002ea7900000) (1024K)]
  0x0000014c9347b310 JavaThread "Daemon periodic checks"            [_thread_blocked, id=64768, stack(0x0000002ea7900000,0x0000002ea7a00000) (1024K)]
  0x0000014c934798d0 JavaThread "Daemon"                            [_thread_blocked, id=94880, stack(0x0000002ea7a00000,0x0000002ea7b00000) (1024K)]
  0x0000014c9347ac80 JavaThread "Handler for socket connection from /127.0.0.1:58055 to /127.0.0.1:58056"        [_thread_in_native, id=95636, stack(0x0000002ea7b00000,0x0000002ea7c00000) (1024K)]
  0x0000014c9347a5f0 JavaThread "Cancel handler"                    [_thread_blocked, id=14520, stack(0x0000002ea8100000,0x0000002ea8200000) (1024K)]
  0x0000014c949dba40 JavaThread "Daemon worker"                     [_thread_blocked, id=91124, stack(0x0000002ea8200000,0x0000002ea8300000) (1024K)]
  0x0000014c949da000 JavaThread "Asynchronous log dispatcher for DefaultDaemonConnection: socket connection from /127.0.0.1:58055 to /127.0.0.1:58056"        [_thread_blocked, id=72348, stack(0x0000002ea8300000,0x0000002ea8400000) (1024K)]
  0x0000014c949dad20 JavaThread "Stdin handler"                     [_thread_blocked, id=96072, stack(0x0000002ea8400000,0x0000002ea8500000) (1024K)]
  0x0000014c949dc0d0 JavaThread "Daemon client event forwarder"        [_thread_blocked, id=87948, stack(0x0000002ea8500000,0x0000002ea8600000) (1024K)]
  0x0000014c949da690 JavaThread "Cache worker for journal cache (C:\Users\Chan Yao Ping\.gradle\caches\journal-1)"        [_thread_blocked, id=92852, stack(0x0000002ea8600000,0x0000002ea8700000) (1024K)]
  0x0000014c949db3b0 JavaThread "File lock request listener"        [_thread_in_native, id=86584, stack(0x0000002ea8700000,0x0000002ea8800000) (1024K)]
  0x0000014c949dc760 JavaThread "Cache worker for file hash cache (C:\Users\Chan Yao Ping\.gradle\caches\9.2.1\fileHashes)"        [_thread_blocked, id=86688, stack(0x0000002ea8800000,0x0000002ea8900000) (1024K)]
  0x0000014c949df550 JavaThread "Cache worker for file hash cache (C:\Users\Chan Yao Ping\Downloads\RecycleGO1\.gradle\9.2.1\fileHashes)"        [_thread_blocked, id=63276, stack(0x0000002ea8900000,0x0000002ea8a00000) (1024K)]
  0x0000014c949dd480 JavaThread "Cache worker for Build Output Cleanup Cache (C:\Users\Chan Yao Ping\Downloads\RecycleGO1\.gradle\buildOutputCleanup)"        [_thread_blocked, id=62000, stack(0x0000002ea8a00000,0x0000002ea8b00000) (1024K)]
  0x0000014c949de830 JavaThread "File watcher server"        daemon [_thread_in_native, id=89816, stack(0x0000002ea8b00000,0x0000002ea8c00000) (1024K)]
  0x0000014c949ddb10 JavaThread "File watcher consumer"      daemon [_thread_blocked, id=92688, stack(0x0000002ea8c00000,0x0000002ea8d00000) (1024K)]
  0x0000014c949de1a0 JavaThread "jar transforms"                    [_thread_blocked, id=91624, stack(0x0000002ea8d00000,0x0000002ea8e00000) (1024K)]
  0x0000014c949dfbe0 JavaThread "jar transforms Thread 2"           [_thread_blocked, id=4952, stack(0x0000002ea8e00000,0x0000002ea8f00000) (1024K)]
  0x0000014c949deec0 JavaThread "jar transforms Thread 3"           [_thread_blocked, id=89524, stack(0x0000002ea8f00000,0x0000002ea9000000) (1024K)]
  0x0000014c949e0270 JavaThread "jar transforms Thread 4"           [_thread_blocked, id=95288, stack(0x0000002ea9000000,0x0000002ea9100000) (1024K)]
  0x0000014c949e0f90 JavaThread "jar transforms Thread 5"           [_thread_blocked, id=93328, stack(0x0000002ea9100000,0x0000002ea9200000) (1024K)]
  0x0000014c93c8ee30 JavaThread "jar transforms Thread 6"           [_thread_blocked, id=40796, stack(0x0000002ea9200000,0x0000002ea9300000) (1024K)]
  0x0000014c93c8cd60 JavaThread "jar transforms Thread 7"           [_thread_blocked, id=95700, stack(0x0000002ea9300000,0x0000002ea9400000) (1024K)]
  0x0000014c93c8c040 JavaThread "jar transforms Thread 8"           [_thread_blocked, id=18384, stack(0x0000002ea9400000,0x0000002ea9500000) (1024K)]
  0x0000014c93c8b9b0 JavaThread "jar transforms Thread 9"           [_thread_blocked, id=51204, stack(0x0000002ea9500000,0x0000002ea9600000) (1024K)]
  0x0000014c93c8d3f0 JavaThread "jar transforms Thread 10"          [_thread_blocked, id=94568, stack(0x0000002ea9600000,0x0000002ea9700000) (1024K)]
  0x0000014c93c8da80 JavaThread "jar transforms Thread 11"          [_thread_blocked, id=95932, stack(0x0000002ea9700000,0x0000002ea9800000) (1024K)]
  0x0000014c93c8e110 JavaThread "jar transforms Thread 12"          [_thread_blocked, id=94988, stack(0x0000002ea9800000,0x0000002ea9900000) (1024K)]
  0x0000014c93c8e7a0 JavaThread "Cache worker for checksums cache (C:\Users\Chan Yao Ping\Downloads\RecycleGO1\.gradle\9.2.1\checksums)"        [_thread_blocked, id=25012, stack(0x0000002ea9900000,0x0000002ea9a00000) (1024K)]
  0x0000014c93c8f4c0 JavaThread "Cache worker for file content cache (C:\Users\Chan Yao Ping\.gradle\caches\9.2.1\fileContent)"        [_thread_blocked, id=88596, stack(0x0000002ea9a00000,0x0000002ea9b00000) (1024K)]
  0x0000014c93c8fb50 JavaThread "Cache worker for cache directory md-supplier (C:\Users\Chan Yao Ping\.gradle\caches\9.2.1\md-supplier)"        [_thread_blocked, id=57184, stack(0x0000002ea9b00000,0x0000002ea9c00000) (1024K)]
  0x0000014c93c8c6d0 JavaThread "Cache worker for cache directory md-rule (C:\Users\Chan Yao Ping\.gradle\caches\9.2.1\md-rule)"        [_thread_blocked, id=96000, stack(0x0000002ea9c00000,0x0000002ea9d00000) (1024K)]
  0x0000014c93c90870 JavaThread "Unconstrained build operations"        [_thread_blocked, id=76240, stack(0x0000002ea9d00000,0x0000002ea9e00000) (1024K)]
  0x0000014c93c901e0 JavaThread "Unconstrained build operations Thread 2"        [_thread_blocked, id=92816, stack(0x0000002ea9e00000,0x0000002ea9f00000) (1024K)]
  0x0000014c93c90f00 JavaThread "Unconstrained build operations Thread 3"        [_thread_blocked, id=61792, stack(0x0000002ea9f00000,0x0000002eaa000000) (1024K)]
  0x0000014c93c922b0 JavaThread "Unconstrained build operations Thread 4"        [_thread_blocked, id=93532, stack(0x0000002eaa000000,0x0000002eaa100000) (1024K)]
  0x0000014c93c91590 JavaThread "Unconstrained build operations Thread 5"        [_thread_blocked, id=24592, stack(0x0000002eaa100000,0x0000002eaa200000) (1024K)]
  0x0000014c93c91c20 JavaThread "Unconstrained build operations Thread 6"        [_thread_blocked, id=92876, stack(0x0000002eaa200000,0x0000002eaa300000) (1024K)]
  0x0000014c93c92940 JavaThread "Unconstrained build operations Thread 7"        [_thread_blocked, id=89156, stack(0x0000002eaa300000,0x0000002eaa400000) (1024K)]
  0x0000014c97a60710 JavaThread "Unconstrained build operations Thread 8"        [_thread_blocked, id=86940, stack(0x0000002eaa400000,0x0000002eaa500000) (1024K)]
  0x0000014c97a61ac0 JavaThread "Unconstrained build operations Thread 9"        [_thread_blocked, id=89672, stack(0x0000002eaa500000,0x0000002eaa600000) (1024K)]
  0x0000014c97a62150 JavaThread "Unconstrained build operations Thread 10"        [_thread_blocked, id=92752, stack(0x0000002eaa600000,0x0000002eaa700000) (1024K)]
  0x0000014c97a627e0 JavaThread "Unconstrained build operations Thread 11"        [_thread_blocked, id=24648, stack(0x0000002eaa700000,0x0000002eaa800000) (1024K)]
  0x0000014c97a61430 JavaThread "Unconstrained build operations Thread 12"        [_thread_blocked, id=85192, stack(0x0000002eaa800000,0x0000002eaa900000) (1024K)]
  0x0000014c97a63500 JavaThread "Unconstrained build operations Thread 13"        [_thread_blocked, id=92912, stack(0x0000002eaa900000,0x0000002eaaa00000) (1024K)]
  0x0000014c97a62e70 JavaThread "Unconstrained build operations Thread 14"        [_thread_blocked, id=43112, stack(0x0000002eaaa00000,0x0000002eaab00000) (1024K)]
  0x0000014c97a60080 JavaThread "Unconstrained build operations Thread 15"        [_thread_blocked, id=94444, stack(0x0000002eaab00000,0x0000002eaac00000) (1024K)]
  0x0000014c97a63b90 JavaThread "Unconstrained build operations Thread 16"        [_thread_blocked, id=95912, stack(0x0000002eaac00000,0x0000002eaad00000) (1024K)]
  0x0000014c97a60da0 JavaThread "Unconstrained build operations Thread 17"        [_thread_blocked, id=88896, stack(0x0000002eaad00000,0x0000002eaae00000) (1024K)]
  0x0000014c97a66980 JavaThread "Unconstrained build operations Thread 18"        [_thread_blocked, id=95268, stack(0x0000002eaae00000,0x0000002eaaf00000) (1024K)]
  0x0000014c97a67010 JavaThread "Unconstrained build operations Thread 19"        [_thread_blocked, id=93932, stack(0x0000002eaaf00000,0x0000002eab000000) (1024K)]
  0x0000014c97a662f0 JavaThread "Unconstrained build operations Thread 20"        [_thread_blocked, id=84828, stack(0x0000002eab000000,0x0000002eab100000) (1024K)]
  0x0000014c97a64f40 JavaThread "Unconstrained build operations Thread 21"        [_thread_blocked, id=94576, stack(0x0000002eab100000,0x0000002eab200000) (1024K)]
  0x0000014c97a64220 JavaThread "Unconstrained build operations Thread 22"        [_thread_blocked, id=24848, stack(0x0000002eab200000,0x0000002eab300000) (1024K)]
  0x0000014c97a648b0 JavaThread "Unconstrained build operations Thread 23"        [_thread_blocked, id=71308, stack(0x0000002eab300000,0x0000002eab400000) (1024K)]
  0x0000014c97a676a0 JavaThread "Unconstrained build operations Thread 24"        [_thread_blocked, id=92264, stack(0x0000002eab400000,0x0000002eab500000) (1024K)]
  0x0000014c97a655d0 JavaThread "Unconstrained build operations Thread 25"        [_thread_blocked, id=82080, stack(0x0000002eab500000,0x0000002eab600000) (1024K)]
  0x0000014c97a65c60 JavaThread "Unconstrained build operations Thread 26"        [_thread_blocked, id=95120, stack(0x0000002eab600000,0x0000002eab700000) (1024K)]
Total: 70

Other Threads:
=>0x0000014cffa5e560 VMThread "VM Thread"                           [id=82512, stack(0x0000002ea6600000,0x0000002ea6700000) (1024K)]
  0x0000014cffa10ec0 WatcherThread "VM Periodic Task Thread"        [id=92684, stack(0x0000002ea6500000,0x0000002ea6600000) (1024K)]
  0x0000014cf7193f70 WorkerThread "GC Thread#0"                     [id=88484, stack(0x0000002ea6000000,0x0000002ea6100000) (1024K)]
  0x0000014c936f4780 WorkerThread "GC Thread#1"                     [id=90012, stack(0x0000002ea7100000,0x0000002ea7200000) (1024K)]
  0x0000014c936fef60 WorkerThread "GC Thread#2"                     [id=91528, stack(0x0000002ea7200000,0x0000002ea7300000) (1024K)]
  0x0000014c9415fba0 WorkerThread "GC Thread#3"                     [id=89752, stack(0x0000002ea7300000,0x0000002ea7400000) (1024K)]
  0x0000014c942d24a0 WorkerThread "GC Thread#4"                     [id=70516, stack(0x0000002ea7400000,0x0000002ea7500000) (1024K)]
  0x0000014c951f2980 WorkerThread "GC Thread#5"                     [id=92628, stack(0x0000002ea7500000,0x0000002ea7600000) (1024K)]
  0x0000014c95600fc0 WorkerThread "GC Thread#6"                     [id=92516, stack(0x0000002ea7600000,0x0000002ea7700000) (1024K)]
  0x0000014c94154730 WorkerThread "GC Thread#7"                     [id=8076, stack(0x0000002ea7c00000,0x0000002ea7d00000) (1024K)]
  0x0000014c94153ff0 WorkerThread "GC Thread#8"                     [id=92984, stack(0x0000002ea7d00000,0x0000002ea7e00000) (1024K)]
  0x0000014c94154390 WorkerThread "GC Thread#9"                     [id=95684, stack(0x0000002ea7e00000,0x0000002ea7f00000) (1024K)]
  0x0000014cf71a5eb0 ConcurrentGCThread "G1 Main Marker"            [id=87908, stack(0x0000002ea6100000,0x0000002ea6200000) (1024K)]
  0x0000014cf71a74d0 WorkerThread "G1 Conc#0"                       [id=73948, stack(0x0000002ea6200000,0x0000002ea6300000) (1024K)]
  0x0000014c94058aa0 WorkerThread "G1 Conc#1"                       [id=11948, stack(0x0000002ea7f00000,0x0000002ea8000000) (1024K)]
  0x0000014c94057c20 WorkerThread "G1 Conc#2"                       [id=93720, stack(0x0000002ea8000000,0x0000002ea8100000) (1024K)]
  0x0000014cff8dee30 ConcurrentGCThread "G1 Refine#0"               [id=18256, stack(0x0000002ea6300000,0x0000002ea6400000) (1024K)]
  0x0000014cff8df8b0 ConcurrentGCThread "G1 Service"                [id=94256, stack(0x0000002ea6400000,0x0000002ea6500000) (1024K)]
Total: 18

Threads with active compile tasks:
C2 CompilerThread0  25437 9490       4       org.apache.commons.compress.archivers.zip.ZipArchiveOutputStream::write (57 bytes)
Total: 1

VM state: at safepoint (normal execution)

VM Mutex/Monitor currently owned by a thread:  ([mutex/lock_event])
[0x00007ff9ba358690] Threads_lock - owner thread: 0x0000014cffa5e560
[0x00007ff9ba358790] Heap_lock - owner thread: 0x0000014c949dba40

Heap address: 0x0000000080000000, size: 2048 MB, Compressed Oops mode: 32-bit

CDS archive(s) not mapped
Compressed class space mapped at: 0x0000000100000000-0x0000000140000000, reserved size: 1073741824
Narrow klass base: 0x0000000000000000, Narrow klass shift: 3, Narrow klass range: 0x140000000

GC Precious Log:
 CardTable entry size: 512
 Card Set container configuration: InlinePtr #cards 5 size 8 Array Of Cards #cards 12 size 40 Howl #buckets 4 coarsen threshold 1843 Howl Bitmap #cards 512 size 80 coarsen threshold 460 Card regions per heap region 1 cards per card region 2048
 CPUs: 12 total, 12 available
 Memory: 7521M
 Large Page Support: Disabled
 NUMA Support: Disabled
 Compressed Oops: Enabled (32-bit)
 Heap Region Size: 1M
 Heap Min Capacity: 8M
 Heap Initial Capacity: 118M
 Heap Max Capacity: 2G
 Pre-touch: Disabled
 Parallel Workers: 10
 Concurrent Workers: 3
 Concurrent Refinement Workers: 10
 Periodic GC: Disabled

Heap:
 garbage-first heap   total 195584K, used 82625K [0x0000000080000000, 0x0000000100000000)
  region size 1024K, 5 young (5120K), 5 survivors (5120K)
 Metaspace       used 68867K, committed 70528K, reserved 1114112K
  class space    used 9674K, committed 10496K, reserved 1048576K

Heap Regions: E=young(eden), S=young(survivor), O=old, HS=humongous(starts), HC=humongous(continues), CS=collection set, F=free, TAMS=top-at-mark-start, PB=parsable bottom
|   0|0x0000000080000000, 0x0000000080100000, 0x0000000080100000|100%|HS|  |TAMS 0x0000000080000000| PB 0x0000000080000000| Complete 
|   1|0x0000000080100000, 0x0000000080200000, 0x0000000080200000|100%|HC|  |TAMS 0x0000000080100000| PB 0x0000000080100000| Complete 
|   2|0x0000000080200000, 0x0000000080300000, 0x0000000080300000|100%|HC|  |TAMS 0x0000000080200000| PB 0x0000000080200000| Complete 
|   3|0x0000000080300000, 0x0000000080400000, 0x0000000080400000|100%|HC|  |TAMS 0x0000000080300000| PB 0x0000000080300000| Complete 
|   4|0x0000000080400000, 0x0000000080500000, 0x0000000080500000|100%| O|  |TAMS 0x0000000080400000| PB 0x0000000080400000| Untracked 
|   5|0x0000000080500000, 0x0000000080600000, 0x0000000080600000|100%| O|  |TAMS 0x0000000080500000| PB 0x0000000080500000| Untracked 
|   6|0x0000000080600000, 0x0000000080700000, 0x0000000080700000|100%| O|  |TAMS 0x0000000080600000| PB 0x0000000080600000| Untracked 
|   7|0x0000000080700000, 0x0000000080800000, 0x0000000080800000|100%|HS|  |TAMS 0x0000000080700000| PB 0x0000000080700000| Complete 
|   8|0x0000000080800000, 0x0000000080900000, 0x0000000080900000|100%| O|  |TAMS 0x0000000080800000| PB 0x0000000080800000| Untracked 
|   9|0x0000000080900000, 0x0000000080a00000, 0x0000000080a00000|100%| O|  |TAMS 0x0000000080900000| PB 0x0000000080900000| Untracked 
|  10|0x0000000080a00000, 0x0000000080b00000, 0x0000000080b00000|100%| O|  |TAMS 0x0000000080a00000| PB 0x0000000080a00000| Untracked 
|  11|0x0000000080b00000, 0x0000000080c00000, 0x0000000080c00000|100%| O|  |TAMS 0x0000000080b00000| PB 0x0000000080b00000| Untracked 
|  12|0x0000000080c00000, 0x0000000080d00000, 0x0000000080d00000|100%| O|  |TAMS 0x0000000080c00000| PB 0x0000000080c00000| Untracked 
|  13|0x0000000080d00000, 0x0000000080e00000, 0x0000000080e00000|100%| O|  |TAMS 0x0000000080d00000| PB 0x0000000080d00000| Untracked 
|  14|0x0000000080e00000, 0x0000000080f00000, 0x0000000080f00000|100%| O|  |TAMS 0x0000000080e00000| PB 0x0000000080e00000| Untracked 
|  15|0x0000000080f00000, 0x0000000081000000, 0x0000000081000000|100%| O|  |TAMS 0x0000000080f00000| PB 0x0000000080f00000| Untracked 
|  16|0x0000000081000000, 0x0000000081100000, 0x0000000081100000|100%| O|  |TAMS 0x0000000081000000| PB 0x0000000081000000| Untracked 
|  17|0x0000000081100000, 0x0000000081200000, 0x0000000081200000|100%| O|  |TAMS 0x0000000081100000| PB 0x0000000081100000| Untracked 
|  18|0x0000000081200000, 0x0000000081300000, 0x0000000081300000|100%| O|  |TAMS 0x0000000081200000| PB 0x0000000081200000| Untracked 
|  19|0x0000000081300000, 0x0000000081400000, 0x0000000081400000|100%| O|  |TAMS 0x0000000081300000| PB 0x0000000081300000| Untracked 
|  20|0x0000000081400000, 0x0000000081500000, 0x0000000081500000|100%| O|  |TAMS 0x0000000081400000| PB 0x0000000081400000| Untracked 
|  21|0x0000000081500000, 0x0000000081600000, 0x0000000081600000|100%| O|  |TAMS 0x0000000081500000| PB 0x0000000081500000| Untracked 
|  22|0x0000000081600000, 0x0000000081700000, 0x0000000081700000|100%| O|  |TAMS 0x0000000081600000| PB 0x0000000081600000| Untracked 
|  23|0x0000000081700000, 0x0000000081800000, 0x0000000081800000|100%|HS|  |TAMS 0x0000000081700000| PB 0x0000000081700000| Complete 
|  24|0x0000000081800000, 0x0000000081900000, 0x0000000081900000|100%|HC|  |TAMS 0x0000000081800000| PB 0x0000000081800000| Complete 
|  25|0x0000000081900000, 0x0000000081a00000, 0x0000000081a00000|100%|HC|  |TAMS 0x0000000081900000| PB 0x0000000081900000| Complete 
|  26|0x0000000081a00000, 0x0000000081b00000, 0x0000000081b00000|100%|HC|  |TAMS 0x0000000081a00000| PB 0x0000000081a00000| Complete 
|  27|0x0000000081b00000, 0x0000000081c00000, 0x0000000081c00000|100%|HC|  |TAMS 0x0000000081b00000| PB 0x0000000081b00000| Complete 
|  28|0x0000000081c00000, 0x0000000081d00000, 0x0000000081d00000|100%|HC|  |TAMS 0x0000000081c00000| PB 0x0000000081c00000| Complete 
|  29|0x0000000081d00000, 0x0000000081e00000, 0x0000000081e00000|100%|HS|  |TAMS 0x0000000081d00000| PB 0x0000000081d00000| Complete 
|  30|0x0000000081e00000, 0x0000000081f00000, 0x0000000081f00000|100%|HC|  |TAMS 0x0000000081e00000| PB 0x0000000081e00000| Complete 
|  31|0x0000000081f00000, 0x0000000082000000, 0x0000000082000000|100%|HS|  |TAMS 0x0000000081f00000| PB 0x0000000081f00000| Complete 
|  32|0x0000000082000000, 0x0000000082100000, 0x0000000082100000|100%| O|  |TAMS 0x0000000082000000| PB 0x0000000082000000| Untracked 
|  33|0x0000000082100000, 0x0000000082200000, 0x0000000082200000|100%|HS|  |TAMS 0x0000000082100000| PB 0x0000000082100000| Complete 
|  34|0x0000000082200000, 0x0000000082300000, 0x0000000082300000|100%| O|  |TAMS 0x0000000082200000| PB 0x0000000082200000| Untracked 
|  35|0x0000000082300000, 0x0000000082400000, 0x0000000082400000|100%| O|  |TAMS 0x0000000082300000| PB 0x0000000082300000| Untracked 
|  36|0x0000000082400000, 0x0000000082500000, 0x0000000082500000|100%| O|  |TAMS 0x0000000082400000| PB 0x0000000082400000| Untracked 
|  37|0x0000000082500000, 0x0000000082600000, 0x0000000082600000|100%| O|  |TAMS 0x0000000082500000| PB 0x0000000082500000| Untracked 
|  38|0x0000000082600000, 0x0000000082700000, 0x0000000082700000|100%| O|  |TAMS 0x0000000082600000| PB 0x0000000082600000| Untracked 
|  39|0x0000000082700000, 0x0000000082800000, 0x0000000082800000|100%| O|  |TAMS 0x0000000082700000| PB 0x0000000082700000| Untracked 
|  40|0x0000000082800000, 0x0000000082900000, 0x0000000082900000|100%| O|  |TAMS 0x0000000082800000| PB 0x0000000082800000| Untracked 
|  41|0x0000000082900000, 0x0000000082a00000, 0x0000000082a00000|100%| O|  |TAMS 0x0000000082900000| PB 0x0000000082900000| Untracked 
|  42|0x0000000082a00000, 0x0000000082b00000, 0x0000000082b00000|100%| O|  |TAMS 0x0000000082a00000| PB 0x0000000082a00000| Untracked 
|  43|0x0000000082b00000, 0x0000000082c00000, 0x0000000082c00000|100%| O|  |TAMS 0x0000000082b00000| PB 0x0000000082b00000| Untracked 
|  44|0x0000000082c00000, 0x0000000082d00000, 0x0000000082d00000|100%| O|  |TAMS 0x0000000082c00000| PB 0x0000000082c00000| Untracked 
|  45|0x0000000082d00000, 0x0000000082e00000, 0x0000000082e00000|100%| O|  |TAMS 0x0000000082d00000| PB 0x0000000082d00000| Untracked 
|  46|0x0000000082e00000, 0x0000000082f00000, 0x0000000082f00000|100%| O|  |TAMS 0x0000000082e00000| PB 0x0000000082e00000| Untracked 
|  47|0x0000000082f00000, 0x0000000083000000, 0x0000000083000000|100%|HS|  |TAMS 0x0000000082f00000| PB 0x0000000082f00000| Complete 
|  48|0x0000000083000000, 0x0000000083100000, 0x0000000083100000|100%|HC|  |TAMS 0x0000000083000000| PB 0x0000000083000000| Complete 
|  49|0x0000000083100000, 0x0000000083200000, 0x0000000083200000|100%| O|  |TAMS 0x0000000083100000| PB 0x0000000083100000| Untracked 
|  50|0x0000000083200000, 0x0000000083300000, 0x0000000083300000|100%| O|  |TAMS 0x0000000083200000| PB 0x0000000083200000| Untracked 
|  51|0x0000000083300000, 0x0000000083400000, 0x0000000083400000|100%| O|  |TAMS 0x0000000083300000| PB 0x0000000083300000| Untracked 
|  52|0x0000000083400000, 0x0000000083500000, 0x0000000083500000|100%| O|  |TAMS 0x0000000083400000| PB 0x0000000083400000| Untracked 
|  53|0x0000000083500000, 0x0000000083500000, 0x0000000083600000|  0%| F|  |TAMS 0x0000000083500000| PB 0x0000000083500000| Untracked 
|  54|0x0000000083600000, 0x0000000083700000, 0x0000000083700000|100%| O|  |TAMS 0x0000000083600000| PB 0x0000000083600000| Untracked 
|  55|0x0000000083700000, 0x0000000083800000, 0x0000000083800000|100%| O|  |TAMS 0x0000000083700000| PB 0x0000000083700000| Untracked 
|  56|0x0000000083800000, 0x0000000083900000, 0x0000000083900000|100%| O|  |TAMS 0x0000000083800000| PB 0x0000000083800000| Untracked 
|  57|0x0000000083900000, 0x0000000083a00000, 0x0000000083a00000|100%| O|  |TAMS 0x0000000083900000| PB 0x0000000083900000| Untracked 
|  58|0x0000000083a00000, 0x0000000083b00000, 0x0000000083b00000|100%| O|  |TAMS 0x0000000083a00000| PB 0x0000000083a00000| Untracked 
|  59|0x0000000083b00000, 0x0000000083c00000, 0x0000000083c00000|100%| O|  |TAMS 0x0000000083b00000| PB 0x0000000083b00000| Untracked 
|  60|0x0000000083c00000, 0x0000000083d00000, 0x0000000083d00000|100%| O|  |TAMS 0x0000000083c00000| PB 0x0000000083c00000| Untracked 
|  61|0x0000000083d00000, 0x0000000083e00000, 0x0000000083e00000|100%| O|  |TAMS 0x0000000083d00000| PB 0x0000000083d00000| Untracked 
|  62|0x0000000083e00000, 0x0000000083f00000, 0x0000000083f00000|100%| O|  |TAMS 0x0000000083e00000| PB 0x0000000083e00000| Untracked 
|  63|0x0000000083f00000, 0x0000000083f00000, 0x0000000084000000|  0%| F|  |TAMS 0x0000000083f00000| PB 0x0000000083f00000| Untracked 
|  64|0x0000000084000000, 0x0000000084100000, 0x0000000084100000|100%| O|  |TAMS 0x0000000084000000| PB 0x0000000084000000| Untracked 
|  65|0x0000000084100000, 0x0000000084100000, 0x0000000084200000|  0%| F|  |TAMS 0x0000000084100000| PB 0x0000000084100000| Untracked 
|  66|0x0000000084200000, 0x0000000084200000, 0x0000000084300000|  0%| F|  |TAMS 0x0000000084200000| PB 0x0000000084200000| Untracked 
|  67|0x0000000084300000, 0x0000000084300000, 0x0000000084400000|  0%| F|  |TAMS 0x0000000084300000| PB 0x0000000084300000| Untracked 
|  68|0x0000000084400000, 0x0000000084400000, 0x0000000084500000|  0%| F|  |TAMS 0x0000000084400000| PB 0x0000000084400000| Untracked 
|  69|0x0000000084500000, 0x0000000084500000, 0x0000000084600000|  0%| F|  |TAMS 0x0000000084500000| PB 0x0000000084500000| Untracked 
|  70|0x0000000084600000, 0x0000000084600000, 0x0000000084700000|  0%| F|  |TAMS 0x0000000084600000| PB 0x0000000084600000| Untracked 
|  71|0x0000000084700000, 0x00000000847b0630, 0x0000000084800000| 68%| O|  |TAMS 0x0000000084700000| PB 0x0000000084700000| Untracked 
|  72|0x0000000084800000, 0x0000000084900000, 0x0000000084900000|100%|HS|  |TAMS 0x0000000084800000| PB 0x0000000084800000| Complete 
|  73|0x0000000084900000, 0x0000000084a00000, 0x0000000084a00000|100%|HC|  |TAMS 0x0000000084900000| PB 0x0000000084900000| Complete 
|  74|0x0000000084a00000, 0x0000000084b00000, 0x0000000084b00000|100%|HC|  |TAMS 0x0000000084a00000| PB 0x0000000084a00000| Complete 
|  75|0x0000000084b00000, 0x0000000084c00000, 0x0000000084c00000|100%|HC|  |TAMS 0x0000000084b00000| PB 0x0000000084b00000| Complete 
|  76|0x0000000084c00000, 0x0000000084d00000, 0x0000000084d00000|100%|HC|  |TAMS 0x0000000084c00000| PB 0x0000000084c00000| Complete 
|  77|0x0000000084d00000, 0x0000000084e00000, 0x0000000084e00000|100%|HC|  |TAMS 0x0000000084d00000| PB 0x0000000084d00000| Complete 
|  78|0x0000000084e00000, 0x0000000084f00000, 0x0000000084f00000|100%|HS|  |TAMS 0x0000000084e00000| PB 0x0000000084e00000| Complete 
|  79|0x0000000084f00000, 0x0000000085000000, 0x0000000085000000|100%|HC|  |TAMS 0x0000000084f00000| PB 0x0000000084f00000| Complete 
|  80|0x0000000085000000, 0x0000000085100000, 0x0000000085100000|100%| S|CS|TAMS 0x0000000085000000| PB 0x0000000085000000| Complete 
|  81|0x0000000085100000, 0x0000000085100000, 0x0000000085200000|  0%| F|  |TAMS 0x0000000085100000| PB 0x0000000085100000| Untracked 
|  82|0x0000000085200000, 0x0000000085300000, 0x0000000085300000|100%| S|CS|TAMS 0x0000000085200000| PB 0x0000000085200000| Complete 
|  83|0x0000000085300000, 0x0000000085400000, 0x0000000085400000|100%| S|CS|TAMS 0x0000000085300000| PB 0x0000000085300000| Complete 
|  84|0x0000000085400000, 0x0000000085400000, 0x0000000085500000|  0%| F|  |TAMS 0x0000000085400000| PB 0x0000000085400000| Untracked 
|  85|0x0000000085500000, 0x0000000085600000, 0x0000000085600000|100%| S|CS|TAMS 0x0000000085500000| PB 0x0000000085500000| Complete 
|  86|0x0000000085600000, 0x0000000085600000, 0x0000000085700000|  0%| F|  |TAMS 0x0000000085600000| PB 0x0000000085600000| Untracked 
|  87|0x0000000085700000, 0x0000000085800000, 0x0000000085800000|100%| S|CS|TAMS 0x0000000085700000| PB 0x0000000085700000| Complete 
|  88|0x0000000085800000, 0x0000000085800000, 0x0000000085900000|  0%| F|  |TAMS 0x0000000085800000| PB 0x0000000085800000| Untracked 
|  89|0x0000000085900000, 0x0000000085900000, 0x0000000085a00000|  0%| F|  |TAMS 0x0000000085900000| PB 0x0000000085900000| Untracked 
|  90|0x0000000085a00000, 0x0000000085a00000, 0x0000000085b00000|  0%| F|  |TAMS 0x0000000085a00000| PB 0x0000000085a00000| Untracked 
|  91|0x0000000085b00000, 0x0000000085b00000, 0x0000000085c00000|  0%| F|  |TAMS 0x0000000085b00000| PB 0x0000000085b00000| Untracked 
|  92|0x0000000085c00000, 0x0000000085c00000, 0x0000000085d00000|  0%| F|  |TAMS 0x0000000085c00000| PB 0x0000000085c00000| Untracked 
|  93|0x0000000085d00000, 0x0000000085d00000, 0x0000000085e00000|  0%| F|  |TAMS 0x0000000085d00000| PB 0x0000000085d00000| Untracked 
|  94|0x0000000085e00000, 0x0000000085e00000, 0x0000000085f00000|  0%| F|  |TAMS 0x0000000085e00000| PB 0x0000000085e00000| Untracked 
|  95|0x0000000085f00000, 0x0000000085f00000, 0x0000000086000000|  0%| F|  |TAMS 0x0000000085f00000| PB 0x0000000085f00000| Untracked 
|  96|0x0000000086000000, 0x0000000086000000, 0x0000000086100000|  0%| F|  |TAMS 0x0000000086000000| PB 0x0000000086000000| Untracked 
|  97|0x0000000086100000, 0x0000000086100000, 0x0000000086200000|  0%| F|  |TAMS 0x0000000086100000| PB 0x0000000086100000| Untracked 
|  98|0x0000000086200000, 0x0000000086200000, 0x0000000086300000|  0%| F|  |TAMS 0x0000000086200000| PB 0x0000000086200000| Untracked 
|  99|0x0000000086300000, 0x0000000086300000, 0x0000000086400000|  0%| F|  |TAMS 0x0000000086300000| PB 0x0000000086300000| Untracked 
| 100|0x0000000086400000, 0x0000000086400000, 0x0000000086500000|  0%| F|  |TAMS 0x0000000086400000| PB 0x0000000086400000| Untracked 
| 101|0x0000000086500000, 0x0000000086500000, 0x0000000086600000|  0%| F|  |TAMS 0x0000000086500000| PB 0x0000000086500000| Untracked 
| 102|0x0000000086600000, 0x0000000086600000, 0x0000000086700000|  0%| F|  |TAMS 0x0000000086600000| PB 0x0000000086600000| Untracked 
| 103|0x0000000086700000, 0x0000000086700000, 0x0000000086800000|  0%| F|  |TAMS 0x0000000086700000| PB 0x0000000086700000| Untracked 
| 104|0x0000000086800000, 0x0000000086800000, 0x0000000086900000|  0%| F|  |TAMS 0x0000000086800000| PB 0x0000000086800000| Untracked 
| 105|0x0000000086900000, 0x0000000086900000, 0x0000000086a00000|  0%| F|  |TAMS 0x0000000086900000| PB 0x0000000086900000| Untracked 
| 106|0x0000000086a00000, 0x0000000086a00000, 0x0000000086b00000|  0%| F|  |TAMS 0x0000000086a00000| PB 0x0000000086a00000| Untracked 
| 107|0x0000000086b00000, 0x0000000086b00000, 0x0000000086c00000|  0%| F|  |TAMS 0x0000000086b00000| PB 0x0000000086b00000| Untracked 
| 108|0x0000000086c00000, 0x0000000086c00000, 0x0000000086d00000|  0%| F|  |TAMS 0x0000000086c00000| PB 0x0000000086c00000| Untracked 
| 109|0x0000000086d00000, 0x0000000086d00000, 0x0000000086e00000|  0%| F|  |TAMS 0x0000000086d00000| PB 0x0000000086d00000| Untracked 
| 110|0x0000000086e00000, 0x0000000086e00000, 0x0000000086f00000|  0%| F|  |TAMS 0x0000000086e00000| PB 0x0000000086e00000| Untracked 
| 111|0x0000000086f00000, 0x0000000086f00000, 0x0000000087000000|  0%| F|  |TAMS 0x0000000086f00000| PB 0x0000000086f00000| Untracked 
| 112|0x0000000087000000, 0x0000000087000000, 0x0000000087100000|  0%| F|  |TAMS 0x0000000087000000| PB 0x0000000087000000| Untracked 
| 113|0x0000000087100000, 0x0000000087100000, 0x0000000087200000|  0%| F|  |TAMS 0x0000000087100000| PB 0x0000000087100000| Untracked 
| 114|0x0000000087200000, 0x0000000087200000, 0x0000000087300000|  0%| F|  |TAMS 0x0000000087200000| PB 0x0000000087200000| Untracked 
| 115|0x0000000087300000, 0x0000000087300000, 0x0000000087400000|  0%| F|  |TAMS 0x0000000087300000| PB 0x0000000087300000| Untracked 
| 116|0x0000000087400000, 0x0000000087400000, 0x0000000087500000|  0%| F|  |TAMS 0x0000000087400000| PB 0x0000000087400000| Untracked 
| 117|0x0000000087500000, 0x0000000087500000, 0x0000000087600000|  0%| F|  |TAMS 0x0000000087500000| PB 0x0000000087500000| Untracked 
| 118|0x0000000087600000, 0x0000000087600000, 0x0000000087700000|  0%| F|  |TAMS 0x0000000087600000| PB 0x0000000087600000| Untracked 
| 119|0x0000000087700000, 0x0000000087700000, 0x0000000087800000|  0%| F|  |TAMS 0x0000000087700000| PB 0x0000000087700000| Untracked 
| 120|0x0000000087800000, 0x0000000087800000, 0x0000000087900000|  0%| F|  |TAMS 0x0000000087800000| PB 0x0000000087800000| Untracked 
| 121|0x0000000087900000, 0x0000000087900000, 0x0000000087a00000|  0%| F|  |TAMS 0x0000000087900000| PB 0x0000000087900000| Untracked 
| 122|0x0000000087a00000, 0x0000000087a00000, 0x0000000087b00000|  0%| F|  |TAMS 0x0000000087a00000| PB 0x0000000087a00000| Untracked 
| 123|0x0000000087b00000, 0x0000000087b00000, 0x0000000087c00000|  0%| F|  |TAMS 0x0000000087b00000| PB 0x0000000087b00000| Untracked 
| 124|0x0000000087c00000, 0x0000000087c00000, 0x0000000087d00000|  0%| F|  |TAMS 0x0000000087c00000| PB 0x0000000087c00000| Untracked 
| 125|0x0000000087d00000, 0x0000000087d00000, 0x0000000087e00000|  0%| F|  |TAMS 0x0000000087d00000| PB 0x0000000087d00000| Untracked 
| 126|0x0000000087e00000, 0x0000000087e00000, 0x0000000087f00000|  0%| F|  |TAMS 0x0000000087e00000| PB 0x0000000087e00000| Untracked 
| 127|0x0000000087f00000, 0x0000000087f00000, 0x0000000088000000|  0%| F|  |TAMS 0x0000000087f00000| PB 0x0000000087f00000| Untracked 
| 128|0x0000000088000000, 0x0000000088000000, 0x0000000088100000|  0%| F|  |TAMS 0x0000000088000000| PB 0x0000000088000000| Untracked 
| 129|0x0000000088100000, 0x0000000088100000, 0x0000000088200000|  0%| F|  |TAMS 0x0000000088100000| PB 0x0000000088100000| Untracked 
| 130|0x0000000088200000, 0x0000000088200000, 0x0000000088300000|  0%| F|  |TAMS 0x0000000088200000| PB 0x0000000088200000| Untracked 
| 131|0x0000000088300000, 0x0000000088300000, 0x0000000088400000|  0%| F|  |TAMS 0x0000000088300000| PB 0x0000000088300000| Untracked 
| 132|0x0000000088400000, 0x0000000088400000, 0x0000000088500000|  0%| F|  |TAMS 0x0000000088400000| PB 0x0000000088400000| Untracked 
| 133|0x0000000088500000, 0x0000000088500000, 0x0000000088600000|  0%| F|  |TAMS 0x0000000088500000| PB 0x0000000088500000| Untracked 
| 134|0x0000000088600000, 0x0000000088600000, 0x0000000088700000|  0%| F|  |TAMS 0x0000000088600000| PB 0x0000000088600000| Untracked 
| 135|0x0000000088700000, 0x0000000088700000, 0x0000000088800000|  0%| F|  |TAMS 0x0000000088700000| PB 0x0000000088700000| Untracked 
| 136|0x0000000088800000, 0x0000000088800000, 0x0000000088900000|  0%| F|  |TAMS 0x0000000088800000| PB 0x0000000088800000| Untracked 
| 137|0x0000000088900000, 0x0000000088900000, 0x0000000088a00000|  0%| F|  |TAMS 0x0000000088900000| PB 0x0000000088900000| Untracked 
| 138|0x0000000088a00000, 0x0000000088a00000, 0x0000000088b00000|  0%| F|  |TAMS 0x0000000088a00000| PB 0x0000000088a00000| Untracked 
| 139|0x0000000088b00000, 0x0000000088b00000, 0x0000000088c00000|  0%| F|  |TAMS 0x0000000088b00000| PB 0x0000000088b00000| Untracked 
| 140|0x0000000088c00000, 0x0000000088c00000, 0x0000000088d00000|  0%| F|  |TAMS 0x0000000088c00000| PB 0x0000000088c00000| Untracked 
| 141|0x0000000088d00000, 0x0000000088d00000, 0x0000000088e00000|  0%| F|  |TAMS 0x0000000088d00000| PB 0x0000000088d00000| Untracked 
| 142|0x0000000088e00000, 0x0000000088e00000, 0x0000000088f00000|  0%| F|  |TAMS 0x0000000088e00000| PB 0x0000000088e00000| Untracked 
| 143|0x0000000088f00000, 0x0000000088f00000, 0x0000000089000000|  0%| F|  |TAMS 0x0000000088f00000| PB 0x0000000088f00000| Untracked 
| 144|0x0000000089000000, 0x0000000089000000, 0x0000000089100000|  0%| F|  |TAMS 0x0000000089000000| PB 0x0000000089000000| Untracked 
| 145|0x0000000089100000, 0x0000000089100000, 0x0000000089200000|  0%| F|  |TAMS 0x0000000089100000| PB 0x0000000089100000| Untracked 
| 146|0x0000000089200000, 0x0000000089200000, 0x0000000089300000|  0%| F|  |TAMS 0x0000000089200000| PB 0x0000000089200000| Untracked 
| 147|0x0000000089300000, 0x0000000089300000, 0x0000000089400000|  0%| F|  |TAMS 0x0000000089300000| PB 0x0000000089300000| Untracked 
| 148|0x0000000089400000, 0x0000000089400000, 0x0000000089500000|  0%| F|  |TAMS 0x0000000089400000| PB 0x0000000089400000| Untracked 
| 149|0x0000000089500000, 0x0000000089500000, 0x0000000089600000|  0%| F|  |TAMS 0x0000000089500000| PB 0x0000000089500000| Untracked 
| 150|0x0000000089600000, 0x0000000089600000, 0x0000000089700000|  0%| F|  |TAMS 0x0000000089600000| PB 0x0000000089600000| Untracked 
| 151|0x0000000089700000, 0x0000000089700000, 0x0000000089800000|  0%| F|  |TAMS 0x0000000089700000| PB 0x0000000089700000| Untracked 
| 152|0x0000000089800000, 0x0000000089800000, 0x0000000089900000|  0%| F|  |TAMS 0x0000000089800000| PB 0x0000000089800000| Untracked 
| 153|0x0000000089900000, 0x0000000089900000, 0x0000000089a00000|  0%| F|  |TAMS 0x0000000089900000| PB 0x0000000089900000| Untracked 
| 154|0x0000000089a00000, 0x0000000089a00000, 0x0000000089b00000|  0%| F|  |TAMS 0x0000000089a00000| PB 0x0000000089a00000| Untracked 
| 155|0x0000000089b00000, 0x0000000089b00000, 0x0000000089c00000|  0%| F|  |TAMS 0x0000000089b00000| PB 0x0000000089b00000| Untracked 
| 156|0x0000000089c00000, 0x0000000089c00000, 0x0000000089d00000|  0%| F|  |TAMS 0x0000000089c00000| PB 0x0000000089c00000| Untracked 
| 157|0x0000000089d00000, 0x0000000089d00000, 0x0000000089e00000|  0%| F|  |TAMS 0x0000000089d00000| PB 0x0000000089d00000| Untracked 
| 158|0x0000000089e00000, 0x0000000089e00000, 0x0000000089f00000|  0%| F|  |TAMS 0x0000000089e00000| PB 0x0000000089e00000| Untracked 
| 159|0x0000000089f00000, 0x0000000089f00000, 0x000000008a000000|  0%| F|  |TAMS 0x0000000089f00000| PB 0x0000000089f00000| Untracked 
| 160|0x000000008a000000, 0x000000008a000000, 0x000000008a100000|  0%| F|  |TAMS 0x000000008a000000| PB 0x000000008a000000| Untracked 
| 161|0x000000008a100000, 0x000000008a100000, 0x000000008a200000|  0%| F|  |TAMS 0x000000008a100000| PB 0x000000008a100000| Untracked 
| 162|0x000000008a200000, 0x000000008a200000, 0x000000008a300000|  0%| F|  |TAMS 0x000000008a200000| PB 0x000000008a200000| Untracked 
| 163|0x000000008a300000, 0x000000008a300000, 0x000000008a400000|  0%| F|  |TAMS 0x000000008a300000| PB 0x000000008a300000| Untracked 
| 164|0x000000008a400000, 0x000000008a400000, 0x000000008a500000|  0%| F|  |TAMS 0x000000008a400000| PB 0x000000008a400000| Untracked 
| 165|0x000000008a500000, 0x000000008a500000, 0x000000008a600000|  0%| F|  |TAMS 0x000000008a500000| PB 0x000000008a500000| Untracked 
| 166|0x000000008a600000, 0x000000008a600000, 0x000000008a700000|  0%| F|  |TAMS 0x000000008a600000| PB 0x000000008a600000| Untracked 
| 167|0x000000008a700000, 0x000000008a700000, 0x000000008a800000|  0%| F|  |TAMS 0x000000008a700000| PB 0x000000008a700000| Untracked 
| 168|0x000000008a800000, 0x000000008a800000, 0x000000008a900000|  0%| F|  |TAMS 0x000000008a800000| PB 0x000000008a800000| Untracked 
| 169|0x000000008a900000, 0x000000008a900000, 0x000000008aa00000|  0%| F|  |TAMS 0x000000008a900000| PB 0x000000008a900000| Untracked 
| 170|0x000000008aa00000, 0x000000008aa00000, 0x000000008ab00000|  0%| F|  |TAMS 0x000000008aa00000| PB 0x000000008aa00000| Untracked 
| 171|0x000000008ab00000, 0x000000008ab00000, 0x000000008ac00000|  0%| F|  |TAMS 0x000000008ab00000| PB 0x000000008ab00000| Untracked 
| 172|0x000000008ac00000, 0x000000008ac00000, 0x000000008ad00000|  0%| F|  |TAMS 0x000000008ac00000| PB 0x000000008ac00000| Untracked 
| 173|0x000000008ad00000, 0x000000008ad00000, 0x000000008ae00000|  0%| F|  |TAMS 0x000000008ad00000| PB 0x000000008ad00000| Untracked 
| 174|0x000000008ae00000, 0x000000008ae00000, 0x000000008af00000|  0%| F|  |TAMS 0x000000008ae00000| PB 0x000000008ae00000| Untracked 
| 175|0x000000008af00000, 0x000000008af00000, 0x000000008b000000|  0%| F|  |TAMS 0x000000008af00000| PB 0x000000008af00000| Untracked 
| 176|0x000000008b000000, 0x000000008b000000, 0x000000008b100000|  0%| F|  |TAMS 0x000000008b000000| PB 0x000000008b000000| Untracked 
| 177|0x000000008b100000, 0x000000008b100000, 0x000000008b200000|  0%| F|  |TAMS 0x000000008b100000| PB 0x000000008b100000| Untracked 
| 178|0x000000008b200000, 0x000000008b200000, 0x000000008b300000|  0%| F|  |TAMS 0x000000008b200000| PB 0x000000008b200000| Untracked 
| 179|0x000000008b300000, 0x000000008b300000, 0x000000008b400000|  0%| F|  |TAMS 0x000000008b300000| PB 0x000000008b300000| Untracked 
| 180|0x000000008b400000, 0x000000008b400000, 0x000000008b500000|  0%| F|  |TAMS 0x000000008b400000| PB 0x000000008b400000| Untracked 
| 181|0x000000008b500000, 0x000000008b500000, 0x000000008b600000|  0%| F|  |TAMS 0x000000008b500000| PB 0x000000008b500000| Untracked 
| 182|0x000000008b600000, 0x000000008b600000, 0x000000008b700000|  0%| F|  |TAMS 0x000000008b600000| PB 0x000000008b600000| Untracked 
| 183|0x000000008b700000, 0x000000008b700000, 0x000000008b800000|  0%| F|  |TAMS 0x000000008b700000| PB 0x000000008b700000| Untracked 
| 184|0x000000008b800000, 0x000000008b800000, 0x000000008b900000|  0%| F|  |TAMS 0x000000008b800000| PB 0x000000008b800000| Untracked 
| 185|0x000000008b900000, 0x000000008b900000, 0x000000008ba00000|  0%| F|  |TAMS 0x000000008b900000| PB 0x000000008b900000| Untracked 
|2043|0x00000000ffb00000, 0x00000000ffb00000, 0x00000000ffc00000|  0%| F|  |TAMS 0x00000000ffb00000| PB 0x00000000ffb00000| Untracked 
|2044|0x00000000ffc00000, 0x00000000ffd00000, 0x00000000ffd00000|100%| O|  |TAMS 0x00000000ffc00000| PB 0x00000000ffc00000| Untracked 
|2045|0x00000000ffd00000, 0x00000000ffe00000, 0x00000000ffe00000|100%| O|  |TAMS 0x00000000ffd00000| PB 0x00000000ffd00000| Untracked 
|2046|0x00000000ffe00000, 0x00000000fff00000, 0x00000000fff00000|100%| O|  |TAMS 0x00000000ffe00000| PB 0x00000000ffe00000| Untracked 
|2047|0x00000000fff00000, 0x0000000100000000, 0x0000000100000000|100%| O|  |TAMS 0x00000000fff00000| PB 0x00000000fff00000| Untracked 

Card table byte_map: [0x0000014cfabd0000,0x0000014cfafd0000] _byte_map_base: 0x0000014cfa7d0000

Marking Bits: (CMBitMap*) 0x0000014cf7194580
 Bits: [0x0000014cfafd0000, 0x0000014cfcfd0000)

Polling page: 0x0000014cf5170000

Metaspace:

Usage:
  Non-class:     57.81 MB used.
      Class:      9.45 MB used.
       Both:     67.25 MB used.

Virtual space:
  Non-class space:       64.00 MB reserved,      58.62 MB ( 92%) committed,  1 nodes.
      Class space:        1.00 GB reserved,      10.25 MB (  1%) committed,  1 nodes.
             Both:        1.06 GB reserved,      68.88 MB (  6%) committed. 

Chunk freelists:
   Non-Class:  4.56 MB
       Class:  5.56 MB
        Both:  10.12 MB

MaxMetaspaceSize: unlimited
CompressedClassSpaceSize: 1.00 GB
Initial GC threshold: 21.00 MB
Current GC threshold: 114.81 MB
CDS: off
 - commit_granule_bytes: 65536.
 - commit_granule_words: 8192.
 - virtual_space_node_default_size: 8388608.
 - enlarge_chunks_in_place: 1.
 - use_allocation_guard: 0.


Internal statistics:

num_allocs_failed_limit: 6.
num_arena_births: 3188.
num_arena_deaths: 0.
num_vsnodes_births: 2.
num_vsnodes_deaths: 0.
num_space_committed: 1102.
num_space_uncommitted: 0.
num_chunks_returned_to_freelist: 6.
num_chunks_taken_from_freelist: 6030.
num_chunk_merges: 3.
num_chunk_splits: 3893.
num_chunks_enlarged: 2391.
num_inconsistent_stats: 0.

CodeHeap 'non-profiled nmethods': size=120000Kb used=4840Kb max_used=4840Kb free=115159Kb
 bounds [0x0000014c87ad0000, 0x0000014c87f90000, 0x0000014c8f000000]
CodeHeap 'profiled nmethods': size=120000Kb used=13275Kb max_used=15572Kb free=106725Kb
 bounds [0x0000014c80000000, 0x0000014c80f40000, 0x0000014c87530000]
CodeHeap 'non-nmethods': size=5760Kb used=1879Kb max_used=1943Kb free=3881Kb
 bounds [0x0000014c87530000, 0x0000014c877a0000, 0x0000014c87ad0000]
CodeCache: size=245760Kb, used=19994Kb, max_used=22355Kb, free=225765Kb
 total_blobs=8105, nmethods=7335, adapters=674, full_count=0
Compilation: enabled, stopped_count=0, restarted_count=0

Compilation events (20 events):
Event: 23.961 Thread 0x0000014c930f3490 nmethod 9332 0x0000014c87f87a90 code [0x0000014c87f87c20, 0x0000014c87f87ca8]
Event: 23.961 Thread 0x0000014c930f3490 9333       4       org.objectweb.asm.commons.SignatureRemapper::visitClassBound (10 bytes)
Event: 23.961 Thread 0x0000014c930f3490 nmethod 9333 0x0000014c87f87d90 code [0x0000014c87f87f20, 0x0000014c87f87fd8]
Event: 23.961 Thread 0x0000014c930f3490 9346       4       org.objectweb.asm.SymbolTable::hash (14 bytes)
Event: 23.962 Thread 0x0000014c930f3490 nmethod 9346 0x0000014c87f88090 code [0x0000014c87f88200, 0x0000014c87f88280]
Event: 23.962 Thread 0x0000014c930f3490 9339       4       org.objectweb.asm.commons.SignatureRemapper::visitBaseType (9 bytes)
Event: 23.962 Thread 0x0000014c930f3490 nmethod 9339 0x0000014c87f88390 code [0x0000014c87f88520, 0x0000014c87f885d0]
Event: 23.962 Thread 0x0000014c930f3490 9402       4       org.objectweb.asm.commons.SignatureRemapper::visitSuperclass (10 bytes)
Event: 23.962 Thread 0x0000014c930f3490 nmethod 9402 0x0000014c87f88690 code [0x0000014c87f88820, 0x0000014c87f888d8]
Event: 23.962 Thread 0x0000014c930f3490 9392       4       org.objectweb.asm.commons.SignatureRemapper::visitArrayType (10 bytes)
Event: 23.962 Thread 0x0000014c930f3490 nmethod 9392 0x0000014c87f88990 code [0x0000014c87f88b20, 0x0000014c87f88bd8]
Event: 23.962 Thread 0x0000014c930f3490 9375       4       org.objectweb.asm.commons.SignatureRemapper::visitTypeArgument (8 bytes)
Event: 23.962 Thread 0x0000014c930f3490 nmethod 9375 0x0000014c87f88c90 code [0x0000014c87f88e20, 0x0000014c87f88ed0]
Event: 23.962 Thread 0x0000014c930f3490 9488       4       org.objectweb.asm.ClassWriter::visitSource (39 bytes)
Event: 23.964 Thread 0x0000014c930f3490 nmethod 9488 0x0000014c87f88f90 code [0x0000014c87f89160, 0x0000014c87f89530]
Event: 23.964 Thread 0x0000014c930f3490 9078       4       org.objectweb.asm.ClassReader::getTypeAnnotationBytecodeOffset (34 bytes)
Event: 23.965 Thread 0x0000014c930f3490 nmethod 9078 0x0000014c87f89710 code [0x0000014c87f898c0, 0x0000014c87f899e8]
Event: 23.969 Thread 0x0000014c930f3490 9489       4       org.gradle.internal.util.Trie::find (135 bytes)
Event: 23.973 Thread 0x0000014c930f3490 nmethod 9489 0x0000014c87f89b10 code [0x0000014c87f89cc0, 0x0000014c87f89fa0]
Event: 23.973 Thread 0x0000014c930f3490 9490       4       org.apache.commons.compress.archivers.zip.ZipArchiveOutputStream::write (57 bytes)

GC Heap History (20 events):
Event: 19.647 GC heap after
{Heap after GC invocations=31 (full 0):
 garbage-first heap   total 158720K, used 73463K [0x0000000080000000, 0x0000000100000000)
  region size 1024K, 8 young (8192K), 8 survivors (8192K)
 Metaspace       used 63750K, committed 65280K, reserved 1114112K
  class space    used 9064K, committed 9792K, reserved 1048576K
}
Event: 21.024 GC heap before
{Heap before GC invocations=31 (full 0):
 garbage-first heap   total 158720K, used 148215K [0x0000000080000000, 0x0000000100000000)
  region size 1024K, 81 young (82944K), 8 survivors (8192K)
 Metaspace       used 68611K, committed 70336K, reserved 1114112K
  class space    used 9648K, committed 10496K, reserved 1048576K
}
Event: 21.031 GC heap after
{Heap after GC invocations=32 (full 0):
 garbage-first heap   total 162816K, used 77874K [0x0000000080000000, 0x0000000100000000)
  region size 1024K, 7 young (7168K), 7 survivors (7168K)
 Metaspace       used 68611K, committed 70336K, reserved 1114112K
  class space    used 9648K, committed 10496K, reserved 1048576K
}
Event: 21.555 GC heap before
{Heap before GC invocations=32 (full 0):
 garbage-first heap   total 162816K, used 150578K [0x0000000080000000, 0x0000000100000000)
  region size 1024K, 78 young (79872K), 7 survivors (7168K)
 Metaspace       used 68829K, committed 70528K, reserved 1114112K
  class space    used 9667K, committed 10496K, reserved 1048576K
}
Event: 21.560 GC heap after
{Heap after GC invocations=33 (full 0):
 garbage-first heap   total 162816K, used 78817K [0x0000000080000000, 0x0000000100000000)
  region size 1024K, 6 young (6144K), 6 survivors (6144K)
 Metaspace       used 68829K, committed 70528K, reserved 1114112K
  class space    used 9667K, committed 10496K, reserved 1048576K
}
Event: 21.779 GC heap before
{Heap before GC invocations=34 (full 0):
 garbage-first heap   total 162816K, used 152545K [0x0000000080000000, 0x0000000100000000)
  region size 1024K, 78 young (79872K), 6 survivors (6144K)
 Metaspace       used 68832K, committed 70528K, reserved 1114112K
  class space    used 9667K, committed 10496K, reserved 1048576K
}
Event: 21.783 GC heap after
{Heap after GC invocations=35 (full 0):
 garbage-first heap   total 195584K, used 79132K [0x0000000080000000, 0x0000000100000000)
  region size 1024K, 6 young (6144K), 6 survivors (6144K)
 Metaspace       used 68832K, committed 70528K, reserved 1114112K
  class space    used 9667K, committed 10496K, reserved 1048576K
}
Event: 22.105 GC heap before
{Heap before GC invocations=35 (full 0):
 garbage-first heap   total 195584K, used 183580K [0x0000000080000000, 0x0000000100000000)
  region size 1024K, 108 young (110592K), 6 survivors (6144K)
 Metaspace       used 68836K, committed 70528K, reserved 1114112K
  class space    used 9667K, committed 10496K, reserved 1048576K
}
Event: 22.109 GC heap after
{Heap after GC invocations=36 (full 0):
 garbage-first heap   total 195584K, used 79128K [0x0000000080000000, 0x0000000100000000)
  region size 1024K, 6 young (6144K), 6 survivors (6144K)
 Metaspace       used 68836K, committed 70528K, reserved 1114112K
  class space    used 9667K, committed 10496K, reserved 1048576K
}
Event: 22.420 GC heap before
{Heap before GC invocations=36 (full 0):
 garbage-first heap   total 195584K, used 183576K [0x0000000080000000, 0x0000000100000000)
  region size 1024K, 108 young (110592K), 6 survivors (6144K)
 Metaspace       used 68837K, committed 70528K, reserved 1114112K
  class space    used 9667K, committed 10496K, reserved 1048576K
}
Event: 22.423 GC heap after
{Heap after GC invocations=37 (full 0):
 garbage-first heap   total 195584K, used 80132K [0x0000000080000000, 0x0000000100000000)
  region size 1024K, 7 young (7168K), 7 survivors (7168K)
 Metaspace       used 68837K, committed 70528K, reserved 1114112K
  class space    used 9667K, committed 10496K, reserved 1048576K
}
Event: 22.771 GC heap before
{Heap before GC invocations=38 (full 0):
 garbage-first heap   total 195584K, used 183556K [0x0000000080000000, 0x0000000100000000)
  region size 1024K, 108 young (110592K), 7 survivors (7168K)
 Metaspace       used 68838K, committed 70528K, reserved 1114112K
  class space    used 9667K, committed 10496K, reserved 1048576K
}
Event: 22.775 GC heap after
{Heap after GC invocations=39 (full 0):
 garbage-first heap   total 195584K, used 80490K [0x0000000080000000, 0x0000000100000000)
  region size 1024K, 8 young (8192K), 8 survivors (8192K)
 Metaspace       used 68838K, committed 70528K, reserved 1114112K
  class space    used 9667K, committed 10496K, reserved 1048576K
}
Event: 23.005 GC heap before
{Heap before GC invocations=39 (full 0):
 garbage-first heap   total 195584K, used 182890K [0x0000000080000000, 0x0000000100000000)
  region size 1024K, 108 young (110592K), 8 survivors (8192K)
 Metaspace       used 68838K, committed 70528K, reserved 1114112K
  class space    used 9667K, committed 10496K, reserved 1048576K
}
Event: 23.010 GC heap after
{Heap after GC invocations=40 (full 0):
 garbage-first heap   total 195584K, used 80798K [0x0000000080000000, 0x0000000100000000)
  region size 1024K, 8 young (8192K), 8 survivors (8192K)
 Metaspace       used 68838K, committed 70528K, reserved 1114112K
  class space    used 9667K, committed 10496K, reserved 1048576K
}
Event: 23.262 GC heap before
{Heap before GC invocations=40 (full 0):
 garbage-first heap   total 195584K, used 183198K [0x0000000080000000, 0x0000000100000000)
  region size 1024K, 108 young (110592K), 8 survivors (8192K)
 Metaspace       used 68838K, committed 70528K, reserved 1114112K
  class space    used 9667K, committed 10496K, reserved 1048576K
}
Event: 23.267 GC heap after
{Heap after GC invocations=41 (full 0):
 garbage-first heap   total 195584K, used 80977K [0x0000000080000000, 0x0000000100000000)
  region size 1024K, 8 young (8192K), 8 survivors (8192K)
 Metaspace       used 68838K, committed 70528K, reserved 1114112K
  class space    used 9667K, committed 10496K, reserved 1048576K
}
Event: 23.574 GC heap before
{Heap before GC invocations=42 (full 0):
 garbage-first heap   total 195584K, used 183377K [0x0000000080000000, 0x0000000100000000)
  region size 1024K, 108 young (110592K), 8 survivors (8192K)
 Metaspace       used 68862K, committed 70528K, reserved 1114112K
  class space    used 9674K, committed 10496K, reserved 1048576K
}
Event: 23.578 GC heap after
{Heap after GC invocations=43 (full 0):
 garbage-first heap   total 195584K, used 81661K [0x0000000080000000, 0x0000000100000000)
  region size 1024K, 5 young (5120K), 5 survivors (5120K)
 Metaspace       used 68862K, committed 70528K, reserved 1114112K
  class space    used 9674K, committed 10496K, reserved 1048576K
}
Event: 23.985 GC heap before
{Heap before GC invocations=43 (full 0):
 garbage-first heap   total 195584K, used 187133K [0x0000000080000000, 0x0000000100000000)
  region size 1024K, 104 young (106496K), 5 survivors (5120K)
 Metaspace       used 68867K, committed 70528K, reserved 1114112K
  class space    used 9674K, committed 10496K, reserved 1048576K
}

Dll operation events (3 events):
Event: 0.046 Loaded shared library C:\Program Files\Android\Android Studio\jbr\bin\java.dll
Event: 0.057 Loaded shared library C:\Program Files\Android\Android Studio\jbr\bin\zip.dll
Event: 1.704 Loaded shared library C:\Program Files\Android\Android Studio\jbr\bin\verify.dll

Deoptimization events (20 events):
Event: 23.372 Thread 0x0000014c949dba40 Uncommon trap: trap_request=0xffffff45 fr.pc=0x0000014c87f4dff4 relative=0x0000000000003dd4
Event: 23.372 Thread 0x0000014c949dba40 Uncommon trap: reason=unstable_if action=reinterpret pc=0x0000014c87f4dff4 method=org.objectweb.asm.ClassWriter.toByteArray()[B @ 730 c2
Event: 23.372 Thread 0x0000014c949dba40 DEOPT PACKING pc=0x0000014c87f4dff4 sp=0x0000002ea82f67f0
Event: 23.372 Thread 0x0000014c949dba40 DEOPT UNPACKING pc=0x0000014c875843a2 sp=0x0000002ea82f6780 mode 2
Event: 23.372 Thread 0x0000014c949dba40 Uncommon trap: trap_request=0xffffff45 fr.pc=0x0000014c87ca12f0 relative=0x0000000000002bf0
Event: 23.372 Thread 0x0000014c949dba40 Uncommon trap: reason=unstable_if action=reinterpret pc=0x0000014c87ca12f0 method=org.objectweb.asm.MethodWriter.putMethodInfo(Lorg/objectweb/asm/ByteVector;)V @ 9 c2
Event: 23.372 Thread 0x0000014c949dba40 DEOPT PACKING pc=0x0000014c87ca12f0 sp=0x0000002ea82f6720
Event: 23.372 Thread 0x0000014c949dba40 DEOPT UNPACKING pc=0x0000014c875843a2 sp=0x0000002ea82f66e0 mode 2
Event: 23.455 Thread 0x0000014c949dba40 Uncommon trap: trap_request=0xffffffbe fr.pc=0x0000014c87e171ec relative=0x0000000000006aec
Event: 23.455 Thread 0x0000014c949dba40 Uncommon trap: reason=profile_predicate action=maybe_recompile pc=0x0000014c87e171ec method=org.objectweb.asm.ClassReader.accept(Lorg/objectweb/asm/ClassVisitor;[Lorg/objectweb/asm/Attribute;I)V @ 977 c2
Event: 23.455 Thread 0x0000014c949dba40 DEOPT PACKING pc=0x0000014c87e171ec sp=0x0000002ea82f66e0
Event: 23.455 Thread 0x0000014c949dba40 DEOPT UNPACKING pc=0x0000014c875843a2 sp=0x0000002ea82f66f8 mode 2
Event: 23.456 Thread 0x0000014c949dba40 Uncommon trap: trap_request=0xffffffbe fr.pc=0x0000014c87e171ec relative=0x0000000000006aec
Event: 23.456 Thread 0x0000014c949dba40 Uncommon trap: reason=profile_predicate action=maybe_recompile pc=0x0000014c87e171ec method=org.objectweb.asm.ClassReader.accept(Lorg/objectweb/asm/ClassVisitor;[Lorg/objectweb/asm/Attribute;I)V @ 977 c2
Event: 23.456 Thread 0x0000014c949dba40 DEOPT PACKING pc=0x0000014c87e171ec sp=0x0000002ea82f66e0
Event: 23.456 Thread 0x0000014c949dba40 DEOPT UNPACKING pc=0x0000014c875843a2 sp=0x0000002ea82f66f8 mode 2
Event: 23.750 Thread 0x0000014c949dba40 Uncommon trap: trap_request=0xfffffff4 fr.pc=0x0000014c87f63304 relative=0x0000000000002264
Event: 23.750 Thread 0x0000014c949dba40 Uncommon trap: reason=null_check action=make_not_entrant pc=0x0000014c87f63304 method=org.gradle.api.internal.file.archive.impl.FileZipInput$1.computeNext()Lorg/gradle/api/internal/file/archive/ZipEntry; @ 19 c2
Event: 23.750 Thread 0x0000014c949dba40 DEOPT PACKING pc=0x0000014c87f63304 sp=0x0000002ea82f6b40
Event: 23.750 Thread 0x0000014c949dba40 DEOPT UNPACKING pc=0x0000014c875843a2 sp=0x0000002ea82f6a88 mode 2

Classes loaded (20 events):
Event: 20.535 Loading class java/lang/ClassBeanInfo
Event: 20.535 Loading class java/lang/ClassBeanInfo done
Event: 20.535 Loading class java/lang/ClassBeanInfo
Event: 20.535 Loading class java/lang/ClassBeanInfo done
Event: 20.535 Loading class java/lang/ClassCustomizer
Event: 20.535 Loading class java/lang/ClassCustomizer done
Event: 20.535 Loading class java/lang/ClassCustomizer
Event: 20.535 Loading class java/lang/ClassCustomizer done
Event: 20.568 Loading class java/lang/invoke/BoundMethodHandle$Species_LLLI
Event: 20.568 Loading class java/lang/invoke/BoundMethodHandle$Species_LLLI done
Event: 20.569 Loading class java/lang/invoke/BoundMethodHandle$Species_LLLIL
Event: 20.569 Loading class java/lang/invoke/BoundMethodHandle$Species_LLLIL done
Event: 20.570 Loading class java/lang/invoke/BoundMethodHandle$Species_LLLILL
Event: 20.570 Loading class java/lang/invoke/BoundMethodHandle$Species_LLLILL done
Event: 20.824 Loading class java/util/Collections$SynchronizedRandomAccessList
Event: 20.825 Loading class java/util/Collections$SynchronizedList
Event: 20.826 Loading class java/util/Collections$SynchronizedList done
Event: 20.826 Loading class java/util/Collections$SynchronizedRandomAccessList done
Event: 23.531 Loading class java/util/regex/Pattern$Caret
Event: 23.532 Loading class java/util/regex/Pattern$Caret done

Classes unloaded (0 events):
No events

Classes redefined (0 events):
No events

Internal exceptions (20 events):
Event: 20.584 Thread 0x0000014c949dba40 Exception <a 'java/lang/ClassNotFoundException'{0x0000000086fd8258}: com/intellij/gradle/toolingExtension/impl/modelBuilder/ExtraModelBuilderCustomizer> (0x0000000086fd8258) 
thrown [s\src\hotspot\share\classfile\systemDictionary.cpp, line 312]
Event: 20.766 Thread 0x0000014c949dba40 Exception <a 'sun/nio/fs/WindowsException'{0x00000000869a88d8}> (0x00000000869a88d8) 
thrown [s\src\hotspot\share\prims\jni.cpp, line 537]
Event: 20.804 Thread 0x0000014c949dba40 Exception <a 'java/lang/IncompatibleClassChangeError'{0x0000000086723e50}: Found class java.lang.Object, but interface was expected> (0x0000000086723e50) 
thrown [s\src\hotspot\share\interpreter\linkResolver.cpp, line 851]
Event: 20.811 Thread 0x0000014c949dba40 Exception <a 'sun/nio/fs/WindowsException'{0x0000000086740930}> (0x0000000086740930) 
thrown [s\src\hotspot\share\prims\jni.cpp, line 537]
Event: 20.813 Thread 0x0000014c949dba40 Exception <a 'sun/nio/fs/WindowsException'{0x0000000086742480}> (0x0000000086742480) 
thrown [s\src\hotspot\share\prims\jni.cpp, line 537]
Event: 20.814 Thread 0x0000014c949dba40 Exception <a 'sun/nio/fs/WindowsException'{0x0000000086743f90}> (0x0000000086743f90) 
thrown [s\src\hotspot\share\prims\jni.cpp, line 537]
Event: 20.814 Thread 0x0000014c949dba40 Exception <a 'sun/nio/fs/WindowsException'{0x0000000086745698}> (0x0000000086745698) 
thrown [s\src\hotspot\share\prims\jni.cpp, line 537]
Event: 20.817 Thread 0x0000014c949dba40 Exception <a 'java/lang/NoSuchMethodError'{0x000000008675f4d8}: 'java.lang.Object java.lang.invoke.Invokers$Holder.invoker(java.lang.Object, java.lang.Object, java.lang.Object, java.lang.Object, java.lang.Object, java.lang.Object)'> (0x000000008675f4d8) 
thrown [s\src\hotspot\share\interpreter\linkResolver.cpp, line 784]
Event: 20.832 Thread 0x0000014c949dba40 Exception <a 'sun/nio/fs/WindowsException'{0x00000000867ecb98}> (0x00000000867ecb98) 
thrown [s\src\hotspot\share\prims\jni.cpp, line 537]
Event: 20.835 Thread 0x0000014c949dba40 Exception <a 'java/lang/NoSuchMethodError'{0x00000000867fb240}: 'java.lang.Object java.lang.invoke.Invokers$Holder.invoker(java.lang.Object, java.lang.Object, java.lang.Object, java.lang.Object, java.lang.Object, java.lang.Object, java.lang.Object, java.lang.Object, java.lang.Object, java.lang.Object, java.lang.Object, java.lang.Object, java.lang.Object, java.lang.Object, java.lang.Object, java.lang.Object, java.lang.Object, java.lang.Object, java.lang.Object, java.lang.Object, java.lang.Object, java.lang.
Event: 20.835 Thread 0x0000014c949dba40 Exception <a 'java/lang/NoSuchMethodError'{0x00000000866020c0}: 'java.lang.Object java.lang.invoke.DelegatingMethodHandle$Holder.delegate(java.lang.Object, java.lang.Object, java.lang.Object, java.lang.Object, java.lang.Object, java.lang.Object, java.lang.Object, java.lang.Object, java.lang.Object, java.lang.Object, java.lang.Object, java.lang.Object, java.lang.Object, java.lang.Object, java.lang.Object, java.lang.Object, java.lang.Object, java.lang.Object, java.lang.Object, java.lang.Object, java.lang.Obj
Event: 20.848 Thread 0x0000014c949dba40 Exception <a 'sun/nio/fs/WindowsException'{0x0000000086538478}> (0x0000000086538478) 
thrown [s\src\hotspot\share\prims\jni.cpp, line 537]
Event: 20.907 Thread 0x0000014c949dba40 Exception <a 'java/lang/NoSuchMethodError'{0x000000008645e2a0}: 'java.lang.Object java.lang.invoke.DirectMethodHandle$Holder.newInvokeSpecial(java.lang.Object, java.lang.Object, java.lang.Object, java.lang.Object, java.lang.Object, java.lang.Object, int)'> (0x000000008645e2a0) 
thrown [s\src\hotspot\share\interpreter\linkResolver.cpp, line 784]
Event: 20.908 Thread 0x0000014c949dba40 Exception <a 'java/lang/NoSuchMethodError'{0x0000000086462f30}: 'java.lang.Object java.lang.invoke.DirectMethodHandle$Holder.invokeSpecial(java.lang.Object, java.lang.Object, java.lang.Object, java.lang.Object, java.lang.Object, java.lang.Object, java.lang.Object, int)'> (0x0000000086462f30) 
thrown [s\src\hotspot\share\interpreter\linkResolver.cpp, line 784]
Event: 20.908 Thread 0x0000014c949dba40 Exception <a 'java/lang/NoSuchMethodError'{0x0000000086467410}: 'java.lang.Object java.lang.invoke.Invokers$Holder.linkToTargetMethod(java.lang.Object, java.lang.Object, java.lang.Object, java.lang.Object, java.lang.Object, int, java.lang.Object)'> (0x0000000086467410) 
thrown [s\src\hotspot\share\interpreter\linkResolver.cpp, line 784]
Event: 21.060 Thread 0x0000014c949dba40 Exception <a 'sun/nio/fs/WindowsException'{0x0000000088e064a0}> (0x0000000088e064a0) 
thrown [s\src\hotspot\share\prims\jni.cpp, line 537]
Event: 21.075 Thread 0x0000014c949dba40 Exception <a 'sun/nio/fs/WindowsException'{0x0000000088ee58d8}> (0x0000000088ee58d8) 
thrown [s\src\hotspot\share\prims\jni.cpp, line 537]
Event: 21.076 Thread 0x0000014c949dba40 Exception <a 'sun/nio/fs/WindowsException'{0x0000000088ee77e8}> (0x0000000088ee77e8) 
thrown [s\src\hotspot\share\prims\jni.cpp, line 537]
Event: 21.077 Thread 0x0000014c949dba40 Exception <a 'sun/nio/fs/WindowsException'{0x0000000088ee9400}> (0x0000000088ee9400) 
thrown [s\src\hotspot\share\prims\jni.cpp, line 537]
Event: 23.750 Thread 0x0000014c949dba40 Implicit null exception at 0x0000014c87f61f0f to 0x0000014c87f632f4

ZGC Phase Switch (0 events):
No events

VM Operations (20 events):
Event: 22.109 Executing VM operation: G1CollectForAllocation (G1 Evacuation Pause) done
Event: 22.420 Executing VM operation: G1CollectForAllocation (G1 Evacuation Pause)
Event: 22.423 Executing VM operation: G1CollectForAllocation (G1 Evacuation Pause) done
Event: 22.448 Executing VM operation: G1PauseRemark
Event: 22.526 Executing VM operation: G1PauseRemark done
Event: 22.534 Executing VM operation: G1PauseCleanup
Event: 22.534 Executing VM operation: G1PauseCleanup done
Event: 22.771 Executing VM operation: G1CollectForAllocation (G1 Evacuation Pause)
Event: 22.775 Executing VM operation: G1CollectForAllocation (G1 Evacuation Pause) done
Event: 23.005 Executing VM operation: G1CollectForAllocation (G1 Evacuation Pause)
Event: 23.010 Executing VM operation: G1CollectForAllocation (G1 Evacuation Pause) done
Event: 23.261 Executing VM operation: G1CollectForAllocation (G1 Evacuation Pause)
Event: 23.267 Executing VM operation: G1CollectForAllocation (G1 Evacuation Pause) done
Event: 23.293 Executing VM operation: G1PauseRemark
Event: 23.296 Executing VM operation: G1PauseRemark done
Event: 23.304 Executing VM operation: G1PauseCleanup
Event: 23.305 Executing VM operation: G1PauseCleanup done
Event: 23.574 Executing VM operation: G1CollectForAllocation (G1 Evacuation Pause)
Event: 23.578 Executing VM operation: G1CollectForAllocation (G1 Evacuation Pause) done
Event: 23.984 Executing VM operation: G1CollectForAllocation (G1 Evacuation Pause)

Memory protections (0 events):
No events

Nmethod flushes (20 events):
Event: 23.296 Thread 0x0000014cffa5e560 flushing  nmethod 0x0000014c80ef9a10
Event: 23.296 Thread 0x0000014cffa5e560 flushing  nmethod 0x0000014c80efa890
Event: 23.296 Thread 0x0000014cffa5e560 flushing  nmethod 0x0000014c80efac90
Event: 23.296 Thread 0x0000014cffa5e560 flushing  nmethod 0x0000014c80efb410
Event: 23.296 Thread 0x0000014cffa5e560 flushing  nmethod 0x0000014c80efbc90
Event: 23.296 Thread 0x0000014cffa5e560 flushing  nmethod 0x0000014c805fe110
Event: 23.296 Thread 0x0000014cffa5e560 flushing  nmethod 0x0000014c80acd990
Event: 23.296 Thread 0x0000014cffa5e560 flushing  nmethod 0x0000014c80efc510
Event: 23.296 Thread 0x0000014cffa5e560 flushing  nmethod 0x0000014c80f02a90
Event: 23.296 Thread 0x0000014cffa5e560 flushing  nmethod 0x0000014c80f08890
Event: 23.296 Thread 0x0000014cffa5e560 flushing  nmethod 0x0000014c80f09a10
Event: 23.296 Thread 0x0000014cffa5e560 flushing  nmethod 0x0000014c80ab2c90
Event: 23.296 Thread 0x0000014cffa5e560 flushing  nmethod 0x0000014c80f0b210
Event: 23.296 Thread 0x0000014cffa5e560 flushing  nmethod 0x0000014c80f0b610
Event: 23.296 Thread 0x0000014cffa5e560 flushing  nmethod 0x0000014c80f0be10
Event: 23.296 Thread 0x0000014cffa5e560 flushing  nmethod 0x0000014c80f0c990
Event: 23.296 Thread 0x0000014cffa5e560 flushing  nmethod 0x0000014c80f10a90
Event: 23.296 Thread 0x0000014cffa5e560 flushing  nmethod 0x0000014c80f11010
Event: 23.296 Thread 0x0000014cffa5e560 flushing  nmethod 0x0000014c80f12c90
Event: 23.296 Thread 0x0000014cffa5e560 flushing  nmethod 0x0000014c80f14190

Events (20 events):
Event: 14.511 Thread 0x0000014c949dba40 Thread added: 0x0000014c93c92940
Event: 14.512 Thread 0x0000014c949dba40 Thread added: 0x0000014c97a60710
Event: 14.517 Thread 0x0000014c949dba40 Thread added: 0x0000014c97a61ac0
Event: 14.518 Thread 0x0000014c949dba40 Thread added: 0x0000014c97a62150
Event: 14.518 Thread 0x0000014c949dba40 Thread added: 0x0000014c97a627e0
Event: 14.518 Thread 0x0000014c949dba40 Thread added: 0x0000014c97a61430
Event: 14.519 Thread 0x0000014c949dba40 Thread added: 0x0000014c97a63500
Event: 14.519 Thread 0x0000014c949dba40 Thread added: 0x0000014c97a62e70
Event: 14.519 Thread 0x0000014c949dba40 Thread added: 0x0000014c97a60080
Event: 14.594 Thread 0x0000014c949dba40 Thread added: 0x0000014c97a63b90
Event: 14.594 Thread 0x0000014c949dba40 Thread added: 0x0000014c97a60da0
Event: 14.595 Thread 0x0000014c949dba40 Thread added: 0x0000014c97a66980
Event: 14.595 Thread 0x0000014c949dba40 Thread added: 0x0000014c97a67010
Event: 14.595 Thread 0x0000014c949dba40 Thread added: 0x0000014c97a662f0
Event: 14.595 Thread 0x0000014c949dba40 Thread added: 0x0000014c97a64f40
Event: 14.596 Thread 0x0000014c949dba40 Thread added: 0x0000014c97a64220
Event: 14.596 Thread 0x0000014c949dba40 Thread added: 0x0000014c97a648b0
Event: 14.596 Thread 0x0000014c949dba40 Thread added: 0x0000014c97a676a0
Event: 14.596 Thread 0x0000014c949dba40 Thread added: 0x0000014c97a655d0
Event: 14.597 Thread 0x0000014c949dba40 Thread added: 0x0000014c97a65c60


Dynamic libraries:
0x00007ff7eee10000 - 0x00007ff7eee1a000 	C:\Program Files\Android\Android Studio\jbr\bin\java.exe
0x00007ffa3a180000 - 0x00007ffa3a3e7000 	C:\WINDOWS\SYSTEM32\ntdll.dll
0x00007ffa38c90000 - 0x00007ffa38d59000 	C:\WINDOWS\System32\KERNEL32.DLL
0x00007ffa36f50000 - 0x00007ffa37344000 	C:\WINDOWS\System32\KERNELBASE.dll
0x00007ffa37d30000 - 0x00007ffa37e7b000 	C:\WINDOWS\System32\ucrtbase.dll
0x00007ffa12f10000 - 0x00007ffa12f28000 	C:\Program Files\Android\Android Studio\jbr\bin\jli.dll
0x00007ffa33180000 - 0x00007ffa3319b000 	C:\Program Files\Android\Android Studio\jbr\bin\VCRUNTIME140.dll
0x00007ffa38f10000 - 0x00007ffa390d5000 	C:\WINDOWS\System32\USER32.dll
0x00007ffa36b80000 - 0x00007ffa36ba7000 	C:\WINDOWS\System32\win32u.dll
0x00007ffa390e0000 - 0x00007ffa3910b000 	C:\WINDOWS\System32\GDI32.dll
0x00007ffa36a50000 - 0x00007ffa36b7b000 	C:\WINDOWS\System32\gdi32full.dll
0x00007ffa35ae0000 - 0x00007ffa35d73000 	C:\WINDOWS\WinSxS\amd64_microsoft.windows.common-controls_6595b64144ccf1df_6.0.26100.8115_none_3e075c82e3354f9c\COMCTL32.dll
0x00007ffa37350000 - 0x00007ffa373f3000 	C:\WINDOWS\System32\msvcp_win.dll
0x00007ffa38960000 - 0x00007ffa38a09000 	C:\WINDOWS\System32\msvcrt.dll
0x00007ffa38190000 - 0x00007ffa381c2000 	C:\WINDOWS\System32\IMM32.DLL
0x000000005c6a0000 - 0x000000005c6ac000 	C:\Program Files (x86)\360\Total Security\safemon\SafeWrapper.dll
0x00007ffa3a070000 - 0x00007ffa3a126000 	C:\WINDOWS\System32\ADVAPI32.dll
0x00007ffa39550000 - 0x00007ffa395f7000 	C:\WINDOWS\System32\sechost.dll
0x00007ffa381d0000 - 0x00007ffa382e8000 	C:\WINDOWS\System32\RPCRT4.dll
0x00007ff9e0420000 - 0x00007ff9e04cc000 	C:\Program Files (x86)\360\Total Security\safemon\libzdtp64.dll
0x00007ffa39600000 - 0x00007ffa39d67000 	C:\WINDOWS\System32\SHELL32.dll
0x00007ffa36de0000 - 0x00007ffa36f4a000 	C:\WINDOWS\System32\wintypes.dll
0x00007ffa39140000 - 0x00007ffa394c2000 	C:\WINDOWS\System32\combase.dll
0x00007ffa37f10000 - 0x00007ffa37f76000 	C:\WINDOWS\System32\SHLWAPI.dll
0x00007ffa374c0000 - 0x00007ffa37d28000 	C:\WINDOWS\System32\Windows.Storage.dll
0x00007ffa360d0000 - 0x00007ffa360db000 	C:\WINDOWS\SYSTEM32\VERSION.dll
0x00007ffa33170000 - 0x00007ffa3317c000 	C:\Program Files\Android\Android Studio\jbr\bin\vcruntime140_1.dll
0x00007ff9a9460000 - 0x00007ff9a94ed000 	C:\Program Files\Android\Android Studio\jbr\bin\msvcp140.dll
0x00007ff9b97a0000 - 0x00007ff9ba436000 	C:\Program Files\Android\Android Studio\jbr\bin\server\jvm.dll
0x00007ffa38c00000 - 0x00007ffa38c80000 	C:\WINDOWS\System32\WS2_32.dll
0x00007ffa368b0000 - 0x00007ffa3690e000 	C:\WINDOWS\SYSTEM32\POWRPROF.dll
0x00007ffa2ccd0000 - 0x00007ffa2cd06000 	C:\WINDOWS\SYSTEM32\WINMM.dll
0x00007ffa36890000 - 0x00007ffa368a4000 	C:\WINDOWS\SYSTEM32\UMPDC.dll
0x00007ffa34e40000 - 0x00007ffa34e5b000 	C:\WINDOWS\SYSTEM32\kernel.appcore.dll
0x00007ffa33160000 - 0x00007ffa3316a000 	C:\Program Files\Android\Android Studio\jbr\bin\jimage.dll
0x00007ffa361d0000 - 0x00007ffa36412000 	C:\WINDOWS\SYSTEM32\DBGHELP.DLL
0x00007ffa38a10000 - 0x00007ffa38ae8000 	C:\WINDOWS\System32\OLEAUT32.dll
0x00007ffa36090000 - 0x00007ffa360cb000 	C:\WINDOWS\SYSTEM32\dbgcore.DLL
0x00007ffa36d30000 - 0x00007ffa36dd5000 	C:\WINDOWS\System32\bcryptPrimitives.dll
0x00007ffa12f00000 - 0x00007ffa12f0e000 	C:\Program Files\Android\Android Studio\jbr\bin\instrument.dll
0x00007ffa1d0a0000 - 0x00007ffa1d0c0000 	C:\Program Files\Android\Android Studio\jbr\bin\java.dll
0x00007ffa1d080000 - 0x00007ffa1d098000 	C:\Program Files\Android\Android Studio\jbr\bin\zip.dll
0x00007ffa383d0000 - 0x00007ffa384c8000 	C:\WINDOWS\System32\SHCORE.dll
0x00007ffa36970000 - 0x00007ffa36999000 	C:\WINDOWS\SYSTEM32\profapi.dll
0x00007ffa1d2e0000 - 0x00007ffa1d2f0000 	C:\Program Files\Android\Android Studio\jbr\bin\net.dll
0x00007ffa2f9d0000 - 0x00007ffa2fafd000 	C:\WINDOWS\SYSTEM32\WINHTTP.dll
0x00007ffa353e0000 - 0x00007ffa3544c000 	C:\WINDOWS\system32\mswsock.dll
0x00007ffa1d060000 - 0x00007ffa1d076000 	C:\Program Files\Android\Android Studio\jbr\bin\nio.dll
0x00007ff9e63e0000 - 0x00007ff9e63f0000 	C:\Program Files\Android\Android Studio\jbr\bin\verify.dll
0x00007ff9b2880000 - 0x00007ff9b28a7000 	C:\Users\Chan Yao Ping\.gradle\native\660c5614fbf4a5f2a75b1949f50a0caf5cd603558e7d8a26e50b933a0cfb79d1\windows-amd64\native-platform.dll
0x00007ff9a93e0000 - 0x00007ff9a9457000 	C:\Users\Chan Yao Ping\.gradle\native\0.2.8\x86_64-windows-gnu\gradle-fileevents.dll
0x00007ff9f8260000 - 0x00007ff9f8269000 	C:\Program Files\Android\Android Studio\jbr\bin\management.dll
0x00007ff9f3b50000 - 0x00007ff9f3b5b000 	C:\Program Files\Android\Android Studio\jbr\bin\management_ext.dll
0x00007ffa383b0000 - 0x00007ffa383b8000 	C:\WINDOWS\System32\PSAPI.DLL
0x00007ffa348d0000 - 0x00007ffa34902000 	C:\WINDOWS\SYSTEM32\IPHLPAPI.DLL
0x00007ffa383c0000 - 0x00007ffa383ca000 	C:\WINDOWS\System32\NSI.dll
0x00007ff9f8270000 - 0x00007ff9f8279000 	C:\Program Files\Android\Android Studio\jbr\bin\extnet.dll
0x00007ffa36520000 - 0x00007ffa3653b000 	C:\WINDOWS\SYSTEM32\CRYPTSP.dll
0x00007ffa35120000 - 0x00007ffa35159000 	C:\WINDOWS\system32\rsaenh.dll
0x00007ffa35490000 - 0x00007ffa354c3000 	C:\WINDOWS\SYSTEM32\USERENV.dll
0x00007ffa36940000 - 0x00007ffa3696a000 	C:\WINDOWS\SYSTEM32\bcrypt.dll
0x00007ffa356c0000 - 0x00007ffa356cc000 	C:\WINDOWS\SYSTEM32\CRYPTBASE.dll
0x00007ff9d5860000 - 0x00007ff9d5868000 	C:\WINDOWS\system32\wshunix.dll
0x00007ffa36170000 - 0x00007ffa361a6000 	C:\WINDOWS\SYSTEM32\ntmarta.dll

JVMTI agents:
C:\Users\Chan Yao Ping\.gradle\wrapper\dists\gradle-9.2.1-bin\2t0n5ozlw9xmuyvbp7dnzaxug\gradle-9.2.1\lib\agents\gradle-instrumentation-agent-9.2.1.jar path:C:\Program Files\Android\Android Studio\jbr\bin\instrument.dll, loaded, initialized, instrumentlib options:none

dbghelp: loaded successfully - version: 4.0.5 - missing functions: none
symbol engine: initialized successfully - sym options: 0x614 - pdb path: .;C:\Program Files\Android\Android Studio\jbr\bin;C:\WINDOWS\SYSTEM32;C:\WINDOWS\WinSxS\amd64_microsoft.windows.common-controls_6595b64144ccf1df_6.0.26100.8115_none_3e075c82e3354f9c;C:\Program Files (x86)\360\Total Security\safemon;C:\Program Files\Android\Android Studio\jbr\bin\server;C:\Users\Chan Yao Ping\.gradle\native\660c5614fbf4a5f2a75b1949f50a0caf5cd603558e7d8a26e50b933a0cfb79d1\windows-amd64;C:\Users\Chan Yao Ping\.gradle\native\0.2.8\x86_64-windows-gnu

VM Arguments:
jvm_args: --add-opens=java.base/java.lang=ALL-UNNAMED --add-opens=java.base/java.lang.invoke=ALL-UNNAMED --add-opens=java.base/java.util=ALL-UNNAMED --add-opens=java.prefs/java.util.prefs=ALL-UNNAMED --add-exports=jdk.compiler/com.sun.tools.javac.api=ALL-UNNAMED --add-exports=jdk.compiler/com.sun.tools.javac.util=ALL-UNNAMED --add-opens=java.base/java.util=ALL-UNNAMED --add-opens=java.prefs/java.util.prefs=ALL-UNNAMED --add-opens=java.base/java.nio.charset=ALL-UNNAMED --add-opens=java.base/java.net=ALL-UNNAMED --add-opens=java.base/java.util.concurrent=ALL-UNNAMED --add-opens=java.base/java.util.concurrent.atomic=ALL-UNNAMED --add-opens=java.xml/javax.xml.namespace=ALL-UNNAMED --add-opens=java.base/java.time=ALL-UNNAMED -Xmx2048m -Dfile.encoding=UTF-8 -Duser.country=MY -Duser.language=en -Duser.variant -javaagent:C:\Users\Chan Yao Ping\.gradle\wrapper\dists\gradle-9.2.1-bin\2t0n5ozlw9xmuyvbp7dnzaxug\gradle-9.2.1\lib\agents\gradle-instrumentation-agent-9.2.1.jar 
java_command: org.gradle.launcher.daemon.bootstrap.GradleDaemon 9.2.1
java_class_path (initial): C:\Users\Chan Yao Ping\.gradle\wrapper\dists\gradle-9.2.1-bin\2t0n5ozlw9xmuyvbp7dnzaxug\gradle-9.2.1\lib\gradle-daemon-main-9.2.1.jar
Launcher Type: SUN_STANDARD

[Global flags]
     intx CICompilerCount                          = 4                                         {product} {ergonomic}
     uint ConcGCThreads                            = 3                                         {product} {ergonomic}
     uint G1ConcRefinementThreads                  = 10                                        {product} {ergonomic}
   size_t G1HeapRegionSize                         = 1048576                                   {product} {ergonomic}
    uintx GCDrainStackTargetSize                   = 64                                        {product} {ergonomic}
   size_t InitialHeapSize                          = 123731968                                 {product} {ergonomic}
   size_t MarkStackSize                            = 4194304                                   {product} {ergonomic}
   size_t MaxHeapSize                              = 2147483648                                {product} {command line}
   size_t MaxNewSize                               = 1287651328                                {product} {ergonomic}
   size_t MinHeapDeltaBytes                        = 1048576                                   {product} {ergonomic}
   size_t MinHeapSize                              = 8388608                                   {product} {ergonomic}
    uintx NonNMethodCodeHeapSize                   = 5839372                                {pd product} {ergonomic}
    uintx NonProfiledCodeHeapSize                  = 122909434                              {pd product} {ergonomic}
    uintx ProfiledCodeHeapSize                     = 122909434                              {pd product} {ergonomic}
    uintx ReservedCodeCacheSize                    = 251658240                              {pd product} {ergonomic}
     bool SegmentedCodeCache                       = true                                      {product} {ergonomic}
   size_t SoftMaxHeapSize                          = 2147483648                             {manageable} {ergonomic}
     bool UseCompressedOops                        = true                           {product lp64_product} {ergonomic}
     bool UseG1GC                                  = true                                      {product} {ergonomic}
     bool UseLargePagesIndividualAllocation        = false                                  {pd product} {ergonomic}

Logging:
Log output configuration:
 #0: stdout all=warning uptime,level,tags foldmultilines=false
 #1: stderr all=off uptime,level,tags foldmultilines=false

Release file:
JAVA_VERSION="21.0.9" 
MODULES="java.base java.compiler java.datatransfer java.xml java.prefs java.desktop java.instrument java.logging java.management java.security.sasl java.naming java.rmi java.management.rmi java.net.http java.scripting java.security.jgss java.transaction.xa java.sql java.sql.rowset java.xml.crypto java.se java.smartcardio jdk.accessibility jdk.internal.jvmstat jdk.attach jdk.charsets jdk.internal.opt jdk.zipfs jdk.compiler jdk.crypto.ec jdk.crypto.cryptoki jdk.dynalink jdk.hotspot.agent jdk.httpserver jdk.internal.ed jdk.internal.le jdk.internal.vm.ci jdk.jartool jdk.javadoc jdk.jcmd jdk.jdeps jdk.jdwp.agent jdk.jdi jdk.jfr jdk.jlink jdk.jsobject jdk.localedata jdk.management jdk.management.agent jdk.management.jfr jdk.naming.dns jdk.naming.rmi jdk.net jdk.sctp jdk.security.auth jdk.security.jgss jdk.unsupported jdk.unsupported.desktop jdk.xml.dom" 
IMPLEMENTOR="JetBrains s.r.o." 
JAVA_RUNTIME_VERSION="21.0.9+-14787801-b1163.94" 
LIBC="default" 
OS_ARCH="x86_64" 
OS_NAME="Windows" 
SOURCE=".:git:0c757ddc9f2f" 

Environment Variables:
PATH=C:\Program Files (x86)\Common Files\Oracle\Java\javapath;C:\app\User\product\21c\dbhomeXE\bin;C:\windows\system32;C:\windows;C:\windows\System32\Wbem;C:\windows\System32\WindowsPowerShell\v1.0\;C:\windows\System32\OpenSSH\;C:\Program Files (x86)\NVIDIA Corporation\PhysX\Common;C:\Program Files\NVIDIA Corporation\NVIDIA NvDLISR;C:\Program Files\Microsoft SQL Server\Client SDK\ODBC\170\Tools\Binn\;C:\Program Files (x86)\Microsoft SQL Server\150\Tools\Binn\;C:\Program Files\Microsoft SQL Server\150\Tools\Binn\;C:\Program Files\Microsoft SQL Server\150\DTS\Binn\;C:\WINDOWS\system32;C:\WINDOWS;C:\WINDOWS\System32\Wbem;C:\WINDOWS\System32\WindowsPowerShell\v1.0\;C:\WINDOWS\System32\OpenSSH\;C:\Program Files (x86)\Windows Kits\10\Windows Performance Toolkit\;C:\Program Files\dotnet\;C:\Program Files\Git\cmd;C:\Users\Chan Yao Ping\AppData\Local\Microsoft\WindowsApps;C:\Users\Chan Yao Ping\AppData\Local\Programs\Microsoft VS Code\bin;
USERNAME=Chan Yao Ping
OS=Windows_NT
PROCESSOR_IDENTIFIER=AMD64 Family 25 Model 80 Stepping 0, AuthenticAMD
TMP=C:\Users\CHANYA~1\AppData\Local\Temp
TEMP=C:\Users\CHANYA~1\AppData\Local\Temp




Periodic native trim disabled

JNI global refs:
JNI global refs: 27, weak refs: 9

JNI global refs memory usage: 835, weak refs: 833

Process memory usage:
Resident Set Size: 116644K (1% of 7702256K total physical memory with 14888K free physical memory)

OOME stack traces (most recent first):
Classloader memory used:
Loader org.gradle.internal.classloader.VisitableURLClassLoader                         : 37057K
Loader bootstrap                                                                       : 22638K
Loader org.gradle.initialization.MixInLegacyTypesClassLoader                           : 6844K
Loader org.gradle.internal.classloader.VisitableURLClassLoader                         : 764K
Loader org.gradle.internal.classloader.VisitableURLClassLoader$InstrumentingVisitableURLClassLoader: 587K
Loader jdk.internal.loader.ClassLoaders$PlatformClassLoader                            : 414K
Loader jdk.internal.loader.ClassLoaders$AppClassLoader                                 : 231K
Loader jdk.internal.reflect.DelegatingClassLoader                                      : 199K
Loader org.gradle.groovy.scripts.internal.DefaultScriptCompilationHandler$ScriptClassLoader: 91536B
Loader groovy.lang.GroovyClassLoader$InnerLoader                                       : 40680B

Classes loaded by more than one classloader:
Class org.gradle.internal.IoActions                                                   : loaded 3 times (x 71B)
Class org.gradle.api.Action                                                           : loaded 3 times (x 70B)
Class org.gradle.api.GradleException                                                  : loaded 3 times (x 82B)
Class org.gradle.api.internal.classpath.ManifestUtil                                  : loaded 2 times (x 71B)
Class com.google.common.collect.UnmodifiableListIterator                              : loaded 2 times (x 95B)
Class org.gradle.internal.operations.MultipleBuildOperationFailures                   : loaded 2 times (x 95B)
Class org.gradle.internal.classloader.DefaultClassLoaderFactory                       : loaded 2 times (x 82B)
Class kotlin.collections.AbstractList$Companion                                       : loaded 2 times (x 71B)
Class org.gradle.internal.classloader.ClassLoaderVisitor                              : loaded 2 times (x 76B)
Class org.gradle.api.internal.classpath.EffectiveClassPath                            : loaded 2 times (x 90B)
Class org.gradle.api.internal.DefaultClassPathProvider                                : loaded 2 times (x 76B)
Class [Lorg.gradle.api.internal.ClassPathProvider;                                    : loaded 2 times (x 69B)
Class org.gradle.api.internal.ClassPathProvider                                       : loaded 2 times (x 70B)
Class org.gradle.internal.service.UnknownServiceException                             : loaded 2 times (x 83B)
Class org.gradle.internal.classpath.TransformedClassPath                              : loaded 2 times (x 96B)
Class org.gradle.internal.classloader.InstrumentingClassLoader                        : loaded 2 times (x 70B)
Class com.google.common.collect.Iterators$ArrayItr                                    : loaded 2 times (x 97B)
Class kotlin.enums.EnumEntriesList                                                    : loaded 2 times (x 223B)
Class com.google.common.collect.UnmodifiableIterator                                  : loaded 2 times (x 80B)
Class org.gradle.internal.service.ServiceLocator                                      : loaded 2 times (x 70B)
Class com.google.common.collect.Iterators$SingletonIterator                           : loaded 2 times (x 81B)
Class com.google.common.collect.Iterators                                             : loaded 2 times (x 71B)
Class com.google.common.collect.Lists$StringAsImmutableList                           : loaded 2 times (x 207B)
Class org.gradle.internal.time.DefaultTimer                                           : loaded 2 times (x 80B)
Class org.gradle.internal.classloader.ClasspathUtil$1                                 : loaded 2 times (x 76B)
Class org.gradle.api.internal.classpath.DefaultModuleRegistry$DefaultModule           : loaded 2 times (x 86B)
Class com.google.common.collect.AbstractIterator                                      : loaded 2 times (x 82B)
Class ijInit2_299rzlpiv4k8uoow67x7olye2                                               : loaded 2 times (x 171B)
Class com.google.common.collect.AbstractIndexedListIterator                           : loaded 2 times (x 96B)
Class org.gradle.internal.time.DefaultCountdownTimer                                  : loaded 2 times (x 88B)
Class org.gradle.api.internal.classpath.Module                                        : loaded 2 times (x 70B)
Class org.gradle.api.internal.classpath.UnknownModuleException                        : loaded 2 times (x 82B)
Class org.gradle.api.internal.DefaultClassPathRegistry                                : loaded 2 times (x 76B)
Class org.gradle.api.internal.ClassPathRegistry                                       : loaded 2 times (x 70B)
Class org.gradle.internal.classpath.DefaultClassPath$ImmutableUniqueList              : loaded 2 times (x 199B)
Class org.gradle.internal.classpath.ClassPath                                         : loaded 2 times (x 70B)
Class org.gradle.internal.classloader.ClassLoaderHierarchy                            : loaded 2 times (x 70B)
Class kotlin.UninitializedPropertyAccessException                                     : loaded 2 times (x 82B)
Class com.google.common.collect.Iterators$4                                           : loaded 2 times (x 82B)
Class org.gradle.api.internal.classpath.ModuleRegistry                                : loaded 2 times (x 70B)
Class org.gradle.internal.installation.GradleInstallation$1                           : loaded 2 times (x 75B)
Class com.google.common.collect.Iterators$5                                           : loaded 2 times (x 82B)
Class com.google.common.collect.ImmutableCollection                                   : loaded 2 times (x 125B)
Class sync_studio_tooling20578_bxxdaaptvlicm33wji8yrym24$_run_closure1                : loaded 2 times (x 139B)
Class org.gradle.api.internal.classpath.DefaultModuleRegistry                         : loaded 2 times (x 86B)
Class com.google.common.collect.Lists                                                 : loaded 2 times (x 71B)
Class com.google.common.collect.Iterators$9                                           : loaded 2 times (x 81B)
Class org.gradle.internal.time.MonotonicClock                                         : loaded 2 times (x 77B)
Class org.gradle.internal.service.ServiceLookupException                              : loaded 2 times (x 82B)
Class org.gradle.internal.classloader.ClassLoaderFactory                              : loaded 2 times (x 70B)
Class org.gradle.internal.service.CachingServiceLocator                               : loaded 2 times (x 82B)
Class org.gradle.internal.time.TimeSource                                             : loaded 2 times (x 70B)
Class kotlin.enums.EnumEntries                                                        : loaded 2 times (x 70B)
Class org.gradle.internal.exceptions.ResolutionProvider                               : loaded 2 times (x 70B)
Class org.gradle.internal.classloader.ClasspathUtil                                   : loaded 2 times (x 71B)
Class org.gradle.internal.time.TimeSource$1                                           : loaded 2 times (x 77B)
Class kotlin.jvm.internal.DefaultConstructorMarker                                    : loaded 2 times (x 71B)
Class org.gradle.api.specs.Spec                                                       : loaded 2 times (x 70B)
Class org.gradle.internal.time.Clock                                                  : loaded 2 times (x 70B)
Class kotlin.collections.AbstractList                                                 : loaded 2 times (x 197B)
Class kotlin.collections.AbstractCollection                                           : loaded 2 times (x 117B)
Class org.gradle.internal.classloader.VisitableURLClassLoader$InstrumentingVisitableURLClassLoader: loaded 2 times (x 123B)
Class org.gradle.internal.classloader.VisitableURLClassLoader$Spec                    : loaded 2 times (x 74B)
Class org.gradle.internal.classpath.DefaultClassPath                                  : loaded 2 times (x 90B)
Class org.gradle.util.internal.DefaultGradleVersion                                   : loaded 2 times (x 82B)
Class org.gradle.internal.classloader.ClassLoaderSpec                                 : loaded 2 times (x 71B)
Class org.gradle.internal.classloader.VisitableURLClassLoader                         : loaded 2 times (x 117B)
Class org.gradle.internal.classloader.FilteringClassLoader                            : loaded 2 times (x 105B)
Class org.gradle.internal.Cast                                                        : loaded 2 times (x 71B)
Class ijInit2_299rzlpiv4k8uoow67x7olye2$_run_closure1                                 : loaded 2 times (x 140B)
Class org.gradle.internal.classpath.DefaultClassPath$ImmutableUniqueList$Builder      : loaded 2 times (x 75B)
Class com.google.common.collect.Iterators$1                                           : loaded 2 times (x 81B)
Class org.gradle.internal.exceptions.NonGradleCauseExceptionsHolder                   : loaded 2 times (x 70B)
Class kotlin.NotImplementedError                                                      : loaded 2 times (x 82B)
Class kotlin.enums.EnumEntriesKt                                                      : loaded 2 times (x 71B)
Class org.gradle.internal.classloader.SystemClassLoaderSpec                           : loaded 2 times (x 71B)
Class org.gradle.internal.exceptions.MultiCauseException                              : loaded 2 times (x 70B)
Class org.gradle.internal.time.CountdownTimer                                         : loaded 2 times (x 70B)
Class kotlin.jvm.internal.Intrinsics                                                  : loaded 2 times (x 71B)
Class org.gradle.tooling.model.ProjectModel                                           : loaded 2 times (x 70B)
Class kotlin.KotlinNullPointerException                                               : loaded 2 times (x 83B)
Class sync_studio_tooling20578_bxxdaaptvlicm33wji8yrym24                              : loaded 2 times (x 171B)
Class org.gradle.internal.exceptions.DefaultMultiCauseException                       : loaded 2 times (x 95B)
Class com.google.common.base.Preconditions                                            : loaded 2 times (x 71B)
Class com.google.common.collect.PeekingIterator                                       : loaded 2 times (x 70B)
Class org.gradle.internal.time.Time                                                   : loaded 2 times (x 71B)
Class JetGradlePlugin                                                                 : loaded 2 times (x 96B)
Class org.gradle.api.internal.classpath.GlobalCacheRootsProvider                      : loaded 2 times (x 70B)
Class JetGradlePlugin$_apply_closure1                                                 : loaded 2 times (x 140B)
Class kotlin.NoWhenBranchMatchedException                                             : loaded 2 times (x 82B)
Class org.gradle.internal.time.Timer                                                  : loaded 2 times (x 70B)
Class kotlin.jvm.internal.markers.KMappedMarker                                       : loaded 2 times (x 70B)
Class org.gradle.internal.installation.CurrentGradleInstallationLocator               : loaded 2 times (x 71B)
Class com.google.common.collect.ImmutableList                                         : loaded 2 times (x 206B)
Class org.gradle.internal.service.DefaultServiceLocator                               : loaded 2 times (x 83B)
Class org.gradle.util.GradleVersion                                                   : loaded 2 times (x 81B)
Class org.gradle.internal.installation.CurrentGradleInstallation                      : loaded 2 times (x 73B)
Class org.gradle.util.internal.GUtil                                                  : loaded 2 times (x 71B)
Class com.google.common.collect.Iterators$MergingIterator                             : loaded 2 times (x 81B)
Class org.gradle.internal.installation.GradleInstallation                             : loaded 2 times (x 75B)

---------------  S Y S T E M  ---------------

OS:
 Windows 11 , 64 bit Build 26100 (10.0.26100.8246)
OS uptime: 1 days 1:22 hours

CPU: total 12 (initial active 12) (12 cores per cpu, 2 threads per core) family 25 model 80 stepping 0 microcode 0xa50000d, cx8, cmov, fxsr, ht, mmx, 3dnowpref, sse, sse2, sse3, ssse3, sse4a, sse4.1, sse4.2, popcnt, lzcnt, tsc, tscinvbit, avx, avx2, aes, erms, clmul, bmi1, bmi2, adx, sha, fma, vzeroupper, clflush, clflushopt, rdtscp, rdpid, fsrm, f16c, pku, cet_ss
Processor Information for processor 0
  Max Mhz: 3301, Current Mhz: 2011, Mhz Limit: 3301
Processor Information for processor 1
  Max Mhz: 3301, Current Mhz: 2011, Mhz Limit: 3301
Processor Information for processor 2
  Max Mhz: 3301, Current Mhz: 2011, Mhz Limit: 3301
Processor Information for processor 3
  Max Mhz: 3301, Current Mhz: 3301, Mhz Limit: 3301
Processor Information for processor 4
  Max Mhz: 3301, Current Mhz: 3301, Mhz Limit: 3301
Processor Information for processor 5
  Max Mhz: 3301, Current Mhz: 2011, Mhz Limit: 3301
Processor Information for processor 6
  Max Mhz: 3301, Current Mhz: 3301, Mhz Limit: 3301
Processor Information for processor 7
  Max Mhz: 3301, Current Mhz: 3301, Mhz Limit: 3301
Processor Information for processor 8
  Max Mhz: 3301, Current Mhz: 2011, Mhz Limit: 3301
Processor Information for processor 9
  Max Mhz: 3301, Current Mhz: 2011, Mhz Limit: 3301
Processor Information for processor 10
  Max Mhz: 3301, Current Mhz: 3301, Mhz Limit: 3301
Processor Information for processor 11
  Max Mhz: 3301, Current Mhz: 2011, Mhz Limit: 3301

Memory: 4k page, system-wide physical 7521M (15M free)
TotalPageFile size 31073M (AvailPageFile size 30M)
current process WorkingSet (physical memory assigned to process): 135M, peak: 307M
current process commit charge ("private bytes"): 445M, peak: 485M

vm_info: OpenJDK 64-Bit Server VM (21.0.9+-14787801-b1163.94) for windows-amd64 JRE (21.0.9+-14787801-b1163.94), built on 2026-01-27T21:15:44Z by "builder" with MS VC++ 16.10 / 16.11 (VS2019)

END.
